Building DAG of jobs...
Using shell: /bin/bash
Provided cores: 10
Rules claiming more threads will be scaled down.
Job counts:
	count	jobs
	1	clean
	1

[Fri Feb 26 20:04:40 2021]
rule clean:
    jobid: 0

[Fri Feb 26 20:04:40 2021]
Error in rule clean:
    jobid: 0
    shell:
        rm -r results
        (one of the commands exited with non-zero exit code; note that snakemake uses bash strict mode!)

Shutting down, this might take some time.
Exiting because a job execution failed. Look above for error message
Complete log: /home/hbrandao/libs/data_analysis_Fbn2/snakemake/.snakemake/log/2021-02-26T200440.347220.snakemake.log
