Building DAG of jobs...
Using shell: /bin/bash
Provided cores: 10
Rules claiming more threads will be scaled down.
Job counts:
	count	jobs
	1	get_files
	1

[Fri Feb 26 23:32:39 2021]
rule get_files:
    output: files_list.np
    jobid: 0

/home/hbrandao/anaconda3/bin/python /home/hbrandao/libs/data_analysis_Fbn2/snakemake/.snakemake/scripts/tmpinn2_wfn.create_files_list.py
Waiting at most 5 seconds for missing files.
MissingOutputException in line 73 of /home/hbrandao/libs/data_analysis_Fbn2/snakemake/snakefile:
Job Missing files after 5 seconds:
files_list.np
This might be due to filesystem latency. If that is the case, consider to increase the wait time with --latency-wait.
Job id: 0 completed successfully, but some output files are missing. 0
  File "/home/hbrandao/anaconda3/lib/python3.7/site-packages/snakemake/executors/__init__.py", line 583, in handle_job_success
  File "/home/hbrandao/anaconda3/lib/python3.7/site-packages/snakemake/executors/__init__.py", line 259, in handle_job_success
Shutting down, this might take some time.
Exiting because a job execution failed. Look above for error message
Complete log: /home/hbrandao/libs/data_analysis_Fbn2/snakemake/.snakemake/log/2021-02-26T233239.289730.snakemake.log
