Building DAG of jobs...
MissingInputException in line 9 of /home/hbrandao/libs/data_analysis_Fbn2/snakemake/snakefile:
Missing input files for rule all:
2020_09_14_Fbn2_C65_488nm_0p5_561nm_0p05_SC8_2X_30z_250nm_780V_365T_20s_movie2-01_processed_low.czi
2021_02_13_Fbn2_C36_488nm_0p5_561nm_0p05_SC8_2X_30z_250nm_780V_365T_20s_movie1-02_processed_low.czi
2020_10_15_Fbn2_MnNEURONS_DIV1_488nm_0p5_561nm_0p05_SC8_2X_20z_250nm_780V_130T_30s_movie12-01_processed_low.czi
2020_10_22_Fbn2_F1Rad21M_noIAA_488nm_0p5_561nm_0p05_SC8_2X_30z_250nm_780V_365T_20s_movie2-01_processed_low.czi
2020_09_28_Fbn2_C36_488nm_0p5_561nm_0p05_SC8_2X_30z_250nm_780V_365T_20s_movie4-01_processed_low.czi
2021_01_13_Fbn2BFPdepletion_WAPL_1IAA_movie5-01_.czi
2020_11_06_Fbn2_CTCF58_twohoursIAA_488nm_0p5_561nm_0p05_SC8_2X_30z_250nm_780V_365T_20s_movie2-01_processed_low.czi
2020_10_13_Fbn2_MnNEURONS_DIV1_488nm_0p5_561nm_0p05_SC8_2X_20z_250nm_780V_150T_20s_movie1-01_processed_low.czi
2020_12_23_Fbn2_C36_488nm_0p5_561nm_0p05_SC7_1p3X_30z_250nm_780V_365T_60s_movie1-02_processed_low.czi
2020_11_12_Fbn2_CTCF58_fourhoursIAA_488nm_0p5_561nm_0p05_SC8_2X_30z_250nm_780V_365T_20s_movie2-01_processed_low.czi
2020_10_21_Fbn2_F1Rad21M_fourhoursIAA_488nm_0p5_561nm_0p05_SC8_2X_30z_250nm_780V_365T_20s_movie1-01_processed_low.czi
2021_01_24_Fbn2BFPdepletion_F1Rad21M_rep2_405nm_3p5_640nm_2p0_SC4_1X_1z_850V_IAA_05hours_movie4-01_.czi
2020_12_21_Fbn2_Rad21_noIAA_488nm_0p5_561nm_0p05_SC8_2X_30z_250nm_780V_365T_20s_movie2-01_processed_low.czi
2021_01_13_Fbn2BFPdepletion_WAPL_1IAA_movie2-01_.czi
2020_12_21_Fbn2_Rad21_twohoursIAA_488nm_0p5_561nm_0p05_SC8_2X_30z_250nm_780V_365T_20s_movie1-01_processed_low.czi
2021_02_08_Fbn2_C36_488nm_0p5_561nm_0p05_SC8_2X_30z_250nm_780V_365T_20s_movie1-01_processed_low.czi
2020_11_19_Fbn2_C58CTCF_fast_488nm_0p05_561nm_0p05_SC11_2X_12z_250nm_780V_365T_0s_movie17-01_processed_low.czi
2020_11_16_Fbn2_C36_fast_488nm_0p05_561nm_0p05_SC12_20X_12z_250nm_780V_300T_0s_movie18-01_processed_low.czi
2021_01_18_Fbn2BFPdepletion_F1Rad21M_405nm_3p5_640nm_2p0_SC4_1X_1z_850V_IAA_5hours_movie6-01_.czi
2020_09_09_Fbn2_C65_488nm_0p5_561nm_0p05_SC8_2X_30z_250nm_780V_365T_20s_movie3-01_processed_low.czi
2020_12_18_Fbn2_Rad21_noIAA_488nm_0p5_561nm_0p05_SC8_2X_30z_250nm_780V_365T_20s_movie1-01_processed_low.czi
2020_10_14_Fbn2_MnNEURONS_DIV1_488nm_0p5_561nm_0p05_SC8_2X_20z_250nm_780V_130T_30s_movie11-01_processed_low.czi
2021_01_13_Fbn2BFPdepletion_WAPL_0IAA_movie4-01_.czi
2021_02_15_Fbn2_F1RAD21M_488nm_0p5_561nm_0p05_SC8_2X_30z_250nm_780V_365T_20s_noIAA_movie1-01_processed_low.czi
2021_01_13_Fbn2BFPdepletion_WAPL_4IAA_movie4-01_.czi
2021_01_08_Fbn2BFPdepletion_CTCF_IAA_5hours_movie1-01_processed_low.czi
2020_11_16_Fbn2_C36_fast_488nm_0p03_561nm_0p05_SC12_20X_15z_250nm_780V_200T_0s_movie7-01_processed_low.czi
2021_01_07_Fbn2BFPdepletion_F1Rad21M_IAA_2hours_movie2-01_processed_low.czi
2021_01_08_Fbn2BFPdepletion_CTCF_IAA_4hours_movie4-01_processed_low.czi
2020_11_19_Fbn2_C58CTCF_fast_488nm_0p05_561nm_0p05_SC09_2X_12z_250nm_780V_365T_0s_movie5-01_processed_low.czi
2020_11_16_Fbn2_C36_fast_488nm_0p03_561nm_0p05_SC12_20X_8z_250nm_780V_500T_0s_movie10-01_processed_low.czi
2021_01_24_Fbn2BFPdepletion_F1Rad21M_rep2_405nm_3p5_640nm_2p0_SC4_1X_1z_850V_IAA_05hours_movie1-01_.czi
2020_10_25_Fbn2_F1Rad21M_twohoursIAA_488nm_0p5_561nm_1p05_SC8_2X_30z_250nm_780V_365T_20s_movie2-02_processed_low.czi
2021_01_07_Fbn2BFPdepletion_F1Rad21M_IAA_0p5hours_movie1-01_processed_low.czi
2021_01_13_Fbn2BFPdepletion_WAPL_0IAA_movie5-01_.czi
2020_09_17_Fbn2_C27_488nm_0p5_561nm_0p05_SC8_2X_30z_250nm_780V_365T_20s_movie2-01_processed_low.czi
2020_10_29_Fbn2_C36_488nm_0p5_561nm_0p05_SC8_2X_30z_250nm_780V_365T_20s_movie2-01_processed_low.czi
2021_01_18_Fbn2BFPdepletion_F1Rad21M_405nm_3p5_640nm_2p0_SC4_1X_1z_850V_IAA_5hours_movie3-01_.czi
2020_11_04_Fbn2_CTCF58_noIAA_488nm_0p5_561nm_0p05_SC8_2X_30z_250nm_780V_365T_20s_movie1-01_processed_low.czi
2020_09_15_Fbn2_C27_488nm_0p5_561nm_0p05_SC8_2X_30z_250nm_780V_365T_20s_movie7-01_processed_low.czi
2021_01_27_Fbn2_Rad21IAA_noIAA_488nm_0p5_561nm_0p05_SC8_2X_30z_250nm_780V_365T_20s_movie1-01__processed_low..czi
2020_09_28_Fbn2_C36_488nm_0p5_561nm_0p05_SC8_2X_30z_250nm_780V_365T_20s_movie5-01_processed_low.czi
2020_12_18_Fbn2_Rad21_fourhoursIAA_488nm_0p5_561nm_0p05_SC8_2X_30z_250nm_780V_365T_20s_movie1-01_processed_low.czi
2020_10_13_Fbn2_MnNEURONS_DIV1_488nm_0p5_561nm_0p05_SC8_2X_20z_250nm_780V_130T_30s_movie2-01_processed_low001087.czi
2020_09_17_Fbn2_C27_488nm_0p5_561nm_0p05_SC8_2X_30z_250nm_780V_365T_20s_movie6-01_processed_low.czi
2021_01_07_Fbn2BFPdepletion_F1Rad21M_IAA_0p5hours_movie3-01_processed_low.czi
2020_12_22_Fbn2_Rad21_noIAA_488nm_0p5_561nm_0p05_SC8_2X_30z_250nm_780V_365T_20s_movie1-01_processed_low.czi
2021_01_13_Fbn2BFPdepletion_WAPL_05IAA_movie1-01_.czi
2021_02_14_Fbn2_C36_488nm_0p5_561nm_0p05_SC8_2X_30z_250nm_780V_365T_20s_movie4-01_processed_low.czi
2020_11_06_Fbn2_CTCF58_noIAA_488nm_0p5_561nm_0p05_SC8_2X_30z_250nm_780V_365T_20s_movie1-01_processed_low.czi
2020_10_13_Fbn2_MnNEURONS_DIV1_488nm_0p5_561nm_0p05_SC8_2X_20z_250nm_780V_130T_30s_movie4-01_processed_low001091.czi
2020_09_03_Fbn2_C65_488nm_0p5_561nm_0p05_SC8_2X_30z_250nm_780V_365T_20s_movie3-01_processed_low.czi
2021_01_29_Fbn2_Rad21F1M__noIAA_488nm_0p5_561nm_0p05_SC8_2X_30z_250nm_780V_365T_20s_movie1-01__processed_low.czi
2020_11_19_Fbn2_C58CTCF_fast_488nm_0p05_561nm_0p05_SC11_2X_12z_250nm_780V_365T_0s_movie3-01_processed_low.czi
2020_11_17_Fbn2_C58CTCF_twohoursIAA_488nm_0p5_561nm_0p05_SC8_2X_30z_250nm_780V_365T_20s_movie1-03_processed_low.czi
2020_11_16_Fbn2_C36_fast_488nm_0p5_561nm_0p05_SC12_20X_15z_250nm_780V_100T_0s_movie1-01_processed_low.czi
2021_01_27_Fbn2_Rad21IAA_4hoursIAA_488nm_0p5_561nm_0p05_SC8_2X_30z_250nm_780V_365T_20s_movie1-01__processed_low..czi
2020_12_23_Fbn2_Rad21_noIAA_488nm_0p5_561nm_0p05_SC8_2X_30z_250nm_780V_365T_20s_movie2-01_processed_low.czi
2021_01_08_Fbn2BFPdepletion_CTCF_IAA_0hours_movie1-01_processed_low.czi
2021_01_24_Fbn2BFPdepletion_F1Rad21M_rep2_405nm_3p5_640nm_2p0_SC4_1X_1z_850V_IAA_05hours_movie2-01_.czi
2020_10_22_Fbn2_F1Rad21M_eighthoursIAA_488nm_0p5_561nm_0p05_SC8_2X_30z_250nm_780V_365T_20s_movie1-02_processed_low.czi
2020_10_22_Fbn2_F1Rad21M_fourhoursIAA_488nm_0p5_561nm_0p05_SC8_2X_30z_250nm_780V_365T_20s_movie2-01_processed_low.czi
2020_11_04_Fbn2_CTCF58_twohoursIAA_488nm_0p5_561nm_0p05_SC8_2X_30z_250nm_780V_365T_20s_movie1-01_processed_low.czi
2021_01_24_Fbn2BFPdepletion_F1Rad21M_rep2_405nm_3p5_640nm_2p0_SC4_1X_1z_850V_IAA_05hours_movie5-01_.czi
2020_10_01_Fbn2_C36_488nm_0p5_561nm_0p05_SC8_2X_30z_250nm_780V_365T_20s_movie2-01_processed_low.czi
2020_09_23_Fbn2_C36_488nm_0p5_561nm_0p05_SC8_2X_30z_250nm_780V_365T_20s_movie1-01_processed_low.czi
2020_09_10_Fbn2_C36_488nm_0p5_561nm_0p05_SC8_2X_30z_250nm_780V_365T_20s_movie3-02_processed_low.czi
2020_09_10_Fbn2_C36_488nm_0p5_561nm_0p05_SC8_2X_30z_250nm_780V_365T_20s_movie4-03_processed_low.czi
2021_01_07_Fbn2BFPdepletion_F1Rad21M_IAA_4hours_movie4-02_processed_low.czi
2020_10_22_Fbn2_F1Rad21M_sixhoursIAA_488nm_0p5_561nm_0p05_SC8_2X_30z_250nm_780V_365T_20s_movie2-01_processed_low.czi
2021_01_24_Fbn2BFPdepletion_F1Rad21M_rep2_405nm_3p5_640nm_2p0_SC4_1X_1z_850V_IAA_2hours_movie4-01_.czi
2021_01_13_Fbn2BFPdepletion_WAPL_5IAA_movie4-02_.czi
2021_01_25_Fbn2BFPdepletion_F1Rad21M_rep2_405nm_3p5_640nm_2p0_SC4_1X_1z_850V_IAA_4hours_movie3-02_.czi
2020_11_10_Fbn2_CTCF58_noIAA_488nm_0p5_561nm_0p05_SC8_2X_30z_250nm_780V_365T_20s_movie2-01_processed_low.czi
2020_11_19_Fbn2_C58CTCF_fast_488nm_0p1_561nm_0p05_SC11_2X_12z_250nm_780V_365T_0s_movie11-01_processed_low.czi
2020_11_12_Fbn2_CTCF58_noIAA_488nm_0p5_561nm_0p05_SC8_2X_30z_250nm_780V_365T_20s_movie2-01_processed_low.czi
2020_10_27_Fbn2_F1Rad21M_fourhoursIAA_488nm_0p5_561nm_0p05_SC8_2X_30z_250nm_780V_365T_20s_movie3-01_processed_low.czi
2020_11_17_Fbn2_C58CTCF_twohoursIAA_488nm_0p5_561nm_0p05_SC8_2X_30z_250nm_780V_365T_20s_movie1-04_processed_low.czi
2020_11_18_Fbn2_C58CTCF_noIAA_488nm_0p5_561nm_0p05_SC8_2X_30z_250nm_780V_365T_20s_movie2-01_processed_low.czi
2020_09_08_Fbn2_C36_488nm_0p5_561nm_0p05_SC8_2X_30z_250nm_780V_365T_20s_movie4-01_processed_low.czi
2021_01_26_Fbn2_Rad21IAA_2hoursIAA_488nm_0p5_561nm_0p05_SC8_2X_30z_250nm_780V_365T_20s_movie1-02__processed_low.czi
2020_10_14_Fbn2_MnNEURONS_DIV1_488nm_0p5_561nm_0p05_SC8_2X_20z_250nm_780V_130T_30s_movie9-01_processed_low.czi
2021_01_20_Fbn2_Rad21F1M_noIAA_488nm_0p5_561nm_0p05_SC8_2X_30z_250nm_780V_365T_20s_movie1-01__processed_low..czi
2020_10_29_Fbn2_C36_488nm_0p5_561nm_0p05_SC8_2X_30z_250nm_780V_365T_20s_movie3-01_processed_low.czi
2020_11_18_Fbn2_C58CTCF_twohoursIAA_488nm_0p5_561nm_0p05_SC8_2X_30z_250nm_780V_365T_20s_movie1-01_processed_low.czi
2021_01_25_Fbn2_Rad21F1M_fourhoursIAA_488nm_0p5_561nm_0p05_SC8_2X_30z_250nm_780V_365T_20s_movie1-03__processed_low.czi
2020_10_27_Fbn2_F1Rad21M_noIAA_488nm_0p5_561nm_0p05_SC8_2X_30z_250nm_780V_365T_20s_movie1-01_processed_low.czi
2021_02_15_Fbn2_F1RAD21M_488nm_0p5_561nm_0p05_SC8_2X_30z_250nm_780V_365T_20s_noIAA_movie6-01_processed_low.czi
2020_11_04_Fbn2_CTCF58_fourhoursIAA_488nm_0p5_561nm_0p05_SC8_2X_30z_250nm_780V_365T_20s_movie1-01_processed_low.czi
2020_11_16_Fbn2_C36_fast_488nm_0p03_561nm_0p05_SC12_20X_12z_250nm_780V_251T_0s_movie16-03_processed_low.czi
2020_09_02_Fbn2_C27_488nm_0p5_561nm_0p05_SC8_2X_30z_250nm_780V_365T_20s_movie8-01_processed_low.czi
2021_01_27_Fbn2_Rad21IAA_twohoursIAA_488nm_0p5_561nm_0p05_SC8_2X_30z_250nm_780V_365T_20s_movie1-01__processed_low.czi
2020_11_16_Fbn2_C36_fast_488nm_0p1_561nm_0p5_SC09_20X_15z_250nm_780V_100T_0s_movie3-01_processed_low.czi
2021_01_08_Fbn2BFPdepletion_CTCF_IAA_05hours_movie4-01_processed_low.czi
2020_08_31_Fbn2_C36_DISH1_488nm_0p5_561nm_0p05_SC8_2X_30z_250nm_780V_365T_20s_movie5-02_processed_low.czi
2021_01_26_Fbn2_Rad21IAA_2hoursIAA_488nm_0p5_561nm_0p05_SC8_2X_30z_250nm_780V_365T_20s_movie2-01__processed_low..czi
2020_11_10_Fbn2_CTCFC58__fourhoursIAA_488nm_0p5_561nm_0p05_SC8_2X_30z_250nm_780V_365T_20s_movie-02_processed_low.czi
2020_10_02_Fbn2_C36_488nm_0p5_561nm_0p05_SC8_2X_30z_250nm_780V_365T_20s_movie4-01_processed_low.czi
2020_10_03_Fbn2_C36_488nm_0p5_561nm_0p05_SC8_2X_30z_250nm_780V_365T_20s_movie5-01_processed_low.czi
2021_02_15_Fbn2_F1RAD21M_488nm_0p5_561nm_0p05_SC8_2X_30z_250nm_780V_365T_20s_noIAA_movie4-01_processed_low.czi
2021_01_07_Fbn2BFPdepletion_F1Rad21M_IAA_1hours_movie4-01_processed_low.czi
2021_01_08_Fbn2BFPdepletion_CTCF_IAA_0hours_movie4-01_processed_low.czi
2021_01_19_Fbn2_Rad21F1M_noIAA_488nm_0p5_561nm_0p05_SC8_2X_30z_250nm_780V_365T_20s_movie2-01__processed_low..czi
2021_01_13_Fbn2BFPdepletion_WAPL_2IAA_movie4-01_.czi
2020_11_09_Fbn2_CTCF58_noIAA_488nm_0p5_561nm_0p05_SC8_2X_30z_250nm_780V_365T_20s_movie1-01_processed_low.czi
2020_11_16_Fbn2_C36_fast_488nm_0p05_561nm_0p02_SC12_20X_15z_250nm_780V_200T_0s_movie7-01_processed_low.czi
2020_09_14_Fbn2_C65_488nm_0p5_561nm_0p05_SC8_2X_30z_250nm_780V_365T_20s_movie3-01_processed_low.czi
2020_09_01_Fbn2_C27_488nm_0p5_561nm_0p05_SC8_2X_30z_250nm_780V_365T_20s_movie3-01_processed_low.czi
2021_01_24_Fbn2BFPdepletion_F1Rad21M_rep2_405nm_3p5_640nm_2p0_SC4_1X_1z_850V_IAA_1hours_movie2-01_.czi
2020_10_27_Fbn2_F1Rad21M_noIAA_488nm_0p5_561nm_0p05_SC8_2X_30z_250nm_780V_365T_20s_movie2-01_processed_low.czi
2020_09_04_Fbn2_C36_488nm_0p5_561nm_0p05_SC8_2X_30z_250nm_780V_365T_20s_movie2-01_processed_low.czi
2020_09_01_Fbn2_C27_488nm_0p5_561nm_0p05_SC8_2X_30z_250nm_780V_365T_20s_movie1-01_processed_low.czi
2021_01_07_Fbn2BFPdepletion_F1Rad21M_IAA_0hours_movie1-01_processed_low.czi
2020_10_30_Fbn2_C36_488nm_0p5_561nm_0p05_SC8_2X_30z_250nm_780V_365T_20s_movie4-02_processed_low.czi
2020_10_15_Fbn2_MnNEURONS_DIV1_488nm_0p5_561nm_0p05_SC8_2X_20z_250nm_780V_130T_30s_movie13-01_processed_low.czi
2020_12_21_Fbn2_Rad21_noIAA_488nm_0p5_561nm_0p05_SC8_2X_30z_250nm_780V_365T_20s_movie1-01_processed_low.czi
2021_02_15_Fbn2_F1RAD21M_488nm_0p5_561nm_0p05_SC8_2X_30z_250nm_780V_365T_20s_noIAA_movie5-01_processed_low.czi
2020_11_04_Fbn2_CTCF58_noIAA_488nm_0p5_561nm_0p05_SC8_2X_30z_250nm_780V_365T_20s_movie2-02_processed_low.czi
2020_11_16_Fbn2_C36_fast_488nm_0p05_561nm_0p02_SC12_20X_15z_250nm_780V_200T_0s_movie7-02_processed_low.czi
2020_11_19_Fbn2_C58CTCF_fast_488nm_0p1_561nm_0p05_SC11_2X_12z_250nm_780V_365T_0s_movie10-01_processed_low.czi
2020_12_22_Fbn2_C36_488nm_0p5_561nm_0p05_SC7_1p3X_30z_250nm_780V_365T_60s_movie1-06_processed_low.czi
2020_09_22_Fbn2_C65_488nm_0p5_561nm_0p05_SC8_2X_30z_250nm_780V_365T_20s_movie3-01_processed_low.czi
2021_01_08_Fbn2BFPdepletion_CTCF_IAA_1hours_movie5-01_processed_low.czi
2021_01_08_Fbn2BFPdepletion_CTCF_IAA_1hours_movie2-02_processed_low.czi
2021_01_07_Fbn2BFPdepletion_F1Rad21M_IAA_2hours_movie3-01_processed_low.czi
2020_10_15_Fbn2_MnNEURONS_DIV1_488nm_0p5_561nm_0p05_SC8_2X_20z_250nm_780V_130T_30s_movie14-01_processed_low.czi
2021_01_26_Fbn2_Rad21F1M_noIAA_488nm_0p5_561nm_0p05_SC8_2X_30z_250nm_780V_365T_20s_movie4-01__processed_low..czi
2020_09_23_Fbn2_C36_488nm_0p5_561nm_0p05_SC8_2X_30z_250nm_780V_365T_20s_movie6-01_processed_low.czi
2020_09_03_Fbn2_C65_488nm_0p5_561nm_0p05_SC8_2X_30z_250nm_780V_365T_20s_movie1-03_processed_low.czi
2021_01_08_Fbn2BFPdepletion_CTCF_IAA_5hours_movie5-01_processed_low.czi
2020_12_17_Fbn2_C36_488nm_0p5_561nm_0p05_SC7_1p3X_30z_250nm_780V_365T_60s_movie1-01_processed_low.czi
2021_02_14_Fbn2_C36_488nm_0p5_561nm_0p05_SC8_2X_30z_250nm_780V_365T_20s_movie6-01_processed_low.czi
2020_11_19_Fbn2_C58CTCF_fast_488nm_0p05_561nm_0p05_SC11_2X_12z_250nm_780V_365T_0s_movie1-01_processed_low.czi
2020_09_14_Fbn2_C65_488nm_0p5_561nm_0p05_SC8_2X_30z_250nm_780V_365T_20s_movie6-01_processed_low.czi
2020_11_19_Fbn2_C58CTCF_fast_488nm_0p05_561nm_0p05_SC11_2X_12z_250nm_780V_365T_0s_movie15-02_processed_low.czi
2021_01_07_Fbn2BFPdepletion_F1Rad21M_IAA_4hours_movie3-02_processed_low.czi
2021_01_08_Fbn2BFPdepletion_CTCF_IAA_05hours_movie3-01_processed_low.czi
2021_01_07_Fbn2BFPdepletion_F1Rad21M_IAA_0p5hours_movie2-01_processed_low.czi
2020_11_12_Fbn2_CTCF58_twohoursIAA_488nm_0p5_561nm_0p05_SC8_2X_30z_250nm_780V_365T_20s_movie1-01_processed_low.czi
2021_01_26_Fbn2_Rad21F1M_noIAA_488nm_0p5_561nm_0p05_SC8_2X_30z_250nm_780V_365T_20s_movie4-01___processed_low..czi
2020_11_15_Fbn2_C58CTCF_fourhoursIAA_488nm_0p5_561nm_0p05_SC8_2X_30z_250nm_780V_365T_20s_movie1-01_processed_low.czi
2021_01_07_Fbn2BFPdepletion_F1Rad21M_IAA_4hours_movie2-02_processed_low.czi
2020_10_03_Fbn2_C36_488nm_0p5_561nm_0p05_SC8_2X_30z_250nm_780V_365T_20s_movie2-01_processed_low.czi
2020_10_21_Fbn2_F1Rad21M_twohoursIAA_488nm_0p5_561nm_0p05_SC8_2X_30z_250nm_780V_365T_20s_movie1-01_processed_low.czi
2020_10_03_Fbn2_C36_488nm_0p5_561nm_0p05_SC8_2X_30z_250nm_780V_365T_20s_movie3-01_processed_low.czi
2021_01_24_Fbn2BFPdepletion_F1Rad21M_rep2_405nm_3p5_640nm_2p0_SC4_1X_1z_850V_IAA_1hours_movie5-01_.czi
2020_11_16_Fbn2_C58CTCF_fourhoursIAA_488nm_0p5_561nm_0p05_SC8_2X_30z_250nm_780V_365T_20s_movie2-01_processed_low.czi
2021_01_26_Fbn2_Rad21IAA_4hoursIAA_488nm_0p5_561nm_0p05_SC8_2X_30z_250nm_780V_365T_20s_movie2-03__processed_low..czi
2020_08_31_Fbn2_C36_DISH1_488nm_0p5_561nm_0p05_SC8_2X_30z_250nm_780V_365T_20s_movie4-02_processed_low.czi
2020_11_19_Fbn2_C58CTCF_fast_488nm_0p05_561nm_0p05_SC11_2X_12z_250nm_780V_365T_0s_movie18-01_processed_low.czi
2020_10_27_Fbn2_F1Rad21M_twohoursIAA_488nm_0p5_561nm_0p05_SC8_2X_30z_250nm_780V_365T_20s_movie3-03_processed_low.czi
2021_01_08_Fbn2BFPdepletion_CTCF_IAA_1hours_movie1-01_processed_low.czi
2021_01_08_Fbn2BFPdepletion_CTCF_IAA_0hours_movie3-01_processed_low.czi
2021_01_08_Fbn2BFPdepletion_CTCF_IAA_2hours_movie4-01_processed_low.czi
2021_01_08_Fbn2BFPdepletion_CTCF_IAA_0hours_movie1-02_processed_low.czi
2020_11_16_Fbn2_C36_fast_488nm_0p03_561nm_0p05_SC12_20X_12z_160nm_780V_500T_0s_movie15-01_processed_low.czi
2020_10_23_Fbn2_C36_488nm_0p5_561nm_0p05_SC8_2X_30z_250nm_780V_365T_20s_movie3-01_processed_low.czi
2020_11_10_Fbn2_CTCF58_twohoursIAA_488nm_0p5_561nm_0p05_SC8_2X_30z_250nm_780V_365T_20s_movie1-01_processed_low.czi
2020_11_10_Fbn2_CTCF58_noIAA_488nm_0p5_561nm_0p05_SC8_2X_30z_250nm_780V_365T_20s_movie1-01_processed_low.czi
2020_12_23_Fbn2_Rad21_noIAA_488nm_0p5_561nm_0p05_SC8_2X_30z_250nm_780V_365T_20s_movie1-01_processed_low.czi
2021_01_24_Fbn2BFPdepletion_F1Rad21M_rep2_405nm_3p5_640nm_2p0_SC4_1X_1z_850V_IAA_2hours_movie1-01_.czi
2020_10_23_Fbn2_C36_488nm_0p5_561nm_0p05_SC8_2X_30z_250nm_780V_365T_20s_movie2-01_processed_low.czi
2021_01_25_Fbn2_Rad21F1M_noIAA_488nm_0p5_561nm_0p05_SC8_2X_30z_250nm_780V_365T_20s_movie1-03__processed_low.czi
2021_01_08_Fbn2BFPdepletion_CTCF_IAA_4hours_movie3-01_processed_low.czi
2021_01_13_Fbn2BFPdepletion_WAPL_1IAA_movie1-01_.czi
2020_11_12_Fbn2_CTCF58_noIAA_488nm_0p5_561nm_0p05_SC8_2X_30z_250nm_780V_365T_20s_movie1-01_processed_low.czi
2020_09_10_Fbn2_C36_488nm_0p5_561nm_0p05_SC8_2X_30z_250nm_780V_365T_20s_movie7-01_processed_low.czi
2020_09_17_Fbn2_C27_488nm_0p5_561nm_0p05_SC8_2X_30z_250nm_780V_365T_20s_movie4-01_processed_low.czi
2020_11_17_Fbn2_C58CTCF_twohoursIAA_488nm_0p5_561nm_0p05_SC8_2X_30z_250nm_780V_365T_20s_movie2-01_processed_low.czi
2020_09_08_Fbn2_C36_488nm_0p5_561nm_0p05_SC8_2X_30z_250nm_780V_365T_20s_movie2-01_processed_low.czi
2021_01_08_Fbn2BFPdepletion_CTCF_IAA_1hours_movie3-01_processed_low.czi
2021_01_07_Fbn2BFPdepletion_F1Rad21M_IAA_4hours_movie1-02_processed_low.czi
2020_10_14_Fbn2_MnNEURONS_DIV1_488nm_0p5_561nm_0p05_SC8_2X_20z_250nm_780V_130T_30s_movie10-01_processed_low.czi
2021_01_08_Fbn2BFPdepletion_CTCF_IAA_1hours_movie4-01_processed_low.czi
2021_01_13_Fbn2BFPdepletion_WAPL_0IAA_movie3-01_.czi
2020_11_15_Fbn2_C58CTCF_twohoursIAA_488nm_0p5_561nm_0p05_SC8_2X_30z_250nm_780V_365T_20s_movie1-01_processed_low.czi
2020_09_23_Fbn2_C36_488nm_0p5_561nm_0p05_SC8_2X_30z_250nm_780V_365T_20s_movie3-01_processed_low.czi
2020_09_22_Fbn2_C65_488nm_0p5_561nm_0p05_SC8_2X_30z_250nm_780V_365T_20s_movie4-04_processed_low.czi
2020_11_17_Fbn2_C58CTCF_fourhoursIAA_488nm_0p5_561nm_0p05_SC8_2X_30z_250nm_780V_365T_20s_movie1-01_processed_low.czi
2020_11_19_Fbn2_C58CTCF_fast_488nm_0p05_561nm_0p05_SC11_2X_12z_250nm_780V_365T_0s_movie28-01_processed_low.czi
2021_01_08_Fbn2BFPdepletion_CTCF_IAA_2hours_movie5-01_processed_low.czi
2020_09_21_Fbn2_C27_488nm_0p5_561nm_0p05_SC8_2X_30z_250nm_780V_365T_20s_movie3-01_processed_low.czi
2021_01_08_Fbn2BFPdepletion_CTCF_IAA_0hours_movie1-01_2_processed_low.czi
2020_09_09_Fbn2_C65_488nm_0p5_561nm_0p05_SC8_2X_30z_250nm_780V_365T_20s_movie1-02_processed_low.czi
2020_10_22_Fbn2_F1Rad21M_eighthoursIAA_488nm_0p5_561nm_0p05_SC8_2X_30z_250nm_780V_365T_20s_movie2-01_processed_low.czi
2020_11_18_Fbn2_C58CTCF_fourhoursIAA_488nm_0p5_561nm_0p05_SC8_2X_30z_250nm_780V_365T_20s_movie1-01_processed_low.czi
2020_09_07_Fbn2_C65_488nm_0p5_561nm_0p05_SC8_2X_30z_250nm_780V_365T_20s_movie3-01_processed_low.czi
2020_09_21_Fbn2_C27_488nm_0p5_561nm_0p05_SC8_2X_30z_250nm_780V_365T_20s_movie5-01_processed_low.czi
2021_01_24_Fbn2BFPdepletion_F1Rad21M_rep2_405nm_3p5_640nm_2p0_SC4_1X_1z_850V_IAA_1hours_movie4-01_.czi
2020_09_10_Fbn2_C36_488nm_0p5_561nm_0p05_SC8_2X_30z_250nm_780V_365T_20s_movie2-01_processed_low.czi
2020_09_11_Fbn2_C27_488nm_0p5_561nm_0p05_SC8_2X_30z_250nm_780V_365T_20s_movie2-01_processed_low.czi
2020_11_17_Fbn2_C58CTCF_noIAA_488nm_0p5_561nm_0p05_SC8_2X_30z_250nm_780V_365T_20s_movie2-01_processed_low.czi
2020_11_19_Fbn2_C58CTCF_fast_488nm_0p05_561nm_0p05_SC11_2X_12z_250nm_780V_365T_0s_movie25-01_processed_low.czi
2021_01_24_Fbn2BFPdepletion_F1Rad21M_rep2_405nm_3p5_640nm_2p0_SC4_1X_1z_850V_IAA_1hours_movie3-01_.czi
2020_10_27_Fbn2_F1Rad21M_sixhoursIAA_488nm_0p5_561nm_0p05_SC8_2X_30z_250nm_780V_365T_20s_movie3-01_processed_low.czi
2021_01_08_Fbn2BFPdepletion_CTCF_IAA_2hours_movie3-01_processed_low.czi
2021_01_08_Fbn2BFPdepletion_CTCF_IAA_2hours_movie2-01_processed_low.czi
2020_09_22_Fbn2_C65_488nm_0p5_561nm_0p05_SC8_2X_30z_250nm_780V_365T_20s_movie1-01_processed_low.czi
2020_11_12_Fbn2_CTCF58_twohoursIAA_488nm_0p5_561nm_0p05_SC8_2X_30z_250nm_780V_365T_20s_movie2-02_processed_low.czi
2020_09_21_Fbn2_C27_488nm_0p5_561nm_0p05_SC8_2X_30z_250nm_780V_365T_20s_movie1-01_processed_low.czi
2020_11_17_Fbn2_C58CTCF_twohoursIAA_488nm_0p5_561nm_0p05_SC8_2X_30z_250nm_780V_365T_20s_movie1-01_processed_low.czi
2020_10_02_Fbn2_C36_488nm_0p5_561nm_0p05_SC8_2X_30z_250nm_780V_365T_20s_movie6-01_processed_low.czi
2021_02_13_Fbn2_C36_488nm_0p5_561nm_0p05_SC8_2X_30z_250nm_780V_365T_20s_movie2-01_processed_low.czi
2021_01_25_Fbn2BFPdepletion_F1Rad21M_rep2_405nm_3p5_640nm_2p0_SC4_1X_1z_850V_IAA_5hours_movie3-01_.czi
2020_10_13_Fbn2_MnNEURONS_DIV1_488nm_0p5_561nm_0p05_SC8_2X_20z_250nm_780V_130T_30s_movie2-01_processed_low.czi
2021_01_24_Fbn2BFPdepletion_F1Rad21M_rep2_405nm_3p5_640nm_2p0_SC4_1X_1z_850V_IAA_0hours_movie1-01_.czi
2021_01_08_Fbn2BFPdepletion_CTCF_IAA_05hours_movie2-01_processed_low.czi
2020_09_01_Fbn2_C27_488nm_0p5_561nm_0p05_SC8_2X_30z_250nm_780V_365T_20s_movie7-01_processed_low.czi
2021_01_25_Fbn2BFPdepletion_F1Rad21M_rep2_405nm_3p5_640nm_2p0_SC4_1X_1z_850V_IAA_4hours_movie1-01_.czi
2021_01_18_Fbn2BFPdepletion_F1Rad21M_405nm_3p5_640nm_2p0_SC4_1X_1z_850V_IAA_5hours_movie4-01_.czi
2021_01_08_Fbn2BFPdepletion_CTCF_IAA_5hours_movie3-01_processed_low.czi
2020_09_25_Fbn2_C36_488nm_0p5_561nm_0p05_SC8_2X_30z_250nm_780V_365T_20s_movie3-01_processed_low.czi
2020_11_19_Fbn2_C58CTCF_fast_488nm_0p05_561nm_0p05_SC11_2X_12z_250nm_780V_365T_0s_movie8-01_processed_low.czi
2020_09_15_Fbn2_C27_488nm_0p5_561nm_0p05_SC8_2X_30z_250nm_780V_365T_20s_movie6-01_processed_low.czi
2021_01_19_Fbn2_Rad21F1M_noIAA_488nm_0p5_561nm_0p05_SC8_2X_30z_250nm_780V_365T_20s_movie1-01__processed_low..czi
2020_11_16_Fbn2_C36_fast_488nm_0p03_561nm_0p05_SC12_20X_8z_250nm_780V_300T_0s_movie8-02_processed_low.czi
2020_12_20_Fbn2_Rad21_twohoursIAA_488nm_0p5_561nm_0p05_SC8_2X_30z_250nm_780V_365T_20s_movie1-01_processed_low.czi
2020_09_25_Fbn2_C36_488nm_0p5_561nm_0p05_SC8_2X_30z_250nm_780V_365T_20s_movie5-01_processed_low.czi
Fbn2_Rad21F1M_twohoursIAA_488nm_0p5_561nm_0p05_SC8_2X_30z_250nm_780V_365T_20s_movie1-02_processed_low.czi
2020_10_13_Fbn2_MnNEURONS_DIV1_488nm_0p5_561nm_0p05_SC8_2X_20z_250nm_780V_130T_30s_movie4-01_processed_low.czi
2020_10_13_Fbn2_MnNEURONS_DIV1_488nm_0p5_561nm_0p05_SC8_2X_20z_250nm_780V_130T_30s_movie5-04_processed_low001093.czi
2020_09_15_Fbn2_C27_488nm_0p5_561nm_0p05_SC8_2X_30z_250nm_780V_365T_20s_movie1-01_processed_low.czi
2020_12_21_Fbn2_C36_488nm_0p5_561nm_0p05_SC7_1p3X_30z_250nm_780V_365T_60s_movie1-07_processed_low.czi
2021_01_24_Fbn2BFPdepletion_F1Rad21M_rep2_405nm_3p5_640nm_2p0_SC4_1X_1z_850V_IAA_0hours_movie2-01_.czi
2020_11_09_Fbn2_CTCF58_noIAA_488nm_0p5_561nm_0p05_SC8_2X_30z_250nm_780V_365T_20s_movie2-01_processed_low.czi
2021_01_08_Fbn2BFPdepletion_CTCF_IAA_05hours_movie1-01_processed_low.czi
2020_10_22_Fbn2_F1Rad21M_488nm_0p5_561nm_0p05_SC8_2X_30z_250nm_780V_365T_20s_movie1-01_processed_low.czi
2021_01_08_Fbn2BFPdepletion_CTCF_IAA_4hours_movie1-01_processed_low.czi
2020_11_06_Fbn2_CTCF58_fourhoursIAA_488nm_0p5_561nm_0p05_SC8_2X_30z_250nm_780V_365T_20s_movie2-01_processed_low.czi
2020_09_21_Fbn2_C27_488nm_0p5_561nm_0p05_SC8_2X_30z_250nm_780V_365T_20s_movie4-01_processed_low.czi
2020_08_31_Fbn2_C36_DISH1_488nm_0p5_561nm_0p05_SC8_2X_30z_250nm_780V_365T_20s_movie3-01_processed_low.czi
2021_02_04_Fbn2_Rad21F1M_488nm_0p5_561nm_0p05_SC8_2X_30z_250nm_780V_365T_20s_noIAA_movie2-01_processed_low.czi
2021_01_24_Fbn2BFPdepletion_F1Rad21M_rep2_405nm_3p5_640nm_2p0_SC4_1X_1z_850V_IAA_1hours_movie1-01_.czi
2020_11_16_Fbn2_C36_fast_488nm_0p1_561nm_0p5_SC12_20X_15z_250nm_780V_100T_0s_movie4-01_processed_low.czi
2021_01_07_Fbn2BFPdepletion_F1Rad21M_IAA_0hours_movie5-01_processed_low.czi
2021_01_07_Fbn2BFPdepletion_F1Rad21M_IAA_2hours_movie1-01_processed_low.czi
2021_01_20_Fbn2_Rad21F1M_4hoursIAA_488nm_0p5_561nm_0p05_SC8_2X_30z_250nm_780V_365T_20s_movie1-01__processed_low..czi
2020_11_11_Fbn2_CTCF58_twohoursIAA_488nm_0p5_561nm_0p05_SC8_2X_30z_250nm_780V_365T_20s_movie1-01_processed_low.czi
2020_11_17_Fbn2_C58CTCF_noIAA_488nm_0p5_561nm_0p05_SC8_2X_30z_250nm_780V_365T_20s_movie1-01_processed_low.czi
2021_01_13_Fbn2BFPdepletion_WAPL_4IAA_movie1-01_.czi
2021_02_19_Fbn2_F1Rad21M_488nm_0p5_561nm_0p05_SC8_2X_30z_250nm_780V_365T_20s_4hoursIAA_movie1-01_processed_low.czi
2021_01_07_Fbn2BFPdepletion_F1Rad21M_IAA_2hours_movie4-01_processed_low.czi
2020_12_23_Fbn2_Rad21_twohoursIAA_488nm_0p5_561nm_0p05_SC8_2X_30z_250nm_780V_365T_20s_movie1-02_processed_low.czi
2021_01_07_Fbn2BFPdepletion_F1Rad21M_IAA_4hours_movie5-01_processed_low.czi
2020_10_03_Fbn2_C36_488nm_0p5_561nm_0p05_SC8_2X_30z_250nm_780V_365T_20s_movie4-01_processed_low.czi
2020_10_21_Fbn2_F1Rad21M_488nm_0p5_561nm_0p05_SC8_2X_30z_250nm_780V_365T_20s_movie1-01_processed_low.czi
2021_01_08_Fbn2BFPdepletion_CTCF_IAA_4hours_movie2-01_processed_low.czi
2020_11_18_Fbn2_C58CTCF_noIAA_488nm_0p5_561nm_0p05_SC8_2X_30z_250nm_780V_365T_20s_movie1-01_processed_low.czi
2020_10_13_Fbn2_MnNEURONS_DIV1_488nm_0p5_561nm_0p05_SC8_2X_20z_250nm_780V_130T_30s_movie3-01_processed_low.czi
2021_02_01_Fbn2_C36_488nm_0p5_561nm_0p05_SC8_2X_30z_250nm_780V_365T_20s_movie1-01_processed_low.czi
2021_01_08_Fbn2BFPdepletion_CTCF_IAA_0hours_movie5-01_processed_low.czi
2020_10_23_Fbn2_C36_488nm_0p5_561nm_0p05_SC8_2X_30z_250nm_780V_365T_20s_movie4-01_processed_low.czi
2020_09_01_Fbn2_C27_488nm_0p5_561nm_0p05_SC8_2X_30z_250nm_780V_365T_20s_movie6-01_processed_low.czi
2020_09_04_Fbn2_C36_488nm_0p5_561nm_0p05_SC8_2X_30z_250nm_780V_365T_20s_movie1-01_processed_low.czi
2021_01_07_Fbn2BFPdepletion_F1Rad21M_IAA_0hours_movie1-02_processed_low.czi
2021_01_25_Fbn2BFPdepletion_F1Rad21M_rep2_405nm_3p5_640nm_2p0_SC4_1X_1z_850V_IAA_5hours_movie2-01_.czi
2020_10_22_Fbn2_F1Rad21M_noIAA_488nm_0p5_561nm_0p05_SC8_2X_30z_250nm_780V_365T_20s_movie1-01_processed_low.czi
2020_11_19_Fbn2_C58CTCF_fast_488nm_0p05_561nm_0p05_SC11_2X_12z_250nm_780V_365T_0s_movie13-01_processed_low.czi
2020_11_19_Fbn2_C58CTCF_fast_488nm_0p05_561nm_0p05_SC11_2X_12z_250nm_780V_365T_0s_movie12-01_processed_low.czi
2020_10_03_Fbn2_C36_488nm_0p5_561nm_0p05_SC8_2X_30z_250nm_780V_365T_20s_movie8-01_processed_low.czi
2020_09_08_Fbn2_C36_488nm_0p5_561nm_0p05_SC8_2X_30z_250nm_780V_365T_20s_movie3-02_processed_low.czi
2020_09_28_Fbn2_C36_488nm_0p5_561nm_0p05_SC8_2X_30z_250nm_780V_365T_20s_movie1-01_processed_low.czi
2021_01_07_Fbn2BFPdepletion_F1Rad21M_IAA_4hours_movie5-02_processed_low.czi
2021_01_13_Fbn2BFPdepletion_WAPL_2IAA_movie1-01_.czi
2020_11_16_Fbn2_C36_fast_488nm_0p03_561nm_0p05_SC12_20X_10z_144nm_780V_500T_0s_movie13-01_processed_low.czi
2021_01_13_Fbn2BFPdepletion_WAPL_4IAA_movie2-01_.czi
2021_02_19_Fbn2_F1Rad21M_488nm_0p5_561nm_0p05_SC8_2X_30z_250nm_780V_365T_20s_noIAA_movie1-03_processed_low.czi
2021_01_07_Fbn2BFPdepletion_F1Rad21M_IAA_0hours_movie2-01_processed_low.czi
2020_09_11_Fbn2_C27_488nm_0p5_561nm_0p05_SC8_2X_30z_250nm_780V_365T_20s_movie3-01_processed_low.czi
2021_01_13_Fbn2BFPdepletion_WAPL_5IAA_movie1-01_.czi
2020_11_06_Fbn2_CTCF58_noIAA_488nm_0p5_561nm_0p05_SC8_2X_30z_250nm_780V_365T_20s_movie1-02_processed_low.czi
2020_10_13_Fbn2_MnNEURONS_DIV1_488nm_0p5_561nm_0p05_SC8_2X_20z_250nm_780V_150T_20s_movie1-01_processed_low001095.czi
2021_01_07_Fbn2BFPdepletion_F1Rad21M_IAA_4hours_movie1-01_processed_low.czi
2021_01_25_Fbn2BFPdepletion_F1Rad21M_rep2_405nm_3p5_640nm_2p0_SC4_1X_1z_850V_IAA_4hours_movie5-01_.czi
2020_09_17_Fbn2_C27_488nm_0p5_561nm_0p05_SC8_2X_30z_250nm_780V_365T_20s_movie3-03_processed_low.czi
2020_09_10_Fbn2_C36_488nm_0p5_561nm_0p05_SC8_2X_30z_250nm_780V_365T_20s_movie6-01_processed_low.czi
2021_01_13_Fbn2BFPdepletion_WAPL_2IAA_movie3-01_.czi
2020_11_17_Fbn2_C58CTCF_fourhoursIAA_488nm_0p5_561nm_0p05_SC8_2X_30z_250nm_780V_365T_20s_movie2-01_processed_low.czi
2021_01_07_Fbn2BFPdepletion_F1Rad21M_IAA_1hours_movie3-01_processed_low.czi
2020_11_19_Fbn2_C58CTCF_fast_488nm_0p05_561nm_0p05_SC11_2X_12z_250nm_780V_365T_0s_movie2-01_processed_low.czi
2021_01_18_Fbn2BFPdepletion_F1Rad21M_405nm_3p5_640nm_2p0_SC4_1X_1z_850V_IAA_5hours_movie2-01_.czi
2021_01_13_Fbn2BFPdepletion_WAPL_5IAA_movie2-01_.czi
2021_01_13_Fbn2BFPdepletion_WAPL_2IAA_movie5-01_.czi
2021_01_24_Fbn2BFPdepletion_F1Rad21M_rep2_405nm_3p5_640nm_2p0_SC4_1X_1z_850V_IAA_2hours_movie3-01_.czi
2021_01_27_Fbn2_Rad21IAA_4hoursIAA_488nm_0p5_561nm_0p05_SC8_2X_30z_250nm_780V_365T_20s_movie1-01___processed_low..czi
2020_09_23_Fbn2_C36_488nm_0p5_561nm_0p05_SC8_2X_30z_250nm_780V_365T_20s_movie2-01_processed_low.czi
2020_10_13_Fbn2_MnNEURONS_DIV1_488nm_0p5_561nm_0p05_SC8_2X_20z_250nm_780V_130T_30s_movie7-01_processed_low.czi
2021_01_08_Fbn2BFPdepletion_CTCF_IAA_0hours_movie2-01_processed_low.czi
2021_02_19_Fbn2_F1Rad21M_488nm_0p5_561nm_0p05_SC8_2X_30z_250nm_780V_365T_20s_2hoursIAA_movie1-02_processed_low.czi
2021_01_13_Fbn2BFPdepletion_WAPL_2IAA_movie2-01_.czi
2020_10_13_Fbn2_MnNEURONS_DIV1_488nm_0p5_561nm_0p05_SC8_2X_20z_250nm_780V_130T_30s_movie8-01_processed_low.czi
2021_01_13_Fbn2BFPdepletion_WAPL_0IAA_movie1-02_.czi
2020_10_13_Fbn2_MnNEURONS_DIV1_488nm_0p5_561nm_0p05_SC8_2X_20z_250nm_780V_130T_30s_movie6-01_processed_low.czi
2021_01_24_Fbn2BFPdepletion_F1Rad21M_rep2_405nm_3p5_640nm_2p0_SC4_1X_1z_850V_IAA_2hours_movie5-01_.czi
2021_01_24_Fbn2BFPdepletion_F1Rad21M_rep2_405nm_3p5_640nm_2p0_SC4_1X_1z_850V_IAA_0hours_movie4-01_.czi
2020_12_18_Fbn2_Rad21_twohoursIAA_488nm_0p5_561nm_0p05_SC8_2X_30z_250nm_780V_365T_20s_movie2-01_processed_low.czi
2020_12_19_Fbn2_Rad21_noIAA_488nm_0p5_561nm_0p05_SC8_2X_30z_250nm_780V_365T_20s_movie2-01_processed_low.czi
2020_10_02_Fbn2_C36_488nm_0p5_561nm_0p05_SC8_2X_30z_250nm_780V_365T_20s_movie5-01_processed_low.czi
2020_12_21_Fbn2_Rad21_fourhoursIAA_488nm_0p5_561nm_0p05_SC8_2X_30z_250nm_780V_365T_20s_movie1-02_processed_low.czi
2021_01_07_Fbn2BFPdepletion_F1Rad21M_IAA_0hours_movie4-01_processed_low.czi
2021_01_25_Fbn2_Rad21F1M_twohoursIAA_488nm_0p5_561nm_0p05_SC8_2X_30z_250nm_780V_365T_20s_movie1-04__processed_low.czi
Fbn2_Rad21F1M_noIAA_488nm_0p5_561nm_0p05_SC8_2X_30z_250nm_780V_365T_20s_movie2-01_processed_low.czi
2020_10_23_Fbn2_C36_488nm_0p5_561nm_0p05_SC8_2X_30z_250nm_780V_365T_20s_movie1-01_processed_low.czi
2020_10_21_Fbn2_F1Rad21M_noIAA_488nm_0p5_561nm_0p05_SC8_2X_30z_250nm_780V_365T_20s_movie2-01_processed_low.czi
2020_10_30_Fbn2_C36_488nm_0p5_561nm_0p05_SC8_2X_30z_250nm_780V_365T_20s_movie4-01_processed_low.czi
2020_11_19_Fbn2_C58CTCF_fast_488nm_0p05_561nm_0p05_SC11_2X_12z_250nm_780V_365T_0s_movie16-01_processed_low.czi
2020_12_18_Fbn2_Rad21_noIAA_488nm_0p5_561nm_0p05_SC8_2X_30z_250nm_780V_365T_20s_movie2-02_processed_low.czi
2021_01_07_Fbn2BFPdepletion_F1Rad21M_IAA_1hours_movie1-01_processed_low.czi
2021_01_08_Fbn2BFPdepletion_CTCF_IAA_2hours_movie1-01_processed_low.czi
2020_12_24_Fbn2_C36_488nm_0p5_561nm_0p05_SC7_1p3X_30z_250nm_780V_365T_60s_movie2-01_processed_low.czi
2020_09_28_Fbn2_C36_488nm_0p5_561nm_0p05_SC8_2X_30z_250nm_780V_365T_20s_movie3-01_processed_low.czi
2020_09_25_Fbn2_C36_488nm_0p5_561nm_0p05_SC8_2X_30z_250nm_780V_365T_20s_movie7-01_processed_low.czi
2020_11_19_Fbn2_C58CTCF_fast_488nm_0p05_561nm_0p05_SC11_2X_12z_250nm_780V_365T_0s_movie29-01_processed_low.czi
2021_01_13_Fbn2BFPdepletion_WAPL_0IAA_movie2-01_.czi
2020_09_17_Fbn2_C27_488nm_0p5_561nm_0p05_SC8_2X_30z_250nm_780V_365T_20s_movie5-01_processed_low.czi
2020_12_20_Fbn2_Rad21_fourhoursIAA_488nm_0p5_561nm_0p05_SC8_2X_30z_250nm_780V_365T_20s_movie1-01_processed_low.czi
2021_01_24_Fbn2BFPdepletion_F1Rad21M_rep2_405nm_3p5_640nm_2p0_SC4_1X_1z_850V_IAA_05hours_movie3-01_.czi
2021_01_25_Fbn2_Rad21F1M_noIAA_488nm_0p5_561nm_0p05_SC8_2X_30z_250nm_780V_365T_20s_movie2-01_processed_low.czi
2021_01_25_Fbn2BFPdepletion_F1Rad21M_rep2_405nm_3p5_640nm_2p0_SC4_1X_1z_850V_IAA_5hours_movie1-01_.czi
2021_01_13_Fbn2BFPdepletion_WAPL_05IAA_movie4-01_.czi
2020_09_10_Fbn2_C36_488nm_0p5_561nm_0p05_SC8_2X_30z_250nm_780V_365T_20s_movie5-01_processed_low.czi
2021_01_13_Fbn2BFPdepletion_WAPL_5IAA_movie5-01_.czi
2021_01_07_Fbn2BFPdepletion_F1Rad21M_IAA_0p5hours_movie5-01_processed_low.czi
2020_11_19_Fbn2_C58CTCF_fast_488nm_0p05_561nm_0p05_SC11_2X_12z_250nm_780V_365T_0s_movie27-02_processed_low.czi
2021_01_07_Fbn2BFPdepletion_F1Rad21M_IAA_1hours_movie2-01_processed_low.czi
2020_10_28_Fbn2_F1Rad21M_eighthoursIAA_488nm_0p5_561nm_0p05_SC8_2X_30z_250nm_780V_365T_20s_movie3-01_processed_low.czi
2020_11_19_Fbn2_C58CTCF_fast_488nm_0p05_561nm_0p05_SC11_2X_12z_250nm_780V_365T_0s_movie20-01_processed_low.czi
2021_01_18_Fbn2BFPdepletion_F1Rad21M_405nm_3p5_640nm_2p0_SC4_1X_1z_850V_IAA_5hours_movie1-02_.czi
2021_01_08_Fbn2BFPdepletion_CTCF_IAA_5hours_movie4-01_processed_low.czi
2021_01_07_Fbn2BFPdepletion_F1Rad21M_IAA_0p5hours_movie4-01_processed_low.czi
2021_01_26_Fbn2_Rad21IAA_2hoursIAA_488nm_0p5_561nm_0p05_SC8_2X_30z_250nm_780V_365T_20s_movie1-02__processed_low..czi
2021_01_13_Fbn2BFPdepletion_WAPL_0IAA_movie0-01_.czi
2020_11_16_Fbn2_C36_fast_488nm_0p03_561nm_0p05_SC12_20X_8z_250nm_780V_300T_0s_movie8-01_processed_low.czi
2020_09_22_Fbn2_C65_488nm_0p5_561nm_0p05_SC8_2X_30z_250nm_780V_365T_20s_movie2-01_processed_low.czi
2020_09_25_Fbn2_C36_488nm_0p5_561nm_0p05_SC8_2X_30z_250nm_780V_365T_20s_movie6-01_processed_low.czi
2020_11_19_Fbn2_C58CTCF_fast_488nm_0p05_561nm_0p05_SC11_2X_12z_250nm_780V_365T_0s_movie26-02_processed_low.czi
2020_11_12_Fbn2_CTCF58_fourhoursIAA_488nm_0p5_561nm_0p05_SC8_2X_30z_250nm_780V_365T_20s_movie1-01_processed_low.czi
2020_09_10_Fbn2_C36_488nm_0p5_561nm_0p05_SC8_2X_30z_250nm_780V_365T_20s_movie1-01_processed_low.czi
2020_09_15_Fbn2_C27_488nm_0p5_561nm_0p05_SC8_2X_30z_250nm_780V_365T_20s_movie3-03_processed_low.czi
2021_01_13_Fbn2BFPdepletion_WAPL_05IAA_movie5-01_.czi
2020_09_25_Fbn2_C36_488nm_0p5_561nm_0p05_SC8_2X_30z_250nm_780V_365T_20s_movie2-01_processed_low.czi
2021_01_13_Fbn2BFPdepletion_WAPL_05IAA_movie2-01_.czi
2020_09_21_Fbn2_C27_488nm_0p5_561nm_0p05_SC8_2X_30z_250nm_780V_365T_20s_movie2-01_processed_low.czi
2020_09_01_Fbn2_C27_488nm_0p5_561nm_0p05_SC8_2X_30z_250nm_780V_365T_20s_movie5-01_processed_low.czi
2021_01_13_Fbn2BFPdepletion_WAPL_4IAA_movie5-01_.czi
2020_09_23_Fbn2_C36_488nm_0p5_561nm_0p05_SC8_2X_30z_250nm_780V_365T_20s_movie7-01_processed_low.czi
2020_11_19_Fbn2_C58CTCF_fast_488nm_0p05_561nm_0p05_SC11_2X_12z_250nm_780V_365T_0s_movie21-01_processed_low.czi
2020_11_16_Fbn2_C36_fast_488nm_0p1_561nm_0p5_SC12_20X_15z_250nm_780V_1000T_0s_movie5-01_processed_low.czi
2020_12_22_Fbn2_Rad21F1M_fourhoursIAA_488nm_0p5_561nm_0p05_SC8_2X_30z_250nm_780V_365T_20s_movie1-02_processed_low.czi
2020_09_23_Fbn2_C36_488nm_0p5_561nm_0p05_SC8_2X_30z_250nm_780V_365T_20s_movie4-01_processed_low.czi
2021_01_26_Fbn2_Rad21IAA_2hoursIAA_488nm_0p5_561nm_0p05_SC8_2X_30z_250nm_780V_365T_20s_movie2-01__processed_low.czi
2020_09_15_Fbn2_C27_488nm_0p5_561nm_0p05_SC8_2X_30z_250nm_780V_365T_20s_movie2-02_processed_low.czi
2021_01_24_Fbn2BFPdepletion_F1Rad21M_rep2_405nm_3p5_640nm_2p0_SC4_1X_1z_850V_IAA_2hours_movie2-01_.czi
2020_09_09_Fbn2_C65_488nm_0p5_561nm_0p05_SC8_2X_30z_250nm_780V_365T_20s_movie2-01_processed_low.czi
2020_11_16_Fbn2_C36_fast_488nm_0p03_561nm_0p05_SC12_20X_8z_250nm_780V_500T_0s_movie11-01_processed_low.czi
2020_09_03_Fbn2_C65_488nm_0p5_561nm_0p05_SC8_2X_30z_250nm_780V_365T_20s_movie5-01_processed_low.czi
2021_02_14_Fbn2_C36_488nm_0p5_561nm_0p05_SC8_2X_30z_250nm_780V_365T_20s_movie3-01_processed_low.czi
2020_10_21_Fbn2_F1Rad21M_noIAA_488nm_0p5_561nm_0p05_SC8_2X_30z_250nm_780V_365T_20s_movie1-01_processed_low.czi
2020_11_05_Fbn2_CTCF58_fourhoursIAA_488nm_0p5_561nm_0p05_SC8_2X_30z_250nm_780V_365T_20s_movie1-01_processed_low.czi
2021_01_13_Fbn2BFPdepletion_WAPL_4IAA_movie3-01_.czi
2020_12_18_Fbn2_Rad21_twohoursIAA_488nm_0p5_561nm_0p05_SC8_2X_30z_250nm_780V_365T_20s_movie1-01_processed_low.czi
2020_10_21_Fbn2_F1Rad21M_488nm_0p5_561nm_0p05_SC8_2X_30z_250nm_780V_365T_20s_movie2-01_processed_low.czi
2020_11_19_Fbn2_C58CTCF_fast_488nm_0p1_561nm_0p05_SC11_2X_12z_250nm_780V_365T_0s_movie9-01_processed_low.czi
2020_09_07_Fbn2_C65_488nm_0p5_561nm_0p05_SC8_2X_30z_250nm_780V_365T_20s_movie4-01_processed_low.czi
2020_10_02_Fbn2_C36_488nm_0p5_561nm_0p05_SC8_2X_30z_250nm_780V_365T_20s_movie7-01_processed_low.czi
2021_01_25_Fbn2BFPdepletion_F1Rad21M_rep2_405nm_3p5_640nm_2p0_SC4_1X_1z_850V_IAA_5hours_movie5-01_.czi
2020_09_11_Fbn2_C27_488nm_0p5_561nm_0p05_SC8_2X_30z_250nm_780V_365T_20s_movie4-01_processed_low.czi
2021_01_07_Fbn2BFPdepletion_F1Rad21M_IAA_2hours_movie5-01_processed_low.czi
2020_10_22_Fbn2_F1Rad21M_488nm_0p5_561nm_0p05_SC8_2X_30z_250nm_780V_365T_20s_movie2-01_processed_low.czi
2020_10_03_Fbn2_C36_488nm_0p5_561nm_0p05_SC8_2X_30z_250nm_780V_365T_20s_movie1-01_processed_low.czi
2020_11_15_Fbn2_C58CTCF_twohoursIAA_488nm_0p5_561nm_0p05_SC8_2X_30z_250nm_780V_365T_20s_movie2-01_processed_low.czi
2021_01_08_Fbn2BFPdepletion_CTCF_IAA_4hours_movie5-01_processed_low.czi
2020_10_29_Fbn2_C36_488nm_0p5_561nm_0p05_SC8_2X_30z_250nm_780V_365T_20s_movie1-01_processed_low.czi
2021_01_13_Fbn2BFPdepletion_WAPL_1IAA_movie4-01_.czi
2020_10_01_Fbn2_C36_488nm_0p5_561nm_0p05_SC8_2X_30z_250nm_780V_365T_20s_movie3-01_processed_low.czi
2020_09_01_Fbn2_C27_488nm_0p5_561nm_0p05_SC8_2X_30z_250nm_780V_365T_20s_movie4-01_processed_low.czi
2020_11_19_Fbn2_C58CTCF_fast_488nm_0p05_561nm_0p05_SC11_2X_12z_250nm_780V_365T_0s_movie22-01_processed_low.czi
2020_08_31_Fbn2_C36_DISH1_488nm_0p5_561nm_0p05_SC8_2X_30z_250nm_780V_365T_20s_movie1-03_processed_low.czi
2020_10_13_Fbn2_MnNEURONS_DIV1_488nm_0p5_561nm_0p05_SC8_2X_20z_250nm_780V_130T_30s_movie3-01_processed_low001089.czi
2021_01_13_Fbn2BFPdepletion_WAPL_1IAA_movie3-01_.czi
2020_09_08_Fbn2_C36_488nm_0p5_561nm_0p05_SC8_2X_30z_250nm_780V_365T_20s_movie5-01_processed_low.czi
2020_12_18_Fbn2_Rad21_fourhoursIAA_488nm_0p5_561nm_0p05_SC8_2X_30z_250nm_780V_365T_20s_movie2-01_processed_low.czi
2020_11_19_Fbn2_C58CTCF_fast_488nm_0p05_561nm_0p05_SC11_2X_12z_250nm_780V_365T_0s_movie23-01_processed_low.czi
2020_09_08_Fbn2_C36_488nm_0p5_561nm_0p05_SC8_2X_30z_250nm_780V_365T_20s_movie1-01_processed_low.czi
2020_09_07Fbn2_C65_488nm_0p5_561nm_0p05_SC8_2X_30z_250nm_780V_365T_20s_movie2-01_processed_low.czi
2021_01_07_Fbn2BFPdepletion_F1Rad21M_IAA_4hours_movie3-01_processed_low.czi
2020_09_25_Fbn2_C36_488nm_0p5_561nm_0p05_SC8_2X_30z_250nm_780V_365T_20s_movie1-01_processed_low.czi
2020_09_25_Fbn2_C36_488nm_0p5_561nm_0p05_SC8_2X_30z_250nm_780V_365T_20s_movie4-01_processed_low.czi
2021_01_13_Fbn2BFPdepletion_WAPL_5IAA_movie3-01_.czi
2020_11_15_Fbn2_C58CTCF_noIAA_488nm_0p5_561nm_0p05_SC8_2X_30z_250nm_780V_365T_20s_movie1-01_processed_low.czi
2020_11_17_Fbn2_C58CTCF_twohoursIAA_488nm_0p5_561nm_0p05_SC8_2X_30z_250nm_780V_365T_20s_movie1-02_processed_low.czi
2020_11_16_Fbn2_C36_fast_488nm_0p03_561nm_0p05_SC12_20X_8z_250nm_780V_500T_0s_movie9-01_processed_low.czi
2021_01_27_Fbn2_Rad21IAA_noIAA_488nm_0p5_561nm_0p05_SC8_2X_30z_250nm_780V_365T_20s_movie1-01___processed_low..czi
2020_11_10_Fbn2_CTCFC58__fourhoursIAA_488nm_0p5_561nm_0p05_SC8_2X_30z_250nm_780V_365T_20s_movie-01_processed_low.czi
2020_09_23_Fbn2_C36_488nm_0p5_561nm_0p05_SC8_2X_30z_250nm_780V_365T_20s_movie1-02_processed_low.czi
2021_01_25_Fbn2BFPdepletion_F1Rad21M_rep2_405nm_3p5_640nm_2p0_SC4_1X_1z_850V_IAA_4hours_movie4-01_.czi
2021_01_18_Fbn2BFPdepletion_F1Rad21M_405nm_3p5_640nm_2p0_SC4_1X_1z_850V_IAA_5hours_movie5-01_.czi
2021_01_08_Fbn2BFPdepletion_CTCF_IAA_5hours_movie2-01_processed_low.czi
2020_09_09_Fbn2_C65_488nm_0p5_561nm_0p05_SC8_2X_30z_250nm_780V_365T_20s_movie4-02_processed_low.czi
2020_09_03_Fbn2_C65_488nm_0p5_561nm_0p05_SC8_2X_30z_250nm_780V_365T_20s_movie4-02_processed_low.czi
2020_10_13_Fbn2_MnNEURONS_DIV1_488nm_0p5_561nm_0p05_SC8_2X_20z_250nm_780V_130T_30s_movie5-04_processed_low.czi
2020_09_28_Fbn2_C36_488nm_0p5_561nm_0p05_SC8_2X_30z_250nm_780V_365T_20s_movie2-01_processed_low.czi
2020_12_19_Fbn2_Rad21_noIAA_488nm_0p5_561nm_0p05_SC8_2X_30z_250nm_780V_365T_20s_movie1-01_processed_low.czi
2021_01_25_Fbn2BFPdepletion_F1Rad21M_rep2_405nm_3p5_640nm_2p0_SC4_1X_1z_850V_IAA_4hours_movie2-01_.czi
2021_01_26_Fbn2_Rad21IAA_4hoursIAA_488nm_0p5_561nm_0p05_SC8_2X_30z_250nm_780V_365T_20s_movie1-02__processed_low..czi
2020_09_14_Fbn2_C65_488nm_0p5_561nm_0p05_SC8_2X_30z_250nm_780V_365T_20s_movie5-01_processed_low.czi
2020_11_16_Fbn2_C36_fast_488nm_0p03_561nm_0p05_SC12_20X_8z_250nm_780V_36T_0s_movie16-02_processed_low.czi
2021_01_20_Fbn2_Rad21F1M_2hoursIAA_488nm_0p5_561nm_0p05_SC8_2X_30z_250nm_780V_365T_20s_movie1-01__processed_low..czi
2020_09_11_Fbn2_C27_488nm_0p5_561nm_0p05_SC8_2X_30z_250nm_780V_365T_20s_movie1-01_processed_low.czi
2020_10_01_Fbn2_C36_488nm_0p5_561nm_0p05_SC8_2X_30z_250nm_780V_365T_20s_movie1-01_processed_low.czi
2020_11_19_Fbn2_C58CTCF_fast_488nm_0p05_561nm_0p05_SC11_2X_12z_250nm_780V_365T_0s_movie19-01_processed_low.czi
2021_01_25_Fbn2BFPdepletion_F1Rad21M_rep2_405nm_3p5_640nm_2p0_SC4_1X_1z_850V_IAA_4hours_movie3-01_.czi
2021_01_24_Fbn2BFPdepletion_F1Rad21M_rep2_405nm_3p5_640nm_2p0_SC4_1X_1z_850V_IAA_0hours_movie5-01_.czi
2020_09_01_Fbn2_C27_488nm_0p5_561nm_0p05_SC8_2X_30z_250nm_780V_365T_20s_movie2-01_processed_low.czi
2021_01_07_Fbn2BFPdepletion_F1Rad21M_IAA_1hours_movie5-01_processed_low.czi
2020_09_17_Fbn2_C27_488nm_0p5_561nm_0p05_SC8_2X_30z_250nm_780V_365T_20s_movie1-01_processed_low.czi
2021_02_14_Fbn2_C36_488nm_0p5_561nm_0p05_SC8_2X_30z_250nm_780V_365T_20s_movie5-01_processed_low.czi
2021_01_07_Fbn2BFPdepletion_F1Rad21M_IAA_0hours_movie3-01_processed_low.czi
2021_01_13_Fbn2BFPdepletion_WAPL_05IAA_movie3-01_.czi
2020_08_31_Fbn2_C36_DISH1_488nm_0p5_561nm_0p05_SC8_2X_30z_250nm_780V_365T_20s_movie2-01_processed_low.czi
2020_11_19_Fbn2_C58CTCF_fast_488nm_0p05_561nm_0p05_SC11_2X_12z_250nm_780V_365T_0s_movie14-01_processed_low.czi
2021_01_26_Fbn2_Rad21IAA_4hoursIAA_488nm_0p5_561nm_0p05_SC8_2X_30z_250nm_780V_365T_20s_movie1-02__processed_low.czi
2021_01_24_Fbn2BFPdepletion_F1Rad21M_rep2_405nm_3p5_640nm_2p0_SC4_1X_1z_850V_IAA_0hours_movie3-01_.czi
2020_10_25_Fbn2_F1Rad21M_noIAA_488nm_0p5_561nm_1p05_SC8_2X_30z_250nm_780V_365T_20s_movie2-01_processed_low.czi
2021_02_19_Fbn2_C36_Nocodazole100nm_488nm_0p5_561nm_0p05_640nm_1p0_SC8_1p5X_40z_500nm_780V_365T_60s_movie1-03_processed_low.czi
2021_01_07_Fbn2BFPdepletion_F1Rad21M_IAA_4hours_movie4-01_processed_low.czi
2020_09_14_Fbn2_C65_488nm_0p5_561nm_0p05_SC8_2X_30z_250nm_780V_365T_20s_movie1-01_processed_low.czi
2020_09_07_Fbn2_C65_488nm_0p5_561nm_0p05_SC8_2X_30z_250nm_780V_365T_20s_movie1-03_processed_low.czi
2020_10_25_Fbn2_F1Rad21M_noIAA_488nm_0p5_561nm_0p05_SC8_2X_30z_250nm_780V_360T_20s_movie1-01_processed_low.czi
2021_01_25_Fbn2BFPdepletion_F1Rad21M_rep2_405nm_3p5_640nm_2p0_SC4_1X_1z_850V_IAA_5hours_movie4-01_.czi
2020_10_25_Fbn2_F1Rad21M_fourhoursIAA_488nm_0p5_561nm_1p05_SC8_2X_30z_250nm_780V_365T_20s_movie2-02_processed_low.czi
2021_01_26_Fbn2_Rad21IAA_4hoursIAA_488nm_0p5_561nm_0p05_SC8_2X_30z_250nm_780V_365T_20s_movie2-03__processed_low.czi
2020_09_15_Fbn2_C27_488nm_0p5_561nm_0p05_SC8_2X_30z_250nm_780V_365T_20s_movie4-01_processed_low.czi
2021_01_07_Fbn2BFPdepletion_F1Rad21M_IAA_4hours_movie2-01_processed_low.czi
2020_10_22_Fbn2_F1Rad21M_twohoursIAA_488nm_0p5_561nm_0p05_SC8_2X_30z_250nm_780V_365T_20s_movie1-01_processed_low.czi
2020_11_06_Fbn2_CTCF58_noIAA_488nm_0p5_561nm_0p05_SC8_2X_30z_250nm_780V_365T_20s_movie2-01_processed_low.czi
2021_01_27_Fbn2_Rad21IAA_2hoursIAA_488nm_0p5_561nm_0p05_SC8_2X_30z_250nm_780V_365T_20s_movie1-01__processed_low..czi
2021_01_08_Fbn2BFPdepletion_CTCF_IAA_05hours_movie5-01_processed_low.czi
2020_12_23_Fbn2_Rad21_fourhoursIAA_488nm_0p5_561nm_0p05_SC8_2X_30z_250nm_780V_365T_20s_movie1-02_processed_low.czi
2020_09_03_Fbn2_C65_488nm_0p5_561nm_0p05_SC8_2X_30z_250nm_780V_365T_20s_movie2-01_processed_low.czi
2020_10_21_Fbn2_F1Rad21M_sixhoursIAA_488nm_0p5_561nm_0p05_SC8_2X_30z_250nm_780V_365T_20s_movie1-01_processed_low.czi
2020_11_19_Fbn2_C58CTCF_fast_488nm_0p05_561nm_0p05_SC11_2X_12z_250nm_780V_365T_0s_movie24-01_processed_low.czi
