Building DAG of jobs...
MissingInputException in line 10 of /home/hbrandao/libs/data_analysis_Fbn2/snakemake/snakefile:
Missing input files for rule all:
/mnt/md0/Hansen Lab Dropbox/DataStorage/Imaging/Fbn2/processed/second_rep/2021_01_25_Fbn2BFPdepletion_F1Rad21M_rep2_405nm_3p5_640nm_2p0_SC4_1X_1z_850V_IAA_4hours_movie1-01_.czi
/mnt/md0/Hansen Lab Dropbox/DataStorage/Imaging/Fbn2/processed/rad21/2021_01_07_Fbn2BFPdepletion_F1Rad21M_IAA_4hours_movie3-02_processed_low.czi
/mnt/md0/Hansen Lab Dropbox/DataStorage/Imaging/Fbn2/processed/ctcf/2021_01_08_Fbn2BFPdepletion_CTCF_IAA_5hours_movie4-01_processed_low.czi
/mnt/md0/Hansen Lab Dropbox/DataStorage/Imaging/Fbn2/processed/rad21/2021_01_07_Fbn2BFPdepletion_F1Rad21M_IAA_4hours_movie1-01_processed_low.czi
/mnt/md0/Hansen Lab Dropbox/DataStorage/Imaging/Fbn2/processed/ctcf/2021_01_08_Fbn2BFPdepletion_CTCF_IAA_0hours_movie5-01_processed_low.czi
/mnt/md0/Hansen Lab Dropbox/DataStorage/Imaging/Fbn2/processed/ctcf/2021_01_08_Fbn2BFPdepletion_CTCF_IAA_1hours_movie1-01_processed_low.czi
/mnt/md0/Hansen Lab Dropbox/DataStorage/Imaging/Fbn2/processed/second_rep/2021_01_24_Fbn2BFPdepletion_F1Rad21M_rep2_405nm_3p5_640nm_2p0_SC4_1X_1z_850V_IAA_05hours_movie3-01_.czi
/mnt/md0/Hansen Lab Dropbox/DataStorage/Imaging/Fbn2/processed/wapl/2021_01_13_Fbn2BFPdepletion_WAPL_2IAA_movie5-01_.czi
/mnt/md0/Hansen Lab Dropbox/DataStorage/Imaging/Fbn2/processed/wapl/2021_01_13_Fbn2BFPdepletion_WAPL_5IAA_movie4-02_.czi
/mnt/md0/Hansen Lab Dropbox/DataStorage/Imaging/Fbn2/processed/ctcf/2021_01_08_Fbn2BFPdepletion_CTCF_IAA_0hours_movie2-01_processed_low.czi
/mnt/md0/Hansen Lab Dropbox/DataStorage/Imaging/Fbn2/processed/rad21/2021_01_07_Fbn2BFPdepletion_F1Rad21M_IAA_4hours_movie4-01_processed_low.czi
/mnt/md0/Hansen Lab Dropbox/DataStorage/Imaging/Fbn2/processed/ctcf/2021_01_08_Fbn2BFPdepletion_CTCF_IAA_1hours_movie3-01_processed_low.czi
/mnt/md0/Hansen Lab Dropbox/DataStorage/Imaging/Fbn2/processed/ctcf/2021_01_08_Fbn2BFPdepletion_CTCF_IAA_1hours_movie2-02_processed_low.czi
/mnt/md0/Hansen Lab Dropbox/DataStorage/Imaging/Fbn2/processed/ctcf/2021_01_08_Fbn2BFPdepletion_CTCF_IAA_2hours_movie5-01_processed_low.czi
/mnt/md0/Hansen Lab Dropbox/DataStorage/Imaging/Fbn2/processed/ctcf/2021_01_08_Fbn2BFPdepletion_CTCF_IAA_4hours_movie2-01_processed_low.czi
/mnt/md0/Hansen Lab Dropbox/DataStorage/Imaging/Fbn2/processed/rad21/2021_01_07_Fbn2BFPdepletion_F1Rad21M_IAA_2hours_movie5-01_processed_low.czi
/mnt/md0/Hansen Lab Dropbox/DataStorage/Imaging/Fbn2/processed/wapl/2021_01_13_Fbn2BFPdepletion_WAPL_05IAA_movie5-01_.czi
/mnt/md0/Hansen Lab Dropbox/DataStorage/Imaging/Fbn2/processed/ctcf/2021_01_08_Fbn2BFPdepletion_CTCF_IAA_2hours_movie1-01_processed_low.czi
/mnt/md0/Hansen Lab Dropbox/DataStorage/Imaging/Fbn2/processed/wapl/2021_01_13_Fbn2BFPdepletion_WAPL_1IAA_movie1-01_.czi
/mnt/md0/Hansen Lab Dropbox/DataStorage/Imaging/Fbn2/processed/ctcf/2021_01_08_Fbn2BFPdepletion_CTCF_IAA_0hours_movie3-01_processed_low.czi
/mnt/md0/Hansen Lab Dropbox/DataStorage/Imaging/Fbn2/processed/second_rep/2021_01_24_Fbn2BFPdepletion_F1Rad21M_rep2_405nm_3p5_640nm_2p0_SC4_1X_1z_850V_IAA_05hours_movie1-01_.czi
/mnt/md0/Hansen Lab Dropbox/DataStorage/Imaging/Fbn2/processed/rad21/2021_01_07_Fbn2BFPdepletion_F1Rad21M_IAA_0p5hours_movie1-01_processed_low.czi
/mnt/md0/Hansen Lab Dropbox/DataStorage/Imaging/Fbn2/processed/second_rep/2021_01_25_Fbn2BFPdepletion_F1Rad21M_rep2_405nm_3p5_640nm_2p0_SC4_1X_1z_850V_IAA_4hours_movie3-01_.czi
/mnt/md0/Hansen Lab Dropbox/DataStorage/Imaging/Fbn2/processed/wapl/2021_01_13_Fbn2BFPdepletion_WAPL_5IAA_movie2-01_.czi
/mnt/md0/Hansen Lab Dropbox/DataStorage/Imaging/Fbn2/processed/ctcf_wapl_removed/2021_01_08_Fbn2BFPdepletion_CTCF_IAA_0hours_movie1-01_processed_low.czi
/mnt/md0/Hansen Lab Dropbox/DataStorage/Imaging/Fbn2/processed/wapl/2021_01_13_Fbn2BFPdepletion_WAPL_4IAA_movie1-01_.czi
/mnt/md0/Hansen Lab Dropbox/DataStorage/Imaging/Fbn2/processed/wapl/2021_01_13_Fbn2BFPdepletion_WAPL_4IAA_movie3-01_.czi
/mnt/md0/Hansen Lab Dropbox/DataStorage/Imaging/Fbn2/processed/rad21/2021_01_07_Fbn2BFPdepletion_F1Rad21M_IAA_0p5hours_movie4-01_processed_low.czi
/mnt/md0/Hansen Lab Dropbox/DataStorage/Imaging/Fbn2/processed/rad21/2021_01_18_Fbn2BFPdepletion_F1Rad21M_405nm_3p5_640nm_2p0_SC4_1X_1z_850V_IAA_5hours_movie4-01_.czi
/mnt/md0/Hansen Lab Dropbox/DataStorage/Imaging/Fbn2/processed/ctcf/2021_01_08_Fbn2BFPdepletion_CTCF_IAA_1hours_movie5-01_processed_low.czi
/mnt/md0/Hansen Lab Dropbox/DataStorage/Imaging/Fbn2/processed/ctcf/2021_01_08_Fbn2BFPdepletion_CTCF_IAA_5hours_movie3-01_processed_low.czi
/mnt/md0/Hansen Lab Dropbox/DataStorage/Imaging/Fbn2/processed/second_rep/2021_01_24_Fbn2BFPdepletion_F1Rad21M_rep2_405nm_3p5_640nm_2p0_SC4_1X_1z_850V_IAA_0hours_movie2-01_.czi
/mnt/md0/Hansen Lab Dropbox/DataStorage/Imaging/Fbn2/processed/rad21/2021_01_07_Fbn2BFPdepletion_F1Rad21M_IAA_2hours_movie3-01_processed_low.czi
/mnt/md0/Hansen Lab Dropbox/DataStorage/Imaging/Fbn2/processed/second_rep/2021_01_25_Fbn2BFPdepletion_F1Rad21M_rep2_405nm_3p5_640nm_2p0_SC4_1X_1z_850V_IAA_4hours_movie5-01_.czi
/mnt/md0/Hansen Lab Dropbox/DataStorage/Imaging/Fbn2/processed/second_rep/2021_01_24_Fbn2BFPdepletion_F1Rad21M_rep2_405nm_3p5_640nm_2p0_SC4_1X_1z_850V_IAA_05hours_movie4-01_.czi
/mnt/md0/Hansen Lab Dropbox/DataStorage/Imaging/Fbn2/processed/second_rep/2021_01_24_Fbn2BFPdepletion_F1Rad21M_rep2_405nm_3p5_640nm_2p0_SC4_1X_1z_850V_IAA_1hours_movie2-01_.czi
/mnt/md0/Hansen Lab Dropbox/DataStorage/Imaging/Fbn2/processed/wapl/2021_01_13_Fbn2BFPdepletion_WAPL_05IAA_movie3-01_.czi
/mnt/md0/Hansen Lab Dropbox/DataStorage/Imaging/Fbn2/processed/ctcf_wapl_removed/2021_01_13_Fbn2BFPdepletion_WAPL_0IAA_movie1-02_.czi
/mnt/md0/Hansen Lab Dropbox/DataStorage/Imaging/Fbn2/processed/ctcf/2021_01_08_Fbn2BFPdepletion_CTCF_IAA_0hours_movie1-01_2_processed_low.czi
/mnt/md0/Hansen Lab Dropbox/DataStorage/Imaging/Fbn2/processed/ctcf/2021_01_08_Fbn2BFPdepletion_CTCF_IAA_2hours_movie2-01_processed_low.czi
/mnt/md0/Hansen Lab Dropbox/DataStorage/Imaging/Fbn2/processed/second_rep/2021_01_24_Fbn2BFPdepletion_F1Rad21M_rep2_405nm_3p5_640nm_2p0_SC4_1X_1z_850V_IAA_2hours_movie4-01_.czi
/mnt/md0/Hansen Lab Dropbox/DataStorage/Imaging/Fbn2/processed/ctcf/2021_01_08_Fbn2BFPdepletion_CTCF_IAA_5hours_movie2-01_processed_low.czi
/mnt/md0/Hansen Lab Dropbox/DataStorage/Imaging/Fbn2/processed/wapl/2021_01_13_Fbn2BFPdepletion_WAPL_2IAA_movie1-01_.czi
/mnt/md0/Hansen Lab Dropbox/DataStorage/Imaging/Fbn2/processed/second_rep/2021_01_24_Fbn2BFPdepletion_F1Rad21M_rep2_405nm_3p5_640nm_2p0_SC4_1X_1z_850V_IAA_0hours_movie3-01_.czi
/mnt/md0/Hansen Lab Dropbox/DataStorage/Imaging/Fbn2/processed/ctcf/2021_01_08_Fbn2BFPdepletion_CTCF_IAA_2hours_movie4-01_processed_low.czi
/mnt/md0/Hansen Lab Dropbox/DataStorage/Imaging/Fbn2/processed/wapl/2021_01_13_Fbn2BFPdepletion_WAPL_0IAA_movie4-01_.czi
/mnt/md0/Hansen Lab Dropbox/DataStorage/Imaging/Fbn2/processed/wapl/2021_01_13_Fbn2BFPdepletion_WAPL_05IAA_movie2-01_.czi
/mnt/md0/Hansen Lab Dropbox/DataStorage/Imaging/Fbn2/processed/rad21/2021_01_07_Fbn2BFPdepletion_F1Rad21M_IAA_1hours_movie2-01_processed_low.czi
/mnt/md0/Hansen Lab Dropbox/DataStorage/Imaging/Fbn2/processed/rad21/2021_01_07_Fbn2BFPdepletion_F1Rad21M_IAA_2hours_movie1-01_processed_low.czi
/mnt/md0/Hansen Lab Dropbox/DataStorage/Imaging/Fbn2/processed/second_rep/2021_01_24_Fbn2BFPdepletion_F1Rad21M_rep2_405nm_3p5_640nm_2p0_SC4_1X_1z_850V_IAA_2hours_movie2-01_.czi
/mnt/md0/Hansen Lab Dropbox/DataStorage/Imaging/Fbn2/processed/ctcf_wapl_removed/2021_01_08_Fbn2BFPdepletion_CTCF_IAA_0hours_movie1-02_processed_low.czi
/mnt/md0/Hansen Lab Dropbox/DataStorage/Imaging/Fbn2/processed/ctcf/2021_01_08_Fbn2BFPdepletion_CTCF_IAA_5hours_movie1-01_processed_low.czi
/mnt/md0/Hansen Lab Dropbox/DataStorage/Imaging/Fbn2/processed/ctcf/2021_01_08_Fbn2BFPdepletion_CTCF_IAA_0hours_movie4-01_processed_low.czi
/mnt/md0/Hansen Lab Dropbox/DataStorage/Imaging/Fbn2/processed/second_rep/2021_01_25_Fbn2BFPdepletion_F1Rad21M_rep2_405nm_3p5_640nm_2p0_SC4_1X_1z_850V_IAA_4hours_movie2-01_.czi
/mnt/md0/Hansen Lab Dropbox/DataStorage/Imaging/Fbn2/processed/wapl/2021_01_13_Fbn2BFPdepletion_WAPL_5IAA_movie1-01_.czi
/mnt/md0/Hansen Lab Dropbox/DataStorage/Imaging/Fbn2/processed/wapl/2021_01_13_Fbn2BFPdepletion_WAPL_0IAA_movie0-01_.czi
/mnt/md0/Hansen Lab Dropbox/DataStorage/Imaging/Fbn2/processed/rad21/2021_01_18_Fbn2BFPdepletion_F1Rad21M_405nm_3p5_640nm_2p0_SC4_1X_1z_850V_IAA_5hours_movie1-02_.czi
/mnt/md0/Hansen Lab Dropbox/DataStorage/Imaging/Fbn2/processed/second_rep/2021_01_25_Fbn2BFPdepletion_F1Rad21M_rep2_405nm_3p5_640nm_2p0_SC4_1X_1z_850V_IAA_5hours_movie1-01_.czi
/mnt/md0/Hansen Lab Dropbox/DataStorage/Imaging/Fbn2/processed/wapl/2021_01_13_Fbn2BFPdepletion_WAPL_0IAA_movie3-01_.czi
/mnt/md0/Hansen Lab Dropbox/DataStorage/Imaging/Fbn2/processed/rad21/2021_01_07_Fbn2BFPdepletion_F1Rad21M_IAA_4hours_movie1-02_processed_low.czi
/mnt/md0/Hansen Lab Dropbox/DataStorage/Imaging/Fbn2/processed/wapl/2021_01_13_Fbn2BFPdepletion_WAPL_2IAA_movie3-01_.czi
/mnt/md0/Hansen Lab Dropbox/DataStorage/Imaging/Fbn2/processed/wapl/2021_01_13_Fbn2BFPdepletion_WAPL_05IAA_movie1-01_.czi
/mnt/md0/Hansen Lab Dropbox/DataStorage/Imaging/Fbn2/processed/second_rep/2021_01_25_Fbn2BFPdepletion_F1Rad21M_rep2_405nm_3p5_640nm_2p0_SC4_1X_1z_850V_IAA_4hours_movie3-02_.czi
/mnt/md0/Hansen Lab Dropbox/DataStorage/Imaging/Fbn2/processed/ctcf/2021_01_08_Fbn2BFPdepletion_CTCF_IAA_4hours_movie3-01_processed_low.czi
/mnt/md0/Hansen Lab Dropbox/DataStorage/Imaging/Fbn2/processed/second_rep/2021_01_25_Fbn2BFPdepletion_F1Rad21M_rep2_405nm_3p5_640nm_2p0_SC4_1X_1z_850V_IAA_5hours_movie5-01_.czi
/mnt/md0/Hansen Lab Dropbox/DataStorage/Imaging/Fbn2/processed/wapl/2021_01_13_Fbn2BFPdepletion_WAPL_5IAA_movie3-01_.czi
/mnt/md0/Hansen Lab Dropbox/DataStorage/Imaging/Fbn2/processed/wapl/2021_01_13_Fbn2BFPdepletion_WAPL_1IAA_movie4-01_.czi
/mnt/md0/Hansen Lab Dropbox/DataStorage/Imaging/Fbn2/processed/rad21/2021_01_18_Fbn2BFPdepletion_F1Rad21M_405nm_3p5_640nm_2p0_SC4_1X_1z_850V_IAA_5hours_movie5-01_.czi
/mnt/md0/Hansen Lab Dropbox/DataStorage/Imaging/Fbn2/processed/rad21/2021_01_07_Fbn2BFPdepletion_F1Rad21M_IAA_1hours_movie5-01_processed_low.czi
/mnt/md0/Hansen Lab Dropbox/DataStorage/Imaging/Fbn2/processed/ctcf/2021_01_08_Fbn2BFPdepletion_CTCF_IAA_1hours_movie4-01_processed_low.czi
/mnt/md0/Hansen Lab Dropbox/DataStorage/Imaging/Fbn2/processed/second_rep/2021_01_24_Fbn2BFPdepletion_F1Rad21M_rep2_405nm_3p5_640nm_2p0_SC4_1X_1z_850V_IAA_0hours_movie1-01_.czi
/mnt/md0/Hansen Lab Dropbox/DataStorage/Imaging/Fbn2/processed/ctcf/2021_01_08_Fbn2BFPdepletion_CTCF_IAA_5hours_movie5-01_processed_low.czi
/mnt/md0/Hansen Lab Dropbox/DataStorage/Imaging/Fbn2/processed/rad21/2021_01_07_Fbn2BFPdepletion_F1Rad21M_IAA_2hours_movie2-01_processed_low.czi
/mnt/md0/Hansen Lab Dropbox/DataStorage/Imaging/Fbn2/processed/ctcf/2021_01_08_Fbn2BFPdepletion_CTCF_IAA_4hours_movie5-01_processed_low.czi
/mnt/md0/Hansen Lab Dropbox/DataStorage/Imaging/Fbn2/processed/second_rep/2021_01_25_Fbn2BFPdepletion_F1Rad21M_rep2_405nm_3p5_640nm_2p0_SC4_1X_1z_850V_IAA_5hours_movie2-01_.czi
/mnt/md0/Hansen Lab Dropbox/DataStorage/Imaging/Fbn2/processed/rad21/2021_01_07_Fbn2BFPdepletion_F1Rad21M_IAA_0p5hours_movie5-01_processed_low.czi
/mnt/md0/Hansen Lab Dropbox/DataStorage/Imaging/Fbn2/processed/second_rep/2021_01_24_Fbn2BFPdepletion_F1Rad21M_rep2_405nm_3p5_640nm_2p0_SC4_1X_1z_850V_IAA_0hours_movie4-01_.czi
/mnt/md0/Hansen Lab Dropbox/DataStorage/Imaging/Fbn2/processed/rad21/2021_01_07_Fbn2BFPdepletion_F1Rad21M_IAA_4hours_movie2-02_processed_low.czi
/mnt/md0/Hansen Lab Dropbox/DataStorage/Imaging/Fbn2/processed/second_rep/2021_01_24_Fbn2BFPdepletion_F1Rad21M_rep2_405nm_3p5_640nm_2p0_SC4_1X_1z_850V_IAA_1hours_movie4-01_.czi
/mnt/md0/Hansen Lab Dropbox/DataStorage/Imaging/Fbn2/processed/second_rep/2021_01_25_Fbn2BFPdepletion_F1Rad21M_rep2_405nm_3p5_640nm_2p0_SC4_1X_1z_850V_IAA_5hours_movie4-01_.czi
/mnt/md0/Hansen Lab Dropbox/DataStorage/Imaging/Fbn2/processed/rad21/2021_01_18_Fbn2BFPdepletion_F1Rad21M_405nm_3p5_640nm_2p0_SC4_1X_1z_850V_IAA_5hours_movie6-01_.czi
/mnt/md0/Hansen Lab Dropbox/DataStorage/Imaging/Fbn2/processed/second_rep/2021_01_24_Fbn2BFPdepletion_F1Rad21M_rep2_405nm_3p5_640nm_2p0_SC4_1X_1z_850V_IAA_1hours_movie1-01_.czi
/mnt/md0/Hansen Lab Dropbox/DataStorage/Imaging/Fbn2/processed/rad21/2021_01_07_Fbn2BFPdepletion_F1Rad21M_IAA_2hours_movie4-01_processed_low.czi
/mnt/md0/Hansen Lab Dropbox/DataStorage/Imaging/Fbn2/processed/rad21/2021_01_18_Fbn2BFPdepletion_F1Rad21M_405nm_3p5_640nm_2p0_SC4_1X_1z_850V_IAA_5hours_movie3-01_.czi
/mnt/md0/Hansen Lab Dropbox/DataStorage/Imaging/Fbn2/processed/rad21/2021_01_07_Fbn2BFPdepletion_F1Rad21M_IAA_0hours_movie1-01_processed_low.czi
/mnt/md0/Hansen Lab Dropbox/DataStorage/Imaging/Fbn2/processed/rad21/2021_01_07_Fbn2BFPdepletion_F1Rad21M_IAA_0hours_movie1-02_processed_low.czi
/mnt/md0/Hansen Lab Dropbox/DataStorage/Imaging/Fbn2/processed/wapl/2021_01_13_Fbn2BFPdepletion_WAPL_4IAA_movie4-01_.czi
/mnt/md0/Hansen Lab Dropbox/DataStorage/Imaging/Fbn2/processed/rad21/2021_01_07_Fbn2BFPdepletion_F1Rad21M_IAA_1hours_movie1-01_processed_low.czi
/mnt/md0/Hansen Lab Dropbox/DataStorage/Imaging/Fbn2/processed/second_rep/2021_01_24_Fbn2BFPdepletion_F1Rad21M_rep2_405nm_3p5_640nm_2p0_SC4_1X_1z_850V_IAA_0hours_movie5-01_.czi
/mnt/md0/Hansen Lab Dropbox/DataStorage/Imaging/Fbn2/processed/wapl/2021_01_13_Fbn2BFPdepletion_WAPL_05IAA_movie4-01_.czi
/mnt/md0/Hansen Lab Dropbox/DataStorage/Imaging/Fbn2/processed/rad21/2021_01_07_Fbn2BFPdepletion_F1Rad21M_IAA_0p5hours_movie2-01_processed_low.czi
/mnt/md0/Hansen Lab Dropbox/DataStorage/Imaging/Fbn2/processed/ctcf/2021_01_08_Fbn2BFPdepletion_CTCF_IAA_05hours_movie2-01_processed_low.czi
/mnt/md0/Hansen Lab Dropbox/DataStorage/Imaging/Fbn2/processed/wapl/2021_01_13_Fbn2BFPdepletion_WAPL_0IAA_movie2-01_.czi
/mnt/md0/Hansen Lab Dropbox/DataStorage/Imaging/Fbn2/processed/wapl/2021_01_13_Fbn2BFPdepletion_WAPL_2IAA_movie2-01_.czi
/mnt/md0/Hansen Lab Dropbox/DataStorage/Imaging/Fbn2/processed/rad21/2021_01_07_Fbn2BFPdepletion_F1Rad21M_IAA_0hours_movie2-01_processed_low.czi
/mnt/md0/Hansen Lab Dropbox/DataStorage/Imaging/Fbn2/processed/ctcf/2021_01_08_Fbn2BFPdepletion_CTCF_IAA_05hours_movie4-01_processed_low.czi
/mnt/md0/Hansen Lab Dropbox/DataStorage/Imaging/Fbn2/processed/wapl/2021_01_13_Fbn2BFPdepletion_WAPL_0IAA_movie5-01_.czi
/mnt/md0/Hansen Lab Dropbox/DataStorage/Imaging/Fbn2/processed/rad21/2021_01_07_Fbn2BFPdepletion_F1Rad21M_IAA_0hours_movie3-01_processed_low.czi
/mnt/md0/Hansen Lab Dropbox/DataStorage/Imaging/Fbn2/processed/rad21/2021_01_07_Fbn2BFPdepletion_F1Rad21M_IAA_0p5hours_movie3-01_processed_low.czi
/mnt/md0/Hansen Lab Dropbox/DataStorage/Imaging/Fbn2/processed/rad21/2021_01_07_Fbn2BFPdepletion_F1Rad21M_IAA_4hours_movie3-01_processed_low.czi
/mnt/md0/Hansen Lab Dropbox/DataStorage/Imaging/Fbn2/processed/rad21/2021_01_07_Fbn2BFPdepletion_F1Rad21M_IAA_1hours_movie3-01_processed_low.czi
/mnt/md0/Hansen Lab Dropbox/DataStorage/Imaging/Fbn2/processed/ctcf/2021_01_08_Fbn2BFPdepletion_CTCF_IAA_4hours_movie1-01_processed_low.czi
/mnt/md0/Hansen Lab Dropbox/DataStorage/Imaging/Fbn2/processed/wapl/2021_01_13_Fbn2BFPdepletion_WAPL_2IAA_movie4-01_.czi
/mnt/md0/Hansen Lab Dropbox/DataStorage/Imaging/Fbn2/processed/second_rep/2021_01_25_Fbn2BFPdepletion_F1Rad21M_rep2_405nm_3p5_640nm_2p0_SC4_1X_1z_850V_IAA_4hours_movie4-01_.czi
/mnt/md0/Hansen Lab Dropbox/DataStorage/Imaging/Fbn2/processed/ctcf/2021_01_08_Fbn2BFPdepletion_CTCF_IAA_2hours_movie3-01_processed_low.czi
/mnt/md0/Hansen Lab Dropbox/DataStorage/Imaging/Fbn2/processed/ctcf/2021_01_08_Fbn2BFPdepletion_CTCF_IAA_05hours_movie1-01_processed_low.czi
/mnt/md0/Hansen Lab Dropbox/DataStorage/Imaging/Fbn2/processed/second_rep/2021_01_24_Fbn2BFPdepletion_F1Rad21M_rep2_405nm_3p5_640nm_2p0_SC4_1X_1z_850V_IAA_05hours_movie2-01_.czi
/mnt/md0/Hansen Lab Dropbox/DataStorage/Imaging/Fbn2/processed/second_rep/2021_01_24_Fbn2BFPdepletion_F1Rad21M_rep2_405nm_3p5_640nm_2p0_SC4_1X_1z_850V_IAA_2hours_movie1-01_.czi
/mnt/md0/Hansen Lab Dropbox/DataStorage/Imaging/Fbn2/processed/wapl/2021_01_13_Fbn2BFPdepletion_WAPL_4IAA_movie5-01_.czi
/mnt/md0/Hansen Lab Dropbox/DataStorage/Imaging/Fbn2/processed/rad21/2021_01_07_Fbn2BFPdepletion_F1Rad21M_IAA_0hours_movie5-01_processed_low.czi
/mnt/md0/Hansen Lab Dropbox/DataStorage/Imaging/Fbn2/processed/rad21/2021_01_07_Fbn2BFPdepletion_F1Rad21M_IAA_1hours_movie4-01_processed_low.czi
/mnt/md0/Hansen Lab Dropbox/DataStorage/Imaging/Fbn2/processed/rad21/2021_01_07_Fbn2BFPdepletion_F1Rad21M_IAA_4hours_movie2-01_processed_low.czi
/mnt/md0/Hansen Lab Dropbox/DataStorage/Imaging/Fbn2/processed/wapl/2021_01_13_Fbn2BFPdepletion_WAPL_1IAA_movie3-01_.czi
/mnt/md0/Hansen Lab Dropbox/DataStorage/Imaging/Fbn2/processed/wapl/2021_01_13_Fbn2BFPdepletion_WAPL_4IAA_movie2-01_.czi
/mnt/md0/Hansen Lab Dropbox/DataStorage/Imaging/Fbn2/processed/ctcf/2021_01_08_Fbn2BFPdepletion_CTCF_IAA_4hours_movie4-01_processed_low.czi
/mnt/md0/Hansen Lab Dropbox/DataStorage/Imaging/Fbn2/processed/second_rep/2021_01_25_Fbn2BFPdepletion_F1Rad21M_rep2_405nm_3p5_640nm_2p0_SC4_1X_1z_850V_IAA_5hours_movie3-01_.czi
/mnt/md0/Hansen Lab Dropbox/DataStorage/Imaging/Fbn2/processed/ctcf/2021_01_08_Fbn2BFPdepletion_CTCF_IAA_05hours_movie3-01_processed_low.czi
/mnt/md0/Hansen Lab Dropbox/DataStorage/Imaging/Fbn2/processed/second_rep/2021_01_24_Fbn2BFPdepletion_F1Rad21M_rep2_405nm_3p5_640nm_2p0_SC4_1X_1z_850V_IAA_1hours_movie3-01_.czi
/mnt/md0/Hansen Lab Dropbox/DataStorage/Imaging/Fbn2/processed/second_rep/2021_01_24_Fbn2BFPdepletion_F1Rad21M_rep2_405nm_3p5_640nm_2p0_SC4_1X_1z_850V_IAA_05hours_movie5-01_.czi
/mnt/md0/Hansen Lab Dropbox/DataStorage/Imaging/Fbn2/processed/second_rep/2021_01_24_Fbn2BFPdepletion_F1Rad21M_rep2_405nm_3p5_640nm_2p0_SC4_1X_1z_850V_IAA_2hours_movie5-01_.czi
/mnt/md0/Hansen Lab Dropbox/DataStorage/Imaging/Fbn2/processed/rad21/2021_01_07_Fbn2BFPdepletion_F1Rad21M_IAA_0hours_movie4-01_processed_low.czi
/mnt/md0/Hansen Lab Dropbox/DataStorage/Imaging/Fbn2/processed/second_rep/2021_01_24_Fbn2BFPdepletion_F1Rad21M_rep2_405nm_3p5_640nm_2p0_SC4_1X_1z_850V_IAA_1hours_movie5-01_.czi
/mnt/md0/Hansen Lab Dropbox/DataStorage/Imaging/Fbn2/processed/rad21/2021_01_07_Fbn2BFPdepletion_F1Rad21M_IAA_4hours_movie5-01_processed_low.czi
/mnt/md0/Hansen Lab Dropbox/DataStorage/Imaging/Fbn2/processed/rad21/2021_01_07_Fbn2BFPdepletion_F1Rad21M_IAA_4hours_movie5-02_processed_low.czi
/mnt/md0/Hansen Lab Dropbox/DataStorage/Imaging/Fbn2/processed/rad21/2021_01_07_Fbn2BFPdepletion_F1Rad21M_IAA_4hours_movie4-02_processed_low.czi
/mnt/md0/Hansen Lab Dropbox/DataStorage/Imaging/Fbn2/processed/wapl/2021_01_13_Fbn2BFPdepletion_WAPL_5IAA_movie5-01_.czi
/mnt/md0/Hansen Lab Dropbox/DataStorage/Imaging/Fbn2/processed/wapl/2021_01_13_Fbn2BFPdepletion_WAPL_1IAA_movie5-01_.czi
/mnt/md0/Hansen Lab Dropbox/DataStorage/Imaging/Fbn2/processed/ctcf/2021_01_08_Fbn2BFPdepletion_CTCF_IAA_05hours_movie5-01_processed_low.czi
/mnt/md0/Hansen Lab Dropbox/DataStorage/Imaging/Fbn2/processed/second_rep/2021_01_24_Fbn2BFPdepletion_F1Rad21M_rep2_405nm_3p5_640nm_2p0_SC4_1X_1z_850V_IAA_2hours_movie3-01_.czi
/mnt/md0/Hansen Lab Dropbox/DataStorage/Imaging/Fbn2/processed/rad21/2021_01_18_Fbn2BFPdepletion_F1Rad21M_405nm_3p5_640nm_2p0_SC4_1X_1z_850V_IAA_5hours_movie2-01_.czi
/mnt/md0/Hansen Lab Dropbox/DataStorage/Imaging/Fbn2/processed/wapl/2021_01_13_Fbn2BFPdepletion_WAPL_1IAA_movie2-01_.czi
