Building DAG of jobs...
Using shell: /bin/bash
Provided cores: 10
Rules claiming more threads will be scaled down.
Job counts:
	count	jobs
	1	all
	463	get_bead_localizations
	464

[Sun May  2 11:12:02 2021]
rule get_bead_localizations:
    input: /mnt/md0/Hansen Lab Dropbox/DataStorage/Imaging/Fbn2/processed/2020_08_A/2020_08_31_BEADS_DISH1_1000_488nm_1p2_561nm_1p5_SC8_2X_20z_160nm_780V_60T_0s_movie1-01_processed_low.czi
    output: results/beads/2020_08_31_BEADS_DISH1_1000_488nm_1p2_561nm_1p5_SC8_2X_20z_160nm_780V_60T_0s_movie1-01_processed_low.czi.localizations.csv
    jobid: 206
    wildcards: sample=2020_08_31_BEADS_DISH1_1000_488nm_1p2_561nm_1p5_SC8_2X_20z_160nm_780V_60T_0s_movie1-01_processed_low.czi
    resources: mem_gb=75

[Sun May  2 11:12:02 2021]
rule get_bead_localizations:
    input: /mnt/md0/Hansen Lab Dropbox/DataStorage/Imaging/Fbn2/processed/2020_08_A/2020_08_31_BEADS_DISH1_1000_488nm_1p2_561nm_1p5_SC8_2X_20z_160nm_780V_60T_0s_movie2-01_processed_low.czi
    output: results/beads/2020_08_31_BEADS_DISH1_1000_488nm_1p2_561nm_1p5_SC8_2X_20z_160nm_780V_60T_0s_movie2-01_processed_low.czi.localizations.csv
    jobid: 191
    wildcards: sample=2020_08_31_BEADS_DISH1_1000_488nm_1p2_561nm_1p5_SC8_2X_20z_160nm_780V_60T_0s_movie2-01_processed_low.czi
    resources: mem_gb=75

[Sun May  2 11:12:02 2021]
rule get_bead_localizations:
    input: /mnt/md0/Hansen Lab Dropbox/DataStorage/Imaging/Fbn2/processed/2020_08_A/2020_08_31_BEADS_DISH1_1000_488nm_1p2_561nm_1p5_SC8_2X_20z_160nm_780V_60T_0s_movie3-01_processed_low.czi
    output: results/beads/2020_08_31_BEADS_DISH1_1000_488nm_1p2_561nm_1p5_SC8_2X_20z_160nm_780V_60T_0s_movie3-01_processed_low.czi.localizations.csv
    jobid: 183
    wildcards: sample=2020_08_31_BEADS_DISH1_1000_488nm_1p2_561nm_1p5_SC8_2X_20z_160nm_780V_60T_0s_movie3-01_processed_low.czi
    resources: mem_gb=75

[Sun May  2 11:12:02 2021]
rule get_bead_localizations:
    input: /mnt/md0/Hansen Lab Dropbox/DataStorage/Imaging/Fbn2/processed/2020_08_A/2020_08_31_BEADS_DISH1_1000_488nm_1p2_561nm_1p5_SC8_2X_20z_160nm_780V_60T_0s_movie5-01_processed_low.czi
    output: results/beads/2020_08_31_BEADS_DISH1_1000_488nm_1p2_561nm_1p5_SC8_2X_20z_160nm_780V_60T_0s_movie5-01_processed_low.czi.localizations.csv
    jobid: 143
    wildcards: sample=2020_08_31_BEADS_DISH1_1000_488nm_1p2_561nm_1p5_SC8_2X_20z_160nm_780V_60T_0s_movie5-01_processed_low.czi
    resources: mem_gb=75

[Sun May  2 11:12:02 2021]
rule get_bead_localizations:
    input: /mnt/md0/Hansen Lab Dropbox/DataStorage/Imaging/Fbn2/processed/2020_08_A/2020_09_04_BeadSandwich_488nm_1p7_561nm_1p7_SC8_2X_80z_160nm_780V_10T_0s_movie15-01_processed_low.czi
    output: results/beads/2020_09_04_BeadSandwich_488nm_1p7_561nm_1p7_SC8_2X_80z_160nm_780V_10T_0s_movie15-01_processed_low.czi.localizations.csv
    jobid: 213
    wildcards: sample=2020_09_04_BeadSandwich_488nm_1p7_561nm_1p7_SC8_2X_80z_160nm_780V_10T_0s_movie15-01_processed_low.czi
    resources: mem_gb=75

[Sun May  2 11:12:02 2021]
rule get_bead_localizations:
    input: /mnt/md0/Hansen Lab Dropbox/DataStorage/Imaging/Fbn2/processed/2020_10_B/2020_11_02_BeadSandwich_488nm_1p5_561nm_1p5_SC8_2X_80z_160nm_780V_10T_0s_movie7-01_processed_low.czi
    output: results/beads/2020_11_02_BeadSandwich_488nm_1p5_561nm_1p5_SC8_2X_80z_160nm_780V_10T_0s_movie7-01_processed_low.czi.localizations.csv
    jobid: 271
    wildcards: sample=2020_11_02_BeadSandwich_488nm_1p5_561nm_1p5_SC8_2X_80z_160nm_780V_10T_0s_movie7-01_processed_low.czi
    resources: mem_gb=75

[Sun May  2 11:12:02 2021]
rule get_bead_localizations:
    input: /mnt/md0/Hansen Lab Dropbox/DataStorage/Imaging/Fbn2/processed/2020_10_B/2020_11_02_BeadSandwich_488nm_1p5_561nm_1p5_SC8_2X_80z_160nm_780V_10T_0s_movie1-01_processed_low.czi
    output: results/beads/2020_11_02_BeadSandwich_488nm_1p5_561nm_1p5_SC8_2X_80z_160nm_780V_10T_0s_movie1-01_processed_low.czi.localizations.csv
    jobid: 285
    wildcards: sample=2020_11_02_BeadSandwich_488nm_1p5_561nm_1p5_SC8_2X_80z_160nm_780V_10T_0s_movie1-01_processed_low.czi
    resources: mem_gb=75

[Sun May  2 11:12:02 2021]
rule get_bead_localizations:
    input: /mnt/md0/Hansen Lab Dropbox/DataStorage/Imaging/Fbn2/processed/2020_08_A/2020_08_31_BEADS_DISH1_1000_488nm_1p2_561nm_1p5_SC8_2X_20z_160nm_780V_60T_0s_movie4-01_processed_low.czi
    output: results/beads/2020_08_31_BEADS_DISH1_1000_488nm_1p2_561nm_1p5_SC8_2X_20z_160nm_780V_60T_0s_movie4-01_processed_low.czi.localizations.csv
    jobid: 159
    wildcards: sample=2020_08_31_BEADS_DISH1_1000_488nm_1p2_561nm_1p5_SC8_2X_20z_160nm_780V_60T_0s_movie4-01_processed_low.czi
    resources: mem_gb=75

[Sun May  2 11:12:02 2021]
rule get_bead_localizations:
    input: /mnt/md0/Hansen Lab Dropbox/DataStorage/Imaging/Fbn2/processed/2020_11_A/2020_11_20_BeadSandwich_488nm_1p5_561nm_1p5_SC8_2X_80z_160nm_780V_10T_0s_movie9-01_processed_low.czi
    output: results/beads/2020_11_20_BeadSandwich_488nm_1p5_561nm_1p5_SC8_2X_80z_160nm_780V_10T_0s_movie9-01_processed_low.czi.localizations.csv
    jobid: 402
    wildcards: sample=2020_11_20_BeadSandwich_488nm_1p5_561nm_1p5_SC8_2X_80z_160nm_780V_10T_0s_movie9-01_processed_low.czi
    resources: mem_gb=75

[Sun May  2 11:12:02 2021]
rule get_bead_localizations:
    input: /mnt/md0/Hansen Lab Dropbox/DataStorage/Imaging/Fbn2/processed/2020_10_B/2020_11_02_BeadSandwich_488nm_1p5_561nm_1p5_SC8_2X_80z_160nm_780V_10T_0s_movie5-01_processed_low.czi
    output: results/beads/2020_11_02_BeadSandwich_488nm_1p5_561nm_1p5_SC8_2X_80z_160nm_780V_10T_0s_movie5-01_processed_low.czi.localizations.csv
    jobid: 280
    wildcards: sample=2020_11_02_BeadSandwich_488nm_1p5_561nm_1p5_SC8_2X_80z_160nm_780V_10T_0s_movie5-01_processed_low.czi
    resources: mem_gb=75

[Sun May  2 11:13:14 2021]
Finished job 213.
1 of 464 steps (0.22%) done

[Sun May  2 11:13:14 2021]
rule get_bead_localizations:
    input: /mnt/md0/Hansen Lab Dropbox/DataStorage/Imaging/Fbn2/processed/2020_08_A/2020_09_04_BeadSandwich_488nm_1p7_561nm_1p7_SC8_2X_80z_160nm_780V_10T_0s_movie7-01_processed_low.czi
    output: results/beads/2020_09_04_BeadSandwich_488nm_1p7_561nm_1p7_SC8_2X_80z_160nm_780V_10T_0s_movie7-01_processed_low.czi.localizations.csv
    jobid: 122
    wildcards: sample=2020_09_04_BeadSandwich_488nm_1p7_561nm_1p7_SC8_2X_80z_160nm_780V_10T_0s_movie7-01_processed_low.czi
    resources: mem_gb=75

[Sun May  2 11:13:27 2021]
Finished job 285.
2 of 464 steps (0.43%) done

[Sun May  2 11:13:27 2021]
rule get_bead_localizations:
    input: /mnt/md0/Hansen Lab Dropbox/DataStorage/Imaging/Fbn2/processed/2020_10_B/2020_11_02_BeadSandwich_488nm_1p5_561nm_1p5_SC8_2X_80z_160nm_780V_10T_0s_movie2-01_processed_low.czi
    output: results/beads/2020_11_02_BeadSandwich_488nm_1p5_561nm_1p5_SC8_2X_80z_160nm_780V_10T_0s_movie2-01_processed_low.czi.localizations.csv
    jobid: 276
    wildcards: sample=2020_11_02_BeadSandwich_488nm_1p5_561nm_1p5_SC8_2X_80z_160nm_780V_10T_0s_movie2-01_processed_low.czi
    resources: mem_gb=75

[Sun May  2 11:13:29 2021]
Finished job 280.
3 of 464 steps (0.65%) done

[Sun May  2 11:13:29 2021]
rule get_bead_localizations:
    input: /mnt/md0/Hansen Lab Dropbox/DataStorage/Imaging/Fbn2/processed/2020_08_A/2020_09_04_BeadSandwich_488nm_1p7_561nm_1p7_SC8_2X_80z_160nm_780V_10T_0s_movie21-01_processed_low.czi
    output: results/beads/2020_09_04_BeadSandwich_488nm_1p7_561nm_1p7_SC8_2X_80z_160nm_780V_10T_0s_movie21-01_processed_low.czi.localizations.csv
    jobid: 178
    wildcards: sample=2020_09_04_BeadSandwich_488nm_1p7_561nm_1p7_SC8_2X_80z_160nm_780V_10T_0s_movie21-01_processed_low.czi
    resources: mem_gb=75

[Sun May  2 11:13:55 2021]
Finished job 159.
4 of 464 steps (0.86%) done

[Sun May  2 11:13:55 2021]
rule get_bead_localizations:
    input: /mnt/md0/Hansen Lab Dropbox/DataStorage/Imaging/Fbn2/processed/2020_08_A/2020_09_04_BeadSandwich_488nm_1p7_561nm_1p7_SC8_2X_80z_160nm_780V_10T_0s_movie13-01_processed_low.czi
    output: results/beads/2020_09_04_BeadSandwich_488nm_1p7_561nm_1p7_SC8_2X_80z_160nm_780V_10T_0s_movie13-01_processed_low.czi.localizations.csv
    jobid: 207
    wildcards: sample=2020_09_04_BeadSandwich_488nm_1p7_561nm_1p7_SC8_2X_80z_160nm_780V_10T_0s_movie13-01_processed_low.czi
    resources: mem_gb=75

[Sun May  2 11:13:56 2021]
Finished job 183.
5 of 464 steps (1%) done

[Sun May  2 11:13:56 2021]
rule get_bead_localizations:
    input: /mnt/md0/Hansen Lab Dropbox/DataStorage/Imaging/Fbn2/processed/2020_08_A/2020_09_04_BeadSandwich_488nm_1p7_561nm_1p7_SC8_2X_80z_160nm_780V_10T_0s_movie19-02_processed_low.czi
    output: results/beads/2020_09_04_BeadSandwich_488nm_1p7_561nm_1p7_SC8_2X_80z_160nm_780V_10T_0s_movie19-02_processed_low.czi.localizations.csv
    jobid: 198
    wildcards: sample=2020_09_04_BeadSandwich_488nm_1p7_561nm_1p7_SC8_2X_80z_160nm_780V_10T_0s_movie19-02_processed_low.czi
    resources: mem_gb=75

[Sun May  2 11:13:57 2021]
Finished job 191.
6 of 464 steps (1%) done

[Sun May  2 11:13:57 2021]
rule get_bead_localizations:
    input: /mnt/md0/Hansen Lab Dropbox/DataStorage/Imaging/Fbn2/processed/2020_08_A/2020_09_04_BeadSandwich_488nm_1p5_561nm_1p5_SC8_2X_80z_160nm_780V_10T_0s_movie1-03_processed_low.czi
    output: results/beads/2020_09_04_BeadSandwich_488nm_1p5_561nm_1p5_SC8_2X_80z_160nm_780V_10T_0s_movie1-03_processed_low.czi.localizations.csv
    jobid: 201
    wildcards: sample=2020_09_04_BeadSandwich_488nm_1p5_561nm_1p5_SC8_2X_80z_160nm_780V_10T_0s_movie1-03_processed_low.czi
    resources: mem_gb=75

[Sun May  2 11:13:57 2021]
Finished job 143.
7 of 464 steps (2%) done

[Sun May  2 11:13:57 2021]
rule get_bead_localizations:
    input: /mnt/md0/Hansen Lab Dropbox/DataStorage/Imaging/Fbn2/processed/2021_04_25_BeadSandwitch_488nm_1p5_561nm_1p5_SC8_2X_80z_160nm_780V_10T_0s_movie3-01.czi
    output: results/beads/2021_04_25_BeadSandwitch_488nm_1p5_561nm_1p5_SC8_2X_80z_160nm_780V_10T_0s_movie3-01.czi.localizations.csv
    jobid: 2
    wildcards: sample=2021_04_25_BeadSandwitch_488nm_1p5_561nm_1p5_SC8_2X_80z_160nm_780V_10T_0s_movie3-01.czi
    resources: mem_gb=75

[Sun May  2 11:13:57 2021]
Finished job 206.
8 of 464 steps (2%) done

[Sun May  2 11:13:57 2021]
rule get_bead_localizations:
    input: /mnt/md0/Hansen Lab Dropbox/DataStorage/Imaging/Fbn2/processed/2020_08_A/2020_09_04_BeadSandwich_488nm_1p7_561nm_1p7_SC8_2X_80z_160nm_780V_10T_0s_movie18-01_processed_low.czi
    output: results/beads/2020_09_04_BeadSandwich_488nm_1p7_561nm_1p7_SC8_2X_80z_160nm_780V_10T_0s_movie18-01_processed_low.czi.localizations.csv
    jobid: 220
    wildcards: sample=2020_09_04_BeadSandwich_488nm_1p7_561nm_1p7_SC8_2X_80z_160nm_780V_10T_0s_movie18-01_processed_low.czi
    resources: mem_gb=75

