Building DAG of jobs...
Using shell: /bin/bash
Provided cores: 1 (use --cores to define parallelism)
Rules claiming more threads will be scaled down.
Provided resources: mem_mb=240
Job counts:
	count	jobs
	1	all
	2	get_trajectories_from_timeseries
	72	make_MIP_movies_from_trajectories
	75

[Wed May 12 10:27:17 2021]
rule make_MIP_movies_from_trajectories:
    input: /mnt/md0/Hansen Lab Dropbox/DataStorage/Imaging/Fbn2/processed/2021_02_C/2021_02_20_bn2_F1Rad21M_488nm_0p5_561nm_0p05_SC8_2X_30z_250nm_780V_365T_20s_4hoursIAA_movie1-01.czi, results/Rad21/2021_02_20_bn2_F1Rad21M_488nm_0p5_561nm_0p05_SC8_2X_30z_250nm_780V_365T_20s_4hoursIAA_movie1-01.czi.tracks.csv
    output: results/Rad21/2021_02_20_bn2_F1Rad21M_488nm_0p5_561nm_0p05_SC8_2X_30z_250nm_780V_365T_20s_4hoursIAA_movie1-01.czi.movie.mp4
    jobid: 274
    wildcards: group=Rad21, sample=2021_02_20_bn2_F1Rad21M_488nm_0p5_561nm_0p05_SC8_2X_30z_250nm_780V_365T_20s_4hoursIAA_movie1-01.czi

[Wed May 12 10:31:49 2021]
Finished job 274.
1 of 75 steps (1%) done

[Wed May 12 10:31:49 2021]
rule make_MIP_movies_from_trajectories:
    input: /mnt/md0/Hansen Lab Dropbox/DataStorage/Imaging/Fbn2/processed/2021_02_C/2021_02_27_Fbn2_F1RAD21M_488nm_0p5_561nm_0p05_SC8_2X_30z_250nm_780V_365T_20s_2hoursIAA_movie1-01.czi, results/Rad21/2021_02_27_Fbn2_F1RAD21M_488nm_0p5_561nm_0p05_SC8_2X_30z_250nm_780V_365T_20s_2hoursIAA_movie1-01.czi.tracks.csv
    output: results/Rad21/2021_02_27_Fbn2_F1RAD21M_488nm_0p5_561nm_0p05_SC8_2X_30z_250nm_780V_365T_20s_2hoursIAA_movie1-01.czi.movie.mp4
    jobid: 258
    wildcards: group=Rad21, sample=2021_02_27_Fbn2_F1RAD21M_488nm_0p5_561nm_0p05_SC8_2X_30z_250nm_780V_365T_20s_2hoursIAA_movie1-01.czi

[Wed May 12 10:36:37 2021]
Finished job 258.
2 of 75 steps (3%) done

[Wed May 12 10:36:37 2021]
rule make_MIP_movies_from_trajectories:
    input: /mnt/md0/Hansen Lab Dropbox/DataStorage/Imaging/Fbn2/processed/2021_02_C/2021_02_21_Fbn2_F1Rad21M_488nm_0p5_561nm_0p05_SC8_2X_30z_250nm_780V_365T_20s_2hoursIAA_movie1-01.czi, results/Rad21/2021_02_21_Fbn2_F1Rad21M_488nm_0p5_561nm_0p05_SC8_2X_30z_250nm_780V_365T_20s_2hoursIAA_movie1-01.czi.tracks.csv
    output: results/Rad21/2021_02_21_Fbn2_F1Rad21M_488nm_0p5_561nm_0p05_SC8_2X_30z_250nm_780V_365T_20s_2hoursIAA_movie1-01.czi.movie.mp4
    jobid: 269
    wildcards: group=Rad21, sample=2021_02_21_Fbn2_F1Rad21M_488nm_0p5_561nm_0p05_SC8_2X_30z_250nm_780V_365T_20s_2hoursIAA_movie1-01.czi

Removing output files of failed job make_MIP_movies_from_trajectories since they might be corrupted:
results/Rad21/2021_02_21_Fbn2_F1Rad21M_488nm_0p5_561nm_0p05_SC8_2X_30z_250nm_780V_365T_20s_2hoursIAA_movie1-01.czi.movie.mp4
Job failed, going on with independent jobs.

[Wed May 12 10:40:50 2021]
rule make_MIP_movies_from_trajectories:
    input: /mnt/md0/Hansen Lab Dropbox/DataStorage/Imaging/Fbn2/processed/2021_02_C/2021_02_27_Fbn2_F1RAD21M_488nm_0p5_561nm_0p05_SC8_2X_30z_250nm_780V_365T_20s_2hoursIAA_movie2-01.czi, results/Rad21/2021_02_27_Fbn2_F1RAD21M_488nm_0p5_561nm_0p05_SC8_2X_30z_250nm_780V_365T_20s_2hoursIAA_movie2-01.czi.tracks.csv
    output: results/Rad21/2021_02_27_Fbn2_F1RAD21M_488nm_0p5_561nm_0p05_SC8_2X_30z_250nm_780V_365T_20s_2hoursIAA_movie2-01.czi.movie.mp4
    jobid: 260
    wildcards: group=Rad21, sample=2021_02_27_Fbn2_F1RAD21M_488nm_0p5_561nm_0p05_SC8_2X_30z_250nm_780V_365T_20s_2hoursIAA_movie2-01.czi

[Wed May 12 10:45:27 2021]
Finished job 260.
3 of 75 steps (4%) done

[Wed May 12 10:45:27 2021]
rule make_MIP_movies_from_trajectories:
    input: /mnt/md0/Hansen Lab Dropbox/DataStorage/Imaging/Fbn2/processed/2021_02_C/2021_02_28_Fbn2_F1RAD21M_488nm_0p5_561nm_0p05_SC8_2X_30z_250nm_780V_365T_20s_2hoursIAA_movie1-01.czi, results/Rad21/2021_02_28_Fbn2_F1RAD21M_488nm_0p5_561nm_0p05_SC8_2X_30z_250nm_780V_365T_20s_2hoursIAA_movie1-01.czi.tracks.csv
    output: results/Rad21/2021_02_28_Fbn2_F1RAD21M_488nm_0p5_561nm_0p05_SC8_2X_30z_250nm_780V_365T_20s_2hoursIAA_movie1-01.czi.movie.mp4
    jobid: 259
    wildcards: group=Rad21, sample=2021_02_28_Fbn2_F1RAD21M_488nm_0p5_561nm_0p05_SC8_2X_30z_250nm_780V_365T_20s_2hoursIAA_movie1-01.czi

[Wed May 12 10:50:31 2021]
Finished job 259.
4 of 75 steps (5%) done

[Wed May 12 10:50:31 2021]
rule make_MIP_movies_from_trajectories:
    input: /mnt/md0/Hansen Lab Dropbox/DataStorage/Imaging/Fbn2/processed/2021_04_Apr_May/2021_04_25_Fbn2_Rad21_twohoursIAA_488nm_0p5_561nm_0p05_SC8_2X_30z_250nm_780V_365T_20s_movie1-01.czi, results/Rad21/2021_04_25_Fbn2_Rad21_twohoursIAA_488nm_0p5_561nm_0p05_SC8_2X_30z_250nm_780V_365T_20s_movie1-01.czi.tracks.csv
    output: results/Rad21/2021_04_25_Fbn2_Rad21_twohoursIAA_488nm_0p5_561nm_0p05_SC8_2X_30z_250nm_780V_365T_20s_movie1-01.czi.movie.mp4
    jobid: 199
    wildcards: group=Rad21, sample=2021_04_25_Fbn2_Rad21_twohoursIAA_488nm_0p5_561nm_0p05_SC8_2X_30z_250nm_780V_365T_20s_movie1-01.czi

[Wed May 12 10:56:03 2021]
Finished job 199.
5 of 75 steps (7%) done

[Wed May 12 10:56:03 2021]
rule make_MIP_movies_from_trajectories:
    input: /mnt/md0/Hansen Lab Dropbox/DataStorage/Imaging/Fbn2/processed/2021_02_C/2021_02_24_Fbn2_F1Rad21M_488nm_0p5_561nm_0p05_SC8_2X_30z_250nm_780V_365T_20s_4hoursIAA_movie1-01.czi, results/Rad21/2021_02_24_Fbn2_F1Rad21M_488nm_0p5_561nm_0p05_SC8_2X_30z_250nm_780V_365T_20s_4hoursIAA_movie1-01.czi.tracks.csv
    output: results/Rad21/2021_02_24_Fbn2_F1Rad21M_488nm_0p5_561nm_0p05_SC8_2X_30z_250nm_780V_365T_20s_4hoursIAA_movie1-01.czi.movie.mp4
    jobid: 265
    wildcards: group=Rad21, sample=2021_02_24_Fbn2_F1Rad21M_488nm_0p5_561nm_0p05_SC8_2X_30z_250nm_780V_365T_20s_4hoursIAA_movie1-01.czi

[Wed May 12 11:01:20 2021]
Finished job 265.
6 of 75 steps (8%) done

[Wed May 12 11:01:20 2021]
rule make_MIP_movies_from_trajectories:
    input: /mnt/md0/Hansen Lab Dropbox/DataStorage/Imaging/Fbn2/processed/2021_04_Apr_May/2021_04_27_Fbn2_RAD21__twohoursIAA_488nm_0p5_561nm_0p05_SC8_2X_30z_250nm_780V_365T_20s_movie3-01.czi, results/Rad21/2021_04_27_Fbn2_RAD21__twohoursIAA_488nm_0p5_561nm_0p05_SC8_2X_30z_250nm_780V_365T_20s_movie3-01.czi.tracks.csv
    output: results/Rad21/2021_04_27_Fbn2_RAD21__twohoursIAA_488nm_0p5_561nm_0p05_SC8_2X_30z_250nm_780V_365T_20s_movie3-01.czi.movie.mp4
    jobid: 208
    wildcards: group=Rad21, sample=2021_04_27_Fbn2_RAD21__twohoursIAA_488nm_0p5_561nm_0p05_SC8_2X_30z_250nm_780V_365T_20s_movie3-01.czi

[Wed May 12 11:06:44 2021]
Finished job 208.
7 of 75 steps (9%) done

[Wed May 12 11:06:44 2021]
rule make_MIP_movies_from_trajectories:
    input: /mnt/md0/Hansen Lab Dropbox/DataStorage/Imaging/Fbn2/processed/2021_04_Apr_May/2021_04_25_Fbn2_Rad21_twohoursIAA_488nm_0p5_561nm_0p05_SC8_2X_30z_250nm_780V_365T_20s_movie2-02.czi, results/Rad21/2021_04_25_Fbn2_Rad21_twohoursIAA_488nm_0p5_561nm_0p05_SC8_2X_30z_250nm_780V_365T_20s_movie2-02.czi.tracks.csv
    output: results/Rad21/2021_04_25_Fbn2_Rad21_twohoursIAA_488nm_0p5_561nm_0p05_SC8_2X_30z_250nm_780V_365T_20s_movie2-02.czi.movie.mp4
    jobid: 207
    wildcards: group=Rad21, sample=2021_04_25_Fbn2_Rad21_twohoursIAA_488nm_0p5_561nm_0p05_SC8_2X_30z_250nm_780V_365T_20s_movie2-02.czi

Removing output files of failed job make_MIP_movies_from_trajectories since they might be corrupted:
results/Rad21/2021_04_25_Fbn2_Rad21_twohoursIAA_488nm_0p5_561nm_0p05_SC8_2X_30z_250nm_780V_365T_20s_movie2-02.czi.movie.mp4
Job failed, going on with independent jobs.

[Wed May 12 11:11:59 2021]
rule make_MIP_movies_from_trajectories:
    input: /mnt/md0/Hansen Lab Dropbox/DataStorage/Imaging/Fbn2/processed/2021_02_C/2021_02_20_Fbn2_F1Rad21M_488nm_0p5_561nm_0p05_SC8_2X_30z_250nm_780V_365T_20s_2hoursIAA_movie1-01.czi, results/Rad21/2021_02_20_Fbn2_F1Rad21M_488nm_0p5_561nm_0p05_SC8_2X_30z_250nm_780V_365T_20s_2hoursIAA_movie1-01.czi.tracks.csv
    output: results/Rad21/2021_02_20_Fbn2_F1Rad21M_488nm_0p5_561nm_0p05_SC8_2X_30z_250nm_780V_365T_20s_2hoursIAA_movie1-01.czi.movie.mp4
    jobid: 275
    wildcards: group=Rad21, sample=2021_02_20_Fbn2_F1Rad21M_488nm_0p5_561nm_0p05_SC8_2X_30z_250nm_780V_365T_20s_2hoursIAA_movie1-01.czi

Removing output files of failed job make_MIP_movies_from_trajectories since they might be corrupted:
results/Rad21/2021_02_20_Fbn2_F1Rad21M_488nm_0p5_561nm_0p05_SC8_2X_30z_250nm_780V_365T_20s_2hoursIAA_movie1-01.czi.movie.mp4
Job failed, going on with independent jobs.

[Wed May 12 11:16:55 2021]
rule make_MIP_movies_from_trajectories:
    input: /mnt/md0/Hansen Lab Dropbox/DataStorage/Imaging/Fbn2/processed/2021_02_B/2021_03_05_Fbn2_F1RAD21M_488nm_0p5_561nm_0p05_SC8_2X_30z_250nm_780V_365T_20s_2hoursIAA_movie2-02.czi, results/Rad21/2021_03_05_Fbn2_F1RAD21M_488nm_0p5_561nm_0p05_SC8_2X_30z_250nm_780V_365T_20s_2hoursIAA_movie2-02.czi.tracks.csv
    output: results/Rad21/2021_03_05_Fbn2_F1RAD21M_488nm_0p5_561nm_0p05_SC8_2X_30z_250nm_780V_365T_20s_2hoursIAA_movie2-02.czi.movie.mp4
    jobid: 330
    wildcards: group=Rad21, sample=2021_03_05_Fbn2_F1RAD21M_488nm_0p5_561nm_0p05_SC8_2X_30z_250nm_780V_365T_20s_2hoursIAA_movie2-02.czi

Removing output files of failed job make_MIP_movies_from_trajectories since they might be corrupted:
results/Rad21/2021_03_05_Fbn2_F1RAD21M_488nm_0p5_561nm_0p05_SC8_2X_30z_250nm_780V_365T_20s_2hoursIAA_movie2-02.czi.movie.mp4
Job failed, going on with independent jobs.

[Wed May 12 11:22:01 2021]
rule make_MIP_movies_from_trajectories:
    input: /mnt/md0/Hansen Lab Dropbox/DataStorage/Imaging/Fbn2/processed/2021_04_Apr_May/2021_05_03_Fbn2_RAD21_twohoursIAA_488nm_0p5_561nm_0p05_SC8_2X_30z_250nm_780V_365T_20s_movie2-01.czi, results/Rad21/2021_05_03_Fbn2_RAD21_twohoursIAA_488nm_0p5_561nm_0p05_SC8_2X_30z_250nm_780V_365T_20s_movie2-01.czi.tracks.csv
    output: results/Rad21/2021_05_03_Fbn2_RAD21_twohoursIAA_488nm_0p5_561nm_0p05_SC8_2X_30z_250nm_780V_365T_20s_movie2-01.czi.movie.mp4
    jobid: 206
    wildcards: group=Rad21, sample=2021_05_03_Fbn2_RAD21_twohoursIAA_488nm_0p5_561nm_0p05_SC8_2X_30z_250nm_780V_365T_20s_movie2-01.czi

[Wed May 12 11:27:48 2021]
Finished job 206.
8 of 75 steps (11%) done

[Wed May 12 11:27:48 2021]
rule make_MIP_movies_from_trajectories:
    input: /mnt/md0/Hansen Lab Dropbox/DataStorage/Imaging/Fbn2/processed/2021_04_Apr_May/2021_04_25_Fbn2_Rad21_twohoursIAA_488nm_0p5_561nm_0p05_SC8_2X_30z_250nm_780V_365T_20s_movie4-01.czi, results/Rad21/2021_04_25_Fbn2_Rad21_twohoursIAA_488nm_0p5_561nm_0p05_SC8_2X_30z_250nm_780V_365T_20s_movie4-01.czi.tracks.csv
    output: results/Rad21/2021_04_25_Fbn2_Rad21_twohoursIAA_488nm_0p5_561nm_0p05_SC8_2X_30z_250nm_780V_365T_20s_movie4-01.czi.movie.mp4
    jobid: 204
    wildcards: group=Rad21, sample=2021_04_25_Fbn2_Rad21_twohoursIAA_488nm_0p5_561nm_0p05_SC8_2X_30z_250nm_780V_365T_20s_movie4-01.czi

[Wed May 12 11:33:33 2021]
Finished job 204.
9 of 75 steps (12%) done

[Wed May 12 11:33:33 2021]
rule make_MIP_movies_from_trajectories:
    input: /mnt/md0/Hansen Lab Dropbox/DataStorage/Imaging/Fbn2/processed/2021_02_C/2021_02_21_Fbn2_F1Rad21M_488nm_0p5_561nm_0p05_SC8_2X_30z_250nm_780V_365T_20s_4hoursIAA_movie1-01.czi, results/Rad21/2021_02_21_Fbn2_F1Rad21M_488nm_0p5_561nm_0p05_SC8_2X_30z_250nm_780V_365T_20s_4hoursIAA_movie1-01.czi.tracks.csv
    output: results/Rad21/2021_02_21_Fbn2_F1Rad21M_488nm_0p5_561nm_0p05_SC8_2X_30z_250nm_780V_365T_20s_4hoursIAA_movie1-01.czi.movie.mp4
    jobid: 277
    wildcards: group=Rad21, sample=2021_02_21_Fbn2_F1Rad21M_488nm_0p5_561nm_0p05_SC8_2X_30z_250nm_780V_365T_20s_4hoursIAA_movie1-01.czi

Removing output files of failed job make_MIP_movies_from_trajectories since they might be corrupted:
results/Rad21/2021_02_21_Fbn2_F1Rad21M_488nm_0p5_561nm_0p05_SC8_2X_30z_250nm_780V_365T_20s_4hoursIAA_movie1-01.czi.movie.mp4
Job failed, going on with independent jobs.

[Wed May 12 11:38:54 2021]
rule make_MIP_movies_from_trajectories:
    input: /mnt/md0/Hansen Lab Dropbox/DataStorage/Imaging/Fbn2/processed/2021_02_C/2021_02_20_Fbn2_F1Rad21M_488nm_0p5_561nm_0p05_SC8_2X_30z_250nm_780V_365T_20s_noIAA_movie1-01.czi, results/Rad21/2021_02_20_Fbn2_F1Rad21M_488nm_0p5_561nm_0p05_SC8_2X_30z_250nm_780V_365T_20s_noIAA_movie1-01.czi.tracks.csv
    output: results/Rad21/2021_02_20_Fbn2_F1Rad21M_488nm_0p5_561nm_0p05_SC8_2X_30z_250nm_780V_365T_20s_noIAA_movie1-01.czi.movie.mp4
    jobid: 242
    wildcards: group=Rad21, sample=2021_02_20_Fbn2_F1Rad21M_488nm_0p5_561nm_0p05_SC8_2X_30z_250nm_780V_365T_20s_noIAA_movie1-01.czi

Removing output files of failed job make_MIP_movies_from_trajectories since they might be corrupted:
results/Rad21/2021_02_20_Fbn2_F1Rad21M_488nm_0p5_561nm_0p05_SC8_2X_30z_250nm_780V_365T_20s_noIAA_movie1-01.czi.movie.mp4
Job failed, going on with independent jobs.

[Wed May 12 11:43:57 2021]
rule make_MIP_movies_from_trajectories:
    input: /mnt/md0/Hansen Lab Dropbox/DataStorage/Imaging/Fbn2/processed/2021_02_C/2021_02_24_Fbn2_F1Rad21M_488nm_0p5_561nm_0p05_SC8_2X_30z_250nm_780V_365T_20s_noIAA_movie1-01.czi, results/Rad21/2021_02_24_Fbn2_F1Rad21M_488nm_0p5_561nm_0p05_SC8_2X_30z_250nm_780V_365T_20s_noIAA_movie1-01.czi.tracks.csv
    output: results/Rad21/2021_02_24_Fbn2_F1Rad21M_488nm_0p5_561nm_0p05_SC8_2X_30z_250nm_780V_365T_20s_noIAA_movie1-01.czi.movie.mp4
    jobid: 261
    wildcards: group=Rad21, sample=2021_02_24_Fbn2_F1Rad21M_488nm_0p5_561nm_0p05_SC8_2X_30z_250nm_780V_365T_20s_noIAA_movie1-01.czi

[Wed May 12 11:49:21 2021]
Finished job 261.
10 of 75 steps (13%) done

[Wed May 12 11:49:21 2021]
rule make_MIP_movies_from_trajectories:
    input: /mnt/md0/Hansen Lab Dropbox/DataStorage/Imaging/Fbn2/processed/2021_04_Apr_May/2021_04_27_Fbn2_RAD21__twohoursIAA_488nm_0p5_561nm_0p05_SC8_2X_30z_250nm_780V_365T_20s_movie4-01.czi, results/Rad21/2021_04_27_Fbn2_RAD21__twohoursIAA_488nm_0p5_561nm_0p05_SC8_2X_30z_250nm_780V_365T_20s_movie4-01.czi.tracks.csv
    output: results/Rad21/2021_04_27_Fbn2_RAD21__twohoursIAA_488nm_0p5_561nm_0p05_SC8_2X_30z_250nm_780V_365T_20s_movie4-01.czi.movie.mp4
    jobid: 200
    wildcards: group=Rad21, sample=2021_04_27_Fbn2_RAD21__twohoursIAA_488nm_0p5_561nm_0p05_SC8_2X_30z_250nm_780V_365T_20s_movie4-01.czi

Removing output files of failed job make_MIP_movies_from_trajectories since they might be corrupted:
results/Rad21/2021_04_27_Fbn2_RAD21__twohoursIAA_488nm_0p5_561nm_0p05_SC8_2X_30z_250nm_780V_365T_20s_movie4-01.czi.movie.mp4
Job failed, going on with independent jobs.

[Wed May 12 11:54:43 2021]
rule make_MIP_movies_from_trajectories:
    input: /mnt/md0/Hansen Lab Dropbox/DataStorage/Imaging/Fbn2/processed/2021_02_B/2021_03_02_Fbn2_F1RAD21M_488nm_0p5_561nm_0p05_SC8_2X_30z_250nm_780V_365T_20s_noIAA_movie3-01.czi, results/Rad21/2021_03_02_Fbn2_F1RAD21M_488nm_0p5_561nm_0p05_SC8_2X_30z_250nm_780V_365T_20s_noIAA_movie3-01.czi.tracks.csv
    output: results/Rad21/2021_03_02_Fbn2_F1RAD21M_488nm_0p5_561nm_0p05_SC8_2X_30z_250nm_780V_365T_20s_noIAA_movie3-01.czi.movie.mp4
    jobid: 335
    wildcards: group=Rad21, sample=2021_03_02_Fbn2_F1RAD21M_488nm_0p5_561nm_0p05_SC8_2X_30z_250nm_780V_365T_20s_noIAA_movie3-01.czi

Removing output files of failed job make_MIP_movies_from_trajectories since they might be corrupted:
results/Rad21/2021_03_02_Fbn2_F1RAD21M_488nm_0p5_561nm_0p05_SC8_2X_30z_250nm_780V_365T_20s_noIAA_movie3-01.czi.movie.mp4
Job failed, going on with independent jobs.

[Wed May 12 12:00:07 2021]
rule make_MIP_movies_from_trajectories:
    input: /mnt/md0/Hansen Lab Dropbox/DataStorage/Imaging/Fbn2/processed/2021_02_C/2021_02_22_Fbn2_F1Rad21M_488nm_0p5_561nm_0p05_SC8_2X_30z_250nm_780V_365T_20s_2hoursIAA_movie1-01.czi, results/Rad21/2021_02_22_Fbn2_F1Rad21M_488nm_0p5_561nm_0p05_SC8_2X_30z_250nm_780V_365T_20s_2hoursIAA_movie1-01.czi.tracks.csv
    output: results/Rad21/2021_02_22_Fbn2_F1Rad21M_488nm_0p5_561nm_0p05_SC8_2X_30z_250nm_780V_365T_20s_2hoursIAA_movie1-01.czi.movie.mp4
    jobid: 254
    wildcards: group=Rad21, sample=2021_02_22_Fbn2_F1Rad21M_488nm_0p5_561nm_0p05_SC8_2X_30z_250nm_780V_365T_20s_2hoursIAA_movie1-01.czi

[Wed May 12 12:05:32 2021]
Finished job 254.
11 of 75 steps (15%) done

[Wed May 12 12:05:32 2021]
rule make_MIP_movies_from_trajectories:
    input: /mnt/md0/Hansen Lab Dropbox/DataStorage/Imaging/Fbn2/processed/2021_02_C/2021_02_25_Fbn2_F1RAD21M_488nm_0p5_561nm_0p05_SC8_2X_30z_250nm_780V_365T_20s_4hoursIAA_movie1-01.czi, results/Rad21/2021_02_25_Fbn2_F1RAD21M_488nm_0p5_561nm_0p05_SC8_2X_30z_250nm_780V_365T_20s_4hoursIAA_movie1-01.czi.tracks.csv
    output: results/Rad21/2021_02_25_Fbn2_F1RAD21M_488nm_0p5_561nm_0p05_SC8_2X_30z_250nm_780V_365T_20s_4hoursIAA_movie1-01.czi.movie.mp4
    jobid: 263
    wildcards: group=Rad21, sample=2021_02_25_Fbn2_F1RAD21M_488nm_0p5_561nm_0p05_SC8_2X_30z_250nm_780V_365T_20s_4hoursIAA_movie1-01.czi

Removing output files of failed job make_MIP_movies_from_trajectories since they might be corrupted:
results/Rad21/2021_02_25_Fbn2_F1RAD21M_488nm_0p5_561nm_0p05_SC8_2X_30z_250nm_780V_365T_20s_4hoursIAA_movie1-01.czi.movie.mp4
Job failed, going on with independent jobs.

[Wed May 12 12:10:44 2021]
rule make_MIP_movies_from_trajectories:
    input: /mnt/md0/Hansen Lab Dropbox/DataStorage/Imaging/Fbn2/processed/2021_02_C/2021_03_01_Fbn2_F1RAD21M_488nm_0p5_561nm_0p05_SC8_2X_30z_250nm_780V_365T_20s_2hoursIAA_movie2-01.czi, results/Rad21/2021_03_01_Fbn2_F1RAD21M_488nm_0p5_561nm_0p05_SC8_2X_30z_250nm_780V_365T_20s_2hoursIAA_movie2-01.czi.tracks.csv
    output: results/Rad21/2021_03_01_Fbn2_F1RAD21M_488nm_0p5_561nm_0p05_SC8_2X_30z_250nm_780V_365T_20s_2hoursIAA_movie2-01.czi.movie.mp4
    jobid: 251
    wildcards: group=Rad21, sample=2021_03_01_Fbn2_F1RAD21M_488nm_0p5_561nm_0p05_SC8_2X_30z_250nm_780V_365T_20s_2hoursIAA_movie2-01.czi

[Wed May 12 12:15:55 2021]
Finished job 251.
12 of 75 steps (16%) done

[Wed May 12 12:15:55 2021]
rule make_MIP_movies_from_trajectories:
    input: /mnt/md0/Hansen Lab Dropbox/DataStorage/Imaging/Fbn2/processed/2021_02_C/2021_03_01_Fbn2_F1RAD21M_488nm_0p5_561nm_0p05_SC8_2X_30z_250nm_780V_365T_20s_4hoursIAA_movie2-01.czi, results/Rad21/2021_03_01_Fbn2_F1RAD21M_488nm_0p5_561nm_0p05_SC8_2X_30z_250nm_780V_365T_20s_4hoursIAA_movie2-01.czi.tracks.csv
    output: results/Rad21/2021_03_01_Fbn2_F1RAD21M_488nm_0p5_561nm_0p05_SC8_2X_30z_250nm_780V_365T_20s_4hoursIAA_movie2-01.czi.movie.mp4
    jobid: 268
    wildcards: group=Rad21, sample=2021_03_01_Fbn2_F1RAD21M_488nm_0p5_561nm_0p05_SC8_2X_30z_250nm_780V_365T_20s_4hoursIAA_movie2-01.czi

Removing output files of failed job make_MIP_movies_from_trajectories since they might be corrupted:
results/Rad21/2021_03_01_Fbn2_F1RAD21M_488nm_0p5_561nm_0p05_SC8_2X_30z_250nm_780V_365T_20s_4hoursIAA_movie2-01.czi.movie.mp4
Job failed, going on with independent jobs.

[Wed May 12 12:20:56 2021]
rule make_MIP_movies_from_trajectories:
    input: /mnt/md0/Hansen Lab Dropbox/DataStorage/Imaging/Fbn2/processed/2021_04_Apr_May/2021_04_27_Fbn2_RAD21__twohoursIAA_488nm_0p5_561nm_0p05_SC8_2X_30z_250nm_780V_365T_20s_movie2-02.czi, results/Rad21/2021_04_27_Fbn2_RAD21__twohoursIAA_488nm_0p5_561nm_0p05_SC8_2X_30z_250nm_780V_365T_20s_movie2-02.czi.tracks.csv
    output: results/Rad21/2021_04_27_Fbn2_RAD21__twohoursIAA_488nm_0p5_561nm_0p05_SC8_2X_30z_250nm_780V_365T_20s_movie2-02.czi.movie.mp4
    jobid: 214
    wildcards: group=Rad21, sample=2021_04_27_Fbn2_RAD21__twohoursIAA_488nm_0p5_561nm_0p05_SC8_2X_30z_250nm_780V_365T_20s_movie2-02.czi

[Wed May 12 12:26:14 2021]
Finished job 214.
13 of 75 steps (17%) done

[Wed May 12 12:26:14 2021]
rule make_MIP_movies_from_trajectories:
    input: /mnt/md0/Hansen Lab Dropbox/DataStorage/Imaging/Fbn2/processed/2021_02_B/2021_03_03_Fbn2_F1RAD21M_488nm_0p5_561nm_0p05_SC8_2X_30z_250nm_780V_365T_20s_4hoursIAA_movie1-01.czi, results/Rad21/2021_03_03_Fbn2_F1RAD21M_488nm_0p5_561nm_0p05_SC8_2X_30z_250nm_780V_365T_20s_4hoursIAA_movie1-01.czi.tracks.csv
    output: results/Rad21/2021_03_03_Fbn2_F1RAD21M_488nm_0p5_561nm_0p05_SC8_2X_30z_250nm_780V_365T_20s_4hoursIAA_movie1-01.czi.movie.mp4
    jobid: 328
    wildcards: group=Rad21, sample=2021_03_03_Fbn2_F1RAD21M_488nm_0p5_561nm_0p05_SC8_2X_30z_250nm_780V_365T_20s_4hoursIAA_movie1-01.czi

[Wed May 12 12:31:24 2021]
Finished job 328.
14 of 75 steps (19%) done

[Wed May 12 12:31:24 2021]
rule make_MIP_movies_from_trajectories:
    input: /mnt/md0/Hansen Lab Dropbox/DataStorage/Imaging/Fbn2/processed/2021_04_Apr_May/2021_04_29_Fbn2_Rad21F1M_twohoursIAA_488nm_0p5_561nm_0p05_SC8_2X_30z_250nm_780V_365T_20s_movie2-01.czi, results/Rad21/2021_04_29_Fbn2_Rad21F1M_twohoursIAA_488nm_0p5_561nm_0p05_SC8_2X_30z_250nm_780V_365T_20s_movie2-01.czi.tracks.csv
    output: results/Rad21/2021_04_29_Fbn2_Rad21F1M_twohoursIAA_488nm_0p5_561nm_0p05_SC8_2X_30z_250nm_780V_365T_20s_movie2-01.czi.movie.mp4
    jobid: 213
    wildcards: group=Rad21, sample=2021_04_29_Fbn2_Rad21F1M_twohoursIAA_488nm_0p5_561nm_0p05_SC8_2X_30z_250nm_780V_365T_20s_movie2-01.czi

[Wed May 12 12:36:59 2021]
Finished job 213.
15 of 75 steps (20%) done

[Wed May 12 12:36:59 2021]
rule make_MIP_movies_from_trajectories:
    input: /mnt/md0/Hansen Lab Dropbox/DataStorage/Imaging/Fbn2/processed/2021_02_C/2021_02_26_Fbn2_F1RAD21M_488nm_0p5_561nm_0p05_SC8_2X_30z_250nm_780V_365T_20s_noIAA_movie1-01.czi, results/Rad21/2021_02_26_Fbn2_F1RAD21M_488nm_0p5_561nm_0p05_SC8_2X_30z_250nm_780V_365T_20s_noIAA_movie1-01.czi.tracks.csv
    output: results/Rad21/2021_02_26_Fbn2_F1RAD21M_488nm_0p5_561nm_0p05_SC8_2X_30z_250nm_780V_365T_20s_noIAA_movie1-01.czi.movie.mp4
    jobid: 267
    wildcards: group=Rad21, sample=2021_02_26_Fbn2_F1RAD21M_488nm_0p5_561nm_0p05_SC8_2X_30z_250nm_780V_365T_20s_noIAA_movie1-01.czi

Removing output files of failed job make_MIP_movies_from_trajectories since they might be corrupted:
results/Rad21/2021_02_26_Fbn2_F1RAD21M_488nm_0p5_561nm_0p05_SC8_2X_30z_250nm_780V_365T_20s_noIAA_movie1-01.czi.movie.mp4
Job failed, going on with independent jobs.

[Wed May 12 12:41:56 2021]
rule make_MIP_movies_from_trajectories:
    input: /mnt/md0/Hansen Lab Dropbox/DataStorage/Imaging/Fbn2/processed/2021_04_Apr_May/2021_04_29_Fbn2_Rad21F1M_twohoursIAA_488nm_0p5_561nm_0p05_SC8_2X_30z_250nm_780V_365T_20s_movie4-01.czi, results/Rad21/2021_04_29_Fbn2_Rad21F1M_twohoursIAA_488nm_0p5_561nm_0p05_SC8_2X_30z_250nm_780V_365T_20s_movie4-01.czi.tracks.csv
    output: results/Rad21/2021_04_29_Fbn2_Rad21F1M_twohoursIAA_488nm_0p5_561nm_0p05_SC8_2X_30z_250nm_780V_365T_20s_movie4-01.czi.movie.mp4
    jobid: 203
    wildcards: group=Rad21, sample=2021_04_29_Fbn2_Rad21F1M_twohoursIAA_488nm_0p5_561nm_0p05_SC8_2X_30z_250nm_780V_365T_20s_movie4-01.czi

Removing output files of failed job make_MIP_movies_from_trajectories since they might be corrupted:
results/Rad21/2021_04_29_Fbn2_Rad21F1M_twohoursIAA_488nm_0p5_561nm_0p05_SC8_2X_30z_250nm_780V_365T_20s_movie4-01.czi.movie.mp4
Job failed, going on with independent jobs.

[Wed May 12 12:47:14 2021]
rule make_MIP_movies_from_trajectories:
    input: /mnt/md0/Hansen Lab Dropbox/DataStorage/Imaging/Fbn2/processed/2021_02_C/2021_02_21_Fn2_F1Rad21M_488nm_0p5_561nm_0p05_SC8_2X_30z_250nm_780V_365T_20s_noIAA_movie1-01.czi, results/Rad21/2021_02_21_Fn2_F1Rad21M_488nm_0p5_561nm_0p05_SC8_2X_30z_250nm_780V_365T_20s_noIAA_movie1-01.czi.tracks.csv
    output: results/Rad21/2021_02_21_Fn2_F1Rad21M_488nm_0p5_561nm_0p05_SC8_2X_30z_250nm_780V_365T_20s_noIAA_movie1-01.czi.movie.mp4
    jobid: 245
    wildcards: group=Rad21, sample=2021_02_21_Fn2_F1Rad21M_488nm_0p5_561nm_0p05_SC8_2X_30z_250nm_780V_365T_20s_noIAA_movie1-01.czi

Removing output files of failed job make_MIP_movies_from_trajectories since they might be corrupted:
results/Rad21/2021_02_21_Fn2_F1Rad21M_488nm_0p5_561nm_0p05_SC8_2X_30z_250nm_780V_365T_20s_noIAA_movie1-01.czi.movie.mp4
Job failed, going on with independent jobs.

[Wed May 12 12:52:19 2021]
rule make_MIP_movies_from_trajectories:
    input: /mnt/md0/Hansen Lab Dropbox/DataStorage/Imaging/Fbn2/processed/2021_02_C/2021_02_22_Fbn2_F1Rad21M_488nm_0p5_561nm_0p05_SC8_2X_30z_250nm_780V_365T_20s_4hoursIAA_movie1-01.czi, results/Rad21/2021_02_22_Fbn2_F1Rad21M_488nm_0p5_561nm_0p05_SC8_2X_30z_250nm_780V_365T_20s_4hoursIAA_movie1-01.czi.tracks.csv
    output: results/Rad21/2021_02_22_Fbn2_F1Rad21M_488nm_0p5_561nm_0p05_SC8_2X_30z_250nm_780V_365T_20s_4hoursIAA_movie1-01.czi.movie.mp4
    jobid: 247
    wildcards: group=Rad21, sample=2021_02_22_Fbn2_F1Rad21M_488nm_0p5_561nm_0p05_SC8_2X_30z_250nm_780V_365T_20s_4hoursIAA_movie1-01.czi

[Wed May 12 12:57:38 2021]
Finished job 247.
16 of 75 steps (21%) done

[Wed May 12 12:57:38 2021]
rule make_MIP_movies_from_trajectories:
    input: /mnt/md0/Hansen Lab Dropbox/DataStorage/Imaging/Fbn2/processed/2021_02_B/2021_03_02_Fbn2_F1RAD21M_488nm_0p5_561nm_0p05_SC8_2X_30z_250nm_780V_365T_20s_noIAA_movie2-01.czi, results/Rad21/2021_03_02_Fbn2_F1RAD21M_488nm_0p5_561nm_0p05_SC8_2X_30z_250nm_780V_365T_20s_noIAA_movie2-01.czi.tracks.csv
    output: results/Rad21/2021_03_02_Fbn2_F1RAD21M_488nm_0p5_561nm_0p05_SC8_2X_30z_250nm_780V_365T_20s_noIAA_movie2-01.czi.movie.mp4
    jobid: 329
    wildcards: group=Rad21, sample=2021_03_02_Fbn2_F1RAD21M_488nm_0p5_561nm_0p05_SC8_2X_30z_250nm_780V_365T_20s_noIAA_movie2-01.czi

Removing output files of failed job make_MIP_movies_from_trajectories since they might be corrupted:
results/Rad21/2021_03_02_Fbn2_F1RAD21M_488nm_0p5_561nm_0p05_SC8_2X_30z_250nm_780V_365T_20s_noIAA_movie2-01.czi.movie.mp4
Job failed, going on with independent jobs.

[Wed May 12 13:02:37 2021]
rule make_MIP_movies_from_trajectories:
    input: /mnt/md0/Hansen Lab Dropbox/DataStorage/Imaging/Fbn2/processed/2021_04_Apr_May/2021_05_02_Fbn2_RAD21_twohoursIAA_488nm_0p5_561nm_0p05_SC8_2X_30z_250nm_780V_365T_20s_movie3-01.czi, results/Rad21/2021_05_02_Fbn2_RAD21_twohoursIAA_488nm_0p5_561nm_0p05_SC8_2X_30z_250nm_780V_365T_20s_movie3-01.czi.tracks.csv
    output: results/Rad21/2021_05_02_Fbn2_RAD21_twohoursIAA_488nm_0p5_561nm_0p05_SC8_2X_30z_250nm_780V_365T_20s_movie3-01.czi.movie.mp4
    jobid: 202
    wildcards: group=Rad21, sample=2021_05_02_Fbn2_RAD21_twohoursIAA_488nm_0p5_561nm_0p05_SC8_2X_30z_250nm_780V_365T_20s_movie3-01.czi

[Wed May 12 13:08:04 2021]
Finished job 202.
17 of 75 steps (23%) done

[Wed May 12 13:08:04 2021]
rule make_MIP_movies_from_trajectories:
    input: /mnt/md0/Hansen Lab Dropbox/DataStorage/Imaging/Fbn2/processed/2020_10_B/2020_10_27_Fbn2_F1Rad21M_fourhoursIAA_488nm_0p5_561nm_0p05_SC8_2X_30z_250nm_780V_365T_20s_movie3-01_processed_low.czi, results/Rad21/2020_10_27_Fbn2_F1Rad21M_fourhoursIAA_488nm_0p5_561nm_0p05_SC8_2X_30z_250nm_780V_365T_20s_movie3-01_processed_low.czi.tracks.csv
    output: results/Rad21/2020_10_27_Fbn2_F1Rad21M_fourhoursIAA_488nm_0p5_561nm_0p05_SC8_2X_30z_250nm_780V_365T_20s_movie3-01_processed_low.czi.movie.mp4
    jobid: 311
    wildcards: group=Rad21, sample=2020_10_27_Fbn2_F1Rad21M_fourhoursIAA_488nm_0p5_561nm_0p05_SC8_2X_30z_250nm_780V_365T_20s_movie3-01_processed_low.czi

[Wed May 12 13:13:35 2021]
Finished job 311.
18 of 75 steps (24%) done

[Wed May 12 13:13:35 2021]
rule make_MIP_movies_from_trajectories:
    input: /mnt/md0/Hansen Lab Dropbox/DataStorage/Imaging/Fbn2/processed/2021_04_Apr_May/2021_04_27_Fbn2_RAD21__twohoursIAA_488nm_0p5_561nm_0p05_SC8_2X_30z_250nm_780V_365T_20s_movie1-01.czi, results/Rad21/2021_04_27_Fbn2_RAD21__twohoursIAA_488nm_0p5_561nm_0p05_SC8_2X_30z_250nm_780V_365T_20s_movie1-01.czi.tracks.csv
    output: results/Rad21/2021_04_27_Fbn2_RAD21__twohoursIAA_488nm_0p5_561nm_0p05_SC8_2X_30z_250nm_780V_365T_20s_movie1-01.czi.movie.mp4
    jobid: 196
    wildcards: group=Rad21, sample=2021_04_27_Fbn2_RAD21__twohoursIAA_488nm_0p5_561nm_0p05_SC8_2X_30z_250nm_780V_365T_20s_movie1-01.czi

Removing output files of failed job make_MIP_movies_from_trajectories since they might be corrupted:
results/Rad21/2021_04_27_Fbn2_RAD21__twohoursIAA_488nm_0p5_561nm_0p05_SC8_2X_30z_250nm_780V_365T_20s_movie1-01.czi.movie.mp4
Job failed, going on with independent jobs.

[Wed May 12 13:19:04 2021]
rule make_MIP_movies_from_trajectories:
    input: /mnt/md0/Hansen Lab Dropbox/DataStorage/Imaging/Fbn2/processed/2021_04_Apr_May/2021_05_01_Fbn2_RAD21_twohoursIAA_488nm_0p5_561nm_0p05_SC8_2X_30z_250nm_780V_365T_20s_movie3-02.czi, results/Rad21/2021_05_01_Fbn2_RAD21_twohoursIAA_488nm_0p5_561nm_0p05_SC8_2X_30z_250nm_780V_365T_20s_movie3-02.czi.tracks.csv
    output: results/Rad21/2021_05_01_Fbn2_RAD21_twohoursIAA_488nm_0p5_561nm_0p05_SC8_2X_30z_250nm_780V_365T_20s_movie3-02.czi.movie.mp4
    jobid: 201
    wildcards: group=Rad21, sample=2021_05_01_Fbn2_RAD21_twohoursIAA_488nm_0p5_561nm_0p05_SC8_2X_30z_250nm_780V_365T_20s_movie3-02.czi

Removing output files of failed job make_MIP_movies_from_trajectories since they might be corrupted:
results/Rad21/2021_05_01_Fbn2_RAD21_twohoursIAA_488nm_0p5_561nm_0p05_SC8_2X_30z_250nm_780V_365T_20s_movie3-02.czi.movie.mp4
Job failed, going on with independent jobs.

[Wed May 12 13:24:18 2021]
rule make_MIP_movies_from_trajectories:
    input: /mnt/md0/Hansen Lab Dropbox/DataStorage/Imaging/Fbn2/processed/2021_02_C/2021_02_23_Fbn2_F1Rad21M_488nm_0p5_561nm_0p05_SC8_2X_30z_250nm_780V_365T_20s_4hoursIAA_movie1-02.czi, results/Rad21/2021_02_23_Fbn2_F1Rad21M_488nm_0p5_561nm_0p05_SC8_2X_30z_250nm_780V_365T_20s_4hoursIAA_movie1-02.czi.tracks.csv
    output: results/Rad21/2021_02_23_Fbn2_F1Rad21M_488nm_0p5_561nm_0p05_SC8_2X_30z_250nm_780V_365T_20s_4hoursIAA_movie1-02.czi.movie.mp4
    jobid: 253
    wildcards: group=Rad21, sample=2021_02_23_Fbn2_F1Rad21M_488nm_0p5_561nm_0p05_SC8_2X_30z_250nm_780V_365T_20s_4hoursIAA_movie1-02.czi

Removing output files of failed job make_MIP_movies_from_trajectories since they might be corrupted:
results/Rad21/2021_02_23_Fbn2_F1Rad21M_488nm_0p5_561nm_0p05_SC8_2X_30z_250nm_780V_365T_20s_4hoursIAA_movie1-02.czi.movie.mp4
Job failed, going on with independent jobs.

[Wed May 12 13:29:26 2021]
rule make_MIP_movies_from_trajectories:
    input: /mnt/md0/Hansen Lab Dropbox/DataStorage/Imaging/Fbn2/processed/2021_02_B/2021_03_04_Fbn2_F1RAD21M_488nm_0p5_561nm_0p05_SC8_2X_30z_250nm_780V_365T_20s_2hoursIAA_movie1-01.czi, results/Rad21/2021_03_04_Fbn2_F1RAD21M_488nm_0p5_561nm_0p05_SC8_2X_30z_250nm_780V_365T_20s_2hoursIAA_movie1-01.czi.tracks.csv
    output: results/Rad21/2021_03_04_Fbn2_F1RAD21M_488nm_0p5_561nm_0p05_SC8_2X_30z_250nm_780V_365T_20s_2hoursIAA_movie1-01.czi.movie.mp4
    jobid: 327
    wildcards: group=Rad21, sample=2021_03_04_Fbn2_F1RAD21M_488nm_0p5_561nm_0p05_SC8_2X_30z_250nm_780V_365T_20s_2hoursIAA_movie1-01.czi

Removing output files of failed job make_MIP_movies_from_trajectories since they might be corrupted:
results/Rad21/2021_03_04_Fbn2_F1RAD21M_488nm_0p5_561nm_0p05_SC8_2X_30z_250nm_780V_365T_20s_2hoursIAA_movie1-01.czi.movie.mp4
Job failed, going on with independent jobs.

[Wed May 12 13:34:40 2021]
rule make_MIP_movies_from_trajectories:
    input: /mnt/md0/Hansen Lab Dropbox/DataStorage/Imaging/Fbn2/processed/2021_04_Apr_May/2021_04_29_Fbn2_Rad21F1M_twohoursIAA_488nm_0p5_561nm_0p05_SC8_2X_30z_250nm_780V_365T_20s_movie1-02.czi, results/Rad21/2021_04_29_Fbn2_Rad21F1M_twohoursIAA_488nm_0p5_561nm_0p05_SC8_2X_30z_250nm_780V_365T_20s_movie1-02.czi.tracks.csv
    output: results/Rad21/2021_04_29_Fbn2_Rad21F1M_twohoursIAA_488nm_0p5_561nm_0p05_SC8_2X_30z_250nm_780V_365T_20s_movie1-02.czi.movie.mp4
    jobid: 198
    wildcards: group=Rad21, sample=2021_04_29_Fbn2_Rad21F1M_twohoursIAA_488nm_0p5_561nm_0p05_SC8_2X_30z_250nm_780V_365T_20s_movie1-02.czi

Removing output files of failed job make_MIP_movies_from_trajectories since they might be corrupted:
results/Rad21/2021_04_29_Fbn2_Rad21F1M_twohoursIAA_488nm_0p5_561nm_0p05_SC8_2X_30z_250nm_780V_365T_20s_movie1-02.czi.movie.mp4
Job failed, going on with independent jobs.

[Wed May 12 13:40:01 2021]
rule make_MIP_movies_from_trajectories:
    input: /mnt/md0/Hansen Lab Dropbox/DataStorage/Imaging/Fbn2/processed/2021_02_C/2021_03_01_Fbn2_F1RAD21M_488nm_0p5_561nm_0p05_SC8_2X_30z_250nm_780V_365T_20s_4hoursIAA_movie1-01.czi, results/Rad21/2021_03_01_Fbn2_F1RAD21M_488nm_0p5_561nm_0p05_SC8_2X_30z_250nm_780V_365T_20s_4hoursIAA_movie1-01.czi.tracks.csv
    output: results/Rad21/2021_03_01_Fbn2_F1RAD21M_488nm_0p5_561nm_0p05_SC8_2X_30z_250nm_780V_365T_20s_4hoursIAA_movie1-01.czi.movie.mp4
    jobid: 266
    wildcards: group=Rad21, sample=2021_03_01_Fbn2_F1RAD21M_488nm_0p5_561nm_0p05_SC8_2X_30z_250nm_780V_365T_20s_4hoursIAA_movie1-01.czi

Removing output files of failed job make_MIP_movies_from_trajectories since they might be corrupted:
results/Rad21/2021_03_01_Fbn2_F1RAD21M_488nm_0p5_561nm_0p05_SC8_2X_30z_250nm_780V_365T_20s_4hoursIAA_movie1-01.czi.movie.mp4
Job failed, going on with independent jobs.

[Wed May 12 13:45:00 2021]
rule make_MIP_movies_from_trajectories:
    input: /mnt/md0/Hansen Lab Dropbox/DataStorage/Imaging/Fbn2/processed/2021_02_B/2021_03_04_Fbn2_F1RAD21M_488nm_0p5_561nm_0p05_SC8_2X_30z_250nm_780V_365T_20s_4hoursIAA_movie1-01.czi, results/Rad21/2021_03_04_Fbn2_F1RAD21M_488nm_0p5_561nm_0p05_SC8_2X_30z_250nm_780V_365T_20s_4hoursIAA_movie1-01.czi.tracks.csv
    output: results/Rad21/2021_03_04_Fbn2_F1RAD21M_488nm_0p5_561nm_0p05_SC8_2X_30z_250nm_780V_365T_20s_4hoursIAA_movie1-01.czi.movie.mp4
    jobid: 331
    wildcards: group=Rad21, sample=2021_03_04_Fbn2_F1RAD21M_488nm_0p5_561nm_0p05_SC8_2X_30z_250nm_780V_365T_20s_4hoursIAA_movie1-01.czi

Removing output files of failed job make_MIP_movies_from_trajectories since they might be corrupted:
results/Rad21/2021_03_04_Fbn2_F1RAD21M_488nm_0p5_561nm_0p05_SC8_2X_30z_250nm_780V_365T_20s_4hoursIAA_movie1-01.czi.movie.mp4
Job failed, going on with independent jobs.

[Wed May 12 13:50:04 2021]
rule make_MIP_movies_from_trajectories:
    input: /mnt/md0/Hansen Lab Dropbox/DataStorage/Imaging/Fbn2/processed/2021_02_C/2021_02_26_Fbn2_F1RAD21M_488nm_0p5_561nm_0p05_SC8_2X_30z_250nm_780V_365T_20s_4hoursIAA_movie1-02.czi, results/Rad21/2021_02_26_Fbn2_F1RAD21M_488nm_0p5_561nm_0p05_SC8_2X_30z_250nm_780V_365T_20s_4hoursIAA_movie1-02.czi.tracks.csv
    output: results/Rad21/2021_02_26_Fbn2_F1RAD21M_488nm_0p5_561nm_0p05_SC8_2X_30z_250nm_780V_365T_20s_4hoursIAA_movie1-02.czi.movie.mp4
    jobid: 255
    wildcards: group=Rad21, sample=2021_02_26_Fbn2_F1RAD21M_488nm_0p5_561nm_0p05_SC8_2X_30z_250nm_780V_365T_20s_4hoursIAA_movie1-02.czi

Removing output files of failed job make_MIP_movies_from_trajectories since they might be corrupted:
results/Rad21/2021_02_26_Fbn2_F1RAD21M_488nm_0p5_561nm_0p05_SC8_2X_30z_250nm_780V_365T_20s_4hoursIAA_movie1-02.czi.movie.mp4
Job failed, going on with independent jobs.

[Wed May 12 13:55:06 2021]
rule make_MIP_movies_from_trajectories:
    input: /mnt/md0/Hansen Lab Dropbox/DataStorage/Imaging/Fbn2/processed/2021_04_Apr_May/2021_05_02_Fbn2_RAD21_twohoursIAA_488nm_0p5_561nm_0p05_SC8_2X_30z_250nm_780V_365T_20s_movie2-01.czi, results/Rad21/2021_05_02_Fbn2_RAD21_twohoursIAA_488nm_0p5_561nm_0p05_SC8_2X_30z_250nm_780V_365T_20s_movie2-01.czi.tracks.csv
    output: results/Rad21/2021_05_02_Fbn2_RAD21_twohoursIAA_488nm_0p5_561nm_0p05_SC8_2X_30z_250nm_780V_365T_20s_movie2-01.czi.movie.mp4
    jobid: 210
    wildcards: group=Rad21, sample=2021_05_02_Fbn2_RAD21_twohoursIAA_488nm_0p5_561nm_0p05_SC8_2X_30z_250nm_780V_365T_20s_movie2-01.czi

Removing output files of failed job make_MIP_movies_from_trajectories since they might be corrupted:
results/Rad21/2021_05_02_Fbn2_RAD21_twohoursIAA_488nm_0p5_561nm_0p05_SC8_2X_30z_250nm_780V_365T_20s_movie2-01.czi.movie.mp4
Job failed, going on with independent jobs.

[Wed May 12 14:00:38 2021]
rule make_MIP_movies_from_trajectories:
    input: /mnt/md0/Hansen Lab Dropbox/DataStorage/Imaging/Fbn2/processed/2021_02_C/2021_02_23_Fbn2_F1Rad21M_488nm_0p5_561nm_0p05_SC8_2X_30z_250nm_780V_365T_20s_noIAA_movie1-02.czi, results/Rad21/2021_02_23_Fbn2_F1Rad21M_488nm_0p5_561nm_0p05_SC8_2X_30z_250nm_780V_365T_20s_noIAA_movie1-02.czi.tracks.csv
    output: results/Rad21/2021_02_23_Fbn2_F1Rad21M_488nm_0p5_561nm_0p05_SC8_2X_30z_250nm_780V_365T_20s_noIAA_movie1-02.czi.movie.mp4
    jobid: 250
    wildcards: group=Rad21, sample=2021_02_23_Fbn2_F1Rad21M_488nm_0p5_561nm_0p05_SC8_2X_30z_250nm_780V_365T_20s_noIAA_movie1-02.czi

Removing output files of failed job make_MIP_movies_from_trajectories since they might be corrupted:
results/Rad21/2021_02_23_Fbn2_F1Rad21M_488nm_0p5_561nm_0p05_SC8_2X_30z_250nm_780V_365T_20s_noIAA_movie1-02.czi.movie.mp4
Job failed, going on with independent jobs.

[Wed May 12 14:05:24 2021]
rule make_MIP_movies_from_trajectories:
    input: /mnt/md0/Hansen Lab Dropbox/DataStorage/Imaging/Fbn2/processed/2021_02_B/2021_03_03_Fbn2_F1RAD21M_488nm_0p5_561nm_0p05_SC8_2X_30z_250nm_780V_365T_20s_2hoursIAA_movie1-01.czi, results/Rad21/2021_03_03_Fbn2_F1RAD21M_488nm_0p5_561nm_0p05_SC8_2X_30z_250nm_780V_365T_20s_2hoursIAA_movie1-01.czi.tracks.csv
    output: results/Rad21/2021_03_03_Fbn2_F1RAD21M_488nm_0p5_561nm_0p05_SC8_2X_30z_250nm_780V_365T_20s_2hoursIAA_movie1-01.czi.movie.mp4
    jobid: 332
    wildcards: group=Rad21, sample=2021_03_03_Fbn2_F1RAD21M_488nm_0p5_561nm_0p05_SC8_2X_30z_250nm_780V_365T_20s_2hoursIAA_movie1-01.czi

Removing output files of failed job make_MIP_movies_from_trajectories since they might be corrupted:
results/Rad21/2021_03_03_Fbn2_F1RAD21M_488nm_0p5_561nm_0p05_SC8_2X_30z_250nm_780V_365T_20s_2hoursIAA_movie1-01.czi.movie.mp4
Job failed, going on with independent jobs.

[Wed May 12 14:10:24 2021]
rule make_MIP_movies_from_trajectories:
    input: /mnt/md0/Hansen Lab Dropbox/DataStorage/Imaging/Fbn2/processed/2021_02_C/2021_02_25_Fbn2_F1RAD21M_488nm_0p5_561nm_0p05_SC8_2X_30z_250nm_780V_365T_20s_noIAA_movie1-01.czi, results/Rad21/2021_02_25_Fbn2_F1RAD21M_488nm_0p5_561nm_0p05_SC8_2X_30z_250nm_780V_365T_20s_noIAA_movie1-01.czi.tracks.csv
    output: results/Rad21/2021_02_25_Fbn2_F1RAD21M_488nm_0p5_561nm_0p05_SC8_2X_30z_250nm_780V_365T_20s_noIAA_movie1-01.czi.movie.mp4
    jobid: 273
    wildcards: group=Rad21, sample=2021_02_25_Fbn2_F1RAD21M_488nm_0p5_561nm_0p05_SC8_2X_30z_250nm_780V_365T_20s_noIAA_movie1-01.czi

Removing output files of failed job make_MIP_movies_from_trajectories since they might be corrupted:
results/Rad21/2021_02_25_Fbn2_F1RAD21M_488nm_0p5_561nm_0p05_SC8_2X_30z_250nm_780V_365T_20s_noIAA_movie1-01.czi.movie.mp4
Job failed, going on with independent jobs.

[Wed May 12 14:15:14 2021]
rule make_MIP_movies_from_trajectories:
    input: /mnt/md0/Hansen Lab Dropbox/DataStorage/Imaging/Fbn2/processed/2021_02_C/2021_02_27_Fbn2_F1RAD21M_488nm_0p5_561nm_0p05_SC8_2X_30z_250nm_780V_365T_20s_4hoursIAA_movie1-01.czi, results/Rad21/2021_02_27_Fbn2_F1RAD21M_488nm_0p5_561nm_0p05_SC8_2X_30z_250nm_780V_365T_20s_4hoursIAA_movie1-01.czi.tracks.csv
    output: results/Rad21/2021_02_27_Fbn2_F1RAD21M_488nm_0p5_561nm_0p05_SC8_2X_30z_250nm_780V_365T_20s_4hoursIAA_movie1-01.czi.movie.mp4
    jobid: 243
    wildcards: group=Rad21, sample=2021_02_27_Fbn2_F1RAD21M_488nm_0p5_561nm_0p05_SC8_2X_30z_250nm_780V_365T_20s_4hoursIAA_movie1-01.czi

Removing output files of failed job make_MIP_movies_from_trajectories since they might be corrupted:
results/Rad21/2021_02_27_Fbn2_F1RAD21M_488nm_0p5_561nm_0p05_SC8_2X_30z_250nm_780V_365T_20s_4hoursIAA_movie1-01.czi.movie.mp4
Job failed, going on with independent jobs.

[Wed May 12 14:20:16 2021]
rule make_MIP_movies_from_trajectories:
    input: /mnt/md0/Hansen Lab Dropbox/DataStorage/Imaging/Fbn2/processed/2021_02_C/2021_02_26_Fbn2_F1RAD21M_488nm_0p5_561nm_0p05_SC8_2X_30z_250nm_780V_365T_20s_2hoursIAA_movie1-01.czi, results/Rad21/2021_02_26_Fbn2_F1RAD21M_488nm_0p5_561nm_0p05_SC8_2X_30z_250nm_780V_365T_20s_2hoursIAA_movie1-01.czi.tracks.csv
    output: results/Rad21/2021_02_26_Fbn2_F1RAD21M_488nm_0p5_561nm_0p05_SC8_2X_30z_250nm_780V_365T_20s_2hoursIAA_movie1-01.czi.movie.mp4
    jobid: 257
    wildcards: group=Rad21, sample=2021_02_26_Fbn2_F1RAD21M_488nm_0p5_561nm_0p05_SC8_2X_30z_250nm_780V_365T_20s_2hoursIAA_movie1-01.czi

Removing output files of failed job make_MIP_movies_from_trajectories since they might be corrupted:
results/Rad21/2021_02_26_Fbn2_F1RAD21M_488nm_0p5_561nm_0p05_SC8_2X_30z_250nm_780V_365T_20s_2hoursIAA_movie1-01.czi.movie.mp4
Job failed, going on with independent jobs.

[Wed May 12 14:25:12 2021]
rule make_MIP_movies_from_trajectories:
    input: /mnt/md0/Hansen Lab Dropbox/DataStorage/Imaging/Fbn2/processed/2021_04_Apr_May/2021_05_03_Fbn2_RAD21_twohoursIAA_488nm_0p5_561nm_0p05_SC8_2X_30z_250nm_780V_365T_20s_movie1-02.czi, results/Rad21/2021_05_03_Fbn2_RAD21_twohoursIAA_488nm_0p5_561nm_0p05_SC8_2X_30z_250nm_780V_365T_20s_movie1-02.czi.tracks.csv
    output: results/Rad21/2021_05_03_Fbn2_RAD21_twohoursIAA_488nm_0p5_561nm_0p05_SC8_2X_30z_250nm_780V_365T_20s_movie1-02.czi.movie.mp4
    jobid: 197
    wildcards: group=Rad21, sample=2021_05_03_Fbn2_RAD21_twohoursIAA_488nm_0p5_561nm_0p05_SC8_2X_30z_250nm_780V_365T_20s_movie1-02.czi

Removing output files of failed job make_MIP_movies_from_trajectories since they might be corrupted:
results/Rad21/2021_05_03_Fbn2_RAD21_twohoursIAA_488nm_0p5_561nm_0p05_SC8_2X_30z_250nm_780V_365T_20s_movie1-02.czi.movie.mp4
Job failed, going on with independent jobs.

[Wed May 12 14:30:37 2021]
rule make_MIP_movies_from_trajectories:
    input: /mnt/md0/Hansen Lab Dropbox/DataStorage/Imaging/Fbn2/processed/2021_02_C/2021_02_24_Fbn2_F1Rad21M_488nm_0p5_561nm_0p05_SC8_2X_30z_250nm_780V_365T_20s_2hoursIAA_movie1-02.czi, results/Rad21/2021_02_24_Fbn2_F1Rad21M_488nm_0p5_561nm_0p05_SC8_2X_30z_250nm_780V_365T_20s_2hoursIAA_movie1-02.czi.tracks.csv
    output: results/Rad21/2021_02_24_Fbn2_F1Rad21M_488nm_0p5_561nm_0p05_SC8_2X_30z_250nm_780V_365T_20s_2hoursIAA_movie1-02.czi.movie.mp4
    jobid: 272
    wildcards: group=Rad21, sample=2021_02_24_Fbn2_F1Rad21M_488nm_0p5_561nm_0p05_SC8_2X_30z_250nm_780V_365T_20s_2hoursIAA_movie1-02.czi

Removing output files of failed job make_MIP_movies_from_trajectories since they might be corrupted:
results/Rad21/2021_02_24_Fbn2_F1Rad21M_488nm_0p5_561nm_0p05_SC8_2X_30z_250nm_780V_365T_20s_2hoursIAA_movie1-02.czi.movie.mp4
Job failed, going on with independent jobs.

[Wed May 12 14:35:36 2021]
rule make_MIP_movies_from_trajectories:
    input: /mnt/md0/Hansen Lab Dropbox/DataStorage/Imaging/Fbn2/processed/2021_02_C/2021_02_28_Fbn2_F1RAD21M_488nm_0p5_561nm_0p05_SC8_2X_30z_250nm_780V_365T_20s_4hoursIAA_movie1-01.czi, results/Rad21/2021_02_28_Fbn2_F1RAD21M_488nm_0p5_561nm_0p05_SC8_2X_30z_250nm_780V_365T_20s_4hoursIAA_movie1-01.czi.tracks.csv
    output: results/Rad21/2021_02_28_Fbn2_F1RAD21M_488nm_0p5_561nm_0p05_SC8_2X_30z_250nm_780V_365T_20s_4hoursIAA_movie1-01.czi.movie.mp4
    jobid: 276
    wildcards: group=Rad21, sample=2021_02_28_Fbn2_F1RAD21M_488nm_0p5_561nm_0p05_SC8_2X_30z_250nm_780V_365T_20s_4hoursIAA_movie1-01.czi

Removing output files of failed job make_MIP_movies_from_trajectories since they might be corrupted:
results/Rad21/2021_02_28_Fbn2_F1RAD21M_488nm_0p5_561nm_0p05_SC8_2X_30z_250nm_780V_365T_20s_4hoursIAA_movie1-01.czi.movie.mp4
Job failed, going on with independent jobs.

[Wed May 12 14:40:35 2021]
rule make_MIP_movies_from_trajectories:
    input: /mnt/md0/Hansen Lab Dropbox/DataStorage/Imaging/Fbn2/processed/2021_02_B/2021_03_05_Fbn2_F1RAD21M_488nm_0p5_561nm_0p05_SC8_2X_30z_250nm_780V_365T_20s_4hoursIAA_movie2-01.czi, results/Rad21/2021_03_05_Fbn2_F1RAD21M_488nm_0p5_561nm_0p05_SC8_2X_30z_250nm_780V_365T_20s_4hoursIAA_movie2-01.czi.tracks.csv
    output: results/Rad21/2021_03_05_Fbn2_F1RAD21M_488nm_0p5_561nm_0p05_SC8_2X_30z_250nm_780V_365T_20s_4hoursIAA_movie2-01.czi.movie.mp4
    jobid: 326
    wildcards: group=Rad21, sample=2021_03_05_Fbn2_F1RAD21M_488nm_0p5_561nm_0p05_SC8_2X_30z_250nm_780V_365T_20s_4hoursIAA_movie2-01.czi

[Wed May 12 14:45:58 2021]
Finished job 326.
19 of 75 steps (25%) done

[Wed May 12 14:45:58 2021]
rule make_MIP_movies_from_trajectories:
    input: /mnt/md0/Hansen Lab Dropbox/DataStorage/Imaging/Fbn2/processed/2021_02_C/2021_02_23_Fbn2_F1Rad21M_488nm_0p5_561nm_0p05_SC8_2X_30z_250nm_780V_365T_20s_4hoursIAA_movie2-01.czi, results/Rad21/2021_02_23_Fbn2_F1Rad21M_488nm_0p5_561nm_0p05_SC8_2X_30z_250nm_780V_365T_20s_4hoursIAA_movie2-01.czi.tracks.csv
    output: results/Rad21/2021_02_23_Fbn2_F1Rad21M_488nm_0p5_561nm_0p05_SC8_2X_30z_250nm_780V_365T_20s_4hoursIAA_movie2-01.czi.movie.mp4
    jobid: 256
    wildcards: group=Rad21, sample=2021_02_23_Fbn2_F1Rad21M_488nm_0p5_561nm_0p05_SC8_2X_30z_250nm_780V_365T_20s_4hoursIAA_movie2-01.czi

[Wed May 12 14:51:16 2021]
Finished job 256.
20 of 75 steps (27%) done

[Wed May 12 14:51:16 2021]
rule make_MIP_movies_from_trajectories:
    input: /mnt/md0/Hansen Lab Dropbox/DataStorage/Imaging/Fbn2/processed/2021_02_C/2021_03_01_Fbn2_F1RAD21M_488nm_0p5_561nm_0p05_SC8_2X_30z_250nm_780V_365T_20s_2hoursIAA_movie1-01.czi, results/Rad21/2021_03_01_Fbn2_F1RAD21M_488nm_0p5_561nm_0p05_SC8_2X_30z_250nm_780V_365T_20s_2hoursIAA_movie1-01.czi.tracks.csv
    output: results/Rad21/2021_03_01_Fbn2_F1RAD21M_488nm_0p5_561nm_0p05_SC8_2X_30z_250nm_780V_365T_20s_2hoursIAA_movie1-01.czi.movie.mp4
    jobid: 262
    wildcards: group=Rad21, sample=2021_03_01_Fbn2_F1RAD21M_488nm_0p5_561nm_0p05_SC8_2X_30z_250nm_780V_365T_20s_2hoursIAA_movie1-01.czi

Removing output files of failed job make_MIP_movies_from_trajectories since they might be corrupted:
results/Rad21/2021_03_01_Fbn2_F1RAD21M_488nm_0p5_561nm_0p05_SC8_2X_30z_250nm_780V_365T_20s_2hoursIAA_movie1-01.czi.movie.mp4
Job failed, going on with independent jobs.

[Wed May 12 14:56:20 2021]
rule make_MIP_movies_from_trajectories:
    input: /mnt/md0/Hansen Lab Dropbox/DataStorage/Imaging/Fbn2/processed/2021_04_Apr_May/2021_05_03_Fbn2_RAD21_twohoursIAA_488nm_0p5_561nm_0p05_SC8_2X_30z_250nm_780V_365T_20s_movie3-01.czi, results/Rad21/2021_05_03_Fbn2_RAD21_twohoursIAA_488nm_0p5_561nm_0p05_SC8_2X_30z_250nm_780V_365T_20s_movie3-01.czi.tracks.csv
    output: results/Rad21/2021_05_03_Fbn2_RAD21_twohoursIAA_488nm_0p5_561nm_0p05_SC8_2X_30z_250nm_780V_365T_20s_movie3-01.czi.movie.mp4
    jobid: 195
    wildcards: group=Rad21, sample=2021_05_03_Fbn2_RAD21_twohoursIAA_488nm_0p5_561nm_0p05_SC8_2X_30z_250nm_780V_365T_20s_movie3-01.czi

Removing output files of failed job make_MIP_movies_from_trajectories since they might be corrupted:
results/Rad21/2021_05_03_Fbn2_RAD21_twohoursIAA_488nm_0p5_561nm_0p05_SC8_2X_30z_250nm_780V_365T_20s_movie3-01.czi.movie.mp4
Job failed, going on with independent jobs.

[Wed May 12 15:01:35 2021]
rule make_MIP_movies_from_trajectories:
    input: /mnt/md0/Hansen Lab Dropbox/DataStorage/Imaging/Fbn2/processed/2021_02_C/2021_02_23_Fbn2_F1Rad21M_488nm_0p5_561nm_0p05_SC8_2X_30z_250nm_780V_365T_20s_2hoursIAA_movie2-01.czi, results/Rad21/2021_02_23_Fbn2_F1Rad21M_488nm_0p5_561nm_0p05_SC8_2X_30z_250nm_780V_365T_20s_2hoursIAA_movie2-01.czi.tracks.csv
    output: results/Rad21/2021_02_23_Fbn2_F1Rad21M_488nm_0p5_561nm_0p05_SC8_2X_30z_250nm_780V_365T_20s_2hoursIAA_movie2-01.czi.movie.mp4
    jobid: 264
    wildcards: group=Rad21, sample=2021_02_23_Fbn2_F1Rad21M_488nm_0p5_561nm_0p05_SC8_2X_30z_250nm_780V_365T_20s_2hoursIAA_movie2-01.czi

Removing output files of failed job make_MIP_movies_from_trajectories since they might be corrupted:
results/Rad21/2021_02_23_Fbn2_F1Rad21M_488nm_0p5_561nm_0p05_SC8_2X_30z_250nm_780V_365T_20s_2hoursIAA_movie2-01.czi.movie.mp4
Job failed, going on with independent jobs.

[Wed May 12 15:06:38 2021]
rule make_MIP_movies_from_trajectories:
    input: /mnt/md0/Hansen Lab Dropbox/DataStorage/Imaging/Fbn2/processed/2021_04_Apr_May/2021_05_01_Fbn2_RAD21_twohoursIAA_488nm_0p5_561nm_0p05_SC8_2X_30z_250nm_780V_365T_20s_movie2-01.czi, results/Rad21/2021_05_01_Fbn2_RAD21_twohoursIAA_488nm_0p5_561nm_0p05_SC8_2X_30z_250nm_780V_365T_20s_movie2-01.czi.tracks.csv
    output: results/Rad21/2021_05_01_Fbn2_RAD21_twohoursIAA_488nm_0p5_561nm_0p05_SC8_2X_30z_250nm_780V_365T_20s_movie2-01.czi.movie.mp4
    jobid: 212
    wildcards: group=Rad21, sample=2021_05_01_Fbn2_RAD21_twohoursIAA_488nm_0p5_561nm_0p05_SC8_2X_30z_250nm_780V_365T_20s_movie2-01.czi

Removing output files of failed job make_MIP_movies_from_trajectories since they might be corrupted:
results/Rad21/2021_05_01_Fbn2_RAD21_twohoursIAA_488nm_0p5_561nm_0p05_SC8_2X_30z_250nm_780V_365T_20s_movie2-01.czi.movie.mp4
Job failed, going on with independent jobs.

[Wed May 12 15:11:50 2021]
rule make_MIP_movies_from_trajectories:
    input: /mnt/md0/Hansen Lab Dropbox/DataStorage/Imaging/Fbn2/processed/2021_04_Apr_May/2021_04_25_Fbn2_Rad21_twohoursIAA_488nm_0p5_561nm_0p05_SC8_2X_30z_250nm_780V_365T_20s_movie3-01.czi, results/Rad21/2021_04_25_Fbn2_Rad21_twohoursIAA_488nm_0p5_561nm_0p05_SC8_2X_30z_250nm_780V_365T_20s_movie3-01.czi.tracks.csv
    output: results/Rad21/2021_04_25_Fbn2_Rad21_twohoursIAA_488nm_0p5_561nm_0p05_SC8_2X_30z_250nm_780V_365T_20s_movie3-01.czi.movie.mp4
    jobid: 205
    wildcards: group=Rad21, sample=2021_04_25_Fbn2_Rad21_twohoursIAA_488nm_0p5_561nm_0p05_SC8_2X_30z_250nm_780V_365T_20s_movie3-01.czi

Removing output files of failed job make_MIP_movies_from_trajectories since they might be corrupted:
results/Rad21/2021_04_25_Fbn2_Rad21_twohoursIAA_488nm_0p5_561nm_0p05_SC8_2X_30z_250nm_780V_365T_20s_movie3-01.czi.movie.mp4
Job failed, going on with independent jobs.

[Wed May 12 15:17:12 2021]
rule make_MIP_movies_from_trajectories:
    input: /mnt/md0/Hansen Lab Dropbox/DataStorage/Imaging/Fbn2/processed/2021_02_C/2021_02_26_Fbn2_F1RAD21M_488nm_0p5_561nm_0p05_SC8_2X_30z_250nm_780V_365T_20s_4hoursIAA_movie1-01.czi, results/Rad21/2021_02_26_Fbn2_F1RAD21M_488nm_0p5_561nm_0p05_SC8_2X_30z_250nm_780V_365T_20s_4hoursIAA_movie1-01.czi.tracks.csv
    output: results/Rad21/2021_02_26_Fbn2_F1RAD21M_488nm_0p5_561nm_0p05_SC8_2X_30z_250nm_780V_365T_20s_4hoursIAA_movie1-01.czi.movie.mp4
    jobid: 244
    wildcards: group=Rad21, sample=2021_02_26_Fbn2_F1RAD21M_488nm_0p5_561nm_0p05_SC8_2X_30z_250nm_780V_365T_20s_4hoursIAA_movie1-01.czi

[Wed May 12 15:22:09 2021]
Finished job 244.
21 of 75 steps (28%) done

[Wed May 12 15:22:09 2021]
rule make_MIP_movies_from_trajectories:
    input: /mnt/md0/Hansen Lab Dropbox/DataStorage/Imaging/Fbn2/processed/2021_02_C/2021_02_22_Fbn2_F1Rad21M_488nm_0p5_561nm_0p05_SC8_2X_30z_250nm_780V_365T_20s_noIAA_movie1-02.czi, results/Rad21/2021_02_22_Fbn2_F1Rad21M_488nm_0p5_561nm_0p05_SC8_2X_30z_250nm_780V_365T_20s_noIAA_movie1-02.czi.tracks.csv
    output: results/Rad21/2021_02_22_Fbn2_F1Rad21M_488nm_0p5_561nm_0p05_SC8_2X_30z_250nm_780V_365T_20s_noIAA_movie1-02.czi.movie.mp4
    jobid: 248
    wildcards: group=Rad21, sample=2021_02_22_Fbn2_F1Rad21M_488nm_0p5_561nm_0p05_SC8_2X_30z_250nm_780V_365T_20s_noIAA_movie1-02.czi

[Wed May 12 15:26:55 2021]
Finished job 248.
22 of 75 steps (29%) done

[Wed May 12 15:26:55 2021]
rule make_MIP_movies_from_trajectories:
    input: /mnt/md0/Hansen Lab Dropbox/DataStorage/Imaging/Fbn2/processed/2021_04_Apr_May/2021_05_01_Fbn2_RAD21_twohoursIAA_488nm_0p5_561nm_0p05_SC8_2X_30z_250nm_780V_365T_20s_movie1-01.czi, results/Rad21/2021_05_01_Fbn2_RAD21_twohoursIAA_488nm_0p5_561nm_0p05_SC8_2X_30z_250nm_780V_365T_20s_movie1-01.czi.tracks.csv
    output: results/Rad21/2021_05_01_Fbn2_RAD21_twohoursIAA_488nm_0p5_561nm_0p05_SC8_2X_30z_250nm_780V_365T_20s_movie1-01.czi.movie.mp4
    jobid: 194
    wildcards: group=Rad21, sample=2021_05_01_Fbn2_RAD21_twohoursIAA_488nm_0p5_561nm_0p05_SC8_2X_30z_250nm_780V_365T_20s_movie1-01.czi

Removing output files of failed job make_MIP_movies_from_trajectories since they might be corrupted:
results/Rad21/2021_05_01_Fbn2_RAD21_twohoursIAA_488nm_0p5_561nm_0p05_SC8_2X_30z_250nm_780V_365T_20s_movie1-01.czi.movie.mp4
Job failed, going on with independent jobs.

[Wed May 12 15:32:06 2021]
rule make_MIP_movies_from_trajectories:
    input: /mnt/md0/Hansen Lab Dropbox/DataStorage/Imaging/Fbn2/processed/2021_02_B/2021_03_03_Fbn2_F1RAD21M_488nm_0p5_561nm_0p05_SC8_2X_30z_250nm_780V_365T_20s_2hoursIAA_movie2-01.czi, results/Rad21/2021_03_03_Fbn2_F1RAD21M_488nm_0p5_561nm_0p05_SC8_2X_30z_250nm_780V_365T_20s_2hoursIAA_movie2-01.czi.tracks.csv
    output: results/Rad21/2021_03_03_Fbn2_F1RAD21M_488nm_0p5_561nm_0p05_SC8_2X_30z_250nm_780V_365T_20s_2hoursIAA_movie2-01.czi.movie.mp4
    jobid: 336
    wildcards: group=Rad21, sample=2021_03_03_Fbn2_F1RAD21M_488nm_0p5_561nm_0p05_SC8_2X_30z_250nm_780V_365T_20s_2hoursIAA_movie2-01.czi

Removing output files of failed job make_MIP_movies_from_trajectories since they might be corrupted:
results/Rad21/2021_03_03_Fbn2_F1RAD21M_488nm_0p5_561nm_0p05_SC8_2X_30z_250nm_780V_365T_20s_2hoursIAA_movie2-01.czi.movie.mp4
Job failed, going on with independent jobs.

[Wed May 12 15:37:08 2021]
rule make_MIP_movies_from_trajectories:
    input: /mnt/md0/Hansen Lab Dropbox/DataStorage/Imaging/Fbn2/processed/2021_02_B/2021_03_03_Fbn2_F1RAD21M_488nm_0p5_561nm_0p05_SC8_2X_30z_250nm_780V_365T_20s_4hoursIAA_movie2-01.czi, results/Rad21/2021_03_03_Fbn2_F1RAD21M_488nm_0p5_561nm_0p05_SC8_2X_30z_250nm_780V_365T_20s_4hoursIAA_movie2-01.czi.tracks.csv
    output: results/Rad21/2021_03_03_Fbn2_F1RAD21M_488nm_0p5_561nm_0p05_SC8_2X_30z_250nm_780V_365T_20s_4hoursIAA_movie2-01.czi.movie.mp4
    jobid: 333
    wildcards: group=Rad21, sample=2021_03_03_Fbn2_F1RAD21M_488nm_0p5_561nm_0p05_SC8_2X_30z_250nm_780V_365T_20s_4hoursIAA_movie2-01.czi

Removing output files of failed job make_MIP_movies_from_trajectories since they might be corrupted:
results/Rad21/2021_03_03_Fbn2_F1RAD21M_488nm_0p5_561nm_0p05_SC8_2X_30z_250nm_780V_365T_20s_4hoursIAA_movie2-01.czi.movie.mp4
Job failed, going on with independent jobs.

[Wed May 12 15:42:04 2021]
rule make_MIP_movies_from_trajectories:
    input: /mnt/md0/Hansen Lab Dropbox/DataStorage/Imaging/Fbn2/processed/2021_02_C/2021_02_23_Fbn2_F1Rad21M_488nm_0p5_561nm_0p05_SC8_2X_30z_250nm_780V_365T_20s_2hoursIAA_movie1-01.czi, results/Rad21/2021_02_23_Fbn2_F1Rad21M_488nm_0p5_561nm_0p05_SC8_2X_30z_250nm_780V_365T_20s_2hoursIAA_movie1-01.czi.tracks.csv
    output: results/Rad21/2021_02_23_Fbn2_F1Rad21M_488nm_0p5_561nm_0p05_SC8_2X_30z_250nm_780V_365T_20s_2hoursIAA_movie1-01.czi.movie.mp4
    jobid: 270
    wildcards: group=Rad21, sample=2021_02_23_Fbn2_F1Rad21M_488nm_0p5_561nm_0p05_SC8_2X_30z_250nm_780V_365T_20s_2hoursIAA_movie1-01.czi

Removing output files of failed job make_MIP_movies_from_trajectories since they might be corrupted:
results/Rad21/2021_02_23_Fbn2_F1Rad21M_488nm_0p5_561nm_0p05_SC8_2X_30z_250nm_780V_365T_20s_2hoursIAA_movie1-01.czi.movie.mp4
Job failed, going on with independent jobs.

[Wed May 12 15:47:08 2021]
rule make_MIP_movies_from_trajectories:
    input: /mnt/md0/Hansen Lab Dropbox/DataStorage/Imaging/Fbn2/processed/2021_04_Apr_May/2021_04_29_Fbn2_Rad21F1M_twohoursIAA_488nm_0p5_561nm_0p05_SC8_2X_30z_250nm_780V_365T_20s_movie3-01.czi, results/Rad21/2021_04_29_Fbn2_Rad21F1M_twohoursIAA_488nm_0p5_561nm_0p05_SC8_2X_30z_250nm_780V_365T_20s_movie3-01.czi.tracks.csv
    output: results/Rad21/2021_04_29_Fbn2_Rad21F1M_twohoursIAA_488nm_0p5_561nm_0p05_SC8_2X_30z_250nm_780V_365T_20s_movie3-01.czi.movie.mp4
    jobid: 211
    wildcards: group=Rad21, sample=2021_04_29_Fbn2_Rad21F1M_twohoursIAA_488nm_0p5_561nm_0p05_SC8_2X_30z_250nm_780V_365T_20s_movie3-01.czi

Removing output files of failed job make_MIP_movies_from_trajectories since they might be corrupted:
results/Rad21/2021_04_29_Fbn2_Rad21F1M_twohoursIAA_488nm_0p5_561nm_0p05_SC8_2X_30z_250nm_780V_365T_20s_movie3-01.czi.movie.mp4
Job failed, going on with independent jobs.

[Wed May 12 15:52:37 2021]
rule make_MIP_movies_from_trajectories:
    input: /mnt/md0/Hansen Lab Dropbox/DataStorage/Imaging/Fbn2/processed/2021_02_C/2021_02_26_Fbn2_F1RAD21M_488nm_0p5_561nm_0p05_SC8_2X_30z_250nm_780V_365T_20s_2hoursIAA_movie1-02.czi, results/Rad21/2021_02_26_Fbn2_F1RAD21M_488nm_0p5_561nm_0p05_SC8_2X_30z_250nm_780V_365T_20s_2hoursIAA_movie1-02.czi.tracks.csv
    output: results/Rad21/2021_02_26_Fbn2_F1RAD21M_488nm_0p5_561nm_0p05_SC8_2X_30z_250nm_780V_365T_20s_2hoursIAA_movie1-02.czi.movie.mp4
    jobid: 249
    wildcards: group=Rad21, sample=2021_02_26_Fbn2_F1RAD21M_488nm_0p5_561nm_0p05_SC8_2X_30z_250nm_780V_365T_20s_2hoursIAA_movie1-02.czi

Removing output files of failed job make_MIP_movies_from_trajectories since they might be corrupted:
results/Rad21/2021_02_26_Fbn2_F1RAD21M_488nm_0p5_561nm_0p05_SC8_2X_30z_250nm_780V_365T_20s_2hoursIAA_movie1-02.czi.movie.mp4
Job failed, going on with independent jobs.

[Wed May 12 15:57:47 2021]
rule make_MIP_movies_from_trajectories:
    input: /mnt/md0/Hansen Lab Dropbox/DataStorage/Imaging/Fbn2/processed/2021_02_C/2021_02_25_Fbn2_F1RAD21M_488nm_0p5_561nm_0p05_SC8_2X_30z_250nm_780V_365T_20s_2hoursIAA_movie1-01.czi, results/Rad21/2021_02_25_Fbn2_F1RAD21M_488nm_0p5_561nm_0p05_SC8_2X_30z_250nm_780V_365T_20s_2hoursIAA_movie1-01.czi.tracks.csv
    output: results/Rad21/2021_02_25_Fbn2_F1RAD21M_488nm_0p5_561nm_0p05_SC8_2X_30z_250nm_780V_365T_20s_2hoursIAA_movie1-01.czi.movie.mp4
    jobid: 241
    wildcards: group=Rad21, sample=2021_02_25_Fbn2_F1RAD21M_488nm_0p5_561nm_0p05_SC8_2X_30z_250nm_780V_365T_20s_2hoursIAA_movie1-01.czi

[Wed May 12 16:02:33 2021]
Finished job 241.
23 of 75 steps (31%) done

[Wed May 12 16:02:33 2021]
rule make_MIP_movies_from_trajectories:
    input: /mnt/md0/Hansen Lab Dropbox/DataStorage/Imaging/Fbn2/processed/2021_02_C/2021_02_28_Fbn2_F1RAD21M_488nm_0p5_561nm_0p05_SC8_2X_30z_250nm_780V_365T_20s_4hoursIAA_movie2-01.czi, results/Rad21/2021_02_28_Fbn2_F1RAD21M_488nm_0p5_561nm_0p05_SC8_2X_30z_250nm_780V_365T_20s_4hoursIAA_movie2-01.czi.tracks.csv
    output: results/Rad21/2021_02_28_Fbn2_F1RAD21M_488nm_0p5_561nm_0p05_SC8_2X_30z_250nm_780V_365T_20s_4hoursIAA_movie2-01.czi.movie.mp4
    jobid: 252
    wildcards: group=Rad21, sample=2021_02_28_Fbn2_F1RAD21M_488nm_0p5_561nm_0p05_SC8_2X_30z_250nm_780V_365T_20s_4hoursIAA_movie2-01.czi

[Wed May 12 16:07:23 2021]
Finished job 252.
24 of 75 steps (32%) done

[Wed May 12 16:07:23 2021]
rule make_MIP_movies_from_trajectories:
    input: /mnt/md0/Hansen Lab Dropbox/DataStorage/Imaging/Fbn2/processed/2021_02_C/2021_02_28_Fbn2_F1RAD21M_488nm_0p5_561nm_0p05_SC8_2X_30z_250nm_780V_365T_20s_2hoursIAA_movie2-01.czi, results/Rad21/2021_02_28_Fbn2_F1RAD21M_488nm_0p5_561nm_0p05_SC8_2X_30z_250nm_780V_365T_20s_2hoursIAA_movie2-01.czi.tracks.csv
    output: results/Rad21/2021_02_28_Fbn2_F1RAD21M_488nm_0p5_561nm_0p05_SC8_2X_30z_250nm_780V_365T_20s_2hoursIAA_movie2-01.czi.movie.mp4
    jobid: 246
    wildcards: group=Rad21, sample=2021_02_28_Fbn2_F1RAD21M_488nm_0p5_561nm_0p05_SC8_2X_30z_250nm_780V_365T_20s_2hoursIAA_movie2-01.czi

Removing output files of failed job make_MIP_movies_from_trajectories since they might be corrupted:
results/Rad21/2021_02_28_Fbn2_F1RAD21M_488nm_0p5_561nm_0p05_SC8_2X_30z_250nm_780V_365T_20s_2hoursIAA_movie2-01.czi.movie.mp4
Job failed, going on with independent jobs.

[Wed May 12 16:12:14 2021]
rule make_MIP_movies_from_trajectories:
    input: /mnt/md0/Hansen Lab Dropbox/DataStorage/Imaging/Fbn2/processed/2021_02_C/2021_02_28_Fbn2_F1RAD21M_488nm_0p5_561nm_0p05_SC8_2X_30z_250nm_780V_365T_20s_noIAA_movie1-01.czi, results/Rad21/2021_02_28_Fbn2_F1RAD21M_488nm_0p5_561nm_0p05_SC8_2X_30z_250nm_780V_365T_20s_noIAA_movie1-01.czi.tracks.csv
    output: results/Rad21/2021_02_28_Fbn2_F1RAD21M_488nm_0p5_561nm_0p05_SC8_2X_30z_250nm_780V_365T_20s_noIAA_movie1-01.czi.movie.mp4
    jobid: 271
    wildcards: group=Rad21, sample=2021_02_28_Fbn2_F1RAD21M_488nm_0p5_561nm_0p05_SC8_2X_30z_250nm_780V_365T_20s_noIAA_movie1-01.czi

[Wed May 12 16:17:08 2021]
Finished job 271.
25 of 75 steps (33%) done

[Wed May 12 16:17:08 2021]
rule make_MIP_movies_from_trajectories:
    input: /mnt/md0/Hansen Lab Dropbox/DataStorage/Imaging/Fbn2/processed/2021_02_B/2021_03_02_Fbn2_F1RAD21M_488nm_0p5_561nm_0p05_SC8_2X_30z_250nm_780V_365T_20s_noIAA_movie1-01.czi, results/Rad21/2021_03_02_Fbn2_F1RAD21M_488nm_0p5_561nm_0p05_SC8_2X_30z_250nm_780V_365T_20s_noIAA_movie1-01.czi.tracks.csv
    output: results/Rad21/2021_03_02_Fbn2_F1RAD21M_488nm_0p5_561nm_0p05_SC8_2X_30z_250nm_780V_365T_20s_noIAA_movie1-01.czi.movie.mp4
    jobid: 334
    wildcards: group=Rad21, sample=2021_03_02_Fbn2_F1RAD21M_488nm_0p5_561nm_0p05_SC8_2X_30z_250nm_780V_365T_20s_noIAA_movie1-01.czi

[Wed May 12 16:21:53 2021]
Finished job 334.
26 of 75 steps (35%) done

[Wed May 12 16:21:53 2021]
rule get_trajectories_from_timeseries:
    input: /mnt/md0/Hansen Lab Dropbox/DataStorage/Imaging/Fbn2/processed/2021_01_A/2021_01_29_Fbn2_Rad21F1M__noIAA_488nm_0p5_561nm_0p05_SC8_2X_30z_250nm_780V_365T_20s_movie1-01__processed_low.czi
    output: results/Rad21/2021_01_29_Fbn2_Rad21F1M__noIAA_488nm_0p5_561nm_0p05_SC8_2X_30z_250nm_780V_365T_20s_movie1-01__processed_low.czi.tracks.csv, results/Rad21/2021_01_29_Fbn2_Rad21F1M__noIAA_488nm_0p5_561nm_0p05_SC8_2X_30z_250nm_780V_365T_20s_movie1-01__processed_low.czi.dot_volumes.pkl
    jobid: 32
    wildcards: group=Rad21, sample=2021_01_29_Fbn2_Rad21F1M__noIAA_488nm_0p5_561nm_0p05_SC8_2X_30z_250nm_780V_365T_20s_movie1-01__processed_low.czi
    resources: mem_gb=200

Terminating processes on user request, this might take some time.
Job failed, going on with independent jobs.
Cancelling snakemake on user request.
