Building DAG of jobs...
Using shell: /bin/bash
Provided cores: 10
Rules claiming more threads will be scaled down.
Provided resources: mem_mb=240
Job counts:
	count	jobs
	1	all
	11	get_bead_localizations
	12

[Tue May 11 16:35:31 2021]
rule get_bead_localizations:
    input: /mnt/md0/Hansen Lab Dropbox/DataStorage/Imaging/Fbn2/processed/2021_05_B/2021_05_07_PSFCHECK_488nm_4p5_561nm_5p0_SC7_2X_20z_160nm_780V_10T_0s_movie7-01.czi
    output: results/PSFCheck/2021_05_07_PSFCHECK_488nm_4p5_561nm_5p0_SC7_2X_20z_160nm_780V_10T_0s_movie7-01.czi.localizations.csv
    jobid: 535
    wildcards: group=PSFCheck, sample=2021_05_07_PSFCHECK_488nm_4p5_561nm_5p0_SC7_2X_20z_160nm_780V_10T_0s_movie7-01.czi
    resources: mem_gb=50

[Tue May 11 16:35:31 2021]
rule get_bead_localizations:
    input: /mnt/md0/Hansen Lab Dropbox/DataStorage/Imaging/Fbn2/processed/2020_09_A/2020_10_01_BEADS_488nm_1p5_561nm_1p5_SC8_2X_20z_160nm_780V_20T_0s_movie1-01_processed_low.czi
    output: results/beads/2020_10_01_BEADS_488nm_1p5_561nm_1p5_SC8_2X_20z_160nm_780V_20T_0s_movie1-01_processed_low.czi.localizations.csv
    jobid: 327
    wildcards: group=beads, sample=2020_10_01_BEADS_488nm_1p5_561nm_1p5_SC8_2X_20z_160nm_780V_20T_0s_movie1-01_processed_low.czi
    resources: mem_gb=50

[Tue May 11 16:35:31 2021]
rule get_bead_localizations:
    input: /mnt/md0/Hansen Lab Dropbox/DataStorage/Imaging/Fbn2/processed/2021_05_B/2021_05_07_PSFCHECK_488nm_4p5_561nm_5p0_SC7_2X_20z_160nm_780V_10T_0s_movie8-01.czi
    output: results/PSFCheck/2021_05_07_PSFCHECK_488nm_4p5_561nm_5p0_SC7_2X_20z_160nm_780V_10T_0s_movie8-01.czi.localizations.csv
    jobid: 537
    wildcards: group=PSFCheck, sample=2021_05_07_PSFCHECK_488nm_4p5_561nm_5p0_SC7_2X_20z_160nm_780V_10T_0s_movie8-01.czi
    resources: mem_gb=50

[Tue May 11 16:35:31 2021]
rule get_bead_localizations:
    input: /mnt/md0/Hansen Lab Dropbox/DataStorage/Imaging/Fbn2/processed/2021_05_B/2021_05_07_PSFCHECK_488nm_4p5_561nm_5p0_SC7_2X_20z_160nm_780V_10T_0s_movie5-01.czi
    output: results/PSFCheck/2021_05_07_PSFCHECK_488nm_4p5_561nm_5p0_SC7_2X_20z_160nm_780V_10T_0s_movie5-01.czi.localizations.csv
    jobid: 538
    wildcards: group=PSFCheck, sample=2021_05_07_PSFCHECK_488nm_4p5_561nm_5p0_SC7_2X_20z_160nm_780V_10T_0s_movie5-01.czi
    resources: mem_gb=50

[Tue May 11 16:35:31 2021]
rule get_bead_localizations:
    input: /mnt/md0/Hansen Lab Dropbox/DataStorage/Imaging/Fbn2/processed/2021_05_B/2021_05_07_PSFCHECK_488nm_4p5_561nm_5p0_SC7_2X_20z_160nm_780V_10T_0s_movie4-01.czi
    output: results/PSFCheck/2021_05_07_PSFCHECK_488nm_4p5_561nm_5p0_SC7_2X_20z_160nm_780V_10T_0s_movie4-01.czi.localizations.csv
    jobid: 532
    wildcards: group=PSFCheck, sample=2021_05_07_PSFCHECK_488nm_4p5_561nm_5p0_SC7_2X_20z_160nm_780V_10T_0s_movie4-01.czi
    resources: mem_gb=50

[Tue May 11 16:35:31 2021]
rule get_bead_localizations:
    input: /mnt/md0/Hansen Lab Dropbox/DataStorage/Imaging/Fbn2/processed/2021_05_B/2021_05_07_PSFCHECK_488nm_4p5_561nm_5p0_SC7_2X_20z_160nm_780V_10T_0s_movie10-01.czi
    output: results/PSFCheck/2021_05_07_PSFCHECK_488nm_4p5_561nm_5p0_SC7_2X_20z_160nm_780V_10T_0s_movie10-01.czi.localizations.csv
    jobid: 534
    wildcards: group=PSFCheck, sample=2021_05_07_PSFCHECK_488nm_4p5_561nm_5p0_SC7_2X_20z_160nm_780V_10T_0s_movie10-01.czi
    resources: mem_gb=50

[Tue May 11 16:35:31 2021]
rule get_bead_localizations:
    input: /mnt/md0/Hansen Lab Dropbox/DataStorage/Imaging/Fbn2/processed/2021_05_B/2021_05_07_PSFCHECK_488nm_4p5_561nm_5p0_SC7_2X_20z_160nm_780V_10T_0s_movie2-01.czi
    output: results/PSFCheck/2021_05_07_PSFCHECK_488nm_4p5_561nm_5p0_SC7_2X_20z_160nm_780V_10T_0s_movie2-01.czi.localizations.csv
    jobid: 536
    wildcards: group=PSFCheck, sample=2021_05_07_PSFCHECK_488nm_4p5_561nm_5p0_SC7_2X_20z_160nm_780V_10T_0s_movie2-01.czi
    resources: mem_gb=50

[Tue May 11 16:35:31 2021]
rule get_bead_localizations:
    input: /mnt/md0/Hansen Lab Dropbox/DataStorage/Imaging/Fbn2/processed/2021_05_B/2021_05_07_PSFCHECK_488nm_4p5_561nm_5p0_SC7_2X_20z_160nm_780V_10T_0s_movie3-01.czi
    output: results/PSFCheck/2021_05_07_PSFCHECK_488nm_4p5_561nm_5p0_SC7_2X_20z_160nm_780V_10T_0s_movie3-01.czi.localizations.csv
    jobid: 539
    wildcards: group=PSFCheck, sample=2021_05_07_PSFCHECK_488nm_4p5_561nm_5p0_SC7_2X_20z_160nm_780V_10T_0s_movie3-01.czi
    resources: mem_gb=50

[Tue May 11 16:35:31 2021]
rule get_bead_localizations:
    input: /mnt/md0/Hansen Lab Dropbox/DataStorage/Imaging/Fbn2/processed/2021_05_B/2021_05_07_PSFCHECK_488nm_4p5_561nm_5p0_SC7_2X_20z_160nm_780V_10T_0s_movie9-01.czi
    output: results/PSFCheck/2021_05_07_PSFCHECK_488nm_4p5_561nm_5p0_SC7_2X_20z_160nm_780V_10T_0s_movie9-01.czi.localizations.csv
    jobid: 531
    wildcards: group=PSFCheck, sample=2021_05_07_PSFCHECK_488nm_4p5_561nm_5p0_SC7_2X_20z_160nm_780V_10T_0s_movie9-01.czi
    resources: mem_gb=50

[Tue May 11 16:35:31 2021]
rule get_bead_localizations:
    input: /mnt/md0/Hansen Lab Dropbox/DataStorage/Imaging/Fbn2/processed/2021_05_B/2021_05_07_PSFCHECK_488nm_4p5_561nm_5p0_SC7_2X_20z_160nm_780V_10T_0s_movie6-01.czi
    output: results/PSFCheck/2021_05_07_PSFCHECK_488nm_4p5_561nm_5p0_SC7_2X_20z_160nm_780V_10T_0s_movie6-01.czi.localizations.csv
    jobid: 533
    wildcards: group=PSFCheck, sample=2021_05_07_PSFCHECK_488nm_4p5_561nm_5p0_SC7_2X_20z_160nm_780V_10T_0s_movie6-01.czi
    resources: mem_gb=50

Job failed, going on with independent jobs.

[Tue May 11 16:35:34 2021]
rule get_bead_localizations:
    input: /mnt/md0/Hansen Lab Dropbox/DataStorage/Imaging/Fbn2/processed/2021_05_B/2021_05_07_PSFCHECK_488nm_4p5_561nm_5p0_SC7_2X_20z_160nm_780V_10T_0s_movie1-01.czi
    output: results/PSFCheck/2021_05_07_PSFCHECK_488nm_4p5_561nm_5p0_SC7_2X_20z_160nm_780V_10T_0s_movie1-01.czi.localizations.csv
    jobid: 530
    wildcards: group=PSFCheck, sample=2021_05_07_PSFCHECK_488nm_4p5_561nm_5p0_SC7_2X_20z_160nm_780V_10T_0s_movie1-01.czi
    resources: mem_gb=50

[Tue May 11 16:35:46 2021]
Finished job 536.
1 of 12 steps (8%) done
[Tue May 11 16:35:47 2021]
Finished job 533.
2 of 12 steps (17%) done
[Tue May 11 16:35:48 2021]
Finished job 539.
3 of 12 steps (25%) done
[Tue May 11 16:35:49 2021]
Finished job 530.
4 of 12 steps (33%) done
[Tue May 11 16:35:50 2021]
Finished job 535.
5 of 12 steps (42%) done
[Tue May 11 16:35:50 2021]
Finished job 538.
6 of 12 steps (50%) done
[Tue May 11 16:35:50 2021]
Finished job 532.
7 of 12 steps (58%) done
[Tue May 11 16:35:51 2021]
Finished job 531.
8 of 12 steps (67%) done
[Tue May 11 16:35:51 2021]
Finished job 537.
9 of 12 steps (75%) done
[Tue May 11 16:35:51 2021]
Finished job 534.
10 of 12 steps (83%) done
Exiting because a job execution failed. Look above for error message
Complete log: /home/hbrandao/libs/data_analysis_Fbn2/snakemake/workflow/.snakemake/log/2021-05-11T163530.750687.snakemake.log
