Building DAG of jobs...
Using shell: /bin/bash
Provided cores: 10
Rules claiming more threads will be scaled down.
Provided resources: mem_mb=240
Job counts:
	count	jobs
	1	all
	114	get_bead_localizations
	115

[Tue May 11 01:40:00 2021]
rule get_bead_localizations:
    input: /mnt/md0/Hansen Lab Dropbox/DataStorage/Imaging/Fbn2/processed/2021_04_Apr_May/2021_04_25_BeadSandwitch_488nm_1p5_561nm_1p5_SC8_2X_80z_160nm_780V_10T_0s_movie3-01.czi
    output: results/beads/2021_04_25_BeadSandwitch_488nm_1p5_561nm_1p5_SC8_2X_80z_160nm_780V_10T_0s_movie3-01.czi.localizations.csv
    jobid: 47
    wildcards: group=beads, sample=2021_04_25_BeadSandwitch_488nm_1p5_561nm_1p5_SC8_2X_80z_160nm_780V_10T_0s_movie3-01.czi
    resources: mem_gb=50

[Tue May 11 01:40:00 2021]
rule get_bead_localizations:
    input: /mnt/md0/Hansen Lab Dropbox/DataStorage/Imaging/Fbn2/processed/2020_11_A/2020_11_16_BeadSandwich_488nm_1p5_561nm_1p5_SC8_2X_80z_160nm_780V_10T_0s_movie1-02_processed_low.czi
    output: results/beads/2020_11_16_BeadSandwich_488nm_1p5_561nm_1p5_SC8_2X_80z_160nm_780V_10T_0s_movie1-02_processed_low.czi.localizations.csv
    jobid: 453
    wildcards: group=beads, sample=2020_11_16_BeadSandwich_488nm_1p5_561nm_1p5_SC8_2X_80z_160nm_780V_10T_0s_movie1-02_processed_low.czi
    resources: mem_gb=50

[Tue May 11 01:40:00 2021]
rule get_bead_localizations:
    input: /mnt/md0/Hansen Lab Dropbox/DataStorage/Imaging/Fbn2/processed/2020_10_A/2020_10_18_BeadSandwich_488nm_1p5_561nm_1p55_SC8_2X_80z_160nm_780V_10T_00s_movie5-01_processed_low.czi
    output: results/beads/2020_10_18_BeadSandwich_488nm_1p5_561nm_1p55_SC8_2X_80z_160nm_780V_10T_00s_movie5-01_processed_low.czi.localizations.csv
    jobid: 361
    wildcards: group=beads, sample=2020_10_18_BeadSandwich_488nm_1p5_561nm_1p55_SC8_2X_80z_160nm_780V_10T_00s_movie5-01_processed_low.czi
    resources: mem_gb=50

[Tue May 11 01:40:00 2021]
rule get_bead_localizations:
    input: /mnt/md0/Hansen Lab Dropbox/DataStorage/Imaging/Fbn2/processed/2020_08_A/2020_09_04_BeadSandwich_488nm_1p7_561nm_1p7_SC8_2X_80z_160nm_780V_10T_0s_movie15-01_processed_low.czi
    output: results/beads/2020_09_04_BeadSandwich_488nm_1p7_561nm_1p7_SC8_2X_80z_160nm_780V_10T_0s_movie15-01_processed_low.czi.localizations.csv
    jobid: 279
    wildcards: group=beads, sample=2020_09_04_BeadSandwich_488nm_1p7_561nm_1p7_SC8_2X_80z_160nm_780V_10T_0s_movie15-01_processed_low.czi
    resources: mem_gb=50

[Tue May 11 01:40:00 2021]
rule get_bead_localizations:
    input: /mnt/md0/Hansen Lab Dropbox/DataStorage/Imaging/Fbn2/processed/2020_10_A/2020_10_18_BeadSandwich_488nm_1p5_561nm_1p55_SC8_2X_80z_160nm_780V_10T_00s_movie3-01_processed_low.czi
    output: results/beads/2020_10_18_BeadSandwich_488nm_1p5_561nm_1p55_SC8_2X_80z_160nm_780V_10T_00s_movie3-01_processed_low.czi.localizations.csv
    jobid: 391
    wildcards: group=beads, sample=2020_10_18_BeadSandwich_488nm_1p5_561nm_1p55_SC8_2X_80z_160nm_780V_10T_00s_movie3-01_processed_low.czi
    resources: mem_gb=50

[Tue May 11 01:40:00 2021]
rule get_bead_localizations:
    input: /mnt/md0/Hansen Lab Dropbox/DataStorage/Imaging/Fbn2/processed/2020_08_A/2020_09_04_BeadSandwich_488nm_1p7_561nm_1p7_SC8_2X_80z_160nm_780V_10T_0s_movie11-01_processed_low.czi
    output: results/beads/2020_09_04_BeadSandwich_488nm_1p7_561nm_1p7_SC8_2X_80z_160nm_780V_10T_0s_movie11-01_processed_low.czi.localizations.csv
    jobid: 239
    wildcards: group=beads, sample=2020_09_04_BeadSandwich_488nm_1p7_561nm_1p7_SC8_2X_80z_160nm_780V_10T_0s_movie11-01_processed_low.czi
    resources: mem_gb=50

[Tue May 11 01:40:00 2021]
rule get_bead_localizations:
    input: /mnt/md0/Hansen Lab Dropbox/DataStorage/Imaging/Fbn2/processed/2020_10_B/2020_11_02_BeadSandwich_488nm_1p5_561nm_1p5_SC8_2X_80z_160nm_780V_10T_0s_movie1-01_processed_low.czi
    output: results/beads/2020_11_02_BeadSandwich_488nm_1p5_561nm_1p5_SC8_2X_80z_160nm_780V_10T_0s_movie1-01_processed_low.czi.localizations.csv
    jobid: 351
    wildcards: group=beads, sample=2020_11_02_BeadSandwich_488nm_1p5_561nm_1p5_SC8_2X_80z_160nm_780V_10T_0s_movie1-01_processed_low.czi
    resources: mem_gb=50

[Tue May 11 01:40:00 2021]
rule get_bead_localizations:
    input: /mnt/md0/Hansen Lab Dropbox/DataStorage/Imaging/Fbn2/processed/2020_08_A/2020_09_04_BeadSandwich_488nm_1p7_561nm_1p7_SC8_2X_80z_160nm_780V_10T_0s_movie10-01_processed_low.czi
    output: results/beads/2020_09_04_BeadSandwich_488nm_1p7_561nm_1p7_SC8_2X_80z_160nm_780V_10T_0s_movie10-01_processed_low.czi.localizations.csv
    jobid: 274
    wildcards: group=beads, sample=2020_09_04_BeadSandwich_488nm_1p7_561nm_1p7_SC8_2X_80z_160nm_780V_10T_0s_movie10-01_processed_low.czi
    resources: mem_gb=50

[Tue May 11 01:40:00 2021]
rule get_bead_localizations:
    input: /mnt/md0/Hansen Lab Dropbox/DataStorage/Imaging/Fbn2/processed/2021_04_Apr_May/2021_05_02_BeadSandwitch_488nm_1p5_561nm_1p5_SC8_2X_80z_160nm_780V_10T_0s_movie3-01.czi
    output: results/beads/2021_05_02_BeadSandwitch_488nm_1p5_561nm_1p5_SC8_2X_80z_160nm_780V_10T_0s_movie3-01.czi.localizations.csv
    jobid: 62
    wildcards: group=beads, sample=2021_05_02_BeadSandwitch_488nm_1p5_561nm_1p5_SC8_2X_80z_160nm_780V_10T_0s_movie3-01.czi
    resources: mem_gb=50

[Tue May 11 01:40:00 2021]
rule get_bead_localizations:
    input: /mnt/md0/Hansen Lab Dropbox/DataStorage/Imaging/Fbn2/processed/2021_04_Apr_May/2021_05_02_BeadSandwitch_488nm_1p5_561nm_1p5_SC8_2X_80z_160nm_780V_10T_0s_movie1-01.czi
    output: results/beads/2021_05_02_BeadSandwitch_488nm_1p5_561nm_1p5_SC8_2X_80z_160nm_780V_10T_0s_movie1-01.czi.localizations.csv
    jobid: 50
    wildcards: group=beads, sample=2021_05_02_BeadSandwitch_488nm_1p5_561nm_1p5_SC8_2X_80z_160nm_780V_10T_0s_movie1-01.czi
    resources: mem_gb=50

[Tue May 11 01:41:38 2021]
Finished job 279.
1 of 115 steps (0.87%) done

[Tue May 11 01:41:38 2021]
rule get_bead_localizations:
    input: /mnt/md0/Hansen Lab Dropbox/DataStorage/Imaging/Fbn2/processed/2020_11_A/2020_11_16_BeadSandwich_488nm_1p5_561nm_1p5_SC8_2X_80z_160nm_780V_10T_0s_movie2-01_processed_low.czi
    output: results/beads/2020_11_16_BeadSandwich_488nm_1p5_561nm_1p5_SC8_2X_80z_160nm_780V_10T_0s_movie2-01_processed_low.czi.localizations.csv
    jobid: 447
    wildcards: group=beads, sample=2020_11_16_BeadSandwich_488nm_1p5_561nm_1p5_SC8_2X_80z_160nm_780V_10T_0s_movie2-01_processed_low.czi
    resources: mem_gb=50

[Tue May 11 01:42:46 2021]
Finished job 453.
2 of 115 steps (2%) done

[Tue May 11 01:42:46 2021]
rule get_bead_localizations:
    input: /mnt/md0/Hansen Lab Dropbox/DataStorage/Imaging/Fbn2/processed/2020_10_A/2020_10_18_BeadSandwich_488nm_1p5_561nm_1p55_SC8_2X_80z_160nm_780V_10T_00s_movie4-01_processed_low.czi
    output: results/beads/2020_10_18_BeadSandwich_488nm_1p5_561nm_1p55_SC8_2X_80z_160nm_780V_10T_00s_movie4-01_processed_low.czi.localizations.csv
    jobid: 385
    wildcards: group=beads, sample=2020_10_18_BeadSandwich_488nm_1p5_561nm_1p55_SC8_2X_80z_160nm_780V_10T_00s_movie4-01_processed_low.czi
    resources: mem_gb=50

[Tue May 11 01:43:02 2021]
Finished job 62.
3 of 115 steps (3%) done

[Tue May 11 01:43:02 2021]
rule get_bead_localizations:
    input: /mnt/md0/Hansen Lab Dropbox/DataStorage/Imaging/Fbn2/processed/2020_10_A/2020_10_18_BeadSandwich_488nm_1p5_561nm_1p55_SC8_2X_80z_160nm_780V_10T_00s_movie1-04_processed_low.czi
    output: results/beads/2020_10_18_BeadSandwich_488nm_1p5_561nm_1p55_SC8_2X_80z_160nm_780V_10T_00s_movie1-04_processed_low.czi.localizations.csv
    jobid: 372
    wildcards: group=beads, sample=2020_10_18_BeadSandwich_488nm_1p5_561nm_1p55_SC8_2X_80z_160nm_780V_10T_00s_movie1-04_processed_low.czi
    resources: mem_gb=50

[Tue May 11 01:43:17 2021]
Finished job 447.
4 of 115 steps (3%) done

[Tue May 11 01:43:17 2021]
rule get_bead_localizations:
    input: /mnt/md0/Hansen Lab Dropbox/DataStorage/Imaging/Fbn2/processed/2020_08_A/2020_09_04_BeadSandwich_488nm_1p7_561nm_1p7_SC8_2X_80z_160nm_780V_10T_0s_movie9-01_processed_low.czi
    output: results/beads/2020_09_04_BeadSandwich_488nm_1p7_561nm_1p7_SC8_2X_80z_160nm_780V_10T_0s_movie9-01_processed_low.czi.localizations.csv
    jobid: 214
    wildcards: group=beads, sample=2020_09_04_BeadSandwich_488nm_1p7_561nm_1p7_SC8_2X_80z_160nm_780V_10T_0s_movie9-01_processed_low.czi
    resources: mem_gb=50

[Tue May 11 01:44:28 2021]
Finished job 391.
5 of 115 steps (4%) done

[Tue May 11 01:44:28 2021]
rule get_bead_localizations:
    input: /mnt/md0/Hansen Lab Dropbox/DataStorage/Imaging/Fbn2/processed/2020_09_A/2020_10_03_BeadSandwitch_488nm_1p7_561nm_1p7_SC8_2X_80z_160nm_780V_10T_0s_movie5-02_processed_low.czi
    output: results/beads/2020_10_03_BeadSandwitch_488nm_1p7_561nm_1p7_SC8_2X_80z_160nm_780V_10T_0s_movie5-02_processed_low.czi.localizations.csv
    jobid: 316
    wildcards: group=beads, sample=2020_10_03_BeadSandwitch_488nm_1p7_561nm_1p7_SC8_2X_80z_160nm_780V_10T_0s_movie5-02_processed_low.czi
    resources: mem_gb=50

[Tue May 11 01:44:52 2021]
Finished job 239.
6 of 115 steps (5%) done

[Tue May 11 01:44:52 2021]
rule get_bead_localizations:
    input: /mnt/md0/Hansen Lab Dropbox/DataStorage/Imaging/Fbn2/processed/2020_12_B/2020_12_16_BeadSandwich_488nm_1p5_561nm_1p5_SC8_2X_80z_160nm_780V_10T_0s_movie1-01_processed_low.czi
    output: results/beads/2020_12_16_BeadSandwich_488nm_1p5_561nm_1p5_SC8_2X_80z_160nm_780V_10T_0s_movie1-01_processed_low.czi.localizations.csv
    jobid: 422
    wildcards: group=beads, sample=2020_12_16_BeadSandwich_488nm_1p5_561nm_1p5_SC8_2X_80z_160nm_780V_10T_0s_movie1-01_processed_low.czi
    resources: mem_gb=50

[Tue May 11 01:45:14 2021]
Finished job 316.
7 of 115 steps (6%) done

[Tue May 11 01:45:14 2021]
rule get_bead_localizations:
    input: /mnt/md0/Hansen Lab Dropbox/DataStorage/Imaging/Fbn2/processed/2020_10_B/2020_11_02_BeadSandwich_488nm_1p5_561nm_1p5_SC8_2X_80z_160nm_780V_10T_0s_movie6-01_processed_low.czi
    output: results/beads/2020_11_02_BeadSandwich_488nm_1p5_561nm_1p5_SC8_2X_80z_160nm_780V_10T_0s_movie6-01_processed_low.czi.localizations.csv
    jobid: 345
    wildcards: group=beads, sample=2020_11_02_BeadSandwich_488nm_1p5_561nm_1p5_SC8_2X_80z_160nm_780V_10T_0s_movie6-01_processed_low.czi
    resources: mem_gb=50

[Tue May 11 01:45:21 2021]
Finished job 351.
8 of 115 steps (7%) done

[Tue May 11 01:45:21 2021]
rule get_bead_localizations:
    input: /mnt/md0/Hansen Lab Dropbox/DataStorage/Imaging/Fbn2/processed/2021_05_B/2021_05_05_BeadSandwitch_488nm_1p5_561nm_1p5_SC8_2X_80z_160nm_780V_10T_0s_movie10-01.czi
    output: results/beads/2021_05_05_BeadSandwitch_488nm_1p5_561nm_1p5_SC8_2X_80z_160nm_780V_10T_0s_movie10-01.czi.localizations.csv
    jobid: 123
    wildcards: group=beads, sample=2021_05_05_BeadSandwitch_488nm_1p5_561nm_1p5_SC8_2X_80z_160nm_780V_10T_0s_movie10-01.czi
    resources: mem_gb=50

[Tue May 11 01:45:28 2021]
Finished job 385.
9 of 115 steps (8%) done

[Tue May 11 01:45:28 2021]
rule get_bead_localizations:
    input: /mnt/md0/Hansen Lab Dropbox/DataStorage/Imaging/Fbn2/processed/2021_04_Apr_May/2021_04_26_BeadSandwitch_488nm_1p5_561nm_1p5_SC8_2X_80z_160nm_780V_10T_0s_movie1-01.czi
    output: results/beads/2021_04_26_BeadSandwitch_488nm_1p5_561nm_1p5_SC8_2X_80z_160nm_780V_10T_0s_movie1-01.czi.localizations.csv
    jobid: 69
    wildcards: group=beads, sample=2021_04_26_BeadSandwitch_488nm_1p5_561nm_1p5_SC8_2X_80z_160nm_780V_10T_0s_movie1-01.czi
    resources: mem_gb=50

[Tue May 11 01:46:18 2021]
Finished job 69.
10 of 115 steps (9%) done

[Tue May 11 01:46:18 2021]
rule get_bead_localizations:
    input: /mnt/md0/Hansen Lab Dropbox/DataStorage/Imaging/Fbn2/processed/2021_02_C/2021_03_01_BeadSandwitch_488nm_1p5_561nm_1p5_SC8_2X_80z_160nm_780V_10T_0s_movie5-01.czi
    output: results/beads/2021_03_01_BeadSandwitch_488nm_1p5_561nm_1p5_SC8_2X_80z_160nm_780V_10T_0s_movie5-01.czi.localizations.csv
    jobid: 176
    wildcards: group=beads, sample=2021_03_01_BeadSandwitch_488nm_1p5_561nm_1p5_SC8_2X_80z_160nm_780V_10T_0s_movie5-01.czi
    resources: mem_gb=50

[Tue May 11 01:46:24 2021]
Finished job 123.
11 of 115 steps (10%) done

[Tue May 11 01:46:24 2021]
rule get_bead_localizations:
    input: /mnt/md0/Hansen Lab Dropbox/DataStorage/Imaging/Fbn2/processed/2021_04_Apr_May/2021_04_26_BeadSandwitch_488nm_1p5_561nm_1p5_SC8_2X_80z_160nm_780V_10T_0s_movie3-01.czi
    output: results/beads/2021_04_26_BeadSandwitch_488nm_1p5_561nm_1p5_SC8_2X_80z_160nm_780V_10T_0s_movie3-01.czi.localizations.csv
    jobid: 54
    wildcards: group=beads, sample=2021_04_26_BeadSandwitch_488nm_1p5_561nm_1p5_SC8_2X_80z_160nm_780V_10T_0s_movie3-01.czi
    resources: mem_gb=50

[Tue May 11 01:47:03 2021]
Finished job 54.
12 of 115 steps (10%) done

[Tue May 11 01:47:03 2021]
rule get_bead_localizations:
    input: /mnt/md0/Hansen Lab Dropbox/DataStorage/Imaging/Fbn2/processed/2021_04_Apr_May/2021_05_02_BeadSandwitch_488nm_1p5_561nm_1p5_SC8_2X_80z_160nm_780V_10T_0s_movie2-01.czi
    output: results/beads/2021_05_02_BeadSandwitch_488nm_1p5_561nm_1p5_SC8_2X_80z_160nm_780V_10T_0s_movie2-01.czi.localizations.csv
    jobid: 87
    wildcards: group=beads, sample=2021_05_02_BeadSandwitch_488nm_1p5_561nm_1p5_SC8_2X_80z_160nm_780V_10T_0s_movie2-01.czi
    resources: mem_gb=50

[Tue May 11 01:47:13 2021]
Finished job 214.
13 of 115 steps (11%) done

[Tue May 11 01:47:13 2021]
rule get_bead_localizations:
    input: /mnt/md0/Hansen Lab Dropbox/DataStorage/Imaging/Fbn2/processed/2021_02_C/2021_03_01_BeadSandwitch_488nm_1p5_561nm_1p5_SC8_2X_80z_160nm_780V_10T_0s_movie6-01.czi
    output: results/beads/2021_03_01_BeadSandwitch_488nm_1p5_561nm_1p5_SC8_2X_80z_160nm_780V_10T_0s_movie6-01.czi.localizations.csv
    jobid: 166
    wildcards: group=beads, sample=2021_03_01_BeadSandwitch_488nm_1p5_561nm_1p5_SC8_2X_80z_160nm_780V_10T_0s_movie6-01.czi
    resources: mem_gb=50

[Tue May 11 01:49:31 2021]
Finished job 87.
14 of 115 steps (12%) done

[Tue May 11 01:49:31 2021]
rule get_bead_localizations:
    input: /mnt/md0/Hansen Lab Dropbox/DataStorage/Imaging/Fbn2/processed/2021_05_B/2021_05_05_BeadSandwitch_488nm_1p5_561nm_1p5_SC8_2X_80z_160nm_780V_10T_0s_movie1-01.czi
    output: results/beads/2021_05_05_BeadSandwitch_488nm_1p5_561nm_1p5_SC8_2X_80z_160nm_780V_10T_0s_movie1-01.czi.localizations.csv
    jobid: 131
    wildcards: group=beads, sample=2021_05_05_BeadSandwitch_488nm_1p5_561nm_1p5_SC8_2X_80z_160nm_780V_10T_0s_movie1-01.czi
    resources: mem_gb=50

[Tue May 11 01:49:54 2021]
Finished job 166.
15 of 115 steps (13%) done

[Tue May 11 01:49:54 2021]
rule get_bead_localizations:
    input: /mnt/md0/Hansen Lab Dropbox/DataStorage/Imaging/Fbn2/processed/2021_04_Apr_May/2021_04_26_BeadSandwitch_488nm_1p5_561nm_1p5_SC8_2X_80z_160nm_780V_10T_0s_movie7-01.czi
    output: results/beads/2021_04_26_BeadSandwitch_488nm_1p5_561nm_1p5_SC8_2X_80z_160nm_780V_10T_0s_movie7-01.czi.localizations.csv
    jobid: 65
    wildcards: group=beads, sample=2021_04_26_BeadSandwitch_488nm_1p5_561nm_1p5_SC8_2X_80z_160nm_780V_10T_0s_movie7-01.czi
    resources: mem_gb=50

[Tue May 11 01:50:09 2021]
Finished job 345.
16 of 115 steps (14%) done

[Tue May 11 01:50:09 2021]
rule get_bead_localizations:
    input: /mnt/md0/Hansen Lab Dropbox/DataStorage/Imaging/Fbn2/processed/2021_04_Apr_May/2021_04_26_BeadSandwitch_488nm_1p5_561nm_1p5_SC8_2X_80z_160nm_780V_10T_0s_movie4-01.czi
    output: results/beads/2021_04_26_BeadSandwitch_488nm_1p5_561nm_1p5_SC8_2X_80z_160nm_780V_10T_0s_movie4-01.czi.localizations.csv
    jobid: 74
    wildcards: group=beads, sample=2021_04_26_BeadSandwitch_488nm_1p5_561nm_1p5_SC8_2X_80z_160nm_780V_10T_0s_movie4-01.czi
    resources: mem_gb=50

[Tue May 11 01:50:18 2021]
Finished job 361.
17 of 115 steps (15%) done

[Tue May 11 01:50:18 2021]
rule get_bead_localizations:
    input: /mnt/md0/Hansen Lab Dropbox/DataStorage/Imaging/Fbn2/processed/2021_02_C/2021_03_01_BeadSandwitch_488nm_1p5_561nm_1p5_SC8_2X_80z_160nm_780V_10T_0s_movie2-01.czi
    output: results/beads/2021_03_01_BeadSandwitch_488nm_1p5_561nm_1p5_SC8_2X_80z_160nm_780V_10T_0s_movie2-01.czi.localizations.csv
    jobid: 159
    wildcards: group=beads, sample=2021_03_01_BeadSandwitch_488nm_1p5_561nm_1p5_SC8_2X_80z_160nm_780V_10T_0s_movie2-01.czi
    resources: mem_gb=50

[Tue May 11 01:50:29 2021]
Finished job 65.
18 of 115 steps (16%) done

[Tue May 11 01:50:29 2021]
rule get_bead_localizations:
    input: /mnt/md0/Hansen Lab Dropbox/DataStorage/Imaging/Fbn2/processed/2021_04_Apr_May/2021_05_02_BeadSandwitch_488nm_1p5_561nm_1p5_SC8_2X_80z_160nm_780V_10T_0s_movie5-01.czi
    output: results/beads/2021_05_02_BeadSandwitch_488nm_1p5_561nm_1p5_SC8_2X_80z_160nm_780V_10T_0s_movie5-01.czi.localizations.csv
    jobid: 79
    wildcards: group=beads, sample=2021_05_02_BeadSandwitch_488nm_1p5_561nm_1p5_SC8_2X_80z_160nm_780V_10T_0s_movie5-01.czi
    resources: mem_gb=50

[Tue May 11 01:50:45 2021]
Finished job 74.
19 of 115 steps (17%) done

[Tue May 11 01:50:45 2021]
rule get_bead_localizations:
    input: /mnt/md0/Hansen Lab Dropbox/DataStorage/Imaging/Fbn2/processed/2021_04_Apr_May/2021_04_25_BeadSandwitch_488nm_1p5_561nm_1p5_SC8_2X_80z_160nm_780V_10T_0s_movie2-02.czi
    output: results/beads/2021_04_25_BeadSandwitch_488nm_1p5_561nm_1p5_SC8_2X_80z_160nm_780V_10T_0s_movie2-02.czi.localizations.csv
    jobid: 68
    wildcards: group=beads, sample=2021_04_25_BeadSandwitch_488nm_1p5_561nm_1p5_SC8_2X_80z_160nm_780V_10T_0s_movie2-02.czi
    resources: mem_gb=50

[Tue May 11 01:51:16 2021]
Finished job 50.
20 of 115 steps (17%) done

[Tue May 11 01:51:16 2021]
rule get_bead_localizations:
    input: /mnt/md0/Hansen Lab Dropbox/DataStorage/Imaging/Fbn2/processed/2021_02_C/2021_03_01_BeadSandwitch_488nm_1p5_561nm_1p5_SC8_2X_80z_160nm_780V_10T_0s_movie1-01.czi
    output: results/beads/2021_03_01_BeadSandwitch_488nm_1p5_561nm_1p5_SC8_2X_80z_160nm_780V_10T_0s_movie1-01.czi.localizations.csv
    jobid: 183
    wildcards: group=beads, sample=2021_03_01_BeadSandwitch_488nm_1p5_561nm_1p5_SC8_2X_80z_160nm_780V_10T_0s_movie1-01.czi
    resources: mem_gb=50

[Tue May 11 01:51:37 2021]
Finished job 79.
21 of 115 steps (18%) done

[Tue May 11 01:51:37 2021]
rule get_bead_localizations:
    input: /mnt/md0/Hansen Lab Dropbox/DataStorage/Imaging/Fbn2/processed/2021_05_B/2021_05_05_BeadSandwitch_488nm_1p5_561nm_1p5_SC8_2X_80z_160nm_780V_10T_0s_movie7-01.czi
    output: results/beads/2021_05_05_BeadSandwitch_488nm_1p5_561nm_1p5_SC8_2X_80z_160nm_780V_10T_0s_movie7-01.czi.localizations.csv
    jobid: 113
    wildcards: group=beads, sample=2021_05_05_BeadSandwitch_488nm_1p5_561nm_1p5_SC8_2X_80z_160nm_780V_10T_0s_movie7-01.czi
    resources: mem_gb=50

[Tue May 11 01:52:24 2021]
Finished job 183.
22 of 115 steps (19%) done

[Tue May 11 01:52:24 2021]
rule get_bead_localizations:
    input: /mnt/md0/Hansen Lab Dropbox/DataStorage/Imaging/Fbn2/processed/2021_04_Apr_May/2021_04_26_BeadSandwitch_488nm_1p5_561nm_1p5_SC8_2X_80z_160nm_780V_10T_0s_movie2-01.czi
    output: results/beads/2021_04_26_BeadSandwitch_488nm_1p5_561nm_1p5_SC8_2X_80z_160nm_780V_10T_0s_movie2-01.czi.localizations.csv
    jobid: 51
    wildcards: group=beads, sample=2021_04_26_BeadSandwitch_488nm_1p5_561nm_1p5_SC8_2X_80z_160nm_780V_10T_0s_movie2-01.czi
    resources: mem_gb=50

[Tue May 11 01:52:54 2021]
Finished job 113.
23 of 115 steps (20%) done

[Tue May 11 01:52:54 2021]
rule get_bead_localizations:
    input: /mnt/md0/Hansen Lab Dropbox/DataStorage/Imaging/Fbn2/processed/2021_05_B/2021_05_05_BeadSandwitch_488nm_1p5_561nm_1p5_SC8_2X_80z_160nm_780V_10T_0s_movie8-01.czi
    output: results/beads/2021_05_05_BeadSandwitch_488nm_1p5_561nm_1p5_SC8_2X_80z_160nm_780V_10T_0s_movie8-01.czi.localizations.csv
    jobid: 107
    wildcards: group=beads, sample=2021_05_05_BeadSandwitch_488nm_1p5_561nm_1p5_SC8_2X_80z_160nm_780V_10T_0s_movie8-01.czi
    resources: mem_gb=50

[Tue May 11 01:55:00 2021]
Finished job 131.
24 of 115 steps (21%) done

[Tue May 11 01:55:00 2021]
rule get_bead_localizations:
    input: /mnt/md0/Hansen Lab Dropbox/DataStorage/Imaging/Fbn2/processed/2021_04_Apr_May/2021_05_02_BeadSandwitch_488nm_1p5_561nm_1p5_SC8_2X_80z_160nm_780V_10T_0s_movie4-01.czi
    output: results/beads/2021_05_02_BeadSandwitch_488nm_1p5_561nm_1p5_SC8_2X_80z_160nm_780V_10T_0s_movie4-01.czi.localizations.csv
    jobid: 76
    wildcards: group=beads, sample=2021_05_02_BeadSandwitch_488nm_1p5_561nm_1p5_SC8_2X_80z_160nm_780V_10T_0s_movie4-01.czi
    resources: mem_gb=50

[Tue May 11 01:56:39 2021]
Finished job 51.
25 of 115 steps (22%) done

[Tue May 11 01:56:39 2021]
rule get_bead_localizations:
    input: /mnt/md0/Hansen Lab Dropbox/DataStorage/Imaging/Fbn2/processed/2021_05_B/2021_05_05_BeadSandwitch_488nm_1p5_561nm_1p5_SC8_2X_80z_160nm_780V_10T_0s_movie5-01.czi
    output: results/beads/2021_05_05_BeadSandwitch_488nm_1p5_561nm_1p5_SC8_2X_80z_160nm_780V_10T_0s_movie5-01.czi.localizations.csv
    jobid: 116
    wildcards: group=beads, sample=2021_05_05_BeadSandwitch_488nm_1p5_561nm_1p5_SC8_2X_80z_160nm_780V_10T_0s_movie5-01.czi
    resources: mem_gb=50

[Tue May 11 01:56:57 2021]
Finished job 68.
26 of 115 steps (23%) done

[Tue May 11 01:56:57 2021]
rule get_bead_localizations:
    input: /mnt/md0/Hansen Lab Dropbox/DataStorage/Imaging/Fbn2/processed/2021_02_C/2021_03_01_BeadSandwitch_488nm_1p5_561nm_1p5_SC8_2X_80z_160nm_780V_10T_0s_movie3-01.czi
    output: results/beads/2021_03_01_BeadSandwitch_488nm_1p5_561nm_1p5_SC8_2X_80z_160nm_780V_10T_0s_movie3-01.czi.localizations.csv
    jobid: 151
    wildcards: group=beads, sample=2021_03_01_BeadSandwitch_488nm_1p5_561nm_1p5_SC8_2X_80z_160nm_780V_10T_0s_movie3-01.czi
    resources: mem_gb=50

[Tue May 11 02:00:01 2021]
Finished job 107.
27 of 115 steps (23%) done

[Tue May 11 02:00:01 2021]
rule get_bead_localizations:
    input: /mnt/md0/Hansen Lab Dropbox/DataStorage/Imaging/Fbn2/processed/2021_04_Apr_May/2021_04_25_BeadSandwitch_488nm_1p5_561nm_1p5_SC8_2X_80z_160nm_780V_10T_0s_movie1-01.czi
    output: results/beads/2021_04_25_BeadSandwitch_488nm_1p5_561nm_1p5_SC8_2X_80z_160nm_780V_10T_0s_movie1-01.czi.localizations.csv
    jobid: 57
    wildcards: group=beads, sample=2021_04_25_BeadSandwitch_488nm_1p5_561nm_1p5_SC8_2X_80z_160nm_780V_10T_0s_movie1-01.czi
    resources: mem_gb=50

[Tue May 11 02:06:31 2021]
Finished job 116.
28 of 115 steps (24%) done

[Tue May 11 02:06:31 2021]
rule get_bead_localizations:
    input: /mnt/md0/Hansen Lab Dropbox/DataStorage/Imaging/Fbn2/processed/2021_05_B/2021_05_05_BeadSandwitch_488nm_1p5_561nm_1p5_SC8_2X_80z_160nm_780V_10T_0s_movie2-01.czi
    output: results/beads/2021_05_05_BeadSandwitch_488nm_1p5_561nm_1p5_SC8_2X_80z_160nm_780V_10T_0s_movie2-01.czi.localizations.csv
    jobid: 106
    wildcards: group=beads, sample=2021_05_05_BeadSandwitch_488nm_1p5_561nm_1p5_SC8_2X_80z_160nm_780V_10T_0s_movie2-01.czi
    resources: mem_gb=50

[Tue May 11 02:07:49 2021]
Finished job 372.
29 of 115 steps (25%) done

[Tue May 11 02:07:49 2021]
rule get_bead_localizations:
    input: /mnt/md0/Hansen Lab Dropbox/DataStorage/Imaging/Fbn2/processed/2021_05_B/2021_05_05_BeadSandwitch_488nm_1p5_561nm_1p5_SC8_2X_80z_160nm_780V_10T_0s_movie3-01.czi
    output: results/beads/2021_05_05_BeadSandwitch_488nm_1p5_561nm_1p5_SC8_2X_80z_160nm_780V_10T_0s_movie3-01.czi.localizations.csv
    jobid: 133
    wildcards: group=beads, sample=2021_05_05_BeadSandwitch_488nm_1p5_561nm_1p5_SC8_2X_80z_160nm_780V_10T_0s_movie3-01.czi
    resources: mem_gb=50

[Tue May 11 02:08:24 2021]
Finished job 133.
30 of 115 steps (26%) done

[Tue May 11 02:08:24 2021]
rule get_bead_localizations:
    input: /mnt/md0/Hansen Lab Dropbox/DataStorage/Imaging/Fbn2/processed/2021_04_Apr_May/2021_04_26_BeadSandwitch_488nm_1p5_561nm_1p5_SC8_2X_80z_160nm_780V_10T_0s_movie5-01.czi
    output: results/beads/2021_04_26_BeadSandwitch_488nm_1p5_561nm_1p5_SC8_2X_80z_160nm_780V_10T_0s_movie5-01.czi.localizations.csv
    jobid: 70
    wildcards: group=beads, sample=2021_04_26_BeadSandwitch_488nm_1p5_561nm_1p5_SC8_2X_80z_160nm_780V_10T_0s_movie5-01.czi
    resources: mem_gb=50

[Tue May 11 02:08:47 2021]
Finished job 106.
31 of 115 steps (27%) done

[Tue May 11 02:08:47 2021]
rule get_bead_localizations:
    input: /mnt/md0/Hansen Lab Dropbox/DataStorage/Imaging/Fbn2/processed/2021_05_B/2021_05_05_BeadSandwitch_488nm_1p5_561nm_1p5_SC8_2X_80z_160nm_780V_10T_0s_movie6-01.czi
    output: results/beads/2021_05_05_BeadSandwitch_488nm_1p5_561nm_1p5_SC8_2X_80z_160nm_780V_10T_0s_movie6-01.czi.localizations.csv
    jobid: 127
    wildcards: group=beads, sample=2021_05_05_BeadSandwitch_488nm_1p5_561nm_1p5_SC8_2X_80z_160nm_780V_10T_0s_movie6-01.czi
    resources: mem_gb=50

[Tue May 11 02:11:59 2021]
Finished job 127.
32 of 115 steps (28%) done

[Tue May 11 02:11:59 2021]
rule get_bead_localizations:
    input: /mnt/md0/Hansen Lab Dropbox/DataStorage/Imaging/Fbn2/processed/2021_05_B/2021_05_05_BeadSandwitch_488nm_1p5_561nm_1p5_SC8_2X_80z_160nm_780V_10T_0s_movie4-01.czi
    output: results/beads/2021_05_05_BeadSandwitch_488nm_1p5_561nm_1p5_SC8_2X_80z_160nm_780V_10T_0s_movie4-01.czi.localizations.csv
    jobid: 115
    wildcards: group=beads, sample=2021_05_05_BeadSandwitch_488nm_1p5_561nm_1p5_SC8_2X_80z_160nm_780V_10T_0s_movie4-01.czi
    resources: mem_gb=50

[Tue May 11 02:12:33 2021]
Finished job 115.
33 of 115 steps (29%) done

[Tue May 11 02:12:33 2021]
rule get_bead_localizations:
    input: /mnt/md0/Hansen Lab Dropbox/DataStorage/Imaging/Fbn2/processed/2021_04_Apr_May/2021_04_26_BeadSandwitch_488nm_1p5_561nm_1p5_SC8_2X_80z_160nm_780V_10T_0s_movie6-01.czi
    output: results/beads/2021_04_26_BeadSandwitch_488nm_1p5_561nm_1p5_SC8_2X_80z_160nm_780V_10T_0s_movie6-01.czi.localizations.csv
    jobid: 86
    wildcards: group=beads, sample=2021_04_26_BeadSandwitch_488nm_1p5_561nm_1p5_SC8_2X_80z_160nm_780V_10T_0s_movie6-01.czi
    resources: mem_gb=50

[Tue May 11 02:13:26 2021]
Finished job 86.
34 of 115 steps (30%) done

[Tue May 11 02:13:26 2021]
rule get_bead_localizations:
    input: /mnt/md0/Hansen Lab Dropbox/DataStorage/Imaging/Fbn2/processed/2021_04_Apr_May/2021_04_25_BeadSandwitch_488nm_1p5_561nm_1p5_SC8_2X_80z_160nm_780V_10T_0s_movie4-01.czi
    output: results/beads/2021_04_25_BeadSandwitch_488nm_1p5_561nm_1p5_SC8_2X_80z_160nm_780V_10T_0s_movie4-01.czi.localizations.csv
    jobid: 73
    wildcards: group=beads, sample=2021_04_25_BeadSandwitch_488nm_1p5_561nm_1p5_SC8_2X_80z_160nm_780V_10T_0s_movie4-01.czi
    resources: mem_gb=50

[Tue May 11 02:13:30 2021]
Finished job 151.
35 of 115 steps (30%) done

[Tue May 11 02:13:30 2021]
rule get_bead_localizations:
    input: /mnt/md0/Hansen Lab Dropbox/DataStorage/Imaging/Fbn2/processed/2021_04_Apr_May/2021_04_26_BeadSandwitch_488nm_1p5_561nm_1p5_SC8_2X_80z_160nm_780V_10T_0s_movie8-01.czi
    output: results/beads/2021_04_26_BeadSandwitch_488nm_1p5_561nm_1p5_SC8_2X_80z_160nm_780V_10T_0s_movie8-01.czi.localizations.csv
    jobid: 81
    wildcards: group=beads, sample=2021_04_26_BeadSandwitch_488nm_1p5_561nm_1p5_SC8_2X_80z_160nm_780V_10T_0s_movie8-01.czi
    resources: mem_gb=50

[Tue May 11 02:13:58 2021]
Finished job 47.
36 of 115 steps (31%) done

[Tue May 11 02:13:58 2021]
rule get_bead_localizations:
    input: /mnt/md0/Hansen Lab Dropbox/DataStorage/Imaging/Fbn2/processed/2021_02_C/2021_03_01_BeadSandwitch_488nm_1p5_561nm_1p5_SC8_2X_80z_160nm_780V_10T_0s_movie4-01.czi
    output: results/beads/2021_03_01_BeadSandwitch_488nm_1p5_561nm_1p5_SC8_2X_80z_160nm_780V_10T_0s_movie4-01.czi.localizations.csv
    jobid: 152
    wildcards: group=beads, sample=2021_03_01_BeadSandwitch_488nm_1p5_561nm_1p5_SC8_2X_80z_160nm_780V_10T_0s_movie4-01.czi
    resources: mem_gb=50

[Tue May 11 02:14:05 2021]
Finished job 81.
37 of 115 steps (32%) done

[Tue May 11 02:14:05 2021]
rule get_bead_localizations:
    input: /mnt/md0/Hansen Lab Dropbox/DataStorage/Imaging/Fbn2/processed/2021_04_Apr_May/2021_04_25_BeadSandwitch_488nm_1p5_561nm_1p5_SC8_2X_80z_160nm_780V_10T_0s_movie5-01.czi
    output: results/beads/2021_04_25_BeadSandwitch_488nm_1p5_561nm_1p5_SC8_2X_80z_160nm_780V_10T_0s_movie5-01.czi.localizations.csv
    jobid: 82
    wildcards: group=beads, sample=2021_04_25_BeadSandwitch_488nm_1p5_561nm_1p5_SC8_2X_80z_160nm_780V_10T_0s_movie5-01.czi
    resources: mem_gb=50

[Tue May 11 02:14:13 2021]
Finished job 73.
38 of 115 steps (33%) done

[Tue May 11 02:14:13 2021]
rule get_bead_localizations:
    input: /mnt/md0/Hansen Lab Dropbox/DataStorage/Imaging/Fbn2/processed/2021_02_C/2021_03_01_BeadSandwitch_488nm_1p5_561nm_1p5_SC8_2X_80z_160nm_780V_10T_0s_movie8-01.czi
    output: results/beads/2021_03_01_BeadSandwitch_488nm_1p5_561nm_1p5_SC8_2X_80z_160nm_780V_10T_0s_movie8-01.czi.localizations.csv
    jobid: 149
    wildcards: group=beads, sample=2021_03_01_BeadSandwitch_488nm_1p5_561nm_1p5_SC8_2X_80z_160nm_780V_10T_0s_movie8-01.czi
    resources: mem_gb=50

[Tue May 11 02:15:01 2021]
Finished job 152.
39 of 115 steps (34%) done

[Tue May 11 02:15:01 2021]
rule get_bead_localizations:
    input: /mnt/md0/Hansen Lab Dropbox/DataStorage/Imaging/Fbn2/processed/2020_09_A/2020_10_01_BEADS_488nm_1p5_561nm_1p5_SC8_2X_20z_160nm_780V_20T_0s_movie1-01_processed_low.czi
    output: results/beads/2020_10_01_BEADS_488nm_1p5_561nm_1p5_SC8_2X_20z_160nm_780V_20T_0s_movie1-01_processed_low.czi.localizations.csv
    jobid: 327
    wildcards: group=beads, sample=2020_10_01_BEADS_488nm_1p5_561nm_1p5_SC8_2X_20z_160nm_780V_20T_0s_movie1-01_processed_low.czi
    resources: mem_gb=50

Job failed, going on with independent jobs.

[Tue May 11 02:15:06 2021]
rule get_bead_localizations:
    input: /mnt/md0/Hansen Lab Dropbox/DataStorage/Imaging/Fbn2/processed/2021_05_B/2021_05_07_BEADS_488nm_1p5_561nm_1p5_SC8_2X_20z_160nm_780V_20T_0s_movie5-01.czi
    output: results/beads/2021_05_07_BEADS_488nm_1p5_561nm_1p5_SC8_2X_20z_160nm_780V_20T_0s_movie5-01.czi.localizations.csv
    jobid: 128
    wildcards: group=beads, sample=2021_05_07_BEADS_488nm_1p5_561nm_1p5_SC8_2X_20z_160nm_780V_20T_0s_movie5-01.czi
    resources: mem_gb=50

[Tue May 11 02:15:24 2021]
Finished job 128.
40 of 115 steps (35%) done

[Tue May 11 02:15:24 2021]
rule get_bead_localizations:
    input: /mnt/md0/Hansen Lab Dropbox/DataStorage/Imaging/Fbn2/processed/2021_05_B/2021_05_07_BEADS_488nm_1p5_561nm_1p5_SC8_2X_20z_160nm_780V_20T_0s_movie4-01.czi
    output: results/beads/2021_05_07_BEADS_488nm_1p5_561nm_1p5_SC8_2X_20z_160nm_780V_20T_0s_movie4-01.czi.localizations.csv
    jobid: 120
    wildcards: group=beads, sample=2021_05_07_BEADS_488nm_1p5_561nm_1p5_SC8_2X_20z_160nm_780V_20T_0s_movie4-01.czi
    resources: mem_gb=50

[Tue May 11 02:15:24 2021]
Finished job 57.
41 of 115 steps (36%) done

[Tue May 11 02:15:24 2021]
rule get_bead_localizations:
    input: /mnt/md0/Hansen Lab Dropbox/DataStorage/Imaging/Fbn2/processed/2021_05_B/2021_05_09_BEADS_488nm_1p5_561nm_1p5_SC8_2X_20z_160nm_780V_20T_0s_movie2-01.czi
    output: results/beads/2021_05_09_BEADS_488nm_1p5_561nm_1p5_SC8_2X_20z_160nm_780V_20T_0s_movie2-01.czi.localizations.csv
    jobid: 105
    wildcards: group=beads, sample=2021_05_09_BEADS_488nm_1p5_561nm_1p5_SC8_2X_20z_160nm_780V_20T_0s_movie2-01.czi
    resources: mem_gb=50

[Tue May 11 02:15:45 2021]
Finished job 105.
42 of 115 steps (37%) done

[Tue May 11 02:15:45 2021]
rule get_bead_localizations:
    input: /mnt/md0/Hansen Lab Dropbox/DataStorage/Imaging/Fbn2/processed/2021_05_B/2021_05_08_BEADS_488nm_1p5_561nm_1p5_SC8_2X_20z_160nm_780V_20T_0s_movie2-01.czi
    output: results/beads/2021_05_08_BEADS_488nm_1p5_561nm_1p5_SC8_2X_20z_160nm_780V_20T_0s_movie2-01.czi.localizations.csv
    jobid: 132
    wildcards: group=beads, sample=2021_05_08_BEADS_488nm_1p5_561nm_1p5_SC8_2X_20z_160nm_780V_20T_0s_movie2-01.czi
    resources: mem_gb=50

[Tue May 11 02:15:46 2021]
Finished job 120.
43 of 115 steps (37%) done

[Tue May 11 02:15:46 2021]
rule get_bead_localizations:
    input: /mnt/md0/Hansen Lab Dropbox/DataStorage/Imaging/Fbn2/processed/2021_05_B/2021_05_08_BEADS_488nm_1p5_561nm_1p5_SC8_2X_20z_160nm_780V_20T_0s_movie1-01.czi
    output: results/beads/2021_05_08_BEADS_488nm_1p5_561nm_1p5_SC8_2X_20z_160nm_780V_20T_0s_movie1-01.czi.localizations.csv
    jobid: 136
    wildcards: group=beads, sample=2021_05_08_BEADS_488nm_1p5_561nm_1p5_SC8_2X_20z_160nm_780V_20T_0s_movie1-01.czi
    resources: mem_gb=50

[Tue May 11 02:16:07 2021]
Finished job 132.
44 of 115 steps (38%) done

[Tue May 11 02:16:07 2021]
rule get_bead_localizations:
    input: /mnt/md0/Hansen Lab Dropbox/DataStorage/Imaging/Fbn2/processed/2021_05_B/2021_05_09_BEADS_488nm_1p5_561nm_1p5_SC8_2X_20z_160nm_780V_20T_0s_movie1-01.czi
    output: results/beads/2021_05_09_BEADS_488nm_1p5_561nm_1p5_SC8_2X_20z_160nm_780V_20T_0s_movie1-01.czi.localizations.csv
    jobid: 108
    wildcards: group=beads, sample=2021_05_09_BEADS_488nm_1p5_561nm_1p5_SC8_2X_20z_160nm_780V_20T_0s_movie1-01.czi
    resources: mem_gb=50

[Tue May 11 02:16:07 2021]
Finished job 70.
45 of 115 steps (39%) done

[Tue May 11 02:16:07 2021]
rule get_bead_localizations:
    input: /mnt/md0/Hansen Lab Dropbox/DataStorage/Imaging/Fbn2/processed/2021_05_B/2021_05_08_BEADS_488nm_1p5_561nm_1p5_SC8_2X_20z_160nm_780V_20T_0s_movie3-01.czi
    output: results/beads/2021_05_08_BEADS_488nm_1p5_561nm_1p5_SC8_2X_20z_160nm_780V_20T_0s_movie3-01.czi.localizations.csv
    jobid: 118
    wildcards: group=beads, sample=2021_05_08_BEADS_488nm_1p5_561nm_1p5_SC8_2X_20z_160nm_780V_20T_0s_movie3-01.czi
    resources: mem_gb=50

[Tue May 11 02:16:08 2021]
Finished job 136.
46 of 115 steps (40%) done

[Tue May 11 02:16:08 2021]
rule get_bead_localizations:
    input: /mnt/md0/Hansen Lab Dropbox/DataStorage/Imaging/Fbn2/processed/2021_05_B/2021_05_08_BEADS_488nm_1p5_561nm_1p5_SC8_2X_20z_160nm_780V_20T_0s_movie7-01.czi
    output: results/beads/2021_05_08_BEADS_488nm_1p5_561nm_1p5_SC8_2X_20z_160nm_780V_20T_0s_movie7-01.czi.localizations.csv
    jobid: 109
    wildcards: group=beads, sample=2021_05_08_BEADS_488nm_1p5_561nm_1p5_SC8_2X_20z_160nm_780V_20T_0s_movie7-01.czi
    resources: mem_gb=50

[Tue May 11 02:16:23 2021]
Finished job 149.
47 of 115 steps (41%) done

[Tue May 11 02:16:23 2021]
rule get_bead_localizations:
    input: /mnt/md0/Hansen Lab Dropbox/DataStorage/Imaging/Fbn2/processed/2021_05_B/2021_05_08_BEADS_488nm_1p5_561nm_1p5_SC8_2X_20z_160nm_780V_20T_0s_movie8-01.czi
    output: results/beads/2021_05_08_BEADS_488nm_1p5_561nm_1p5_SC8_2X_20z_160nm_780V_20T_0s_movie8-01.czi.localizations.csv
    jobid: 117
    wildcards: group=beads, sample=2021_05_08_BEADS_488nm_1p5_561nm_1p5_SC8_2X_20z_160nm_780V_20T_0s_movie8-01.czi
    resources: mem_gb=50

[Tue May 11 02:16:34 2021]
Finished job 108.
48 of 115 steps (42%) done

[Tue May 11 02:16:34 2021]
rule get_bead_localizations:
    input: /mnt/md0/Hansen Lab Dropbox/DataStorage/Imaging/Fbn2/processed/2021_05_B/2021_05_08_BEADS_488nm_1p5_561nm_1p5_SC8_2X_20z_160nm_780V_20T_0s_movie6-01.czi
    output: results/beads/2021_05_08_BEADS_488nm_1p5_561nm_1p5_SC8_2X_20z_160nm_780V_20T_0s_movie6-01.czi.localizations.csv
    jobid: 124
    wildcards: group=beads, sample=2021_05_08_BEADS_488nm_1p5_561nm_1p5_SC8_2X_20z_160nm_780V_20T_0s_movie6-01.czi
    resources: mem_gb=50

[Tue May 11 02:16:34 2021]
Finished job 118.
49 of 115 steps (43%) done

[Tue May 11 02:16:34 2021]
rule get_bead_localizations:
    input: /mnt/md0/Hansen Lab Dropbox/DataStorage/Imaging/Fbn2/processed/2021_05_B/2021_05_08_BEADS_488nm_1p5_561nm_1p5_SC8_2X_20z_160nm_780V_20T_0s_movie4-01.czi
    output: results/beads/2021_05_08_BEADS_488nm_1p5_561nm_1p5_SC8_2X_20z_160nm_780V_20T_0s_movie4-01.czi.localizations.csv
    jobid: 126
    wildcards: group=beads, sample=2021_05_08_BEADS_488nm_1p5_561nm_1p5_SC8_2X_20z_160nm_780V_20T_0s_movie4-01.czi
    resources: mem_gb=50

[Tue May 11 02:16:34 2021]
Finished job 109.
50 of 115 steps (43%) done

[Tue May 11 02:16:34 2021]
rule get_bead_localizations:
    input: /mnt/md0/Hansen Lab Dropbox/DataStorage/Imaging/Fbn2/processed/2021_05_B/2021_05_08_BEADS_488nm_1p5_561nm_1p5_SC8_2X_20z_160nm_780V_20T_0s_movie10-01.czi
    output: results/beads/2021_05_08_BEADS_488nm_1p5_561nm_1p5_SC8_2X_20z_160nm_780V_20T_0s_movie10-01.czi.localizations.csv
    jobid: 112
    wildcards: group=beads, sample=2021_05_08_BEADS_488nm_1p5_561nm_1p5_SC8_2X_20z_160nm_780V_20T_0s_movie10-01.czi
    resources: mem_gb=50

[Tue May 11 02:16:46 2021]
Finished job 117.
51 of 115 steps (44%) done

[Tue May 11 02:16:46 2021]
rule get_bead_localizations:
    input: /mnt/md0/Hansen Lab Dropbox/DataStorage/Imaging/Fbn2/processed/2021_05_B/2021_05_07_BEADS_488nm_1p5_561nm_1p5_SC8_2X_20z_160nm_780V_20T_0s_movie1-01.czi
    output: results/beads/2021_05_07_BEADS_488nm_1p5_561nm_1p5_SC8_2X_20z_160nm_780V_20T_0s_movie1-01.czi.localizations.csv
    jobid: 111
    wildcards: group=beads, sample=2021_05_07_BEADS_488nm_1p5_561nm_1p5_SC8_2X_20z_160nm_780V_20T_0s_movie1-01.czi
    resources: mem_gb=50

[Tue May 11 02:16:58 2021]
Finished job 112.
52 of 115 steps (45%) done

[Tue May 11 02:16:58 2021]
rule get_bead_localizations:
    input: /mnt/md0/Hansen Lab Dropbox/DataStorage/Imaging/Fbn2/processed/2021_05_B/2021_05_09_BEADS_488nm_1p5_561nm_1p5_SC8_2X_20z_160nm_780V_20T_0s_movie3-01.czi
    output: results/beads/2021_05_09_BEADS_488nm_1p5_561nm_1p5_SC8_2X_20z_160nm_780V_20T_0s_movie3-01.czi.localizations.csv
    jobid: 125
    wildcards: group=beads, sample=2021_05_09_BEADS_488nm_1p5_561nm_1p5_SC8_2X_20z_160nm_780V_20T_0s_movie3-01.czi
    resources: mem_gb=50

[Tue May 11 02:16:59 2021]
Finished job 126.
53 of 115 steps (46%) done

[Tue May 11 02:16:59 2021]
rule get_bead_localizations:
    input: /mnt/md0/Hansen Lab Dropbox/DataStorage/Imaging/Fbn2/processed/2021_05_B/2021_05_08_BEADS_488nm_1p5_561nm_1p5_SC8_2X_20z_160nm_780V_20T_0s_movie5-01.czi
    output: results/beads/2021_05_08_BEADS_488nm_1p5_561nm_1p5_SC8_2X_20z_160nm_780V_20T_0s_movie5-01.czi.localizations.csv
    jobid: 114
    wildcards: group=beads, sample=2021_05_08_BEADS_488nm_1p5_561nm_1p5_SC8_2X_20z_160nm_780V_20T_0s_movie5-01.czi
    resources: mem_gb=50

[Tue May 11 02:17:00 2021]
Finished job 124.
54 of 115 steps (47%) done

[Tue May 11 02:17:00 2021]
rule get_bead_localizations:
    input: /mnt/md0/Hansen Lab Dropbox/DataStorage/Imaging/Fbn2/processed/2021_05_B/2021_05_08_BEADS_488nm_1p5_561nm_1p5_SC8_2X_20z_160nm_780V_20T_0s_movie9-01.czi
    output: results/beads/2021_05_08_BEADS_488nm_1p5_561nm_1p5_SC8_2X_20z_160nm_780V_20T_0s_movie9-01.czi.localizations.csv
    jobid: 129
    wildcards: group=beads, sample=2021_05_08_BEADS_488nm_1p5_561nm_1p5_SC8_2X_20z_160nm_780V_20T_0s_movie9-01.czi
    resources: mem_gb=50

[Tue May 11 02:17:07 2021]
Finished job 111.
55 of 115 steps (48%) done

[Tue May 11 02:17:07 2021]
rule get_bead_localizations:
    input: /mnt/md0/Hansen Lab Dropbox/DataStorage/Imaging/Fbn2/processed/2021_05_B/2021_05_09_BEADS_488nm_1p5_561nm_1p5_SC8_2X_20z_160nm_780V_20T_0s_movie4-01.czi
    output: results/beads/2021_05_09_BEADS_488nm_1p5_561nm_1p5_SC8_2X_20z_160nm_780V_20T_0s_movie4-01.czi.localizations.csv
    jobid: 100
    wildcards: group=beads, sample=2021_05_09_BEADS_488nm_1p5_561nm_1p5_SC8_2X_20z_160nm_780V_20T_0s_movie4-01.czi
    resources: mem_gb=50

[Tue May 11 02:17:23 2021]
Finished job 125.
56 of 115 steps (49%) done

[Tue May 11 02:17:23 2021]
rule get_bead_localizations:
    input: /mnt/md0/Hansen Lab Dropbox/DataStorage/Imaging/Fbn2/processed/2021_05_B/2021_05_07_BEADS_488nm_1p5_561nm_1p5_SC8_2X_20z_160nm_780V_20T_0s_movie2-01.czi
    output: results/beads/2021_05_07_BEADS_488nm_1p5_561nm_1p5_SC8_2X_20z_160nm_780V_20T_0s_movie2-01.czi.localizations.csv
    jobid: 121
    wildcards: group=beads, sample=2021_05_07_BEADS_488nm_1p5_561nm_1p5_SC8_2X_20z_160nm_780V_20T_0s_movie2-01.czi
    resources: mem_gb=50

[Tue May 11 02:17:24 2021]
Finished job 114.
57 of 115 steps (50%) done

[Tue May 11 02:17:24 2021]
rule get_bead_localizations:
    input: /mnt/md0/Hansen Lab Dropbox/DataStorage/Imaging/Fbn2/processed/2021_05_B/2021_05_07_BEADS_488nm_1p5_561nm_1p5_SC8_2X_20z_160nm_780V_20T_0s_movie3-01.czi
    output: results/beads/2021_05_07_BEADS_488nm_1p5_561nm_1p5_SC8_2X_20z_160nm_780V_20T_0s_movie3-01.czi.localizations.csv
    jobid: 103
    wildcards: group=beads, sample=2021_05_07_BEADS_488nm_1p5_561nm_1p5_SC8_2X_20z_160nm_780V_20T_0s_movie3-01.czi
    resources: mem_gb=50

[Tue May 11 02:17:25 2021]
Finished job 129.
58 of 115 steps (50%) done

[Tue May 11 02:17:25 2021]
rule get_bead_localizations:
    input: /mnt/md0/Hansen Lab Dropbox/DataStorage/Imaging/Fbn2/processed/2020_08_A/2020_09_14_BEADS_488nm_1p5_561nm_1p5_SC8_2X_20z_160nm_780V_20T_0s_movie2-01_processed_low.czi
    output: results/beads/2020_09_14_BEADS_488nm_1p5_561nm_1p5_SC8_2X_20z_160nm_780V_20T_0s_movie2-01_processed_low.czi.localizations.csv
    jobid: 219
    wildcards: group=beads, sample=2020_09_14_BEADS_488nm_1p5_561nm_1p5_SC8_2X_20z_160nm_780V_20T_0s_movie2-01_processed_low.czi
    resources: mem_gb=50

[Tue May 11 02:17:32 2021]
Finished job 100.
59 of 115 steps (51%) done

[Tue May 11 02:17:32 2021]
rule get_bead_localizations:
    input: /mnt/md0/Hansen Lab Dropbox/DataStorage/Imaging/Fbn2/processed/2021_04_Apr_May/2021_04_29_BEADS_488nm_1p5_561nm_1p5_SC8_2X_20z_160nm_780V_20T_0s_movie3-01.czi
    output: results/beads/2021_04_29_BEADS_488nm_1p5_561nm_1p5_SC8_2X_20z_160nm_780V_20T_0s_movie3-01.czi.localizations.csv
    jobid: 72
    wildcards: group=beads, sample=2021_04_29_BEADS_488nm_1p5_561nm_1p5_SC8_2X_20z_160nm_780V_20T_0s_movie3-01.czi
    resources: mem_gb=50

[Tue May 11 02:17:51 2021]
Finished job 121.
60 of 115 steps (52%) done

[Tue May 11 02:17:51 2021]
rule get_bead_localizations:
    input: /mnt/md0/Hansen Lab Dropbox/DataStorage/Imaging/Fbn2/processed/2021_04_Apr_May/2021_05_01_BEADS_488nm_1p5_561nm_1p5_SC8_2X_20z_160nm_780V_20T_0s_movie3-01.czi
    output: results/beads/2021_05_01_BEADS_488nm_1p5_561nm_1p5_SC8_2X_20z_160nm_780V_20T_0s_movie3-01.czi.localizations.csv
    jobid: 58
    wildcards: group=beads, sample=2021_05_01_BEADS_488nm_1p5_561nm_1p5_SC8_2X_20z_160nm_780V_20T_0s_movie3-01.czi
    resources: mem_gb=50

[Tue May 11 02:17:53 2021]
Finished job 103.
61 of 115 steps (53%) done

[Tue May 11 02:17:53 2021]
rule get_bead_localizations:
    input: /mnt/md0/Hansen Lab Dropbox/DataStorage/Imaging/Fbn2/processed/2021_04_Apr_May/2021_05_01_BEADS_488nm_1p5_561nm_1p5_SC8_2X_20z_160nm_780V_20T_0s_movie5-01.czi
    output: results/beads/2021_05_01_BEADS_488nm_1p5_561nm_1p5_SC8_2X_20z_160nm_780V_20T_0s_movie5-01.czi.localizations.csv
    jobid: 52
    wildcards: group=beads, sample=2021_05_01_BEADS_488nm_1p5_561nm_1p5_SC8_2X_20z_160nm_780V_20T_0s_movie5-01.czi
    resources: mem_gb=50

[Tue May 11 02:17:56 2021]
Finished job 219.
62 of 115 steps (54%) done

[Tue May 11 02:17:56 2021]
rule get_bead_localizations:
    input: /mnt/md0/Hansen Lab Dropbox/DataStorage/Imaging/Fbn2/processed/2021_04_Apr_May/2021_05_01_BEADS_488nm_1p5_561nm_1p5_SC8_2X_20z_160nm_780V_20T_0s_movie4-01.czi
    output: results/beads/2021_05_01_BEADS_488nm_1p5_561nm_1p5_SC8_2X_20z_160nm_780V_20T_0s_movie4-01.czi.localizations.csv
    jobid: 59
    wildcards: group=beads, sample=2021_05_01_BEADS_488nm_1p5_561nm_1p5_SC8_2X_20z_160nm_780V_20T_0s_movie4-01.czi
    resources: mem_gb=50

[Tue May 11 02:18:13 2021]
Finished job 58.
63 of 115 steps (55%) done

[Tue May 11 02:18:13 2021]
rule get_bead_localizations:
    input: /mnt/md0/Hansen Lab Dropbox/DataStorage/Imaging/Fbn2/processed/2021_05_B/2021_05_04_BEADS_488nm_1p5_561nm_1p5_SC8_2X_20z_160nm_780V_20T_0s_movie1-01.czi
    output: results/beads/2021_05_04_BEADS_488nm_1p5_561nm_1p5_SC8_2X_20z_160nm_780V_20T_0s_movie1-01.czi.localizations.csv
    jobid: 101
    wildcards: group=beads, sample=2021_05_04_BEADS_488nm_1p5_561nm_1p5_SC8_2X_20z_160nm_780V_20T_0s_movie1-01.czi
    resources: mem_gb=50

[Tue May 11 02:18:13 2021]
Finished job 52.
64 of 115 steps (56%) done

[Tue May 11 02:18:13 2021]
rule get_bead_localizations:
    input: /mnt/md0/Hansen Lab Dropbox/DataStorage/Imaging/Fbn2/processed/2021_05_B/2021_05_04_BEADS_488nm_1p5_561nm_1p5_SC8_2X_20z_160nm_780V_20T_0s_movie2-01.czi
    output: results/beads/2021_05_04_BEADS_488nm_1p5_561nm_1p5_SC8_2X_20z_160nm_780V_20T_0s_movie2-01.czi.localizations.csv
    jobid: 122
    wildcards: group=beads, sample=2021_05_04_BEADS_488nm_1p5_561nm_1p5_SC8_2X_20z_160nm_780V_20T_0s_movie2-01.czi
    resources: mem_gb=50

[Tue May 11 02:18:18 2021]
Finished job 59.
65 of 115 steps (57%) done

[Tue May 11 02:18:18 2021]
rule get_bead_localizations:
    input: /mnt/md0/Hansen Lab Dropbox/DataStorage/Imaging/Fbn2/processed/2021_05_B/2021_05_04_BEADS_488nm_1p5_561nm_1p5_SC8_2X_20z_160nm_780V_20T_0s_movie5-01.czi
    output: results/beads/2021_05_04_BEADS_488nm_1p5_561nm_1p5_SC8_2X_20z_160nm_780V_20T_0s_movie5-01.czi.localizations.csv
    jobid: 130
    wildcards: group=beads, sample=2021_05_04_BEADS_488nm_1p5_561nm_1p5_SC8_2X_20z_160nm_780V_20T_0s_movie5-01.czi
    resources: mem_gb=50

[Tue May 11 02:18:40 2021]
Finished job 130.
66 of 115 steps (57%) done

[Tue May 11 02:18:40 2021]
rule get_bead_localizations:
    input: /mnt/md0/Hansen Lab Dropbox/DataStorage/Imaging/Fbn2/processed/2021_04_Apr_May/2021_04_29_BEADS_488nm_1p5_561nm_1p5_SC8_2X_20z_160nm_780V_20T_0s_movie4-01.czi
    output: results/beads/2021_04_29_BEADS_488nm_1p5_561nm_1p5_SC8_2X_20z_160nm_780V_20T_0s_movie4-01.czi.localizations.csv
    jobid: 80
    wildcards: group=beads, sample=2021_04_29_BEADS_488nm_1p5_561nm_1p5_SC8_2X_20z_160nm_780V_20T_0s_movie4-01.czi
    resources: mem_gb=50

[Tue May 11 02:19:27 2021]
Finished job 72.
67 of 115 steps (58%) done

[Tue May 11 02:19:27 2021]
rule get_bead_localizations:
    input: /mnt/md0/Hansen Lab Dropbox/DataStorage/Imaging/Fbn2/processed/2021_04_Apr_May/2021_05_01_BEADS_488nm_1p5_561nm_1p5_SC8_2X_20z_160nm_780V_20T_0s_movie2-01.czi
    output: results/beads/2021_05_01_BEADS_488nm_1p5_561nm_1p5_SC8_2X_20z_160nm_780V_20T_0s_movie2-01.czi.localizations.csv
    jobid: 71
    wildcards: group=beads, sample=2021_05_01_BEADS_488nm_1p5_561nm_1p5_SC8_2X_20z_160nm_780V_20T_0s_movie2-01.czi
    resources: mem_gb=50

[Tue May 11 02:19:28 2021]
Finished job 159.
68 of 115 steps (59%) done

[Tue May 11 02:19:28 2021]
rule get_bead_localizations:
    input: /mnt/md0/Hansen Lab Dropbox/DataStorage/Imaging/Fbn2/processed/2021_05_B/2021_05_04_BEADS_488nm_1p5_561nm_1p5_SC8_2X_20z_160nm_780V_20T_0s_movie3-01.czi
    output: results/beads/2021_05_04_BEADS_488nm_1p5_561nm_1p5_SC8_2X_20z_160nm_780V_20T_0s_movie3-01.czi.localizations.csv
    jobid: 102
    wildcards: group=beads, sample=2021_05_04_BEADS_488nm_1p5_561nm_1p5_SC8_2X_20z_160nm_780V_20T_0s_movie3-01.czi
    resources: mem_gb=50

[Tue May 11 02:20:38 2021]
Finished job 82.
69 of 115 steps (60%) done

[Tue May 11 02:20:38 2021]
rule get_bead_localizations:
    input: /mnt/md0/Hansen Lab Dropbox/DataStorage/Imaging/Fbn2/processed/2021_05_B/2021_05_04_BEADS_488nm_1p5_561nm_1p5_SC8_2X_20z_160nm_780V_20T_0s_movie4-01.czi
    output: results/beads/2021_05_04_BEADS_488nm_1p5_561nm_1p5_SC8_2X_20z_160nm_780V_20T_0s_movie4-01.czi.localizations.csv
    jobid: 135
    wildcards: group=beads, sample=2021_05_04_BEADS_488nm_1p5_561nm_1p5_SC8_2X_20z_160nm_780V_20T_0s_movie4-01.czi
    resources: mem_gb=50

[Tue May 11 02:21:32 2021]
Finished job 101.
70 of 115 steps (61%) done

[Tue May 11 02:21:32 2021]
rule get_bead_localizations:
    input: /mnt/md0/Hansen Lab Dropbox/DataStorage/Imaging/Fbn2/processed/2021_04_Apr_May/2021_05_01_BEADS_488nm_1p5_561nm_1p5_SC8_2X_20z_160nm_780V_20T_0s_movie6-01.czi
    output: results/beads/2021_05_01_BEADS_488nm_1p5_561nm_1p5_SC8_2X_20z_160nm_780V_20T_0s_movie6-01.czi.localizations.csv
    jobid: 83
    wildcards: group=beads, sample=2021_05_01_BEADS_488nm_1p5_561nm_1p5_SC8_2X_20z_160nm_780V_20T_0s_movie6-01.czi
    resources: mem_gb=50

[Tue May 11 02:21:51 2021]
Finished job 83.
71 of 115 steps (62%) done

[Tue May 11 02:21:51 2021]
rule get_bead_localizations:
    input: /mnt/md0/Hansen Lab Dropbox/DataStorage/Imaging/Fbn2/processed/2021_04_Apr_May/2021_04_29_BEADS_488nm_1p5_561nm_1p5_SC8_2X_20z_160nm_780V_20T_0s_movie2-01.czi
    output: results/beads/2021_04_29_BEADS_488nm_1p5_561nm_1p5_SC8_2X_20z_160nm_780V_20T_0s_movie2-01.czi.localizations.csv
    jobid: 85
    wildcards: group=beads, sample=2021_04_29_BEADS_488nm_1p5_561nm_1p5_SC8_2X_20z_160nm_780V_20T_0s_movie2-01.czi
    resources: mem_gb=50

[Tue May 11 02:22:10 2021]
Finished job 176.
72 of 115 steps (63%) done

[Tue May 11 02:22:10 2021]
rule get_bead_localizations:
    input: /mnt/md0/Hansen Lab Dropbox/DataStorage/Imaging/Fbn2/processed/2021_02_C/2021_02_22_BEADS_488nm_1p5_561nm_1p5_SC8_2X_20z_160nm_780V_20T_0s_movie5-01.czi
    output: results/beads/2021_02_22_BEADS_488nm_1p5_561nm_1p5_SC8_2X_20z_160nm_780V_20T_0s_movie5-01.czi.localizations.csv
    jobid: 150
    wildcards: group=beads, sample=2021_02_22_BEADS_488nm_1p5_561nm_1p5_SC8_2X_20z_160nm_780V_20T_0s_movie5-01.czi
    resources: mem_gb=50

[Tue May 11 02:22:18 2021]
Finished job 85.
73 of 115 steps (63%) done

[Tue May 11 02:22:18 2021]
rule get_bead_localizations:
    input: /mnt/md0/Hansen Lab Dropbox/DataStorage/Imaging/Fbn2/processed/2021_04_Apr_May/2021_05_01_BEADS_488nm_1p5_561nm_1p5_SC8_2X_20z_160nm_780V_20T_0s_movie1-01.czi
    output: results/beads/2021_05_01_BEADS_488nm_1p5_561nm_1p5_SC8_2X_20z_160nm_780V_20T_0s_movie1-01.czi.localizations.csv
    jobid: 84
    wildcards: group=beads, sample=2021_05_01_BEADS_488nm_1p5_561nm_1p5_SC8_2X_20z_160nm_780V_20T_0s_movie1-01.czi
    resources: mem_gb=50

[Tue May 11 02:22:38 2021]
Finished job 84.
74 of 115 steps (64%) done

[Tue May 11 02:22:38 2021]
rule get_bead_localizations:
    input: /mnt/md0/Hansen Lab Dropbox/DataStorage/Imaging/Fbn2/processed/2021_05_B/2021_05_06_BEADS_488nm_1p5_561nm_1p5_SC8_2X_20z_160nm_780V_20T_0s_movie2-01.czi
    output: results/beads/2021_05_06_BEADS_488nm_1p5_561nm_1p5_SC8_2X_20z_160nm_780V_20T_0s_movie2-01.czi.localizations.csv
    jobid: 110
    wildcards: group=beads, sample=2021_05_06_BEADS_488nm_1p5_561nm_1p5_SC8_2X_20z_160nm_780V_20T_0s_movie2-01.czi
    resources: mem_gb=50

[Tue May 11 02:22:57 2021]
Finished job 110.
75 of 115 steps (65%) done

[Tue May 11 02:22:57 2021]
rule get_bead_localizations:
    input: /mnt/md0/Hansen Lab Dropbox/DataStorage/Imaging/Fbn2/processed/2021_05_B/2021_05_06_BEADS_488nm_1p5_561nm_1p5_SC8_2X_20z_160nm_780V_20T_0s_movie1-01.czi
    output: results/beads/2021_05_06_BEADS_488nm_1p5_561nm_1p5_SC8_2X_20z_160nm_780V_20T_0s_movie1-01.czi.localizations.csv
    jobid: 119
    wildcards: group=beads, sample=2021_05_06_BEADS_488nm_1p5_561nm_1p5_SC8_2X_20z_160nm_780V_20T_0s_movie1-01.czi
    resources: mem_gb=50

[Tue May 11 02:23:16 2021]
Finished job 119.
76 of 115 steps (66%) done

[Tue May 11 02:23:16 2021]
rule get_bead_localizations:
    input: /mnt/md0/Hansen Lab Dropbox/DataStorage/Imaging/Fbn2/processed/2021_04_Apr_May/2021_04_29_BEADS_488nm_1p5_561nm_1p5_SC8_2X_20z_160nm_780V_20T_0s_movie5-01.czi
    output: results/beads/2021_04_29_BEADS_488nm_1p5_561nm_1p5_SC8_2X_20z_160nm_780V_20T_0s_movie5-01.czi.localizations.csv
    jobid: 64
    wildcards: group=beads, sample=2021_04_29_BEADS_488nm_1p5_561nm_1p5_SC8_2X_20z_160nm_780V_20T_0s_movie5-01.czi
    resources: mem_gb=50

[Tue May 11 02:23:41 2021]
Finished job 64.
77 of 115 steps (67%) done

[Tue May 11 02:23:41 2021]
rule get_bead_localizations:
    input: /mnt/md0/Hansen Lab Dropbox/DataStorage/Imaging/Fbn2/processed/2021_04_Apr_May/2021_04_27_BEADS_488nm_1p5_561nm_1p5_SC8_2X_20z_160nm_780V_20T_0s_movie6-01.czi
    output: results/beads/2021_04_27_BEADS_488nm_1p5_561nm_1p5_SC8_2X_20z_160nm_780V_20T_0s_movie6-01.czi.localizations.csv
    jobid: 60
    wildcards: group=beads, sample=2021_04_27_BEADS_488nm_1p5_561nm_1p5_SC8_2X_20z_160nm_780V_20T_0s_movie6-01.czi
    resources: mem_gb=50

[Tue May 11 02:24:39 2021]
Finished job 80.
78 of 115 steps (68%) done

[Tue May 11 02:24:39 2021]
rule get_bead_localizations:
    input: /mnt/md0/Hansen Lab Dropbox/DataStorage/Imaging/Fbn2/processed/2021_04_Apr_May/2021_04_29_BEADS_488nm_1p5_561nm_1p5_SC8_2X_20z_160nm_780V_20T_0s_movie1-01.czi
    output: results/beads/2021_04_29_BEADS_488nm_1p5_561nm_1p5_SC8_2X_20z_160nm_780V_20T_0s_movie1-01.czi.localizations.csv
    jobid: 56
    wildcards: group=beads, sample=2021_04_29_BEADS_488nm_1p5_561nm_1p5_SC8_2X_20z_160nm_780V_20T_0s_movie1-01.czi
    resources: mem_gb=50

[Tue May 11 02:25:49 2021]
Finished job 76.
79 of 115 steps (69%) done

[Tue May 11 02:25:49 2021]
rule get_bead_localizations:
    input: /mnt/md0/Hansen Lab Dropbox/DataStorage/Imaging/Fbn2/processed/2021_04_Apr_May/2021_04_27_BEADS_488nm_1p5_561nm_1p5_SC8_2X_20z_160nm_780V_20T_0s_movie1-01.czi
    output: results/beads/2021_04_27_BEADS_488nm_1p5_561nm_1p5_SC8_2X_20z_160nm_780V_20T_0s_movie1-01.czi.localizations.csv
    jobid: 66
    wildcards: group=beads, sample=2021_04_27_BEADS_488nm_1p5_561nm_1p5_SC8_2X_20z_160nm_780V_20T_0s_movie1-01.czi
    resources: mem_gb=50

[Tue May 11 02:25:51 2021]
Finished job 135.
80 of 115 steps (70%) done

[Tue May 11 02:25:51 2021]
rule get_bead_localizations:
    input: /mnt/md0/Hansen Lab Dropbox/DataStorage/Imaging/Fbn2/processed/2021_04_Apr_May/2021_05_03_BEADS_488nm_1p5_561nm_1p5_SC8_2X_20z_160nm_780V_20T_0s_movie1-01.czi
    output: results/beads/2021_05_03_BEADS_488nm_1p5_561nm_1p5_SC8_2X_20z_160nm_780V_20T_0s_movie1-01.czi.localizations.csv
    jobid: 67
    wildcards: group=beads, sample=2021_05_03_BEADS_488nm_1p5_561nm_1p5_SC8_2X_20z_160nm_780V_20T_0s_movie1-01.czi
    resources: mem_gb=50

[Tue May 11 02:26:22 2021]
Finished job 56.
81 of 115 steps (70%) done

[Tue May 11 02:26:22 2021]
rule get_bead_localizations:
    input: /mnt/md0/Hansen Lab Dropbox/DataStorage/Imaging/Fbn2/processed/2021_05_B/2021_05_06_BEADS_488nm_1p5_561nm_1p5_SC8_2X_20z_160nm_780V_20T_0s_movie4-01.czi
    output: results/beads/2021_05_06_BEADS_488nm_1p5_561nm_1p5_SC8_2X_20z_160nm_780V_20T_0s_movie4-01.czi.localizations.csv
    jobid: 99
    wildcards: group=beads, sample=2021_05_06_BEADS_488nm_1p5_561nm_1p5_SC8_2X_20z_160nm_780V_20T_0s_movie4-01.czi
    resources: mem_gb=50

[Tue May 11 02:26:36 2021]
Finished job 150.
82 of 115 steps (71%) done

[Tue May 11 02:26:36 2021]
rule get_bead_localizations:
    input: /mnt/md0/Hansen Lab Dropbox/DataStorage/Imaging/Fbn2/processed/2021_05_B/2021_05_06_BEADS_488nm_1p5_561nm_1p5_SC8_2X_20z_160nm_780V_20T_0s_movie3-01.czi
    output: results/beads/2021_05_06_BEADS_488nm_1p5_561nm_1p5_SC8_2X_20z_160nm_780V_20T_0s_movie3-01.czi.localizations.csv
    jobid: 134
    wildcards: group=beads, sample=2021_05_06_BEADS_488nm_1p5_561nm_1p5_SC8_2X_20z_160nm_780V_20T_0s_movie3-01.czi
    resources: mem_gb=50

[Tue May 11 02:26:42 2021]
Finished job 99.
83 of 115 steps (72%) done

[Tue May 11 02:26:42 2021]
rule get_bead_localizations:
    input: /mnt/md0/Hansen Lab Dropbox/DataStorage/Imaging/Fbn2/processed/2021_04_Apr_May/2021_05_03_BEADS_488nm_1p5_561nm_1p5_SC8_2X_20z_160nm_780V_20T_0s_movie2-01.czi
    output: results/beads/2021_05_03_BEADS_488nm_1p5_561nm_1p5_SC8_2X_20z_160nm_780V_20T_0s_movie2-01.czi.localizations.csv
    jobid: 78
    wildcards: group=beads, sample=2021_05_03_BEADS_488nm_1p5_561nm_1p5_SC8_2X_20z_160nm_780V_20T_0s_movie2-01.czi
    resources: mem_gb=50

[Tue May 11 02:26:47 2021]
Finished job 66.
84 of 115 steps (73%) done

[Tue May 11 02:26:47 2021]
rule get_bead_localizations:
    input: /mnt/md0/Hansen Lab Dropbox/DataStorage/Imaging/Fbn2/processed/2021_05_B/2021_05_06_BEADS_488nm_1p5_561nm_1p5_SC8_2X_20z_160nm_780V_20T_0s_movie5-01.czi
    output: results/beads/2021_05_06_BEADS_488nm_1p5_561nm_1p5_SC8_2X_20z_160nm_780V_20T_0s_movie5-01.czi.localizations.csv
    jobid: 104
    wildcards: group=beads, sample=2021_05_06_BEADS_488nm_1p5_561nm_1p5_SC8_2X_20z_160nm_780V_20T_0s_movie5-01.czi
    resources: mem_gb=50

[Tue May 11 02:26:56 2021]
Finished job 134.
85 of 115 steps (74%) done

[Tue May 11 02:26:56 2021]
rule get_bead_localizations:
    input: /mnt/md0/Hansen Lab Dropbox/DataStorage/Imaging/Fbn2/processed/2021_04_Apr_May/2021_05_03_BEADS_488nm_1p5_561nm_1p5_SC8_2X_20z_160nm_780V_20T_0s_movie4-01.czi
    output: results/beads/2021_05_03_BEADS_488nm_1p5_561nm_1p5_SC8_2X_20z_160nm_780V_20T_0s_movie4-01.czi.localizations.csv
    jobid: 61
    wildcards: group=beads, sample=2021_05_03_BEADS_488nm_1p5_561nm_1p5_SC8_2X_20z_160nm_780V_20T_0s_movie4-01.czi
    resources: mem_gb=50

[Tue May 11 02:27:03 2021]
Finished job 78.
86 of 115 steps (75%) done

[Tue May 11 02:27:03 2021]
rule get_bead_localizations:
    input: /mnt/md0/Hansen Lab Dropbox/DataStorage/Imaging/Fbn2/processed/2021_04_Apr_May/2021_05_03_BEADS_488nm_1p5_561nm_1p5_SC8_2X_20z_160nm_780V_20T_0s_movie5-01.czi
    output: results/beads/2021_05_03_BEADS_488nm_1p5_561nm_1p5_SC8_2X_20z_160nm_780V_20T_0s_movie5-01.czi.localizations.csv
    jobid: 46
    wildcards: group=beads, sample=2021_05_03_BEADS_488nm_1p5_561nm_1p5_SC8_2X_20z_160nm_780V_20T_0s_movie5-01.czi
    resources: mem_gb=50

[Tue May 11 02:27:10 2021]
Finished job 104.
87 of 115 steps (76%) done

[Tue May 11 02:27:10 2021]
rule get_bead_localizations:
    input: /mnt/md0/Hansen Lab Dropbox/DataStorage/Imaging/Fbn2/processed/2021_04_Apr_May/2021_05_03_BEADS_488nm_1p5_561nm_1p5_SC8_2X_20z_160nm_780V_20T_0s_movie3-01.czi
    output: results/beads/2021_05_03_BEADS_488nm_1p5_561nm_1p5_SC8_2X_20z_160nm_780V_20T_0s_movie3-01.czi.localizations.csv
    jobid: 63
    wildcards: group=beads, sample=2021_05_03_BEADS_488nm_1p5_561nm_1p5_SC8_2X_20z_160nm_780V_20T_0s_movie3-01.czi
    resources: mem_gb=50

[Tue May 11 02:27:16 2021]
Finished job 61.
88 of 115 steps (77%) done

[Tue May 11 02:27:16 2021]
rule get_bead_localizations:
    input: /mnt/md0/Hansen Lab Dropbox/DataStorage/Imaging/Fbn2/processed/2021_04_Apr_May/2021_04_27_BEADS_488nm_1p5_561nm_1p5_SC8_2X_20z_160nm_780V_20T_0s_movie5-01.czi
    output: results/beads/2021_04_27_BEADS_488nm_1p5_561nm_1p5_SC8_2X_20z_160nm_780V_20T_0s_movie5-01.czi.localizations.csv
    jobid: 75
    wildcards: group=beads, sample=2021_04_27_BEADS_488nm_1p5_561nm_1p5_SC8_2X_20z_160nm_780V_20T_0s_movie5-01.czi
    resources: mem_gb=50

[Tue May 11 02:27:22 2021]
Finished job 46.
89 of 115 steps (77%) done

[Tue May 11 02:27:22 2021]
rule get_bead_localizations:
    input: /mnt/md0/Hansen Lab Dropbox/DataStorage/Imaging/Fbn2/processed/2021_04_Apr_May/2021_04_27_BEADS_488nm_1p5_561nm_1p5_SC8_2X_20z_160nm_780V_20T_0s_movie2-01.czi
    output: results/beads/2021_04_27_BEADS_488nm_1p5_561nm_1p5_SC8_2X_20z_160nm_780V_20T_0s_movie2-01.czi.localizations.csv
    jobid: 49
    wildcards: group=beads, sample=2021_04_27_BEADS_488nm_1p5_561nm_1p5_SC8_2X_20z_160nm_780V_20T_0s_movie2-01.czi
    resources: mem_gb=50

[Tue May 11 02:27:47 2021]
Finished job 75.
90 of 115 steps (78%) done

[Tue May 11 02:27:47 2021]
rule get_bead_localizations:
    input: /mnt/md0/Hansen Lab Dropbox/DataStorage/Imaging/Fbn2/processed/2021_04_Apr_May/2021_04_27_BEADS_488nm_1p5_561nm_1p5_SC8_2X_20z_160nm_780V_20T_0s_movie4-01.czi
    output: results/beads/2021_04_27_BEADS_488nm_1p5_561nm_1p5_SC8_2X_20z_160nm_780V_20T_0s_movie4-01.czi.localizations.csv
    jobid: 53
    wildcards: group=beads, sample=2021_04_27_BEADS_488nm_1p5_561nm_1p5_SC8_2X_20z_160nm_780V_20T_0s_movie4-01.czi
    resources: mem_gb=50

[Tue May 11 02:27:56 2021]
Finished job 63.
91 of 115 steps (79%) done

[Tue May 11 02:27:56 2021]
rule get_bead_localizations:
    input: /mnt/md0/Hansen Lab Dropbox/DataStorage/Imaging/Fbn2/processed/2021_04_Apr_May/2021_04_27_BEADS_488nm_1p5_561nm_1p5_SC8_2X_20z_160nm_780V_20T_0s_movie7-01.czi
    output: results/beads/2021_04_27_BEADS_488nm_1p5_561nm_1p5_SC8_2X_20z_160nm_780V_20T_0s_movie7-01.czi.localizations.csv
    jobid: 55
    wildcards: group=beads, sample=2021_04_27_BEADS_488nm_1p5_561nm_1p5_SC8_2X_20z_160nm_780V_20T_0s_movie7-01.czi
    resources: mem_gb=50

[Tue May 11 02:28:12 2021]
Finished job 49.
92 of 115 steps (80%) done

[Tue May 11 02:28:12 2021]
rule get_bead_localizations:
    input: /mnt/md0/Hansen Lab Dropbox/DataStorage/Imaging/Fbn2/processed/2021_04_Apr_May/2021_04_27_BEADS_488nm_1p5_561nm_1p5_SC8_2X_20z_160nm_780V_20T_0s_movie3-01.czi
    output: results/beads/2021_04_27_BEADS_488nm_1p5_561nm_1p5_SC8_2X_20z_160nm_780V_20T_0s_movie3-01.czi.localizations.csv
    jobid: 48
    wildcards: group=beads, sample=2021_04_27_BEADS_488nm_1p5_561nm_1p5_SC8_2X_20z_160nm_780V_20T_0s_movie3-01.czi
    resources: mem_gb=50

[Tue May 11 02:28:49 2021]
Finished job 55.
93 of 115 steps (81%) done

[Tue May 11 02:28:49 2021]
rule get_bead_localizations:
    input: /mnt/md0/Hansen Lab Dropbox/DataStorage/Imaging/Fbn2/processed/2021_04_Apr_May/2021_04_27_BEADS_488nm_1p5_561nm_1p5_SC8_2X_20z_160nm_780V_20T_0s_movie8-01.czi
    output: results/beads/2021_04_27_BEADS_488nm_1p5_561nm_1p5_SC8_2X_20z_160nm_780V_20T_0s_movie8-01.czi.localizations.csv
    jobid: 77
    wildcards: group=beads, sample=2021_04_27_BEADS_488nm_1p5_561nm_1p5_SC8_2X_20z_160nm_780V_20T_0s_movie8-01.czi
    resources: mem_gb=50

[Tue May 11 02:28:55 2021]
Finished job 53.
94 of 115 steps (82%) done

[Tue May 11 02:28:55 2021]
rule get_bead_localizations:
    input: /mnt/md0/Hansen Lab Dropbox/DataStorage/Imaging/Fbn2/processed/2021_05_B/2021_05_07_PSFCHECK_488nm_4p5_561nm_5p0_SC7_2X_20z_160nm_780V_10T_0s_movie9-01.czi
    output: results/PSFCheck/2021_05_07_PSFCHECK_488nm_4p5_561nm_5p0_SC7_2X_20z_160nm_780V_10T_0s_movie9-01.czi.localizations.csv
    jobid: 531
    wildcards: group=PSFCheck, sample=2021_05_07_PSFCHECK_488nm_4p5_561nm_5p0_SC7_2X_20z_160nm_780V_10T_0s_movie9-01.czi
    resources: mem_gb=50

[Tue May 11 02:29:14 2021]
Finished job 531.
95 of 115 steps (83%) done

[Tue May 11 02:29:14 2021]
rule get_bead_localizations:
    input: /mnt/md0/Hansen Lab Dropbox/DataStorage/Imaging/Fbn2/processed/2021_05_B/2021_05_07_PSFCHECK_488nm_4p5_561nm_5p0_SC7_2X_20z_160nm_780V_10T_0s_movie8-01.czi
    output: results/PSFCheck/2021_05_07_PSFCHECK_488nm_4p5_561nm_5p0_SC7_2X_20z_160nm_780V_10T_0s_movie8-01.czi.localizations.csv
    jobid: 537
    wildcards: group=PSFCheck, sample=2021_05_07_PSFCHECK_488nm_4p5_561nm_5p0_SC7_2X_20z_160nm_780V_10T_0s_movie8-01.czi
    resources: mem_gb=50

[Tue May 11 02:30:12 2021]
Finished job 537.
96 of 115 steps (83%) done

[Tue May 11 02:30:12 2021]
rule get_bead_localizations:
    input: /mnt/md0/Hansen Lab Dropbox/DataStorage/Imaging/Fbn2/processed/2021_05_B/2021_05_07_PSFCHECK_488nm_4p5_561nm_5p0_SC7_2X_20z_160nm_780V_10T_0s_movie10-01.czi
    output: results/PSFCheck/2021_05_07_PSFCHECK_488nm_4p5_561nm_5p0_SC7_2X_20z_160nm_780V_10T_0s_movie10-01.czi.localizations.csv
    jobid: 534
    wildcards: group=PSFCheck, sample=2021_05_07_PSFCHECK_488nm_4p5_561nm_5p0_SC7_2X_20z_160nm_780V_10T_0s_movie10-01.czi
    resources: mem_gb=50

[Tue May 11 02:31:00 2021]
Finished job 60.
97 of 115 steps (84%) done

[Tue May 11 02:31:00 2021]
rule get_bead_localizations:
    input: /mnt/md0/Hansen Lab Dropbox/DataStorage/Imaging/Fbn2/processed/2021_05_B/2021_05_07_PSFCHECK_488nm_4p5_561nm_5p0_SC7_2X_20z_160nm_780V_10T_0s_movie4-01.czi
    output: results/PSFCheck/2021_05_07_PSFCHECK_488nm_4p5_561nm_5p0_SC7_2X_20z_160nm_780V_10T_0s_movie4-01.czi.localizations.csv
    jobid: 532
    wildcards: group=PSFCheck, sample=2021_05_07_PSFCHECK_488nm_4p5_561nm_5p0_SC7_2X_20z_160nm_780V_10T_0s_movie4-01.czi
    resources: mem_gb=50

[Tue May 11 02:31:15 2021]
Finished job 422.
98 of 115 steps (85%) done

[Tue May 11 02:31:15 2021]
rule get_bead_localizations:
    input: /mnt/md0/Hansen Lab Dropbox/DataStorage/Imaging/Fbn2/processed/2021_05_B/2021_05_07_PSFCHECK_488nm_4p5_561nm_5p0_SC7_2X_20z_160nm_780V_10T_0s_movie2-01.czi
    output: results/PSFCheck/2021_05_07_PSFCHECK_488nm_4p5_561nm_5p0_SC7_2X_20z_160nm_780V_10T_0s_movie2-01.czi.localizations.csv
    jobid: 536
    wildcards: group=PSFCheck, sample=2021_05_07_PSFCHECK_488nm_4p5_561nm_5p0_SC7_2X_20z_160nm_780V_10T_0s_movie2-01.czi
    resources: mem_gb=50

[Tue May 11 02:31:17 2021]
Finished job 534.
99 of 115 steps (86%) done

[Tue May 11 02:31:17 2021]
rule get_bead_localizations:
    input: /mnt/md0/Hansen Lab Dropbox/DataStorage/Imaging/Fbn2/processed/2021_05_B/2021_05_07_PSFCHECK_488nm_4p5_561nm_5p0_SC7_2X_20z_160nm_780V_10T_0s_movie7-01.czi
    output: results/PSFCheck/2021_05_07_PSFCHECK_488nm_4p5_561nm_5p0_SC7_2X_20z_160nm_780V_10T_0s_movie7-01.czi.localizations.csv
    jobid: 535
    wildcards: group=PSFCheck, sample=2021_05_07_PSFCHECK_488nm_4p5_561nm_5p0_SC7_2X_20z_160nm_780V_10T_0s_movie7-01.czi
    resources: mem_gb=50

[Tue May 11 02:31:34 2021]
Finished job 535.
100 of 115 steps (87%) done

[Tue May 11 02:31:34 2021]
rule get_bead_localizations:
    input: /mnt/md0/Hansen Lab Dropbox/DataStorage/Imaging/Fbn2/processed/2021_05_B/2021_05_07_PSFCHECK_488nm_4p5_561nm_5p0_SC7_2X_20z_160nm_780V_10T_0s_movie3-01.czi
    output: results/PSFCheck/2021_05_07_PSFCHECK_488nm_4p5_561nm_5p0_SC7_2X_20z_160nm_780V_10T_0s_movie3-01.czi.localizations.csv
    jobid: 539
    wildcards: group=PSFCheck, sample=2021_05_07_PSFCHECK_488nm_4p5_561nm_5p0_SC7_2X_20z_160nm_780V_10T_0s_movie3-01.czi
    resources: mem_gb=50

[Tue May 11 02:31:35 2021]
Finished job 536.
101 of 115 steps (88%) done

[Tue May 11 02:31:35 2021]
rule get_bead_localizations:
    input: /mnt/md0/Hansen Lab Dropbox/DataStorage/Imaging/Fbn2/processed/2021_05_B/2021_05_07_PSFCHECK_488nm_4p5_561nm_5p0_SC7_2X_20z_160nm_780V_10T_0s_movie6-01.czi
    output: results/PSFCheck/2021_05_07_PSFCHECK_488nm_4p5_561nm_5p0_SC7_2X_20z_160nm_780V_10T_0s_movie6-01.czi.localizations.csv
    jobid: 533
    wildcards: group=PSFCheck, sample=2021_05_07_PSFCHECK_488nm_4p5_561nm_5p0_SC7_2X_20z_160nm_780V_10T_0s_movie6-01.czi
    resources: mem_gb=50

[Tue May 11 02:31:40 2021]
Finished job 532.
102 of 115 steps (89%) done

[Tue May 11 02:31:40 2021]
rule get_bead_localizations:
    input: /mnt/md0/Hansen Lab Dropbox/DataStorage/Imaging/Fbn2/processed/2021_05_B/2021_05_07_PSFCHECK_488nm_4p5_561nm_5p0_SC7_2X_20z_160nm_780V_10T_0s_movie5-01.czi
    output: results/PSFCheck/2021_05_07_PSFCHECK_488nm_4p5_561nm_5p0_SC7_2X_20z_160nm_780V_10T_0s_movie5-01.czi.localizations.csv
    jobid: 538
    wildcards: group=PSFCheck, sample=2021_05_07_PSFCHECK_488nm_4p5_561nm_5p0_SC7_2X_20z_160nm_780V_10T_0s_movie5-01.czi
    resources: mem_gb=50

[Tue May 11 02:32:00 2021]
Finished job 533.
103 of 115 steps (90%) done

[Tue May 11 02:32:00 2021]
rule get_bead_localizations:
    input: /mnt/md0/Hansen Lab Dropbox/DataStorage/Imaging/Fbn2/processed/2021_05_B/2021_05_07_PSFCHECK_488nm_4p5_561nm_5p0_SC7_2X_20z_160nm_780V_10T_0s_movie1-01.czi
    output: results/PSFCheck/2021_05_07_PSFCHECK_488nm_4p5_561nm_5p0_SC7_2X_20z_160nm_780V_10T_0s_movie1-01.czi.localizations.csv
    jobid: 530
    wildcards: group=PSFCheck, sample=2021_05_07_PSFCHECK_488nm_4p5_561nm_5p0_SC7_2X_20z_160nm_780V_10T_0s_movie1-01.czi
    resources: mem_gb=50

[Tue May 11 02:32:05 2021]
Finished job 538.
104 of 115 steps (90%) done
[Tue May 11 02:32:15 2021]
Finished job 530.
105 of 115 steps (91%) done
[Tue May 11 02:32:37 2021]
Finished job 539.
106 of 115 steps (92%) done
[Tue May 11 02:32:49 2021]
Finished job 122.
107 of 115 steps (93%) done
[Tue May 11 02:38:40 2021]
Finished job 77.
108 of 115 steps (94%) done
[Tue May 11 02:38:49 2021]
Finished job 71.
109 of 115 steps (95%) done
[Tue May 11 02:53:12 2021]
Finished job 48.
110 of 115 steps (96%) done
[Tue May 11 03:05:29 2021]
Finished job 274.
111 of 115 steps (97%) done
[Tue May 11 03:10:36 2021]
Finished job 67.
112 of 115 steps (97%) done
[Tue May 11 06:17:49 2021]
Finished job 102.
113 of 115 steps (98%) done
Exiting because a job execution failed. Look above for error message
Complete log: /home/hbrandao/libs/data_analysis_Fbn2/snakemake/workflow/.snakemake/log/2021-05-11T013959.848575.snakemake.log
