Building DAG of jobs...
Using shell: /bin/bash
Provided cores: 10
Rules claiming more threads will be scaled down.
Provided resources: mem_gb=200
Job counts:
	count	jobs
	1	all
	6	find_trajectory_pairs
	6	load_czi_zstack
	6	make_movies
	6	refine_tracks
	6	track_dots
	6	wavelet_decomposition_in_4D
	37

[Sun Feb 28 11:06:32 2021]
rule load_czi_zstack:
    input: /mnt/md0/Hansen Lab Dropbox/DataStorage/Imaging/Fbn2/processed/2020_12_C/2020_12_22_Fbn2_C36_488nm_0p5_561nm_0p05_SC7_1p3X_30z_250nm_780V_365T_60s_movie1-06_processed_low.czi
    output: results/data/2020_12_22_Fbn2_C36_488nm_0p5_561nm_0p05_SC7_1p3X_30z_250nm_780V_365T_60s_movie1-06_processed_low.czi.ch0_raw.npy, results/data/2020_12_22_Fbn2_C36_488nm_0p5_561nm_0p05_SC7_1p3X_30z_250nm_780V_365T_60s_movie1-06_processed_low.czi.ch1_raw.npy, results/data/2020_12_22_Fbn2_C36_488nm_0p5_561nm_0p05_SC7_1p3X_30z_250nm_780V_365T_60s_movie1-06_processed_low.czi.metadata.pkl
    jobid: 27
    wildcards: sample=2020_12_22_Fbn2_C36_488nm_0p5_561nm_0p05_SC7_1p3X_30z_250nm_780V_365T_60s_movie1-06_processed_low.czi
    resources: mem_gb=80

[Sun Feb 28 11:06:32 2021]
rule load_czi_zstack:
    input: /mnt/md0/Hansen Lab Dropbox/DataStorage/Imaging/Fbn2/processed/2020_12_C/2020_12_23_Fbn2_C36_488nm_0p5_561nm_0p05_SC7_1p3X_30z_250nm_780V_365T_60s_movie1-02_processed_low.czi
    output: results/data/2020_12_23_Fbn2_C36_488nm_0p5_561nm_0p05_SC7_1p3X_30z_250nm_780V_365T_60s_movie1-02_processed_low.czi.ch0_raw.npy, results/data/2020_12_23_Fbn2_C36_488nm_0p5_561nm_0p05_SC7_1p3X_30z_250nm_780V_365T_60s_movie1-02_processed_low.czi.ch1_raw.npy, results/data/2020_12_23_Fbn2_C36_488nm_0p5_561nm_0p05_SC7_1p3X_30z_250nm_780V_365T_60s_movie1-02_processed_low.czi.metadata.pkl
    jobid: 33
    wildcards: sample=2020_12_23_Fbn2_C36_488nm_0p5_561nm_0p05_SC7_1p3X_30z_250nm_780V_365T_60s_movie1-02_processed_low.czi
    resources: mem_gb=80

Removing output files of failed job load_czi_zstack since they might be corrupted:
results/data/2020_12_22_Fbn2_C36_488nm_0p5_561nm_0p05_SC7_1p3X_30z_250nm_780V_365T_60s_movie1-06_processed_low.czi.ch0_raw.npy
[Sun Feb 28 11:27:05 2021]
Finished job 33.
1 of 37 steps (3%) done
Shutting down, this might take some time.
Exiting because a job execution failed. Look above for error message
Complete log: /home/hbrandao/libs/data_analysis_Fbn2/snakemake/workflow/.snakemake/log/2021-02-28T110631.903501.snakemake.log
