Building DAG of jobs...
Using shell: /bin/bash
Provided cores: 10
Rules claiming more threads will be scaled down.
Job counts:
	count	jobs
	1	all
	2	load_and_filter
	2	use_pipe
	5

[Sat Feb 27 13:05:21 2021]
rule load_and_filter:
    input: /mnt/md0/Hansen Lab Dropbox/DataStorage/Imaging/Fbn2/processed/2020_12_A/2020_12_08_BEADS_488nm_1p5_561nm_1p5_SC8_2X_20z_160nm_780V_20T_0s_movie2-01_processed_low.czi, /mnt/md0/Hansen Lab Dropbox/DataStorage/Imaging/Fbn2/processed/2020_12_A/2020_12_07_BEADS_488nm_1p5_561nm_1p5_SC8_2X_20z_160nm_780V_20T_0s_movie3-01_processed_low.czi
    output: results/2020_12_08_BEADS_488nm_1p5_561nm_1p5_SC8_2X_20z_160nm_780V_20T_0s_movie2-01_processed_low.czi.csv
    jobid: 2
    wildcards: sample=2020_12_08_BEADS_488nm_1p5_561nm_1p5_SC8_2X_20z_160nm_780V_20T_0s_movie2-01_processed_low.czi

[Sat Feb 27 13:05:21 2021]
rule load_and_filter:
    input: /mnt/md0/Hansen Lab Dropbox/DataStorage/Imaging/Fbn2/processed/2020_12_A/2020_12_08_BEADS_488nm_1p5_561nm_1p5_SC8_2X_20z_160nm_780V_20T_0s_movie2-01_processed_low.czi, /mnt/md0/Hansen Lab Dropbox/DataStorage/Imaging/Fbn2/processed/2020_12_A/2020_12_07_BEADS_488nm_1p5_561nm_1p5_SC8_2X_20z_160nm_780V_20T_0s_movie3-01_processed_low.czi
    output: results/2020_12_07_BEADS_488nm_1p5_561nm_1p5_SC8_2X_20z_160nm_780V_20T_0s_movie3-01_processed_low.czi.csv
    jobid: 4
    wildcards: sample=2020_12_07_BEADS_488nm_1p5_561nm_1p5_SC8_2X_20z_160nm_780V_20T_0s_movie3-01_processed_low.czi

[Sat Feb 27 13:05:24 2021]
Finished job 4.
1 of 5 steps (20%) done

[Sat Feb 27 13:05:24 2021]
rule use_pipe:
    input: results/2020_12_07_BEADS_488nm_1p5_561nm_1p5_SC8_2X_20z_160nm_780V_20T_0s_movie3-01_processed_low.czi.csv
    output: results/2020_12_07_BEADS_488nm_1p5_561nm_1p5_SC8_2X_20z_160nm_780V_20T_0s_movie3-01_processed_low.czi.csv.piped
    jobid: 3
    wildcards: sample=2020_12_07_BEADS_488nm_1p5_561nm_1p5_SC8_2X_20z_160nm_780V_20T_0s_movie3-01_processed_low.czi

[Sat Feb 27 13:05:24 2021]
Finished job 2.
2 of 5 steps (40%) done

[Sat Feb 27 13:05:24 2021]
rule use_pipe:
    input: results/2020_12_08_BEADS_488nm_1p5_561nm_1p5_SC8_2X_20z_160nm_780V_20T_0s_movie2-01_processed_low.czi.csv
    output: results/2020_12_08_BEADS_488nm_1p5_561nm_1p5_SC8_2X_20z_160nm_780V_20T_0s_movie2-01_processed_low.czi.csv.piped
    jobid: 1
    wildcards: sample=2020_12_08_BEADS_488nm_1p5_561nm_1p5_SC8_2X_20z_160nm_780V_20T_0s_movie2-01_processed_low.czi

[Sat Feb 27 13:05:29 2021]
Finished job 1.
3 of 5 steps (60%) done
[Sat Feb 27 13:05:29 2021]
Finished job 3.
4 of 5 steps (80%) done

[Sat Feb 27 13:05:29 2021]
localrule all:
    input: results/2020_12_08_BEADS_488nm_1p5_561nm_1p5_SC8_2X_20z_160nm_780V_20T_0s_movie2-01_processed_low.czi.csv.piped, results/2020_12_07_BEADS_488nm_1p5_561nm_1p5_SC8_2X_20z_160nm_780V_20T_0s_movie3-01_processed_low.czi.csv.piped
    jobid: 0

[Sat Feb 27 13:05:29 2021]
Finished job 0.
5 of 5 steps (100%) done
Complete log: /home/hbrandao/libs/data_analysis_Fbn2/snakemake/workflow/.snakemake/log/2021-02-27T130520.682331.snakemake.log
