Building DAG of jobs...
Creating report...
Missing metadata for file results/z_analysis/histograms/Rad21_6_hr.tier3.pdf. Maybe metadata was deleted or it was created using an older version of Snakemake. This is a non critical warning.
Missing metadata for file results/z_analysis/histograms/Rad21_6_hr_distances.tier3.npy. Maybe metadata was deleted or it was created using an older version of Snakemake. This is a non critical warning.
Missing metadata for file results/z_analysis/tagged_sets_tier_3/Rad21_6_hr.tagged_set.tsv. Maybe metadata was deleted or it was created using an older version of Snakemake. This is a non critical warning.
Missing metadata for file results/z_analysis/histograms/Rad21_8_hr.tier3.pdf. Maybe metadata was deleted or it was created using an older version of Snakemake. This is a non critical warning.
Missing metadata for file results/z_analysis/histograms/Rad21_8_hr_distances.tier3.npy. Maybe metadata was deleted or it was created using an older version of Snakemake. This is a non critical warning.
Missing metadata for file results/z_analysis/tagged_sets_tier_3/Rad21_8_hr.tagged_set.tsv. Maybe metadata was deleted or it was created using an older version of Snakemake. This is a non critical warning.
Missing metadata for file results/z_analysis/histograms/CTCF_6_hr.tier3.pdf. Maybe metadata was deleted or it was created using an older version of Snakemake. This is a non critical warning.
Missing metadata for file results/z_analysis/histograms/CTCF_6_hr_distances.tier3.npy. Maybe metadata was deleted or it was created using an older version of Snakemake. This is a non critical warning.
Missing metadata for file results/z_analysis/tagged_sets_tier_3/CTCF_6_hr.tagged_set.tsv. Maybe metadata was deleted or it was created using an older version of Snakemake. This is a non critical warning.
Missing metadata for file results/z_analysis/histograms/CTCF_9_hr.tier3.pdf. Maybe metadata was deleted or it was created using an older version of Snakemake. This is a non critical warning.
Missing metadata for file results/z_analysis/histograms/CTCF_9_hr_distances.tier3.npy. Maybe metadata was deleted or it was created using an older version of Snakemake. This is a non critical warning.
Missing metadata for file results/z_analysis/tagged_sets_tier_3/CTCF_9_hr.tagged_set.tsv. Maybe metadata was deleted or it was created using an older version of Snakemake. This is a non critical warning.
Downloading resources and rendering HTML.
Loading script code for rule compute_summary_statistics
Loading script code for rule classify_trajectories
Loading script code for rule apply_chromatic_shift_corrections
Loading script code for rule get_chromatic_shift_corrections
Loading script code for rule compute_distance_histograms_for_tier2
Loading script code for rule convert_into_tracklib_format_for_tier2
Loading script code for rule compute_distance_histograms_for_tier3
Loading script code for rule convert_into_tracklib_format_for_tier3
Report created: report.html.
