Building DAG of jobs...
Using shell: /bin/bash
Provided cores: 1 (use --cores to define parallelism)
Rules claiming more threads will be scaled down.
Provided resources: mem_mb=240
Job counts:
	count	jobs
	1	all
	72	get_trajectories_from_timeseries
	73

[Mon May 10 03:06:12 2021]
rule get_trajectories_from_timeseries:
    input: /mnt/md0/Hansen Lab Dropbox/DataStorage/Imaging/Fbn2/processed/2021_02_C/2021_02_28_Fbn2_F1RAD21M_488nm_0p5_561nm_0p05_SC8_2X_30z_250nm_780V_365T_20s_4hoursIAA_movie2-01.czi
    output: results/Rad21/2021_02_28_Fbn2_F1RAD21M_488nm_0p5_561nm_0p05_SC8_2X_30z_250nm_780V_365T_20s_4hoursIAA_movie2-01.czi.tracks.csv, results/Rad21/2021_02_28_Fbn2_F1RAD21M_488nm_0p5_561nm_0p05_SC8_2X_30z_250nm_780V_365T_20s_4hoursIAA_movie2-01.czi.dot_volumes.pkl
    jobid: 68
    wildcards: group=Rad21, sample=2021_02_28_Fbn2_F1RAD21M_488nm_0p5_561nm_0p05_SC8_2X_30z_250nm_780V_365T_20s_4hoursIAA_movie2-01.czi
    resources: mem_gb=200

[Mon May 10 03:27:48 2021]
Finished job 68.
1 of 73 steps (1%) done

[Mon May 10 03:27:48 2021]
rule get_trajectories_from_timeseries:
    input: /mnt/md0/Hansen Lab Dropbox/DataStorage/Imaging/Fbn2/processed/2021_02_B/2021_03_02_Fbn2_F1RAD21M_488nm_0p5_561nm_0p05_SC8_2X_30z_250nm_780V_365T_20s_noIAA_movie3-01.czi
    output: results/Rad21/2021_03_02_Fbn2_F1RAD21M_488nm_0p5_561nm_0p05_SC8_2X_30z_250nm_780V_365T_20s_noIAA_movie3-01.czi.tracks.csv, results/Rad21/2021_03_02_Fbn2_F1RAD21M_488nm_0p5_561nm_0p05_SC8_2X_30z_250nm_780V_365T_20s_noIAA_movie3-01.czi.dot_volumes.pkl
    jobid: 151
    wildcards: group=Rad21, sample=2021_03_02_Fbn2_F1RAD21M_488nm_0p5_561nm_0p05_SC8_2X_30z_250nm_780V_365T_20s_noIAA_movie3-01.czi
    resources: mem_gb=200

[Mon May 10 03:44:20 2021]
Finished job 151.
2 of 73 steps (3%) done

[Mon May 10 03:44:20 2021]
rule get_trajectories_from_timeseries:
    input: /mnt/md0/Hansen Lab Dropbox/DataStorage/Imaging/Fbn2/processed/2021_02_B/2021_03_03_Fbn2_F1RAD21M_488nm_0p5_561nm_0p05_SC8_2X_30z_250nm_780V_365T_20s_2hoursIAA_movie1-01.czi
    output: results/Rad21/2021_03_03_Fbn2_F1RAD21M_488nm_0p5_561nm_0p05_SC8_2X_30z_250nm_780V_365T_20s_2hoursIAA_movie1-01.czi.tracks.csv, results/Rad21/2021_03_03_Fbn2_F1RAD21M_488nm_0p5_561nm_0p05_SC8_2X_30z_250nm_780V_365T_20s_2hoursIAA_movie1-01.czi.dot_volumes.pkl
    jobid: 148
    wildcards: group=Rad21, sample=2021_03_03_Fbn2_F1RAD21M_488nm_0p5_561nm_0p05_SC8_2X_30z_250nm_780V_365T_20s_2hoursIAA_movie1-01.czi
    resources: mem_gb=200

[Mon May 10 03:57:22 2021]
Finished job 148.
3 of 73 steps (4%) done

[Mon May 10 03:57:22 2021]
rule get_trajectories_from_timeseries:
    input: /mnt/md0/Hansen Lab Dropbox/DataStorage/Imaging/Fbn2/processed/2021_02_C/2021_02_28_Fbn2_F1RAD21M_488nm_0p5_561nm_0p05_SC8_2X_30z_250nm_780V_365T_20s_4hoursIAA_movie1-01.czi
    output: results/Rad21/2021_02_28_Fbn2_F1RAD21M_488nm_0p5_561nm_0p05_SC8_2X_30z_250nm_780V_365T_20s_4hoursIAA_movie1-01.czi.tracks.csv, results/Rad21/2021_02_28_Fbn2_F1RAD21M_488nm_0p5_561nm_0p05_SC8_2X_30z_250nm_780V_365T_20s_4hoursIAA_movie1-01.czi.dot_volumes.pkl
    jobid: 92
    wildcards: group=Rad21, sample=2021_02_28_Fbn2_F1RAD21M_488nm_0p5_561nm_0p05_SC8_2X_30z_250nm_780V_365T_20s_4hoursIAA_movie1-01.czi
    resources: mem_gb=200

[Mon May 10 04:09:51 2021]
Finished job 92.
4 of 73 steps (5%) done

[Mon May 10 04:09:51 2021]
rule get_trajectories_from_timeseries:
    input: /mnt/md0/Hansen Lab Dropbox/DataStorage/Imaging/Fbn2/processed/2021_02_C/2021_02_20_Fbn2_F1Rad21M_488nm_0p5_561nm_0p05_SC8_2X_30z_250nm_780V_365T_20s_2hoursIAA_movie1-01.czi
    output: results/Rad21/2021_02_20_Fbn2_F1Rad21M_488nm_0p5_561nm_0p05_SC8_2X_30z_250nm_780V_365T_20s_2hoursIAA_movie1-01.czi.tracks.csv, results/Rad21/2021_02_20_Fbn2_F1Rad21M_488nm_0p5_561nm_0p05_SC8_2X_30z_250nm_780V_365T_20s_2hoursIAA_movie1-01.czi.dot_volumes.pkl
    jobid: 91
    wildcards: group=Rad21, sample=2021_02_20_Fbn2_F1Rad21M_488nm_0p5_561nm_0p05_SC8_2X_30z_250nm_780V_365T_20s_2hoursIAA_movie1-01.czi
    resources: mem_gb=200

[Mon May 10 04:33:55 2021]
Finished job 91.
5 of 73 steps (7%) done

[Mon May 10 04:33:55 2021]
rule get_trajectories_from_timeseries:
    input: /mnt/md0/Hansen Lab Dropbox/DataStorage/Imaging/Fbn2/processed/2021_02_B/2021_03_02_Fbn2_F1RAD21M_488nm_0p5_561nm_0p05_SC8_2X_30z_250nm_780V_365T_20s_noIAA_movie2-01.czi
    output: results/Rad21/2021_03_02_Fbn2_F1RAD21M_488nm_0p5_561nm_0p05_SC8_2X_30z_250nm_780V_365T_20s_noIAA_movie2-01.czi.tracks.csv, results/Rad21/2021_03_02_Fbn2_F1RAD21M_488nm_0p5_561nm_0p05_SC8_2X_30z_250nm_780V_365T_20s_noIAA_movie2-01.czi.dot_volumes.pkl
    jobid: 145
    wildcards: group=Rad21, sample=2021_03_02_Fbn2_F1RAD21M_488nm_0p5_561nm_0p05_SC8_2X_30z_250nm_780V_365T_20s_noIAA_movie2-01.czi
    resources: mem_gb=200

[Mon May 10 04:54:07 2021]
Finished job 145.
6 of 73 steps (8%) done

[Mon May 10 04:54:07 2021]
rule get_trajectories_from_timeseries:
    input: /mnt/md0/Hansen Lab Dropbox/DataStorage/Imaging/Fbn2/processed/2021_02_C/2021_02_27_Fbn2_F1RAD21M_488nm_0p5_561nm_0p05_SC8_2X_30z_250nm_780V_365T_20s_2hoursIAA_movie1-01.czi
    output: results/Rad21/2021_02_27_Fbn2_F1RAD21M_488nm_0p5_561nm_0p05_SC8_2X_30z_250nm_780V_365T_20s_2hoursIAA_movie1-01.czi.tracks.csv, results/Rad21/2021_02_27_Fbn2_F1RAD21M_488nm_0p5_561nm_0p05_SC8_2X_30z_250nm_780V_365T_20s_2hoursIAA_movie1-01.czi.dot_volumes.pkl
    jobid: 74
    wildcards: group=Rad21, sample=2021_02_27_Fbn2_F1RAD21M_488nm_0p5_561nm_0p05_SC8_2X_30z_250nm_780V_365T_20s_2hoursIAA_movie1-01.czi
    resources: mem_gb=200

[Mon May 10 05:20:49 2021]
Finished job 74.
7 of 73 steps (10%) done

[Mon May 10 05:20:49 2021]
rule get_trajectories_from_timeseries:
    input: /mnt/md0/Hansen Lab Dropbox/DataStorage/Imaging/Fbn2/processed/2021_02_B/2021_03_04_Fbn2_F1RAD21M_488nm_0p5_561nm_0p05_SC8_2X_30z_250nm_780V_365T_20s_4hoursIAA_movie1-01.czi
    output: results/Rad21/2021_03_04_Fbn2_F1RAD21M_488nm_0p5_561nm_0p05_SC8_2X_30z_250nm_780V_365T_20s_4hoursIAA_movie1-01.czi.tracks.csv, results/Rad21/2021_03_04_Fbn2_F1RAD21M_488nm_0p5_561nm_0p05_SC8_2X_30z_250nm_780V_365T_20s_4hoursIAA_movie1-01.czi.dot_volumes.pkl
    jobid: 147
    wildcards: group=Rad21, sample=2021_03_04_Fbn2_F1RAD21M_488nm_0p5_561nm_0p05_SC8_2X_30z_250nm_780V_365T_20s_4hoursIAA_movie1-01.czi
    resources: mem_gb=200

[Mon May 10 05:33:46 2021]
Finished job 147.
8 of 73 steps (11%) done

[Mon May 10 05:33:46 2021]
rule get_trajectories_from_timeseries:
    input: /mnt/md0/Hansen Lab Dropbox/DataStorage/Imaging/Fbn2/processed/2021_02_C/2021_02_22_Fbn2_F1Rad21M_488nm_0p5_561nm_0p05_SC8_2X_30z_250nm_780V_365T_20s_noIAA_movie1-02.czi
    output: results/Rad21/2021_02_22_Fbn2_F1Rad21M_488nm_0p5_561nm_0p05_SC8_2X_30z_250nm_780V_365T_20s_noIAA_movie1-02.czi.tracks.csv, results/Rad21/2021_02_22_Fbn2_F1Rad21M_488nm_0p5_561nm_0p05_SC8_2X_30z_250nm_780V_365T_20s_noIAA_movie1-02.czi.dot_volumes.pkl
    jobid: 64
    wildcards: group=Rad21, sample=2021_02_22_Fbn2_F1Rad21M_488nm_0p5_561nm_0p05_SC8_2X_30z_250nm_780V_365T_20s_noIAA_movie1-02.czi
    resources: mem_gb=200

[Mon May 10 05:46:25 2021]
Finished job 64.
9 of 73 steps (12%) done

[Mon May 10 05:46:25 2021]
rule get_trajectories_from_timeseries:
    input: /mnt/md0/Hansen Lab Dropbox/DataStorage/Imaging/Fbn2/processed/2021_02_B/2021_03_05_Fbn2_F1RAD21M_488nm_0p5_561nm_0p05_SC8_2X_30z_250nm_780V_365T_20s_2hoursIAA_movie2-02.czi
    output: results/Rad21/2021_03_05_Fbn2_F1RAD21M_488nm_0p5_561nm_0p05_SC8_2X_30z_250nm_780V_365T_20s_2hoursIAA_movie2-02.czi.tracks.csv, results/Rad21/2021_03_05_Fbn2_F1RAD21M_488nm_0p5_561nm_0p05_SC8_2X_30z_250nm_780V_365T_20s_2hoursIAA_movie2-02.czi.dot_volumes.pkl
    jobid: 146
    wildcards: group=Rad21, sample=2021_03_05_Fbn2_F1RAD21M_488nm_0p5_561nm_0p05_SC8_2X_30z_250nm_780V_365T_20s_2hoursIAA_movie2-02.czi
    resources: mem_gb=200

[Mon May 10 05:59:52 2021]
Finished job 146.
10 of 73 steps (14%) done

[Mon May 10 05:59:52 2021]
rule get_trajectories_from_timeseries:
    input: /mnt/md0/Hansen Lab Dropbox/DataStorage/Imaging/Fbn2/processed/2021_02_C/2021_02_20_bn2_F1Rad21M_488nm_0p5_561nm_0p05_SC8_2X_30z_250nm_780V_365T_20s_4hoursIAA_movie1-01.czi
    output: results/Rad21/2021_02_20_bn2_F1Rad21M_488nm_0p5_561nm_0p05_SC8_2X_30z_250nm_780V_365T_20s_4hoursIAA_movie1-01.czi.tracks.csv, results/Rad21/2021_02_20_bn2_F1Rad21M_488nm_0p5_561nm_0p05_SC8_2X_30z_250nm_780V_365T_20s_4hoursIAA_movie1-01.czi.dot_volumes.pkl
    jobid: 90
    wildcards: group=Rad21, sample=2021_02_20_bn2_F1Rad21M_488nm_0p5_561nm_0p05_SC8_2X_30z_250nm_780V_365T_20s_4hoursIAA_movie1-01.czi
    resources: mem_gb=200

[Mon May 10 06:14:45 2021]
Finished job 90.
11 of 73 steps (15%) done

[Mon May 10 06:14:45 2021]
rule get_trajectories_from_timeseries:
    input: /mnt/md0/Hansen Lab Dropbox/DataStorage/Imaging/Fbn2/processed/2021_02_C/2021_02_27_Fbn2_F1RAD21M_488nm_0p5_561nm_0p05_SC8_2X_30z_250nm_780V_365T_20s_4hoursIAA_movie1-01.czi
    output: results/Rad21/2021_02_27_Fbn2_F1RAD21M_488nm_0p5_561nm_0p05_SC8_2X_30z_250nm_780V_365T_20s_4hoursIAA_movie1-01.czi.tracks.csv, results/Rad21/2021_02_27_Fbn2_F1RAD21M_488nm_0p5_561nm_0p05_SC8_2X_30z_250nm_780V_365T_20s_4hoursIAA_movie1-01.czi.dot_volumes.pkl
    jobid: 59
    wildcards: group=Rad21, sample=2021_02_27_Fbn2_F1RAD21M_488nm_0p5_561nm_0p05_SC8_2X_30z_250nm_780V_365T_20s_4hoursIAA_movie1-01.czi
    resources: mem_gb=200

[Mon May 10 06:28:13 2021]
Finished job 59.
12 of 73 steps (16%) done

[Mon May 10 06:28:13 2021]
rule get_trajectories_from_timeseries:
    input: /mnt/md0/Hansen Lab Dropbox/DataStorage/Imaging/Fbn2/processed/2021_02_B/2021_03_05_Fbn2_F1RAD21M_488nm_0p5_561nm_0p05_SC8_2X_30z_250nm_780V_365T_20s_4hoursIAA_movie2-01.czi
    output: results/Rad21/2021_03_05_Fbn2_F1RAD21M_488nm_0p5_561nm_0p05_SC8_2X_30z_250nm_780V_365T_20s_4hoursIAA_movie2-01.czi.tracks.csv, results/Rad21/2021_03_05_Fbn2_F1RAD21M_488nm_0p5_561nm_0p05_SC8_2X_30z_250nm_780V_365T_20s_4hoursIAA_movie2-01.czi.dot_volumes.pkl
    jobid: 142
    wildcards: group=Rad21, sample=2021_03_05_Fbn2_F1RAD21M_488nm_0p5_561nm_0p05_SC8_2X_30z_250nm_780V_365T_20s_4hoursIAA_movie2-01.czi
    resources: mem_gb=200

[Mon May 10 06:45:26 2021]
Finished job 142.
13 of 73 steps (18%) done

[Mon May 10 06:45:26 2021]
rule get_trajectories_from_timeseries:
    input: /mnt/md0/Hansen Lab Dropbox/DataStorage/Imaging/Fbn2/processed/2021_02_C/2021_02_22_Fbn2_F1Rad21M_488nm_0p5_561nm_0p05_SC8_2X_30z_250nm_780V_365T_20s_4hoursIAA_movie1-01.czi
    output: results/Rad21/2021_02_22_Fbn2_F1Rad21M_488nm_0p5_561nm_0p05_SC8_2X_30z_250nm_780V_365T_20s_4hoursIAA_movie1-01.czi.tracks.csv, results/Rad21/2021_02_22_Fbn2_F1Rad21M_488nm_0p5_561nm_0p05_SC8_2X_30z_250nm_780V_365T_20s_4hoursIAA_movie1-01.czi.dot_volumes.pkl
    jobid: 63
    wildcards: group=Rad21, sample=2021_02_22_Fbn2_F1Rad21M_488nm_0p5_561nm_0p05_SC8_2X_30z_250nm_780V_365T_20s_4hoursIAA_movie1-01.czi
    resources: mem_gb=200

[Mon May 10 06:59:21 2021]
Finished job 63.
14 of 73 steps (19%) done

[Mon May 10 06:59:21 2021]
rule get_trajectories_from_timeseries:
    input: /mnt/md0/Hansen Lab Dropbox/DataStorage/Imaging/Fbn2/processed/2021_02_C/2021_02_22_Fbn2_F1Rad21M_488nm_0p5_561nm_0p05_SC8_2X_30z_250nm_780V_365T_20s_2hoursIAA_movie1-01.czi
    output: results/Rad21/2021_02_22_Fbn2_F1Rad21M_488nm_0p5_561nm_0p05_SC8_2X_30z_250nm_780V_365T_20s_2hoursIAA_movie1-01.czi.tracks.csv, results/Rad21/2021_02_22_Fbn2_F1Rad21M_488nm_0p5_561nm_0p05_SC8_2X_30z_250nm_780V_365T_20s_2hoursIAA_movie1-01.czi.dot_volumes.pkl
    jobid: 70
    wildcards: group=Rad21, sample=2021_02_22_Fbn2_F1Rad21M_488nm_0p5_561nm_0p05_SC8_2X_30z_250nm_780V_365T_20s_2hoursIAA_movie1-01.czi
    resources: mem_gb=200

[Mon May 10 07:13:58 2021]
Finished job 70.
15 of 73 steps (21%) done

[Mon May 10 07:13:58 2021]
rule get_trajectories_from_timeseries:
    input: /mnt/md0/Hansen Lab Dropbox/DataStorage/Imaging/Fbn2/processed/2021_02_B/2021_03_03_Fbn2_F1RAD21M_488nm_0p5_561nm_0p05_SC8_2X_30z_250nm_780V_365T_20s_2hoursIAA_movie2-01.czi
    output: results/Rad21/2021_03_03_Fbn2_F1RAD21M_488nm_0p5_561nm_0p05_SC8_2X_30z_250nm_780V_365T_20s_2hoursIAA_movie2-01.czi.tracks.csv, results/Rad21/2021_03_03_Fbn2_F1RAD21M_488nm_0p5_561nm_0p05_SC8_2X_30z_250nm_780V_365T_20s_2hoursIAA_movie2-01.czi.dot_volumes.pkl
    jobid: 152
    wildcards: group=Rad21, sample=2021_03_03_Fbn2_F1RAD21M_488nm_0p5_561nm_0p05_SC8_2X_30z_250nm_780V_365T_20s_2hoursIAA_movie2-01.czi
    resources: mem_gb=200

[Mon May 10 07:29:39 2021]
Finished job 152.
16 of 73 steps (22%) done

[Mon May 10 07:29:39 2021]
rule get_trajectories_from_timeseries:
    input: /mnt/md0/Hansen Lab Dropbox/DataStorage/Imaging/Fbn2/processed/2021_02_C/2021_02_20_Fbn2_F1Rad21M_488nm_0p5_561nm_0p05_SC8_2X_30z_250nm_780V_365T_20s_noIAA_movie1-01.czi
    output: results/Rad21/2021_02_20_Fbn2_F1Rad21M_488nm_0p5_561nm_0p05_SC8_2X_30z_250nm_780V_365T_20s_noIAA_movie1-01.czi.tracks.csv, results/Rad21/2021_02_20_Fbn2_F1Rad21M_488nm_0p5_561nm_0p05_SC8_2X_30z_250nm_780V_365T_20s_noIAA_movie1-01.czi.dot_volumes.pkl
    jobid: 58
    wildcards: group=Rad21, sample=2021_02_20_Fbn2_F1Rad21M_488nm_0p5_561nm_0p05_SC8_2X_30z_250nm_780V_365T_20s_noIAA_movie1-01.czi
    resources: mem_gb=200

[Mon May 10 07:48:23 2021]
Finished job 58.
17 of 73 steps (23%) done

[Mon May 10 07:48:23 2021]
rule get_trajectories_from_timeseries:
    input: /mnt/md0/Hansen Lab Dropbox/DataStorage/Imaging/Fbn2/processed/2021_02_B/2021_03_04_Fbn2_F1RAD21M_488nm_0p5_561nm_0p05_SC8_2X_30z_250nm_780V_365T_20s_2hoursIAA_movie1-01.czi
    output: results/Rad21/2021_03_04_Fbn2_F1RAD21M_488nm_0p5_561nm_0p05_SC8_2X_30z_250nm_780V_365T_20s_2hoursIAA_movie1-01.czi.tracks.csv, results/Rad21/2021_03_04_Fbn2_F1RAD21M_488nm_0p5_561nm_0p05_SC8_2X_30z_250nm_780V_365T_20s_2hoursIAA_movie1-01.czi.dot_volumes.pkl
    jobid: 143
    wildcards: group=Rad21, sample=2021_03_04_Fbn2_F1RAD21M_488nm_0p5_561nm_0p05_SC8_2X_30z_250nm_780V_365T_20s_2hoursIAA_movie1-01.czi
    resources: mem_gb=200

[Mon May 10 08:01:58 2021]
Finished job 143.
18 of 73 steps (25%) done

[Mon May 10 08:01:58 2021]
rule get_trajectories_from_timeseries:
    input: /mnt/md0/Hansen Lab Dropbox/DataStorage/Imaging/Fbn2/processed/2021_04_Apr_May/2021_05_01_Fbn2_RAD21_twohoursIAA_488nm_0p5_561nm_0p05_SC8_2X_30z_250nm_780V_365T_20s_movie1-01.czi
    output: results/Rad21/2021_05_01_Fbn2_RAD21_twohoursIAA_488nm_0p5_561nm_0p05_SC8_2X_30z_250nm_780V_365T_20s_movie1-01.czi.tracks.csv, results/Rad21/2021_05_01_Fbn2_RAD21_twohoursIAA_488nm_0p5_561nm_0p05_SC8_2X_30z_250nm_780V_365T_20s_movie1-01.czi.dot_volumes.pkl
    jobid: 10
    wildcards: group=Rad21, sample=2021_05_01_Fbn2_RAD21_twohoursIAA_488nm_0p5_561nm_0p05_SC8_2X_30z_250nm_780V_365T_20s_movie1-01.czi
    resources: mem_gb=200

[Mon May 10 08:14:53 2021]
Finished job 10.
19 of 73 steps (26%) done

[Mon May 10 08:14:53 2021]
rule get_trajectories_from_timeseries:
    input: /mnt/md0/Hansen Lab Dropbox/DataStorage/Imaging/Fbn2/processed/2021_01_A/2021_01_29_Fbn2_Rad21F1M__noIAA_488nm_0p5_561nm_0p05_SC8_2X_30z_250nm_780V_365T_20s_movie1-01__processed_low.czi
    output: results/Rad21/2021_01_29_Fbn2_Rad21F1M__noIAA_488nm_0p5_561nm_0p05_SC8_2X_30z_250nm_780V_365T_20s_movie1-01__processed_low.czi.tracks.csv, results/Rad21/2021_01_29_Fbn2_Rad21F1M__noIAA_488nm_0p5_561nm_0p05_SC8_2X_30z_250nm_780V_365T_20s_movie1-01__processed_low.czi.dot_volumes.pkl
    jobid: 32
    wildcards: group=Rad21, sample=2021_01_29_Fbn2_Rad21F1M__noIAA_488nm_0p5_561nm_0p05_SC8_2X_30z_250nm_780V_365T_20s_movie1-01__processed_low.czi
    resources: mem_gb=200

Job failed, going on with independent jobs.

[Mon May 10 08:16:40 2021]
rule get_trajectories_from_timeseries:
    input: /mnt/md0/Hansen Lab Dropbox/DataStorage/Imaging/Fbn2/processed/2021_04_Apr_May/2021_04_25_Fbn2_Rad21_twohoursIAA_488nm_0p5_561nm_0p05_SC8_2X_30z_250nm_780V_365T_20s_movie1-01.czi
    output: results/Rad21/2021_04_25_Fbn2_Rad21_twohoursIAA_488nm_0p5_561nm_0p05_SC8_2X_30z_250nm_780V_365T_20s_movie1-01.czi.tracks.csv, results/Rad21/2021_04_25_Fbn2_Rad21_twohoursIAA_488nm_0p5_561nm_0p05_SC8_2X_30z_250nm_780V_365T_20s_movie1-01.czi.dot_volumes.pkl
    jobid: 15
    wildcards: group=Rad21, sample=2021_04_25_Fbn2_Rad21_twohoursIAA_488nm_0p5_561nm_0p05_SC8_2X_30z_250nm_780V_365T_20s_movie1-01.czi
    resources: mem_gb=200

[Mon May 10 08:29:58 2021]
Finished job 15.
20 of 73 steps (27%) done

[Mon May 10 08:29:58 2021]
rule get_trajectories_from_timeseries:
    input: /mnt/md0/Hansen Lab Dropbox/DataStorage/Imaging/Fbn2/processed/2021_02_C/2021_03_01_Fbn2_F1RAD21M_488nm_0p5_561nm_0p05_SC8_2X_30z_250nm_780V_365T_20s_2hoursIAA_movie1-01.czi
    output: results/Rad21/2021_03_01_Fbn2_F1RAD21M_488nm_0p5_561nm_0p05_SC8_2X_30z_250nm_780V_365T_20s_2hoursIAA_movie1-01.czi.tracks.csv, results/Rad21/2021_03_01_Fbn2_F1RAD21M_488nm_0p5_561nm_0p05_SC8_2X_30z_250nm_780V_365T_20s_2hoursIAA_movie1-01.czi.dot_volumes.pkl
    jobid: 78
    wildcards: group=Rad21, sample=2021_03_01_Fbn2_F1RAD21M_488nm_0p5_561nm_0p05_SC8_2X_30z_250nm_780V_365T_20s_2hoursIAA_movie1-01.czi
    resources: mem_gb=200

[Mon May 10 08:48:55 2021]
Finished job 78.
21 of 73 steps (29%) done

[Mon May 10 08:48:55 2021]
rule get_trajectories_from_timeseries:
    input: /mnt/md0/Hansen Lab Dropbox/DataStorage/Imaging/Fbn2/processed/2021_02_C/2021_02_26_Fbn2_F1RAD21M_488nm_0p5_561nm_0p05_SC8_2X_30z_250nm_780V_365T_20s_2hoursIAA_movie1-01.czi
    output: results/Rad21/2021_02_26_Fbn2_F1RAD21M_488nm_0p5_561nm_0p05_SC8_2X_30z_250nm_780V_365T_20s_2hoursIAA_movie1-01.czi.tracks.csv, results/Rad21/2021_02_26_Fbn2_F1RAD21M_488nm_0p5_561nm_0p05_SC8_2X_30z_250nm_780V_365T_20s_2hoursIAA_movie1-01.czi.dot_volumes.pkl
    jobid: 73
    wildcards: group=Rad21, sample=2021_02_26_Fbn2_F1RAD21M_488nm_0p5_561nm_0p05_SC8_2X_30z_250nm_780V_365T_20s_2hoursIAA_movie1-01.czi
    resources: mem_gb=200

[Mon May 10 09:01:29 2021]
Finished job 73.
22 of 73 steps (30%) done

[Mon May 10 09:01:29 2021]
rule get_trajectories_from_timeseries:
    input: /mnt/md0/Hansen Lab Dropbox/DataStorage/Imaging/Fbn2/processed/2021_02_C/2021_03_01_Fbn2_F1RAD21M_488nm_0p5_561nm_0p05_SC8_2X_30z_250nm_780V_365T_20s_4hoursIAA_movie2-01.czi
    output: results/Rad21/2021_03_01_Fbn2_F1RAD21M_488nm_0p5_561nm_0p05_SC8_2X_30z_250nm_780V_365T_20s_4hoursIAA_movie2-01.czi.tracks.csv, results/Rad21/2021_03_01_Fbn2_F1RAD21M_488nm_0p5_561nm_0p05_SC8_2X_30z_250nm_780V_365T_20s_4hoursIAA_movie2-01.czi.dot_volumes.pkl
    jobid: 84
    wildcards: group=Rad21, sample=2021_03_01_Fbn2_F1RAD21M_488nm_0p5_561nm_0p05_SC8_2X_30z_250nm_780V_365T_20s_4hoursIAA_movie2-01.czi
    resources: mem_gb=200

[Mon May 10 09:15:00 2021]
Finished job 84.
23 of 73 steps (32%) done

[Mon May 10 09:15:00 2021]
rule get_trajectories_from_timeseries:
    input: /mnt/md0/Hansen Lab Dropbox/DataStorage/Imaging/Fbn2/processed/2021_02_C/2021_03_01_Fbn2_F1RAD21M_488nm_0p5_561nm_0p05_SC8_2X_30z_250nm_780V_365T_20s_2hoursIAA_movie2-01.czi
    output: results/Rad21/2021_03_01_Fbn2_F1RAD21M_488nm_0p5_561nm_0p05_SC8_2X_30z_250nm_780V_365T_20s_2hoursIAA_movie2-01.czi.tracks.csv, results/Rad21/2021_03_01_Fbn2_F1RAD21M_488nm_0p5_561nm_0p05_SC8_2X_30z_250nm_780V_365T_20s_2hoursIAA_movie2-01.czi.dot_volumes.pkl
    jobid: 67
    wildcards: group=Rad21, sample=2021_03_01_Fbn2_F1RAD21M_488nm_0p5_561nm_0p05_SC8_2X_30z_250nm_780V_365T_20s_2hoursIAA_movie2-01.czi
    resources: mem_gb=200

[Mon May 10 09:27:45 2021]
Finished job 67.
24 of 73 steps (33%) done

[Mon May 10 09:27:45 2021]
rule get_trajectories_from_timeseries:
    input: /mnt/md0/Hansen Lab Dropbox/DataStorage/Imaging/Fbn2/processed/2021_02_C/2021_02_23_Fbn2_F1Rad21M_488nm_0p5_561nm_0p05_SC8_2X_30z_250nm_780V_365T_20s_2hoursIAA_movie2-01.czi
    output: results/Rad21/2021_02_23_Fbn2_F1Rad21M_488nm_0p5_561nm_0p05_SC8_2X_30z_250nm_780V_365T_20s_2hoursIAA_movie2-01.czi.tracks.csv, results/Rad21/2021_02_23_Fbn2_F1Rad21M_488nm_0p5_561nm_0p05_SC8_2X_30z_250nm_780V_365T_20s_2hoursIAA_movie2-01.czi.dot_volumes.pkl
    jobid: 80
    wildcards: group=Rad21, sample=2021_02_23_Fbn2_F1Rad21M_488nm_0p5_561nm_0p05_SC8_2X_30z_250nm_780V_365T_20s_2hoursIAA_movie2-01.czi
    resources: mem_gb=200

[Mon May 10 09:44:10 2021]
Finished job 80.
25 of 73 steps (34%) done

[Mon May 10 09:44:10 2021]
rule get_trajectories_from_timeseries:
    input: /mnt/md0/Hansen Lab Dropbox/DataStorage/Imaging/Fbn2/processed/2021_02_B/2021_03_03_Fbn2_F1RAD21M_488nm_0p5_561nm_0p05_SC8_2X_30z_250nm_780V_365T_20s_4hoursIAA_movie2-01.czi
    output: results/Rad21/2021_03_03_Fbn2_F1RAD21M_488nm_0p5_561nm_0p05_SC8_2X_30z_250nm_780V_365T_20s_4hoursIAA_movie2-01.czi.tracks.csv, results/Rad21/2021_03_03_Fbn2_F1RAD21M_488nm_0p5_561nm_0p05_SC8_2X_30z_250nm_780V_365T_20s_4hoursIAA_movie2-01.czi.dot_volumes.pkl
    jobid: 149
    wildcards: group=Rad21, sample=2021_03_03_Fbn2_F1RAD21M_488nm_0p5_561nm_0p05_SC8_2X_30z_250nm_780V_365T_20s_4hoursIAA_movie2-01.czi
    resources: mem_gb=200

[Mon May 10 10:01:49 2021]
Finished job 149.
26 of 73 steps (36%) done

[Mon May 10 10:01:49 2021]
rule get_trajectories_from_timeseries:
    input: /mnt/md0/Hansen Lab Dropbox/DataStorage/Imaging/Fbn2/processed/2021_04_Apr_May/2021_04_29_Fbn2_Rad21F1M_twohoursIAA_488nm_0p5_561nm_0p05_SC8_2X_30z_250nm_780V_365T_20s_movie3-01.czi
    output: results/Rad21/2021_04_29_Fbn2_Rad21F1M_twohoursIAA_488nm_0p5_561nm_0p05_SC8_2X_30z_250nm_780V_365T_20s_movie3-01.czi.tracks.csv, results/Rad21/2021_04_29_Fbn2_Rad21F1M_twohoursIAA_488nm_0p5_561nm_0p05_SC8_2X_30z_250nm_780V_365T_20s_movie3-01.czi.dot_volumes.pkl
    jobid: 27
    wildcards: group=Rad21, sample=2021_04_29_Fbn2_Rad21F1M_twohoursIAA_488nm_0p5_561nm_0p05_SC8_2X_30z_250nm_780V_365T_20s_movie3-01.czi
    resources: mem_gb=200

[Mon May 10 10:23:15 2021]
Finished job 27.
27 of 73 steps (37%) done

[Mon May 10 10:23:15 2021]
rule get_trajectories_from_timeseries:
    input: /mnt/md0/Hansen Lab Dropbox/DataStorage/Imaging/Fbn2/processed/2021_02_C/2021_02_28_Fbn2_F1RAD21M_488nm_0p5_561nm_0p05_SC8_2X_30z_250nm_780V_365T_20s_2hoursIAA_movie1-01.czi
    output: results/Rad21/2021_02_28_Fbn2_F1RAD21M_488nm_0p5_561nm_0p05_SC8_2X_30z_250nm_780V_365T_20s_2hoursIAA_movie1-01.czi.tracks.csv, results/Rad21/2021_02_28_Fbn2_F1RAD21M_488nm_0p5_561nm_0p05_SC8_2X_30z_250nm_780V_365T_20s_2hoursIAA_movie1-01.czi.dot_volumes.pkl
    jobid: 75
    wildcards: group=Rad21, sample=2021_02_28_Fbn2_F1RAD21M_488nm_0p5_561nm_0p05_SC8_2X_30z_250nm_780V_365T_20s_2hoursIAA_movie1-01.czi
    resources: mem_gb=200

[Mon May 10 10:41:19 2021]
Finished job 75.
28 of 73 steps (38%) done

[Mon May 10 10:41:19 2021]
rule get_trajectories_from_timeseries:
    input: /mnt/md0/Hansen Lab Dropbox/DataStorage/Imaging/Fbn2/processed/2021_02_C/2021_02_27_Fbn2_F1RAD21M_488nm_0p5_561nm_0p05_SC8_2X_30z_250nm_780V_365T_20s_2hoursIAA_movie2-01.czi
    output: results/Rad21/2021_02_27_Fbn2_F1RAD21M_488nm_0p5_561nm_0p05_SC8_2X_30z_250nm_780V_365T_20s_2hoursIAA_movie2-01.czi.tracks.csv, results/Rad21/2021_02_27_Fbn2_F1RAD21M_488nm_0p5_561nm_0p05_SC8_2X_30z_250nm_780V_365T_20s_2hoursIAA_movie2-01.czi.dot_volumes.pkl
    jobid: 76
    wildcards: group=Rad21, sample=2021_02_27_Fbn2_F1RAD21M_488nm_0p5_561nm_0p05_SC8_2X_30z_250nm_780V_365T_20s_2hoursIAA_movie2-01.czi
    resources: mem_gb=200

[Mon May 10 10:54:18 2021]
Finished job 76.
29 of 73 steps (40%) done

[Mon May 10 10:54:18 2021]
rule get_trajectories_from_timeseries:
    input: /mnt/md0/Hansen Lab Dropbox/DataStorage/Imaging/Fbn2/processed/2021_02_B/2021_03_03_Fbn2_F1RAD21M_488nm_0p5_561nm_0p05_SC8_2X_30z_250nm_780V_365T_20s_4hoursIAA_movie1-01.czi
    output: results/Rad21/2021_03_03_Fbn2_F1RAD21M_488nm_0p5_561nm_0p05_SC8_2X_30z_250nm_780V_365T_20s_4hoursIAA_movie1-01.czi.tracks.csv, results/Rad21/2021_03_03_Fbn2_F1RAD21M_488nm_0p5_561nm_0p05_SC8_2X_30z_250nm_780V_365T_20s_4hoursIAA_movie1-01.czi.dot_volumes.pkl
    jobid: 144
    wildcards: group=Rad21, sample=2021_03_03_Fbn2_F1RAD21M_488nm_0p5_561nm_0p05_SC8_2X_30z_250nm_780V_365T_20s_4hoursIAA_movie1-01.czi
    resources: mem_gb=200

[Mon May 10 11:13:20 2021]
Finished job 144.
30 of 73 steps (41%) done

[Mon May 10 11:13:20 2021]
rule get_trajectories_from_timeseries:
    input: /mnt/md0/Hansen Lab Dropbox/DataStorage/Imaging/Fbn2/processed/2021_02_B/2021_03_02_Fbn2_F1RAD21M_488nm_0p5_561nm_0p05_SC8_2X_30z_250nm_780V_365T_20s_noIAA_movie1-01.czi
    output: results/Rad21/2021_03_02_Fbn2_F1RAD21M_488nm_0p5_561nm_0p05_SC8_2X_30z_250nm_780V_365T_20s_noIAA_movie1-01.czi.tracks.csv, results/Rad21/2021_03_02_Fbn2_F1RAD21M_488nm_0p5_561nm_0p05_SC8_2X_30z_250nm_780V_365T_20s_noIAA_movie1-01.czi.dot_volumes.pkl
    jobid: 150
    wildcards: group=Rad21, sample=2021_03_02_Fbn2_F1RAD21M_488nm_0p5_561nm_0p05_SC8_2X_30z_250nm_780V_365T_20s_noIAA_movie1-01.czi
    resources: mem_gb=200

[Mon May 10 11:25:53 2021]
Finished job 150.
31 of 73 steps (42%) done

[Mon May 10 11:25:53 2021]
rule get_trajectories_from_timeseries:
    input: /mnt/md0/Hansen Lab Dropbox/DataStorage/Imaging/Fbn2/processed/2021_04_Apr_May/2021_04_29_Fbn2_Rad21F1M_twohoursIAA_488nm_0p5_561nm_0p05_SC8_2X_30z_250nm_780V_365T_20s_movie2-01.czi
    output: results/Rad21/2021_04_29_Fbn2_Rad21F1M_twohoursIAA_488nm_0p5_561nm_0p05_SC8_2X_30z_250nm_780V_365T_20s_movie2-01.czi.tracks.csv, results/Rad21/2021_04_29_Fbn2_Rad21F1M_twohoursIAA_488nm_0p5_561nm_0p05_SC8_2X_30z_250nm_780V_365T_20s_movie2-01.czi.dot_volumes.pkl
    jobid: 29
    wildcards: group=Rad21, sample=2021_04_29_Fbn2_Rad21F1M_twohoursIAA_488nm_0p5_561nm_0p05_SC8_2X_30z_250nm_780V_365T_20s_movie2-01.czi
    resources: mem_gb=200

[Mon May 10 11:38:38 2021]
Finished job 29.
32 of 73 steps (44%) done

[Mon May 10 11:38:38 2021]
rule get_trajectories_from_timeseries:
    input: /mnt/md0/Hansen Lab Dropbox/DataStorage/Imaging/Fbn2/processed/2021_04_Apr_May/2021_05_02_Fbn2_RAD21_twohoursIAA_488nm_0p5_561nm_0p05_SC8_2X_30z_250nm_780V_365T_20s_movie3-01.czi
    output: results/Rad21/2021_05_02_Fbn2_RAD21_twohoursIAA_488nm_0p5_561nm_0p05_SC8_2X_30z_250nm_780V_365T_20s_movie3-01.czi.tracks.csv, results/Rad21/2021_05_02_Fbn2_RAD21_twohoursIAA_488nm_0p5_561nm_0p05_SC8_2X_30z_250nm_780V_365T_20s_movie3-01.czi.dot_volumes.pkl
    jobid: 18
    wildcards: group=Rad21, sample=2021_05_02_Fbn2_RAD21_twohoursIAA_488nm_0p5_561nm_0p05_SC8_2X_30z_250nm_780V_365T_20s_movie3-01.czi
    resources: mem_gb=200

[Mon May 10 11:53:21 2021]
Finished job 18.
33 of 73 steps (45%) done

[Mon May 10 11:53:21 2021]
rule get_trajectories_from_timeseries:
    input: /mnt/md0/Hansen Lab Dropbox/DataStorage/Imaging/Fbn2/processed/2021_02_C/2021_02_25_Fbn2_F1RAD21M_488nm_0p5_561nm_0p05_SC8_2X_30z_250nm_780V_365T_20s_noIAA_movie1-01.czi
    output: results/Rad21/2021_02_25_Fbn2_F1RAD21M_488nm_0p5_561nm_0p05_SC8_2X_30z_250nm_780V_365T_20s_noIAA_movie1-01.czi.tracks.csv, results/Rad21/2021_02_25_Fbn2_F1RAD21M_488nm_0p5_561nm_0p05_SC8_2X_30z_250nm_780V_365T_20s_noIAA_movie1-01.czi.dot_volumes.pkl
    jobid: 89
    wildcards: group=Rad21, sample=2021_02_25_Fbn2_F1RAD21M_488nm_0p5_561nm_0p05_SC8_2X_30z_250nm_780V_365T_20s_noIAA_movie1-01.czi
    resources: mem_gb=200

[Mon May 10 12:06:55 2021]
Finished job 89.
34 of 73 steps (47%) done

[Mon May 10 12:06:55 2021]
rule get_trajectories_from_timeseries:
    input: /mnt/md0/Hansen Lab Dropbox/DataStorage/Imaging/Fbn2/processed/2021_04_Apr_May/2021_04_27_Fbn2_RAD21__twohoursIAA_488nm_0p5_561nm_0p05_SC8_2X_30z_250nm_780V_365T_20s_movie4-01.czi
    output: results/Rad21/2021_04_27_Fbn2_RAD21__twohoursIAA_488nm_0p5_561nm_0p05_SC8_2X_30z_250nm_780V_365T_20s_movie4-01.czi.tracks.csv, results/Rad21/2021_04_27_Fbn2_RAD21__twohoursIAA_488nm_0p5_561nm_0p05_SC8_2X_30z_250nm_780V_365T_20s_movie4-01.czi.dot_volumes.pkl
    jobid: 16
    wildcards: group=Rad21, sample=2021_04_27_Fbn2_RAD21__twohoursIAA_488nm_0p5_561nm_0p05_SC8_2X_30z_250nm_780V_365T_20s_movie4-01.czi
    resources: mem_gb=200

[Mon May 10 12:33:34 2021]
Finished job 16.
35 of 73 steps (48%) done

[Mon May 10 12:33:34 2021]
rule get_trajectories_from_timeseries:
    input: /mnt/md0/Hansen Lab Dropbox/DataStorage/Imaging/Fbn2/processed/2021_02_C/2021_02_24_Fbn2_F1Rad21M_488nm_0p5_561nm_0p05_SC8_2X_30z_250nm_780V_365T_20s_2hoursIAA_movie1-02.czi
    output: results/Rad21/2021_02_24_Fbn2_F1Rad21M_488nm_0p5_561nm_0p05_SC8_2X_30z_250nm_780V_365T_20s_2hoursIAA_movie1-02.czi.tracks.csv, results/Rad21/2021_02_24_Fbn2_F1Rad21M_488nm_0p5_561nm_0p05_SC8_2X_30z_250nm_780V_365T_20s_2hoursIAA_movie1-02.czi.dot_volumes.pkl
    jobid: 88
    wildcards: group=Rad21, sample=2021_02_24_Fbn2_F1Rad21M_488nm_0p5_561nm_0p05_SC8_2X_30z_250nm_780V_365T_20s_2hoursIAA_movie1-02.czi
    resources: mem_gb=200

[Mon May 10 12:57:57 2021]
Finished job 88.
36 of 73 steps (49%) done

[Mon May 10 12:57:57 2021]
rule get_trajectories_from_timeseries:
    input: /mnt/md0/Hansen Lab Dropbox/DataStorage/Imaging/Fbn2/processed/2021_04_Apr_May/2021_04_27_Fbn2_RAD21__twohoursIAA_488nm_0p5_561nm_0p05_SC8_2X_30z_250nm_780V_365T_20s_movie2-02.czi
    output: results/Rad21/2021_04_27_Fbn2_RAD21__twohoursIAA_488nm_0p5_561nm_0p05_SC8_2X_30z_250nm_780V_365T_20s_movie2-02.czi.tracks.csv, results/Rad21/2021_04_27_Fbn2_RAD21__twohoursIAA_488nm_0p5_561nm_0p05_SC8_2X_30z_250nm_780V_365T_20s_movie2-02.czi.dot_volumes.pkl
    jobid: 30
    wildcards: group=Rad21, sample=2021_04_27_Fbn2_RAD21__twohoursIAA_488nm_0p5_561nm_0p05_SC8_2X_30z_250nm_780V_365T_20s_movie2-02.czi
    resources: mem_gb=200

[Mon May 10 13:16:17 2021]
Finished job 30.
37 of 73 steps (51%) done

[Mon May 10 13:16:17 2021]
rule get_trajectories_from_timeseries:
    input: /mnt/md0/Hansen Lab Dropbox/DataStorage/Imaging/Fbn2/processed/2021_02_C/2021_02_23_Fbn2_F1Rad21M_488nm_0p5_561nm_0p05_SC8_2X_30z_250nm_780V_365T_20s_noIAA_movie1-02.czi
    output: results/Rad21/2021_02_23_Fbn2_F1Rad21M_488nm_0p5_561nm_0p05_SC8_2X_30z_250nm_780V_365T_20s_noIAA_movie1-02.czi.tracks.csv, results/Rad21/2021_02_23_Fbn2_F1Rad21M_488nm_0p5_561nm_0p05_SC8_2X_30z_250nm_780V_365T_20s_noIAA_movie1-02.czi.dot_volumes.pkl
    jobid: 66
    wildcards: group=Rad21, sample=2021_02_23_Fbn2_F1Rad21M_488nm_0p5_561nm_0p05_SC8_2X_30z_250nm_780V_365T_20s_noIAA_movie1-02.czi
    resources: mem_gb=200

[Mon May 10 13:28:34 2021]
Finished job 66.
38 of 73 steps (52%) done

[Mon May 10 13:28:34 2021]
rule get_trajectories_from_timeseries:
    input: /mnt/md0/Hansen Lab Dropbox/DataStorage/Imaging/Fbn2/processed/2021_04_Apr_May/2021_05_01_Fbn2_RAD21_twohoursIAA_488nm_0p5_561nm_0p05_SC8_2X_30z_250nm_780V_365T_20s_movie2-01.czi
    output: results/Rad21/2021_05_01_Fbn2_RAD21_twohoursIAA_488nm_0p5_561nm_0p05_SC8_2X_30z_250nm_780V_365T_20s_movie2-01.czi.tracks.csv, results/Rad21/2021_05_01_Fbn2_RAD21_twohoursIAA_488nm_0p5_561nm_0p05_SC8_2X_30z_250nm_780V_365T_20s_movie2-01.czi.dot_volumes.pkl
    jobid: 28
    wildcards: group=Rad21, sample=2021_05_01_Fbn2_RAD21_twohoursIAA_488nm_0p5_561nm_0p05_SC8_2X_30z_250nm_780V_365T_20s_movie2-01.czi
    resources: mem_gb=200

[Mon May 10 13:46:13 2021]
Finished job 28.
39 of 73 steps (53%) done

[Mon May 10 13:46:13 2021]
rule get_trajectories_from_timeseries:
    input: /mnt/md0/Hansen Lab Dropbox/DataStorage/Imaging/Fbn2/processed/2021_02_C/2021_02_28_Fbn2_F1RAD21M_488nm_0p5_561nm_0p05_SC8_2X_30z_250nm_780V_365T_20s_2hoursIAA_movie2-01.czi
    output: results/Rad21/2021_02_28_Fbn2_F1RAD21M_488nm_0p5_561nm_0p05_SC8_2X_30z_250nm_780V_365T_20s_2hoursIAA_movie2-01.czi.tracks.csv, results/Rad21/2021_02_28_Fbn2_F1RAD21M_488nm_0p5_561nm_0p05_SC8_2X_30z_250nm_780V_365T_20s_2hoursIAA_movie2-01.czi.dot_volumes.pkl
    jobid: 62
    wildcards: group=Rad21, sample=2021_02_28_Fbn2_F1RAD21M_488nm_0p5_561nm_0p05_SC8_2X_30z_250nm_780V_365T_20s_2hoursIAA_movie2-01.czi
    resources: mem_gb=200

[Mon May 10 14:13:44 2021]
Finished job 62.
40 of 73 steps (55%) done

[Mon May 10 14:13:44 2021]
rule get_trajectories_from_timeseries:
    input: /mnt/md0/Hansen Lab Dropbox/DataStorage/Imaging/Fbn2/processed/2021_02_C/2021_02_23_Fbn2_F1Rad21M_488nm_0p5_561nm_0p05_SC8_2X_30z_250nm_780V_365T_20s_2hoursIAA_movie1-01.czi
    output: results/Rad21/2021_02_23_Fbn2_F1Rad21M_488nm_0p5_561nm_0p05_SC8_2X_30z_250nm_780V_365T_20s_2hoursIAA_movie1-01.czi.tracks.csv, results/Rad21/2021_02_23_Fbn2_F1Rad21M_488nm_0p5_561nm_0p05_SC8_2X_30z_250nm_780V_365T_20s_2hoursIAA_movie1-01.czi.dot_volumes.pkl
    jobid: 86
    wildcards: group=Rad21, sample=2021_02_23_Fbn2_F1Rad21M_488nm_0p5_561nm_0p05_SC8_2X_30z_250nm_780V_365T_20s_2hoursIAA_movie1-01.czi
    resources: mem_gb=200

[Mon May 10 14:36:24 2021]
Finished job 86.
41 of 73 steps (56%) done

[Mon May 10 14:36:24 2021]
rule get_trajectories_from_timeseries:
    input: /mnt/md0/Hansen Lab Dropbox/DataStorage/Imaging/Fbn2/processed/2021_02_C/2021_02_21_Fbn2_F1Rad21M_488nm_0p5_561nm_0p05_SC8_2X_30z_250nm_780V_365T_20s_2hoursIAA_movie1-01.czi
    output: results/Rad21/2021_02_21_Fbn2_F1Rad21M_488nm_0p5_561nm_0p05_SC8_2X_30z_250nm_780V_365T_20s_2hoursIAA_movie1-01.czi.tracks.csv, results/Rad21/2021_02_21_Fbn2_F1Rad21M_488nm_0p5_561nm_0p05_SC8_2X_30z_250nm_780V_365T_20s_2hoursIAA_movie1-01.czi.dot_volumes.pkl
    jobid: 85
    wildcards: group=Rad21, sample=2021_02_21_Fbn2_F1Rad21M_488nm_0p5_561nm_0p05_SC8_2X_30z_250nm_780V_365T_20s_2hoursIAA_movie1-01.czi
    resources: mem_gb=200

[Mon May 10 14:58:40 2021]
Finished job 85.
42 of 73 steps (58%) done

[Mon May 10 14:58:40 2021]
rule get_trajectories_from_timeseries:
    input: /mnt/md0/Hansen Lab Dropbox/DataStorage/Imaging/Fbn2/processed/2021_02_C/2021_02_23_Fbn2_F1Rad21M_488nm_0p5_561nm_0p05_SC8_2X_30z_250nm_780V_365T_20s_4hoursIAA_movie2-01.czi
    output: results/Rad21/2021_02_23_Fbn2_F1Rad21M_488nm_0p5_561nm_0p05_SC8_2X_30z_250nm_780V_365T_20s_4hoursIAA_movie2-01.czi.tracks.csv, results/Rad21/2021_02_23_Fbn2_F1Rad21M_488nm_0p5_561nm_0p05_SC8_2X_30z_250nm_780V_365T_20s_4hoursIAA_movie2-01.czi.dot_volumes.pkl
    jobid: 72
    wildcards: group=Rad21, sample=2021_02_23_Fbn2_F1Rad21M_488nm_0p5_561nm_0p05_SC8_2X_30z_250nm_780V_365T_20s_4hoursIAA_movie2-01.czi
    resources: mem_gb=200

[Mon May 10 15:12:12 2021]
Finished job 72.
43 of 73 steps (59%) done

[Mon May 10 15:12:12 2021]
rule get_trajectories_from_timeseries:
    input: /mnt/md0/Hansen Lab Dropbox/DataStorage/Imaging/Fbn2/processed/2021_02_C/2021_02_26_Fbn2_F1RAD21M_488nm_0p5_561nm_0p05_SC8_2X_30z_250nm_780V_365T_20s_2hoursIAA_movie1-02.czi
    output: results/Rad21/2021_02_26_Fbn2_F1RAD21M_488nm_0p5_561nm_0p05_SC8_2X_30z_250nm_780V_365T_20s_2hoursIAA_movie1-02.czi.tracks.csv, results/Rad21/2021_02_26_Fbn2_F1RAD21M_488nm_0p5_561nm_0p05_SC8_2X_30z_250nm_780V_365T_20s_2hoursIAA_movie1-02.czi.dot_volumes.pkl
    jobid: 65
    wildcards: group=Rad21, sample=2021_02_26_Fbn2_F1RAD21M_488nm_0p5_561nm_0p05_SC8_2X_30z_250nm_780V_365T_20s_2hoursIAA_movie1-02.czi
    resources: mem_gb=200

[Mon May 10 15:24:04 2021]
Finished job 65.
44 of 73 steps (60%) done

[Mon May 10 15:24:04 2021]
rule get_trajectories_from_timeseries:
    input: /mnt/md0/Hansen Lab Dropbox/DataStorage/Imaging/Fbn2/processed/2021_02_C/2021_02_21_Fn2_F1Rad21M_488nm_0p5_561nm_0p05_SC8_2X_30z_250nm_780V_365T_20s_noIAA_movie1-01.czi
    output: results/Rad21/2021_02_21_Fn2_F1Rad21M_488nm_0p5_561nm_0p05_SC8_2X_30z_250nm_780V_365T_20s_noIAA_movie1-01.czi.tracks.csv, results/Rad21/2021_02_21_Fn2_F1Rad21M_488nm_0p5_561nm_0p05_SC8_2X_30z_250nm_780V_365T_20s_noIAA_movie1-01.czi.dot_volumes.pkl
    jobid: 61
    wildcards: group=Rad21, sample=2021_02_21_Fn2_F1Rad21M_488nm_0p5_561nm_0p05_SC8_2X_30z_250nm_780V_365T_20s_noIAA_movie1-01.czi
    resources: mem_gb=200

[Mon May 10 15:41:22 2021]
Finished job 61.
45 of 73 steps (62%) done

[Mon May 10 15:41:22 2021]
rule get_trajectories_from_timeseries:
    input: /mnt/md0/Hansen Lab Dropbox/DataStorage/Imaging/Fbn2/processed/2021_02_C/2021_02_24_Fbn2_F1Rad21M_488nm_0p5_561nm_0p05_SC8_2X_30z_250nm_780V_365T_20s_4hoursIAA_movie1-01.czi
    output: results/Rad21/2021_02_24_Fbn2_F1Rad21M_488nm_0p5_561nm_0p05_SC8_2X_30z_250nm_780V_365T_20s_4hoursIAA_movie1-01.czi.tracks.csv, results/Rad21/2021_02_24_Fbn2_F1Rad21M_488nm_0p5_561nm_0p05_SC8_2X_30z_250nm_780V_365T_20s_4hoursIAA_movie1-01.czi.dot_volumes.pkl
    jobid: 81
    wildcards: group=Rad21, sample=2021_02_24_Fbn2_F1Rad21M_488nm_0p5_561nm_0p05_SC8_2X_30z_250nm_780V_365T_20s_4hoursIAA_movie1-01.czi
    resources: mem_gb=200

[Mon May 10 15:54:53 2021]
Finished job 81.
46 of 73 steps (63%) done

[Mon May 10 15:54:53 2021]
rule get_trajectories_from_timeseries:
    input: /mnt/md0/Hansen Lab Dropbox/DataStorage/Imaging/Fbn2/processed/2021_02_C/2021_02_26_Fbn2_F1RAD21M_488nm_0p5_561nm_0p05_SC8_2X_30z_250nm_780V_365T_20s_noIAA_movie1-01.czi
    output: results/Rad21/2021_02_26_Fbn2_F1RAD21M_488nm_0p5_561nm_0p05_SC8_2X_30z_250nm_780V_365T_20s_noIAA_movie1-01.czi.tracks.csv, results/Rad21/2021_02_26_Fbn2_F1RAD21M_488nm_0p5_561nm_0p05_SC8_2X_30z_250nm_780V_365T_20s_noIAA_movie1-01.czi.dot_volumes.pkl
    jobid: 83
    wildcards: group=Rad21, sample=2021_02_26_Fbn2_F1RAD21M_488nm_0p5_561nm_0p05_SC8_2X_30z_250nm_780V_365T_20s_noIAA_movie1-01.czi
    resources: mem_gb=200

[Mon May 10 16:17:19 2021]
Finished job 83.
47 of 73 steps (64%) done

[Mon May 10 16:17:19 2021]
rule get_trajectories_from_timeseries:
    input: /mnt/md0/Hansen Lab Dropbox/DataStorage/Imaging/Fbn2/processed/2021_02_C/2021_02_26_Fbn2_F1RAD21M_488nm_0p5_561nm_0p05_SC8_2X_30z_250nm_780V_365T_20s_4hoursIAA_movie1-01.czi
    output: results/Rad21/2021_02_26_Fbn2_F1RAD21M_488nm_0p5_561nm_0p05_SC8_2X_30z_250nm_780V_365T_20s_4hoursIAA_movie1-01.czi.tracks.csv, results/Rad21/2021_02_26_Fbn2_F1RAD21M_488nm_0p5_561nm_0p05_SC8_2X_30z_250nm_780V_365T_20s_4hoursIAA_movie1-01.czi.dot_volumes.pkl
    jobid: 60
    wildcards: group=Rad21, sample=2021_02_26_Fbn2_F1RAD21M_488nm_0p5_561nm_0p05_SC8_2X_30z_250nm_780V_365T_20s_4hoursIAA_movie1-01.czi
    resources: mem_gb=200

[Mon May 10 16:31:34 2021]
Finished job 60.
48 of 73 steps (66%) done

[Mon May 10 16:31:34 2021]
rule get_trajectories_from_timeseries:
    input: /mnt/md0/Hansen Lab Dropbox/DataStorage/Imaging/Fbn2/processed/2021_04_Apr_May/2021_05_03_Fbn2_RAD21_twohoursIAA_488nm_0p5_561nm_0p05_SC8_2X_30z_250nm_780V_365T_20s_movie3-01.czi
    output: results/Rad21/2021_05_03_Fbn2_RAD21_twohoursIAA_488nm_0p5_561nm_0p05_SC8_2X_30z_250nm_780V_365T_20s_movie3-01.czi.tracks.csv, results/Rad21/2021_05_03_Fbn2_RAD21_twohoursIAA_488nm_0p5_561nm_0p05_SC8_2X_30z_250nm_780V_365T_20s_movie3-01.czi.dot_volumes.pkl
    jobid: 11
    wildcards: group=Rad21, sample=2021_05_03_Fbn2_RAD21_twohoursIAA_488nm_0p5_561nm_0p05_SC8_2X_30z_250nm_780V_365T_20s_movie3-01.czi
    resources: mem_gb=200

[Mon May 10 17:33:49 2021]
Finished job 11.
49 of 73 steps (67%) done

[Mon May 10 17:33:49 2021]
rule get_trajectories_from_timeseries:
    input: /mnt/md0/Hansen Lab Dropbox/DataStorage/Imaging/Fbn2/processed/2021_04_Apr_May/2021_04_25_Fbn2_Rad21_twohoursIAA_488nm_0p5_561nm_0p05_SC8_2X_30z_250nm_780V_365T_20s_movie2-02.czi
    output: results/Rad21/2021_04_25_Fbn2_Rad21_twohoursIAA_488nm_0p5_561nm_0p05_SC8_2X_30z_250nm_780V_365T_20s_movie2-02.czi.tracks.csv, results/Rad21/2021_04_25_Fbn2_Rad21_twohoursIAA_488nm_0p5_561nm_0p05_SC8_2X_30z_250nm_780V_365T_20s_movie2-02.czi.dot_volumes.pkl
    jobid: 23
    wildcards: group=Rad21, sample=2021_04_25_Fbn2_Rad21_twohoursIAA_488nm_0p5_561nm_0p05_SC8_2X_30z_250nm_780V_365T_20s_movie2-02.czi
    resources: mem_gb=200

[Mon May 10 17:48:20 2021]
Finished job 23.
50 of 73 steps (68%) done

[Mon May 10 17:48:20 2021]
rule get_trajectories_from_timeseries:
    input: /mnt/md0/Hansen Lab Dropbox/DataStorage/Imaging/Fbn2/processed/2021_04_Apr_May/2021_04_27_Fbn2_RAD21__twohoursIAA_488nm_0p5_561nm_0p05_SC8_2X_30z_250nm_780V_365T_20s_movie3-01.czi
    output: results/Rad21/2021_04_27_Fbn2_RAD21__twohoursIAA_488nm_0p5_561nm_0p05_SC8_2X_30z_250nm_780V_365T_20s_movie3-01.czi.tracks.csv, results/Rad21/2021_04_27_Fbn2_RAD21__twohoursIAA_488nm_0p5_561nm_0p05_SC8_2X_30z_250nm_780V_365T_20s_movie3-01.czi.dot_volumes.pkl
    jobid: 24
    wildcards: group=Rad21, sample=2021_04_27_Fbn2_RAD21__twohoursIAA_488nm_0p5_561nm_0p05_SC8_2X_30z_250nm_780V_365T_20s_movie3-01.czi
    resources: mem_gb=200

[Mon May 10 18:05:06 2021]
Finished job 24.
51 of 73 steps (70%) done

[Mon May 10 18:05:06 2021]
rule get_trajectories_from_timeseries:
    input: /mnt/md0/Hansen Lab Dropbox/DataStorage/Imaging/Fbn2/processed/2021_02_C/2021_03_01_Fbn2_F1RAD21M_488nm_0p5_561nm_0p05_SC8_2X_30z_250nm_780V_365T_20s_4hoursIAA_movie1-01.czi
    output: results/Rad21/2021_03_01_Fbn2_F1RAD21M_488nm_0p5_561nm_0p05_SC8_2X_30z_250nm_780V_365T_20s_4hoursIAA_movie1-01.czi.tracks.csv, results/Rad21/2021_03_01_Fbn2_F1RAD21M_488nm_0p5_561nm_0p05_SC8_2X_30z_250nm_780V_365T_20s_4hoursIAA_movie1-01.czi.dot_volumes.pkl
    jobid: 82
    wildcards: group=Rad21, sample=2021_03_01_Fbn2_F1RAD21M_488nm_0p5_561nm_0p05_SC8_2X_30z_250nm_780V_365T_20s_4hoursIAA_movie1-01.czi
    resources: mem_gb=200

[Mon May 10 18:19:02 2021]
Finished job 82.
52 of 73 steps (71%) done

[Mon May 10 18:19:02 2021]
rule get_trajectories_from_timeseries:
    input: /mnt/md0/Hansen Lab Dropbox/DataStorage/Imaging/Fbn2/processed/2021_04_Apr_May/2021_05_02_Fbn2_RAD21_twohoursIAA_488nm_0p5_561nm_0p05_SC8_2X_30z_250nm_780V_365T_20s_movie2-01.czi
    output: results/Rad21/2021_05_02_Fbn2_RAD21_twohoursIAA_488nm_0p5_561nm_0p05_SC8_2X_30z_250nm_780V_365T_20s_movie2-01.czi.tracks.csv, results/Rad21/2021_05_02_Fbn2_RAD21_twohoursIAA_488nm_0p5_561nm_0p05_SC8_2X_30z_250nm_780V_365T_20s_movie2-01.czi.dot_volumes.pkl
    jobid: 26
    wildcards: group=Rad21, sample=2021_05_02_Fbn2_RAD21_twohoursIAA_488nm_0p5_561nm_0p05_SC8_2X_30z_250nm_780V_365T_20s_movie2-01.czi
    resources: mem_gb=200

[Mon May 10 18:31:31 2021]
Finished job 26.
53 of 73 steps (73%) done

[Mon May 10 18:31:31 2021]
rule get_trajectories_from_timeseries:
    input: /mnt/md0/Hansen Lab Dropbox/DataStorage/Imaging/Fbn2/processed/2021_04_Apr_May/2021_04_27_Fbn2_RAD21__twohoursIAA_488nm_0p5_561nm_0p05_SC8_2X_30z_250nm_780V_365T_20s_movie1-01.czi
    output: results/Rad21/2021_04_27_Fbn2_RAD21__twohoursIAA_488nm_0p5_561nm_0p05_SC8_2X_30z_250nm_780V_365T_20s_movie1-01.czi.tracks.csv, results/Rad21/2021_04_27_Fbn2_RAD21__twohoursIAA_488nm_0p5_561nm_0p05_SC8_2X_30z_250nm_780V_365T_20s_movie1-01.czi.dot_volumes.pkl
    jobid: 12
    wildcards: group=Rad21, sample=2021_04_27_Fbn2_RAD21__twohoursIAA_488nm_0p5_561nm_0p05_SC8_2X_30z_250nm_780V_365T_20s_movie1-01.czi
    resources: mem_gb=200

[Mon May 10 18:46:43 2021]
Finished job 12.
54 of 73 steps (74%) done

[Mon May 10 18:46:43 2021]
rule get_trajectories_from_timeseries:
    input: /mnt/md0/Hansen Lab Dropbox/DataStorage/Imaging/Fbn2/processed/2021_04_Apr_May/2021_05_01_Fbn2_RAD21_twohoursIAA_488nm_0p5_561nm_0p05_SC8_2X_30z_250nm_780V_365T_20s_movie3-02.czi
    output: results/Rad21/2021_05_01_Fbn2_RAD21_twohoursIAA_488nm_0p5_561nm_0p05_SC8_2X_30z_250nm_780V_365T_20s_movie3-02.czi.tracks.csv, results/Rad21/2021_05_01_Fbn2_RAD21_twohoursIAA_488nm_0p5_561nm_0p05_SC8_2X_30z_250nm_780V_365T_20s_movie3-02.czi.dot_volumes.pkl
    jobid: 17
    wildcards: group=Rad21, sample=2021_05_01_Fbn2_RAD21_twohoursIAA_488nm_0p5_561nm_0p05_SC8_2X_30z_250nm_780V_365T_20s_movie3-02.czi
    resources: mem_gb=200

[Mon May 10 18:59:09 2021]
Finished job 17.
55 of 73 steps (75%) done

[Mon May 10 18:59:09 2021]
rule get_trajectories_from_timeseries:
    input: /mnt/md0/Hansen Lab Dropbox/DataStorage/Imaging/Fbn2/processed/2021_02_C/2021_02_26_Fbn2_F1RAD21M_488nm_0p5_561nm_0p05_SC8_2X_30z_250nm_780V_365T_20s_4hoursIAA_movie1-02.czi
    output: results/Rad21/2021_02_26_Fbn2_F1RAD21M_488nm_0p5_561nm_0p05_SC8_2X_30z_250nm_780V_365T_20s_4hoursIAA_movie1-02.czi.tracks.csv, results/Rad21/2021_02_26_Fbn2_F1RAD21M_488nm_0p5_561nm_0p05_SC8_2X_30z_250nm_780V_365T_20s_4hoursIAA_movie1-02.czi.dot_volumes.pkl
    jobid: 71
    wildcards: group=Rad21, sample=2021_02_26_Fbn2_F1RAD21M_488nm_0p5_561nm_0p05_SC8_2X_30z_250nm_780V_365T_20s_4hoursIAA_movie1-02.czi
    resources: mem_gb=200

[Mon May 10 19:11:22 2021]
Finished job 71.
56 of 73 steps (77%) done

[Mon May 10 19:11:22 2021]
rule get_trajectories_from_timeseries:
    input: /mnt/md0/Hansen Lab Dropbox/DataStorage/Imaging/Fbn2/processed/2021_02_C/2021_02_21_Fbn2_F1Rad21M_488nm_0p5_561nm_0p05_SC8_2X_30z_250nm_780V_365T_20s_4hoursIAA_movie1-01.czi
    output: results/Rad21/2021_02_21_Fbn2_F1Rad21M_488nm_0p5_561nm_0p05_SC8_2X_30z_250nm_780V_365T_20s_4hoursIAA_movie1-01.czi.tracks.csv, results/Rad21/2021_02_21_Fbn2_F1Rad21M_488nm_0p5_561nm_0p05_SC8_2X_30z_250nm_780V_365T_20s_4hoursIAA_movie1-01.czi.dot_volumes.pkl
    jobid: 93
    wildcards: group=Rad21, sample=2021_02_21_Fbn2_F1Rad21M_488nm_0p5_561nm_0p05_SC8_2X_30z_250nm_780V_365T_20s_4hoursIAA_movie1-01.czi
    resources: mem_gb=200

[Mon May 10 19:25:27 2021]
Finished job 93.
57 of 73 steps (78%) done

[Mon May 10 19:25:27 2021]
rule get_trajectories_from_timeseries:
    input: /mnt/md0/Hansen Lab Dropbox/DataStorage/Imaging/Fbn2/processed/2021_04_Apr_May/2021_05_03_Fbn2_RAD21_twohoursIAA_488nm_0p5_561nm_0p05_SC8_2X_30z_250nm_780V_365T_20s_movie2-01.czi
    output: results/Rad21/2021_05_03_Fbn2_RAD21_twohoursIAA_488nm_0p5_561nm_0p05_SC8_2X_30z_250nm_780V_365T_20s_movie2-01.czi.tracks.csv, results/Rad21/2021_05_03_Fbn2_RAD21_twohoursIAA_488nm_0p5_561nm_0p05_SC8_2X_30z_250nm_780V_365T_20s_movie2-01.czi.dot_volumes.pkl
    jobid: 22
    wildcards: group=Rad21, sample=2021_05_03_Fbn2_RAD21_twohoursIAA_488nm_0p5_561nm_0p05_SC8_2X_30z_250nm_780V_365T_20s_movie2-01.czi
    resources: mem_gb=200

[Mon May 10 19:46:32 2021]
Finished job 22.
58 of 73 steps (79%) done

[Mon May 10 19:46:32 2021]
rule get_trajectories_from_timeseries:
    input: /mnt/md0/Hansen Lab Dropbox/DataStorage/Imaging/Fbn2/processed/2021_04_Apr_May/2021_05_03_Fbn2_RAD21_twohoursIAA_488nm_0p5_561nm_0p05_SC8_2X_30z_250nm_780V_365T_20s_movie1-02.czi
    output: results/Rad21/2021_05_03_Fbn2_RAD21_twohoursIAA_488nm_0p5_561nm_0p05_SC8_2X_30z_250nm_780V_365T_20s_movie1-02.czi.tracks.csv, results/Rad21/2021_05_03_Fbn2_RAD21_twohoursIAA_488nm_0p5_561nm_0p05_SC8_2X_30z_250nm_780V_365T_20s_movie1-02.czi.dot_volumes.pkl
    jobid: 13
    wildcards: group=Rad21, sample=2021_05_03_Fbn2_RAD21_twohoursIAA_488nm_0p5_561nm_0p05_SC8_2X_30z_250nm_780V_365T_20s_movie1-02.czi
    resources: mem_gb=200

[Mon May 10 20:44:57 2021]
Finished job 13.
59 of 73 steps (81%) done

[Mon May 10 20:44:57 2021]
rule get_trajectories_from_timeseries:
    input: /mnt/md0/Hansen Lab Dropbox/DataStorage/Imaging/Fbn2/processed/2021_04_Apr_May/2021_04_29_Fbn2_Rad21F1M_twohoursIAA_488nm_0p5_561nm_0p05_SC8_2X_30z_250nm_780V_365T_20s_movie1-02.czi
    output: results/Rad21/2021_04_29_Fbn2_Rad21F1M_twohoursIAA_488nm_0p5_561nm_0p05_SC8_2X_30z_250nm_780V_365T_20s_movie1-02.czi.tracks.csv, results/Rad21/2021_04_29_Fbn2_Rad21F1M_twohoursIAA_488nm_0p5_561nm_0p05_SC8_2X_30z_250nm_780V_365T_20s_movie1-02.czi.dot_volumes.pkl
    jobid: 14
    wildcards: group=Rad21, sample=2021_04_29_Fbn2_Rad21F1M_twohoursIAA_488nm_0p5_561nm_0p05_SC8_2X_30z_250nm_780V_365T_20s_movie1-02.czi
    resources: mem_gb=200

[Mon May 10 20:59:51 2021]
Finished job 14.
60 of 73 steps (82%) done

[Mon May 10 20:59:51 2021]
rule get_trajectories_from_timeseries:
    input: /mnt/md0/Hansen Lab Dropbox/DataStorage/Imaging/Fbn2/processed/2021_04_Apr_May/2021_04_25_Fbn2_Rad21_twohoursIAA_488nm_0p5_561nm_0p05_SC8_2X_30z_250nm_780V_365T_20s_movie3-01.czi
    output: results/Rad21/2021_04_25_Fbn2_Rad21_twohoursIAA_488nm_0p5_561nm_0p05_SC8_2X_30z_250nm_780V_365T_20s_movie3-01.czi.tracks.csv, results/Rad21/2021_04_25_Fbn2_Rad21_twohoursIAA_488nm_0p5_561nm_0p05_SC8_2X_30z_250nm_780V_365T_20s_movie3-01.czi.dot_volumes.pkl
    jobid: 21
    wildcards: group=Rad21, sample=2021_04_25_Fbn2_Rad21_twohoursIAA_488nm_0p5_561nm_0p05_SC8_2X_30z_250nm_780V_365T_20s_movie3-01.czi
    resources: mem_gb=200

[Mon May 10 21:17:10 2021]
Finished job 21.
61 of 73 steps (84%) done

[Mon May 10 21:17:10 2021]
rule get_trajectories_from_timeseries:
    input: /mnt/md0/Hansen Lab Dropbox/DataStorage/Imaging/Fbn2/processed/2021_04_Apr_May/2021_04_29_Fbn2_Rad21F1M_twohoursIAA_488nm_0p5_561nm_0p05_SC8_2X_30z_250nm_780V_365T_20s_movie4-01.czi
    output: results/Rad21/2021_04_29_Fbn2_Rad21F1M_twohoursIAA_488nm_0p5_561nm_0p05_SC8_2X_30z_250nm_780V_365T_20s_movie4-01.czi.tracks.csv, results/Rad21/2021_04_29_Fbn2_Rad21F1M_twohoursIAA_488nm_0p5_561nm_0p05_SC8_2X_30z_250nm_780V_365T_20s_movie4-01.czi.dot_volumes.pkl
    jobid: 19
    wildcards: group=Rad21, sample=2021_04_29_Fbn2_Rad21F1M_twohoursIAA_488nm_0p5_561nm_0p05_SC8_2X_30z_250nm_780V_365T_20s_movie4-01.czi
    resources: mem_gb=200

[Mon May 10 21:34:05 2021]
Finished job 19.
62 of 73 steps (85%) done

[Mon May 10 21:34:05 2021]
rule get_trajectories_from_timeseries:
    input: /mnt/md0/Hansen Lab Dropbox/DataStorage/Imaging/Fbn2/processed/2021_02_C/2021_02_25_Fbn2_F1RAD21M_488nm_0p5_561nm_0p05_SC8_2X_30z_250nm_780V_365T_20s_2hoursIAA_movie1-01.czi
    output: results/Rad21/2021_02_25_Fbn2_F1RAD21M_488nm_0p5_561nm_0p05_SC8_2X_30z_250nm_780V_365T_20s_2hoursIAA_movie1-01.czi.tracks.csv, results/Rad21/2021_02_25_Fbn2_F1RAD21M_488nm_0p5_561nm_0p05_SC8_2X_30z_250nm_780V_365T_20s_2hoursIAA_movie1-01.czi.dot_volumes.pkl
    jobid: 57
    wildcards: group=Rad21, sample=2021_02_25_Fbn2_F1RAD21M_488nm_0p5_561nm_0p05_SC8_2X_30z_250nm_780V_365T_20s_2hoursIAA_movie1-01.czi
    resources: mem_gb=200

[Mon May 10 21:49:52 2021]
Finished job 57.
63 of 73 steps (86%) done

[Mon May 10 21:49:52 2021]
rule get_trajectories_from_timeseries:
    input: /mnt/md0/Hansen Lab Dropbox/DataStorage/Imaging/Fbn2/processed/2021_02_C/2021_02_28_Fbn2_F1RAD21M_488nm_0p5_561nm_0p05_SC8_2X_30z_250nm_780V_365T_20s_noIAA_movie1-01.czi
    output: results/Rad21/2021_02_28_Fbn2_F1RAD21M_488nm_0p5_561nm_0p05_SC8_2X_30z_250nm_780V_365T_20s_noIAA_movie1-01.czi.tracks.csv, results/Rad21/2021_02_28_Fbn2_F1RAD21M_488nm_0p5_561nm_0p05_SC8_2X_30z_250nm_780V_365T_20s_noIAA_movie1-01.czi.dot_volumes.pkl
    jobid: 87
    wildcards: group=Rad21, sample=2021_02_28_Fbn2_F1RAD21M_488nm_0p5_561nm_0p05_SC8_2X_30z_250nm_780V_365T_20s_noIAA_movie1-01.czi
    resources: mem_gb=200

[Mon May 10 22:35:06 2021]
Finished job 87.
64 of 73 steps (88%) done

[Mon May 10 22:35:06 2021]
rule get_trajectories_from_timeseries:
    input: /mnt/md0/Hansen Lab Dropbox/DataStorage/Imaging/Fbn2/processed/2021_02_C/2021_02_23_Fbn2_F1Rad21M_488nm_0p5_561nm_0p05_SC8_2X_30z_250nm_780V_365T_20s_4hoursIAA_movie1-02.czi
    output: results/Rad21/2021_02_23_Fbn2_F1Rad21M_488nm_0p5_561nm_0p05_SC8_2X_30z_250nm_780V_365T_20s_4hoursIAA_movie1-02.czi.tracks.csv, results/Rad21/2021_02_23_Fbn2_F1Rad21M_488nm_0p5_561nm_0p05_SC8_2X_30z_250nm_780V_365T_20s_4hoursIAA_movie1-02.czi.dot_volumes.pkl
    jobid: 69
    wildcards: group=Rad21, sample=2021_02_23_Fbn2_F1Rad21M_488nm_0p5_561nm_0p05_SC8_2X_30z_250nm_780V_365T_20s_4hoursIAA_movie1-02.czi
    resources: mem_gb=200

[Mon May 10 22:49:01 2021]
Finished job 69.
65 of 73 steps (89%) done

[Mon May 10 22:49:01 2021]
rule get_trajectories_from_timeseries:
    input: /mnt/md0/Hansen Lab Dropbox/DataStorage/Imaging/Fbn2/processed/2020_10_B/2020_10_27_Fbn2_F1Rad21M_fourhoursIAA_488nm_0p5_561nm_0p05_SC8_2X_30z_250nm_780V_365T_20s_movie3-01_processed_low.czi
    output: results/Rad21/2020_10_27_Fbn2_F1Rad21M_fourhoursIAA_488nm_0p5_561nm_0p05_SC8_2X_30z_250nm_780V_365T_20s_movie3-01_processed_low.czi.tracks.csv, results/Rad21/2020_10_27_Fbn2_F1Rad21M_fourhoursIAA_488nm_0p5_561nm_0p05_SC8_2X_30z_250nm_780V_365T_20s_movie3-01_processed_low.czi.dot_volumes.pkl
    jobid: 127
    wildcards: group=Rad21, sample=2020_10_27_Fbn2_F1Rad21M_fourhoursIAA_488nm_0p5_561nm_0p05_SC8_2X_30z_250nm_780V_365T_20s_movie3-01_processed_low.czi
    resources: mem_gb=200

[Mon May 10 23:02:35 2021]
Finished job 127.
66 of 73 steps (90%) done

[Mon May 10 23:02:35 2021]
rule get_trajectories_from_timeseries:
    input: /mnt/md0/Hansen Lab Dropbox/DataStorage/Imaging/Fbn2/processed/2021_04_Apr_May/2021_04_25_Fbn2_Rad21_twohoursIAA_488nm_0p5_561nm_0p05_SC8_2X_30z_250nm_780V_365T_20s_movie4-01.czi
    output: results/Rad21/2021_04_25_Fbn2_Rad21_twohoursIAA_488nm_0p5_561nm_0p05_SC8_2X_30z_250nm_780V_365T_20s_movie4-01.czi.tracks.csv, results/Rad21/2021_04_25_Fbn2_Rad21_twohoursIAA_488nm_0p5_561nm_0p05_SC8_2X_30z_250nm_780V_365T_20s_movie4-01.czi.dot_volumes.pkl
    jobid: 20
    wildcards: group=Rad21, sample=2021_04_25_Fbn2_Rad21_twohoursIAA_488nm_0p5_561nm_0p05_SC8_2X_30z_250nm_780V_365T_20s_movie4-01.czi
    resources: mem_gb=200

[Mon May 10 23:17:21 2021]
Finished job 20.
67 of 73 steps (92%) done

[Mon May 10 23:17:21 2021]
rule get_trajectories_from_timeseries:
    input: /mnt/md0/Hansen Lab Dropbox/DataStorage/Imaging/Fbn2/processed/2021_02_C/2021_02_25_Fbn2_F1RAD21M_488nm_0p5_561nm_0p05_SC8_2X_30z_250nm_780V_365T_20s_4hoursIAA_movie1-01.czi
    output: results/Rad21/2021_02_25_Fbn2_F1RAD21M_488nm_0p5_561nm_0p05_SC8_2X_30z_250nm_780V_365T_20s_4hoursIAA_movie1-01.czi.tracks.csv, results/Rad21/2021_02_25_Fbn2_F1RAD21M_488nm_0p5_561nm_0p05_SC8_2X_30z_250nm_780V_365T_20s_4hoursIAA_movie1-01.czi.dot_volumes.pkl
    jobid: 79
    wildcards: group=Rad21, sample=2021_02_25_Fbn2_F1RAD21M_488nm_0p5_561nm_0p05_SC8_2X_30z_250nm_780V_365T_20s_4hoursIAA_movie1-01.czi
    resources: mem_gb=200

[Mon May 10 23:31:03 2021]
Finished job 79.
68 of 73 steps (93%) done

[Mon May 10 23:31:03 2021]
rule get_trajectories_from_timeseries:
    input: /mnt/md0/Hansen Lab Dropbox/DataStorage/Imaging/Fbn2/processed/2021_02_C/2021_02_24_Fbn2_F1Rad21M_488nm_0p5_561nm_0p05_SC8_2X_30z_250nm_780V_365T_20s_noIAA_movie1-01.czi
    output: results/Rad21/2021_02_24_Fbn2_F1Rad21M_488nm_0p5_561nm_0p05_SC8_2X_30z_250nm_780V_365T_20s_noIAA_movie1-01.czi.tracks.csv, results/Rad21/2021_02_24_Fbn2_F1Rad21M_488nm_0p5_561nm_0p05_SC8_2X_30z_250nm_780V_365T_20s_noIAA_movie1-01.czi.dot_volumes.pkl
    jobid: 77
    wildcards: group=Rad21, sample=2021_02_24_Fbn2_F1Rad21M_488nm_0p5_561nm_0p05_SC8_2X_30z_250nm_780V_365T_20s_noIAA_movie1-01.czi
    resources: mem_gb=200

[Mon May 10 23:43:59 2021]
Finished job 77.
69 of 73 steps (95%) done

[Mon May 10 23:43:59 2021]
rule get_trajectories_from_timeseries:
    input: /mnt/md0/Hansen Lab Dropbox/DataStorage/Imaging/Fbn2/processed/2021_04_Apr_May/2021_05_02_Fbn2_RAD21_twohoursIAA_488nm_0p5_561nm_0p05_SC8_2X_30z_250nm_780V_365T_20s_movie1-01.czi
    output: results/Rad21/2021_05_02_Fbn2_RAD21_twohoursIAA_488nm_0p5_561nm_0p05_SC8_2X_30z_250nm_780V_365T_20s_movie1-01.czi.tracks.csv, results/Rad21/2021_05_02_Fbn2_RAD21_twohoursIAA_488nm_0p5_561nm_0p05_SC8_2X_30z_250nm_780V_365T_20s_movie1-01.czi.dot_volumes.pkl
    jobid: 25
    wildcards: group=Rad21, sample=2021_05_02_Fbn2_RAD21_twohoursIAA_488nm_0p5_561nm_0p05_SC8_2X_30z_250nm_780V_365T_20s_movie1-01.czi
    resources: mem_gb=200

[Mon May 10 23:57:07 2021]
Finished job 25.
70 of 73 steps (96%) done

[Mon May 10 23:57:07 2021]
rule get_trajectories_from_timeseries:
    input: /mnt/md0/Hansen Lab Dropbox/DataStorage/Imaging/Fbn2/processed/2020_12_A/2020_12_09_Rad21F1M_fourhoursIAA_488nm_0p5_561nm_0p05_SC8_2X_30z_250nm_SC8_780V_365T_20s_movie3-01_processed_low.czi
    output: results/Rad21/2020_12_09_Rad21F1M_fourhoursIAA_488nm_0p5_561nm_0p05_SC8_2X_30z_250nm_SC8_780V_365T_20s_movie3-01_processed_low.czi.tracks.csv, results/Rad21/2020_12_09_Rad21F1M_fourhoursIAA_488nm_0p5_561nm_0p05_SC8_2X_30z_250nm_SC8_780V_365T_20s_movie3-01_processed_low.czi.dot_volumes.pkl
    jobid: 1
    wildcards: group=Rad21, sample=2020_12_09_Rad21F1M_fourhoursIAA_488nm_0p5_561nm_0p05_SC8_2X_30z_250nm_SC8_780V_365T_20s_movie3-01_processed_low.czi
    resources: mem_gb=200

Job failed, going on with independent jobs.
Exiting because a job execution failed. Look above for error message
Complete log: /home/hbrandao/libs/data_analysis_Fbn2/snakemake/workflow/.snakemake/log/2021-05-10T030612.208487.snakemake.log
