Building DAG of jobs...
Using shell: /bin/bash
Provided cores: 10
Rules claiming more threads will be scaled down.
Provided resources: mem_gb=200
Job counts:
	count	jobs
	1	all
	4	find_trajectory_pairs
	4	load_czi_zstack
	4	make_movies
	4	refine_tracks
	4	track_dots
	4	wavelet_decomposition_in_4D
	25

[Sun Feb 28 11:28:50 2021]
rule load_czi_zstack:
    input: /mnt/md0/Hansen Lab Dropbox/DataStorage/Imaging/Fbn2/processed/2020_08_A/2020_09_23_Fbn2_C36_488nm_0p5_561nm_0p05_SC8_2X_30z_250nm_780V_365T_20s_movie4-01_processed_low.czi
    output: results/data/2020_09_23_Fbn2_C36_488nm_0p5_561nm_0p05_SC8_2X_30z_250nm_780V_365T_20s_movie4-01_processed_low.czi.ch0_raw.npy, results/data/2020_09_23_Fbn2_C36_488nm_0p5_561nm_0p05_SC8_2X_30z_250nm_780V_365T_20s_movie4-01_processed_low.czi.ch1_raw.npy, results/data/2020_09_23_Fbn2_C36_488nm_0p5_561nm_0p05_SC8_2X_30z_250nm_780V_365T_20s_movie4-01_processed_low.czi.metadata.pkl
    jobid: 21
    wildcards: sample=2020_09_23_Fbn2_C36_488nm_0p5_561nm_0p05_SC8_2X_30z_250nm_780V_365T_20s_movie4-01_processed_low.czi
    resources: mem_gb=80

[Sun Feb 28 11:28:50 2021]
rule load_czi_zstack:
    input: /mnt/md0/Hansen Lab Dropbox/DataStorage/Imaging/Fbn2/processed/2020_08_A/2020_08_31_Fbn2_C36_DISH1_488nm_0p5_561nm_0p05_SC8_2X_30z_250nm_780V_365T_20s_movie1-03_processed_low.czi
    output: results/data/2020_08_31_Fbn2_C36_DISH1_488nm_0p5_561nm_0p05_SC8_2X_30z_250nm_780V_365T_20s_movie1-03_processed_low.czi.ch0_raw.npy, results/data/2020_08_31_Fbn2_C36_DISH1_488nm_0p5_561nm_0p05_SC8_2X_30z_250nm_780V_365T_20s_movie1-03_processed_low.czi.ch1_raw.npy, results/data/2020_08_31_Fbn2_C36_DISH1_488nm_0p5_561nm_0p05_SC8_2X_30z_250nm_780V_365T_20s_movie1-03_processed_low.czi.metadata.pkl
    jobid: 3
    wildcards: sample=2020_08_31_Fbn2_C36_DISH1_488nm_0p5_561nm_0p05_SC8_2X_30z_250nm_780V_365T_20s_movie1-03_processed_low.czi
    resources: mem_gb=80

[Sun Feb 28 11:38:29 2021]
Finished job 3.
1 of 25 steps (4%) done

[Sun Feb 28 11:38:29 2021]
rule load_czi_zstack:
    input: /mnt/md0/Hansen Lab Dropbox/DataStorage/Imaging/Fbn2/processed/2020_08_A/2020_09_23_Fbn2_C36_488nm_0p5_561nm_0p05_SC8_2X_30z_250nm_780V_365T_20s_movie2-01_processed_low.czi
    output: results/data/2020_09_23_Fbn2_C36_488nm_0p5_561nm_0p05_SC8_2X_30z_250nm_780V_365T_20s_movie2-01_processed_low.czi.ch0_raw.npy, results/data/2020_09_23_Fbn2_C36_488nm_0p5_561nm_0p05_SC8_2X_30z_250nm_780V_365T_20s_movie2-01_processed_low.czi.ch1_raw.npy, results/data/2020_09_23_Fbn2_C36_488nm_0p5_561nm_0p05_SC8_2X_30z_250nm_780V_365T_20s_movie2-01_processed_low.czi.metadata.pkl
    jobid: 9
    wildcards: sample=2020_09_23_Fbn2_C36_488nm_0p5_561nm_0p05_SC8_2X_30z_250nm_780V_365T_20s_movie2-01_processed_low.czi
    resources: mem_gb=80

[Sun Feb 28 11:39:53 2021]
Finished job 21.
2 of 25 steps (8%) done

[Sun Feb 28 11:39:53 2021]
rule load_czi_zstack:
    input: /mnt/md0/Hansen Lab Dropbox/DataStorage/Imaging/Fbn2/processed/2020_08_A/2020_09_10_Fbn2_C36_488nm_0p5_561nm_0p05_SC8_2X_30z_250nm_780V_365T_20s_movie1-01_processed_low.czi
    output: results/data/2020_09_10_Fbn2_C36_488nm_0p5_561nm_0p05_SC8_2X_30z_250nm_780V_365T_20s_movie1-01_processed_low.czi.ch0_raw.npy, results/data/2020_09_10_Fbn2_C36_488nm_0p5_561nm_0p05_SC8_2X_30z_250nm_780V_365T_20s_movie1-01_processed_low.czi.ch1_raw.npy, results/data/2020_09_10_Fbn2_C36_488nm_0p5_561nm_0p05_SC8_2X_30z_250nm_780V_365T_20s_movie1-01_processed_low.czi.metadata.pkl
    jobid: 15
    wildcards: sample=2020_09_10_Fbn2_C36_488nm_0p5_561nm_0p05_SC8_2X_30z_250nm_780V_365T_20s_movie1-01_processed_low.czi
    resources: mem_gb=80

[Sun Feb 28 11:51:18 2021]
Finished job 15.
3 of 25 steps (12%) done
[Sun Feb 28 11:52:42 2021]
Finished job 9.
4 of 25 steps (16%) done

[Sun Feb 28 11:52:42 2021]
rule wavelet_decomposition_in_4D:
    input: results/data/2020_09_23_Fbn2_C36_488nm_0p5_561nm_0p05_SC8_2X_30z_250nm_780V_365T_20s_movie4-01_processed_low.czi.ch0_raw.npy, results/data/2020_09_23_Fbn2_C36_488nm_0p5_561nm_0p05_SC8_2X_30z_250nm_780V_365T_20s_movie4-01_processed_low.czi.ch1_raw.npy
    output: results/data/2020_09_23_Fbn2_C36_488nm_0p5_561nm_0p05_SC8_2X_30z_250nm_780V_365T_20s_movie4-01_processed_low.czi.ch0_filt.npy, results/data/2020_09_23_Fbn2_C36_488nm_0p5_561nm_0p05_SC8_2X_30z_250nm_780V_365T_20s_movie4-01_processed_low.czi.ch1_filt.npy
    jobid: 22
    wildcards: sample=2020_09_23_Fbn2_C36_488nm_0p5_561nm_0p05_SC8_2X_30z_250nm_780V_365T_20s_movie4-01_processed_low.czi
    resources: mem_gb=160

[Sun Feb 28 12:09:23 2021]
Finished job 22.
5 of 25 steps (20%) done

[Sun Feb 28 12:09:23 2021]
rule track_dots:
    input: results/data/2020_09_23_Fbn2_C36_488nm_0p5_561nm_0p05_SC8_2X_30z_250nm_780V_365T_20s_movie4-01_processed_low.czi.ch0_raw.npy, results/data/2020_09_23_Fbn2_C36_488nm_0p5_561nm_0p05_SC8_2X_30z_250nm_780V_365T_20s_movie4-01_processed_low.czi.ch1_raw.npy, results/data/2020_09_23_Fbn2_C36_488nm_0p5_561nm_0p05_SC8_2X_30z_250nm_780V_365T_20s_movie4-01_processed_low.czi.ch0_filt.npy, results/data/2020_09_23_Fbn2_C36_488nm_0p5_561nm_0p05_SC8_2X_30z_250nm_780V_365T_20s_movie4-01_processed_low.czi.ch1_filt.npy
    output: results/tracks/2020_09_23_Fbn2_C36_488nm_0p5_561nm_0p05_SC8_2X_30z_250nm_780V_365T_20s_movie4-01_processed_low.czi.tracks.csv
    jobid: 24
    wildcards: sample=2020_09_23_Fbn2_C36_488nm_0p5_561nm_0p05_SC8_2X_30z_250nm_780V_365T_20s_movie4-01_processed_low.czi
    resources: mem_gb=160

[Sun Feb 28 12:17:08 2021]
Finished job 24.
6 of 25 steps (24%) done

[Sun Feb 28 12:17:08 2021]
rule find_trajectory_pairs:
    input: results/tracks/2020_09_23_Fbn2_C36_488nm_0p5_561nm_0p05_SC8_2X_30z_250nm_780V_365T_20s_movie4-01_processed_low.czi.tracks.csv
    output: results/tracks/2020_09_23_Fbn2_C36_488nm_0p5_561nm_0p05_SC8_2X_30z_250nm_780V_365T_20s_movie4-01_processed_low.czi.joined_tracks.csv
    jobid: 23
    wildcards: sample=2020_09_23_Fbn2_C36_488nm_0p5_561nm_0p05_SC8_2X_30z_250nm_780V_365T_20s_movie4-01_processed_low.czi

[Sun Feb 28 12:17:08 2021]
rule wavelet_decomposition_in_4D:
    input: results/data/2020_09_10_Fbn2_C36_488nm_0p5_561nm_0p05_SC8_2X_30z_250nm_780V_365T_20s_movie1-01_processed_low.czi.ch0_raw.npy, results/data/2020_09_10_Fbn2_C36_488nm_0p5_561nm_0p05_SC8_2X_30z_250nm_780V_365T_20s_movie1-01_processed_low.czi.ch1_raw.npy
    output: results/data/2020_09_10_Fbn2_C36_488nm_0p5_561nm_0p05_SC8_2X_30z_250nm_780V_365T_20s_movie1-01_processed_low.czi.ch0_filt.npy, results/data/2020_09_10_Fbn2_C36_488nm_0p5_561nm_0p05_SC8_2X_30z_250nm_780V_365T_20s_movie1-01_processed_low.czi.ch1_filt.npy
    jobid: 16
    wildcards: sample=2020_09_10_Fbn2_C36_488nm_0p5_561nm_0p05_SC8_2X_30z_250nm_780V_365T_20s_movie1-01_processed_low.czi
    resources: mem_gb=160

[Sun Feb 28 12:17:10 2021]
Finished job 23.
7 of 25 steps (28%) done
[Sun Feb 28 12:30:46 2021]
Finished job 16.
8 of 25 steps (32%) done

[Sun Feb 28 12:30:46 2021]
rule refine_tracks:
    input: results/data/2020_09_23_Fbn2_C36_488nm_0p5_561nm_0p05_SC8_2X_30z_250nm_780V_365T_20s_movie4-01_processed_low.czi.ch0_raw.npy, results/data/2020_09_23_Fbn2_C36_488nm_0p5_561nm_0p05_SC8_2X_30z_250nm_780V_365T_20s_movie4-01_processed_low.czi.ch1_raw.npy, results/data/2020_09_23_Fbn2_C36_488nm_0p5_561nm_0p05_SC8_2X_30z_250nm_780V_365T_20s_movie4-01_processed_low.czi.ch0_filt.npy, results/data/2020_09_23_Fbn2_C36_488nm_0p5_561nm_0p05_SC8_2X_30z_250nm_780V_365T_20s_movie4-01_processed_low.czi.ch1_filt.npy, results/tracks/2020_09_23_Fbn2_C36_488nm_0p5_561nm_0p05_SC8_2X_30z_250nm_780V_365T_20s_movie4-01_processed_low.czi.joined_tracks.csv
    output: results/tracks/2020_09_23_Fbn2_C36_488nm_0p5_561nm_0p05_SC8_2X_30z_250nm_780V_365T_20s_movie4-01_processed_low.czi.refined_tracks.csv, results/tracks/2020_09_23_Fbn2_C36_488nm_0p5_561nm_0p05_SC8_2X_30z_250nm_780V_365T_20s_movie4-01_processed_low.czi.dot_volumes.pkl
    jobid: 20
    wildcards: sample=2020_09_23_Fbn2_C36_488nm_0p5_561nm_0p05_SC8_2X_30z_250nm_780V_365T_20s_movie4-01_processed_low.czi
    resources: mem_gb=160

[Sun Feb 28 12:38:51 2021]
Finished job 20.
9 of 25 steps (36%) done

[Sun Feb 28 12:38:51 2021]
rule track_dots:
    input: results/data/2020_09_10_Fbn2_C36_488nm_0p5_561nm_0p05_SC8_2X_30z_250nm_780V_365T_20s_movie1-01_processed_low.czi.ch0_raw.npy, results/data/2020_09_10_Fbn2_C36_488nm_0p5_561nm_0p05_SC8_2X_30z_250nm_780V_365T_20s_movie1-01_processed_low.czi.ch1_raw.npy, results/data/2020_09_10_Fbn2_C36_488nm_0p5_561nm_0p05_SC8_2X_30z_250nm_780V_365T_20s_movie1-01_processed_low.czi.ch0_filt.npy, results/data/2020_09_10_Fbn2_C36_488nm_0p5_561nm_0p05_SC8_2X_30z_250nm_780V_365T_20s_movie1-01_processed_low.czi.ch1_filt.npy
    output: results/tracks/2020_09_10_Fbn2_C36_488nm_0p5_561nm_0p05_SC8_2X_30z_250nm_780V_365T_20s_movie1-01_processed_low.czi.tracks.csv
    jobid: 18
    wildcards: sample=2020_09_10_Fbn2_C36_488nm_0p5_561nm_0p05_SC8_2X_30z_250nm_780V_365T_20s_movie1-01_processed_low.czi
    resources: mem_gb=160

[Sun Feb 28 12:38:51 2021]
rule make_movies:
    input: results/tracks/2020_09_23_Fbn2_C36_488nm_0p5_561nm_0p05_SC8_2X_30z_250nm_780V_365T_20s_movie4-01_processed_low.czi.refined_tracks.csv, results/data/2020_09_23_Fbn2_C36_488nm_0p5_561nm_0p05_SC8_2X_30z_250nm_780V_365T_20s_movie4-01_processed_low.czi.ch0_raw.npy, results/data/2020_09_23_Fbn2_C36_488nm_0p5_561nm_0p05_SC8_2X_30z_250nm_780V_365T_20s_movie4-01_processed_low.czi.ch1_raw.npy, results/data/2020_09_23_Fbn2_C36_488nm_0p5_561nm_0p05_SC8_2X_30z_250nm_780V_365T_20s_movie4-01_processed_low.czi.ch0_filt.npy, results/data/2020_09_23_Fbn2_C36_488nm_0p5_561nm_0p05_SC8_2X_30z_250nm_780V_365T_20s_movie4-01_processed_low.czi.ch1_filt.npy, results/data/2020_09_23_Fbn2_C36_488nm_0p5_561nm_0p05_SC8_2X_30z_250nm_780V_365T_20s_movie4-01_processed_low.czi.metadata.pkl
    output: results/tracks/2020_09_23_Fbn2_C36_488nm_0p5_561nm_0p05_SC8_2X_30z_250nm_780V_365T_20s_movie4-01_processed_low.czi.movie.mp4
    jobid: 19
    wildcards: sample=2020_09_23_Fbn2_C36_488nm_0p5_561nm_0p05_SC8_2X_30z_250nm_780V_365T_20s_movie4-01_processed_low.czi

[Sun Feb 28 12:47:30 2021]
Finished job 19.
10 of 25 steps (40%) done
[Sun Feb 28 12:54:47 2021]
Finished job 18.
11 of 25 steps (44%) done

[Sun Feb 28 12:54:47 2021]
rule find_trajectory_pairs:
    input: results/tracks/2020_09_10_Fbn2_C36_488nm_0p5_561nm_0p05_SC8_2X_30z_250nm_780V_365T_20s_movie1-01_processed_low.czi.tracks.csv
    output: results/tracks/2020_09_10_Fbn2_C36_488nm_0p5_561nm_0p05_SC8_2X_30z_250nm_780V_365T_20s_movie1-01_processed_low.czi.joined_tracks.csv
    jobid: 17
    wildcards: sample=2020_09_10_Fbn2_C36_488nm_0p5_561nm_0p05_SC8_2X_30z_250nm_780V_365T_20s_movie1-01_processed_low.czi

[Sun Feb 28 12:54:47 2021]
rule wavelet_decomposition_in_4D:
    input: results/data/2020_09_23_Fbn2_C36_488nm_0p5_561nm_0p05_SC8_2X_30z_250nm_780V_365T_20s_movie2-01_processed_low.czi.ch0_raw.npy, results/data/2020_09_23_Fbn2_C36_488nm_0p5_561nm_0p05_SC8_2X_30z_250nm_780V_365T_20s_movie2-01_processed_low.czi.ch1_raw.npy
    output: results/data/2020_09_23_Fbn2_C36_488nm_0p5_561nm_0p05_SC8_2X_30z_250nm_780V_365T_20s_movie2-01_processed_low.czi.ch0_filt.npy, results/data/2020_09_23_Fbn2_C36_488nm_0p5_561nm_0p05_SC8_2X_30z_250nm_780V_365T_20s_movie2-01_processed_low.czi.ch1_filt.npy
    jobid: 10
    wildcards: sample=2020_09_23_Fbn2_C36_488nm_0p5_561nm_0p05_SC8_2X_30z_250nm_780V_365T_20s_movie2-01_processed_low.czi
    resources: mem_gb=160

[Sun Feb 28 12:54:50 2021]
Finished job 17.
12 of 25 steps (48%) done
[Sun Feb 28 13:08:35 2021]
Finished job 10.
13 of 25 steps (52%) done

[Sun Feb 28 13:08:35 2021]
rule refine_tracks:
    input: results/data/2020_09_10_Fbn2_C36_488nm_0p5_561nm_0p05_SC8_2X_30z_250nm_780V_365T_20s_movie1-01_processed_low.czi.ch0_raw.npy, results/data/2020_09_10_Fbn2_C36_488nm_0p5_561nm_0p05_SC8_2X_30z_250nm_780V_365T_20s_movie1-01_processed_low.czi.ch1_raw.npy, results/data/2020_09_10_Fbn2_C36_488nm_0p5_561nm_0p05_SC8_2X_30z_250nm_780V_365T_20s_movie1-01_processed_low.czi.ch0_filt.npy, results/data/2020_09_10_Fbn2_C36_488nm_0p5_561nm_0p05_SC8_2X_30z_250nm_780V_365T_20s_movie1-01_processed_low.czi.ch1_filt.npy, results/tracks/2020_09_10_Fbn2_C36_488nm_0p5_561nm_0p05_SC8_2X_30z_250nm_780V_365T_20s_movie1-01_processed_low.czi.joined_tracks.csv
    output: results/tracks/2020_09_10_Fbn2_C36_488nm_0p5_561nm_0p05_SC8_2X_30z_250nm_780V_365T_20s_movie1-01_processed_low.czi.refined_tracks.csv, results/tracks/2020_09_10_Fbn2_C36_488nm_0p5_561nm_0p05_SC8_2X_30z_250nm_780V_365T_20s_movie1-01_processed_low.czi.dot_volumes.pkl
    jobid: 14
    wildcards: sample=2020_09_10_Fbn2_C36_488nm_0p5_561nm_0p05_SC8_2X_30z_250nm_780V_365T_20s_movie1-01_processed_low.czi
    resources: mem_gb=160

[Sun Feb 28 13:17:18 2021]
Finished job 14.
14 of 25 steps (56%) done

[Sun Feb 28 13:17:18 2021]
rule make_movies:
    input: results/tracks/2020_09_10_Fbn2_C36_488nm_0p5_561nm_0p05_SC8_2X_30z_250nm_780V_365T_20s_movie1-01_processed_low.czi.refined_tracks.csv, results/data/2020_09_10_Fbn2_C36_488nm_0p5_561nm_0p05_SC8_2X_30z_250nm_780V_365T_20s_movie1-01_processed_low.czi.ch0_raw.npy, results/data/2020_09_10_Fbn2_C36_488nm_0p5_561nm_0p05_SC8_2X_30z_250nm_780V_365T_20s_movie1-01_processed_low.czi.ch1_raw.npy, results/data/2020_09_10_Fbn2_C36_488nm_0p5_561nm_0p05_SC8_2X_30z_250nm_780V_365T_20s_movie1-01_processed_low.czi.ch0_filt.npy, results/data/2020_09_10_Fbn2_C36_488nm_0p5_561nm_0p05_SC8_2X_30z_250nm_780V_365T_20s_movie1-01_processed_low.czi.ch1_filt.npy, results/data/2020_09_10_Fbn2_C36_488nm_0p5_561nm_0p05_SC8_2X_30z_250nm_780V_365T_20s_movie1-01_processed_low.czi.metadata.pkl
    output: results/tracks/2020_09_10_Fbn2_C36_488nm_0p5_561nm_0p05_SC8_2X_30z_250nm_780V_365T_20s_movie1-01_processed_low.czi.movie.mp4
    jobid: 13
    wildcards: sample=2020_09_10_Fbn2_C36_488nm_0p5_561nm_0p05_SC8_2X_30z_250nm_780V_365T_20s_movie1-01_processed_low.czi

[Sun Feb 28 13:17:18 2021]
rule track_dots:
    input: results/data/2020_09_23_Fbn2_C36_488nm_0p5_561nm_0p05_SC8_2X_30z_250nm_780V_365T_20s_movie2-01_processed_low.czi.ch0_raw.npy, results/data/2020_09_23_Fbn2_C36_488nm_0p5_561nm_0p05_SC8_2X_30z_250nm_780V_365T_20s_movie2-01_processed_low.czi.ch1_raw.npy, results/data/2020_09_23_Fbn2_C36_488nm_0p5_561nm_0p05_SC8_2X_30z_250nm_780V_365T_20s_movie2-01_processed_low.czi.ch0_filt.npy, results/data/2020_09_23_Fbn2_C36_488nm_0p5_561nm_0p05_SC8_2X_30z_250nm_780V_365T_20s_movie2-01_processed_low.czi.ch1_filt.npy
    output: results/tracks/2020_09_23_Fbn2_C36_488nm_0p5_561nm_0p05_SC8_2X_30z_250nm_780V_365T_20s_movie2-01_processed_low.czi.tracks.csv
    jobid: 12
    wildcards: sample=2020_09_23_Fbn2_C36_488nm_0p5_561nm_0p05_SC8_2X_30z_250nm_780V_365T_20s_movie2-01_processed_low.czi
    resources: mem_gb=160

[Sun Feb 28 13:26:07 2021]
Finished job 13.
15 of 25 steps (60%) done
[Sun Feb 28 13:32:20 2021]
Finished job 12.
16 of 25 steps (64%) done

[Sun Feb 28 13:32:20 2021]
rule wavelet_decomposition_in_4D:
    input: results/data/2020_08_31_Fbn2_C36_DISH1_488nm_0p5_561nm_0p05_SC8_2X_30z_250nm_780V_365T_20s_movie1-03_processed_low.czi.ch0_raw.npy, results/data/2020_08_31_Fbn2_C36_DISH1_488nm_0p5_561nm_0p05_SC8_2X_30z_250nm_780V_365T_20s_movie1-03_processed_low.czi.ch1_raw.npy
    output: results/data/2020_08_31_Fbn2_C36_DISH1_488nm_0p5_561nm_0p05_SC8_2X_30z_250nm_780V_365T_20s_movie1-03_processed_low.czi.ch0_filt.npy, results/data/2020_08_31_Fbn2_C36_DISH1_488nm_0p5_561nm_0p05_SC8_2X_30z_250nm_780V_365T_20s_movie1-03_processed_low.czi.ch1_filt.npy
    jobid: 4
    wildcards: sample=2020_08_31_Fbn2_C36_DISH1_488nm_0p5_561nm_0p05_SC8_2X_30z_250nm_780V_365T_20s_movie1-03_processed_low.czi
    resources: mem_gb=160

[Sun Feb 28 13:32:20 2021]
rule find_trajectory_pairs:
    input: results/tracks/2020_09_23_Fbn2_C36_488nm_0p5_561nm_0p05_SC8_2X_30z_250nm_780V_365T_20s_movie2-01_processed_low.czi.tracks.csv
    output: results/tracks/2020_09_23_Fbn2_C36_488nm_0p5_561nm_0p05_SC8_2X_30z_250nm_780V_365T_20s_movie2-01_processed_low.czi.joined_tracks.csv
    jobid: 11
    wildcards: sample=2020_09_23_Fbn2_C36_488nm_0p5_561nm_0p05_SC8_2X_30z_250nm_780V_365T_20s_movie2-01_processed_low.czi

[Sun Feb 28 13:32:25 2021]
Finished job 11.
17 of 25 steps (68%) done
[Sun Feb 28 13:45:55 2021]
Finished job 4.
18 of 25 steps (72%) done

[Sun Feb 28 13:45:55 2021]
rule refine_tracks:
    input: results/data/2020_09_23_Fbn2_C36_488nm_0p5_561nm_0p05_SC8_2X_30z_250nm_780V_365T_20s_movie2-01_processed_low.czi.ch0_raw.npy, results/data/2020_09_23_Fbn2_C36_488nm_0p5_561nm_0p05_SC8_2X_30z_250nm_780V_365T_20s_movie2-01_processed_low.czi.ch1_raw.npy, results/data/2020_09_23_Fbn2_C36_488nm_0p5_561nm_0p05_SC8_2X_30z_250nm_780V_365T_20s_movie2-01_processed_low.czi.ch0_filt.npy, results/data/2020_09_23_Fbn2_C36_488nm_0p5_561nm_0p05_SC8_2X_30z_250nm_780V_365T_20s_movie2-01_processed_low.czi.ch1_filt.npy, results/tracks/2020_09_23_Fbn2_C36_488nm_0p5_561nm_0p05_SC8_2X_30z_250nm_780V_365T_20s_movie2-01_processed_low.czi.joined_tracks.csv
    output: results/tracks/2020_09_23_Fbn2_C36_488nm_0p5_561nm_0p05_SC8_2X_30z_250nm_780V_365T_20s_movie2-01_processed_low.czi.refined_tracks.csv, results/tracks/2020_09_23_Fbn2_C36_488nm_0p5_561nm_0p05_SC8_2X_30z_250nm_780V_365T_20s_movie2-01_processed_low.czi.dot_volumes.pkl
    jobid: 8
    wildcards: sample=2020_09_23_Fbn2_C36_488nm_0p5_561nm_0p05_SC8_2X_30z_250nm_780V_365T_20s_movie2-01_processed_low.czi
    resources: mem_gb=160

[Sun Feb 28 13:55:10 2021]
Finished job 8.
19 of 25 steps (76%) done

[Sun Feb 28 13:55:10 2021]
rule make_movies:
    input: results/tracks/2020_09_23_Fbn2_C36_488nm_0p5_561nm_0p05_SC8_2X_30z_250nm_780V_365T_20s_movie2-01_processed_low.czi.refined_tracks.csv, results/data/2020_09_23_Fbn2_C36_488nm_0p5_561nm_0p05_SC8_2X_30z_250nm_780V_365T_20s_movie2-01_processed_low.czi.ch0_raw.npy, results/data/2020_09_23_Fbn2_C36_488nm_0p5_561nm_0p05_SC8_2X_30z_250nm_780V_365T_20s_movie2-01_processed_low.czi.ch1_raw.npy, results/data/2020_09_23_Fbn2_C36_488nm_0p5_561nm_0p05_SC8_2X_30z_250nm_780V_365T_20s_movie2-01_processed_low.czi.ch0_filt.npy, results/data/2020_09_23_Fbn2_C36_488nm_0p5_561nm_0p05_SC8_2X_30z_250nm_780V_365T_20s_movie2-01_processed_low.czi.ch1_filt.npy, results/data/2020_09_23_Fbn2_C36_488nm_0p5_561nm_0p05_SC8_2X_30z_250nm_780V_365T_20s_movie2-01_processed_low.czi.metadata.pkl
    output: results/tracks/2020_09_23_Fbn2_C36_488nm_0p5_561nm_0p05_SC8_2X_30z_250nm_780V_365T_20s_movie2-01_processed_low.czi.movie.mp4
    jobid: 7
    wildcards: sample=2020_09_23_Fbn2_C36_488nm_0p5_561nm_0p05_SC8_2X_30z_250nm_780V_365T_20s_movie2-01_processed_low.czi

[Sun Feb 28 13:55:10 2021]
rule track_dots:
    input: results/data/2020_08_31_Fbn2_C36_DISH1_488nm_0p5_561nm_0p05_SC8_2X_30z_250nm_780V_365T_20s_movie1-03_processed_low.czi.ch0_raw.npy, results/data/2020_08_31_Fbn2_C36_DISH1_488nm_0p5_561nm_0p05_SC8_2X_30z_250nm_780V_365T_20s_movie1-03_processed_low.czi.ch1_raw.npy, results/data/2020_08_31_Fbn2_C36_DISH1_488nm_0p5_561nm_0p05_SC8_2X_30z_250nm_780V_365T_20s_movie1-03_processed_low.czi.ch0_filt.npy, results/data/2020_08_31_Fbn2_C36_DISH1_488nm_0p5_561nm_0p05_SC8_2X_30z_250nm_780V_365T_20s_movie1-03_processed_low.czi.ch1_filt.npy
    output: results/tracks/2020_08_31_Fbn2_C36_DISH1_488nm_0p5_561nm_0p05_SC8_2X_30z_250nm_780V_365T_20s_movie1-03_processed_low.czi.tracks.csv
    jobid: 6
    wildcards: sample=2020_08_31_Fbn2_C36_DISH1_488nm_0p5_561nm_0p05_SC8_2X_30z_250nm_780V_365T_20s_movie1-03_processed_low.czi
    resources: mem_gb=160

[Sun Feb 28 14:04:44 2021]
Finished job 7.
20 of 25 steps (80%) done
[Sun Feb 28 14:09:23 2021]
Finished job 6.
21 of 25 steps (84%) done

[Sun Feb 28 14:09:23 2021]
rule find_trajectory_pairs:
    input: results/tracks/2020_08_31_Fbn2_C36_DISH1_488nm_0p5_561nm_0p05_SC8_2X_30z_250nm_780V_365T_20s_movie1-03_processed_low.czi.tracks.csv
    output: results/tracks/2020_08_31_Fbn2_C36_DISH1_488nm_0p5_561nm_0p05_SC8_2X_30z_250nm_780V_365T_20s_movie1-03_processed_low.czi.joined_tracks.csv
    jobid: 5
    wildcards: sample=2020_08_31_Fbn2_C36_DISH1_488nm_0p5_561nm_0p05_SC8_2X_30z_250nm_780V_365T_20s_movie1-03_processed_low.czi

[Sun Feb 28 14:09:25 2021]
Finished job 5.
22 of 25 steps (88%) done

[Sun Feb 28 14:09:25 2021]
rule refine_tracks:
    input: results/data/2020_08_31_Fbn2_C36_DISH1_488nm_0p5_561nm_0p05_SC8_2X_30z_250nm_780V_365T_20s_movie1-03_processed_low.czi.ch0_raw.npy, results/data/2020_08_31_Fbn2_C36_DISH1_488nm_0p5_561nm_0p05_SC8_2X_30z_250nm_780V_365T_20s_movie1-03_processed_low.czi.ch1_raw.npy, results/data/2020_08_31_Fbn2_C36_DISH1_488nm_0p5_561nm_0p05_SC8_2X_30z_250nm_780V_365T_20s_movie1-03_processed_low.czi.ch0_filt.npy, results/data/2020_08_31_Fbn2_C36_DISH1_488nm_0p5_561nm_0p05_SC8_2X_30z_250nm_780V_365T_20s_movie1-03_processed_low.czi.ch1_filt.npy, results/tracks/2020_08_31_Fbn2_C36_DISH1_488nm_0p5_561nm_0p05_SC8_2X_30z_250nm_780V_365T_20s_movie1-03_processed_low.czi.joined_tracks.csv
    output: results/tracks/2020_08_31_Fbn2_C36_DISH1_488nm_0p5_561nm_0p05_SC8_2X_30z_250nm_780V_365T_20s_movie1-03_processed_low.czi.refined_tracks.csv, results/tracks/2020_08_31_Fbn2_C36_DISH1_488nm_0p5_561nm_0p05_SC8_2X_30z_250nm_780V_365T_20s_movie1-03_processed_low.czi.dot_volumes.pkl
    jobid: 2
    wildcards: sample=2020_08_31_Fbn2_C36_DISH1_488nm_0p5_561nm_0p05_SC8_2X_30z_250nm_780V_365T_20s_movie1-03_processed_low.czi
    resources: mem_gb=160

[Sun Feb 28 14:16:01 2021]
Finished job 2.
23 of 25 steps (92%) done

[Sun Feb 28 14:16:01 2021]
rule make_movies:
    input: results/tracks/2020_08_31_Fbn2_C36_DISH1_488nm_0p5_561nm_0p05_SC8_2X_30z_250nm_780V_365T_20s_movie1-03_processed_low.czi.refined_tracks.csv, results/data/2020_08_31_Fbn2_C36_DISH1_488nm_0p5_561nm_0p05_SC8_2X_30z_250nm_780V_365T_20s_movie1-03_processed_low.czi.ch0_raw.npy, results/data/2020_08_31_Fbn2_C36_DISH1_488nm_0p5_561nm_0p05_SC8_2X_30z_250nm_780V_365T_20s_movie1-03_processed_low.czi.ch1_raw.npy, results/data/2020_08_31_Fbn2_C36_DISH1_488nm_0p5_561nm_0p05_SC8_2X_30z_250nm_780V_365T_20s_movie1-03_processed_low.czi.ch0_filt.npy, results/data/2020_08_31_Fbn2_C36_DISH1_488nm_0p5_561nm_0p05_SC8_2X_30z_250nm_780V_365T_20s_movie1-03_processed_low.czi.ch1_filt.npy, results/data/2020_08_31_Fbn2_C36_DISH1_488nm_0p5_561nm_0p05_SC8_2X_30z_250nm_780V_365T_20s_movie1-03_processed_low.czi.metadata.pkl
    output: results/tracks/2020_08_31_Fbn2_C36_DISH1_488nm_0p5_561nm_0p05_SC8_2X_30z_250nm_780V_365T_20s_movie1-03_processed_low.czi.movie.mp4
    jobid: 1
    wildcards: sample=2020_08_31_Fbn2_C36_DISH1_488nm_0p5_561nm_0p05_SC8_2X_30z_250nm_780V_365T_20s_movie1-03_processed_low.czi

[Sun Feb 28 14:18:18 2021]
Finished job 1.
24 of 25 steps (96%) done

[Sun Feb 28 14:18:18 2021]
localrule all:
    input: results/tracks/2020_08_31_Fbn2_C36_DISH1_488nm_0p5_561nm_0p05_SC8_2X_30z_250nm_780V_365T_20s_movie1-03_processed_low.czi.movie.mp4, results/tracks/2020_09_23_Fbn2_C36_488nm_0p5_561nm_0p05_SC8_2X_30z_250nm_780V_365T_20s_movie2-01_processed_low.czi.movie.mp4, results/tracks/2020_09_10_Fbn2_C36_488nm_0p5_561nm_0p05_SC8_2X_30z_250nm_780V_365T_20s_movie1-01_processed_low.czi.movie.mp4, results/tracks/2020_09_23_Fbn2_C36_488nm_0p5_561nm_0p05_SC8_2X_30z_250nm_780V_365T_20s_movie4-01_processed_low.czi.movie.mp4
    jobid: 0

[Sun Feb 28 14:18:18 2021]
Finished job 0.
25 of 25 steps (100%) done
Complete log: /home/hbrandao/libs/data_analysis_Fbn2/snakemake/workflow/.snakemake/log/2021-02-28T112849.736922.snakemake.log
