Building DAG of jobs...
Using shell: /bin/bash
Provided cores: 10
Rules claiming more threads will be scaled down.
Job counts:
	count	jobs
	1	all
	8	get_bead_localizations
	9

[Sun May  2 11:23:40 2021]
rule get_bead_localizations:
    input: /mnt/md0/Hansen Lab Dropbox/DataStorage/Imaging/Fbn2/processed/2021_04_26_BeadSandwitch_488nm_1p5_561nm_1p5_SC8_2X_80z_160nm_780V_10T_0s_movie3-01.czi
    output: results/beads/2021_04_26_BeadSandwitch_488nm_1p5_561nm_1p5_SC8_2X_80z_160nm_780V_10T_0s_movie3-01.czi.localizations.csv
    jobid: 4
    wildcards: sample=2021_04_26_BeadSandwitch_488nm_1p5_561nm_1p5_SC8_2X_80z_160nm_780V_10T_0s_movie3-01.czi
    resources: mem_gb=75

[Sun May  2 11:23:40 2021]
rule get_bead_localizations:
    input: /mnt/md0/Hansen Lab Dropbox/DataStorage/Imaging/Fbn2/processed/2021_04_26_BeadSandwitch_488nm_1p5_561nm_1p5_SC8_2X_80z_160nm_780V_10T_0s_movie7-01.czi
    output: results/beads/2021_04_26_BeadSandwitch_488nm_1p5_561nm_1p5_SC8_2X_80z_160nm_780V_10T_0s_movie7-01.czi.localizations.csv
    jobid: 6
    wildcards: sample=2021_04_26_BeadSandwitch_488nm_1p5_561nm_1p5_SC8_2X_80z_160nm_780V_10T_0s_movie7-01.czi
    resources: mem_gb=75

[Sun May  2 11:23:40 2021]
rule get_bead_localizations:
    input: /mnt/md0/Hansen Lab Dropbox/DataStorage/Imaging/Fbn2/processed/2020_11_A/2020_11_15_BEADS_Fbn2_C58CTCF_488nm_1p5_561nm_1p5_SC8_2X_20z_160nm_780V_20T_0s_movie5-01_processed_low.czi
    output: results/beads/2020_11_15_BEADS_Fbn2_C58CTCF_488nm_1p5_561nm_1p5_SC8_2X_20z_160nm_780V_20T_0s_movie5-01_processed_low.czi.localizations.csv
    jobid: 7
    wildcards: sample=2020_11_15_BEADS_Fbn2_C58CTCF_488nm_1p5_561nm_1p5_SC8_2X_20z_160nm_780V_20T_0s_movie5-01_processed_low.czi
    resources: mem_gb=75

[Sun May  2 11:23:40 2021]
rule get_bead_localizations:
    input: /mnt/md0/Hansen Lab Dropbox/DataStorage/Imaging/Fbn2/processed/2021_04_25_BeadSandwitch_488nm_1p5_561nm_1p5_SC8_2X_80z_160nm_780V_10T_0s_movie2-01.czi
    output: results/beads/2021_04_25_BeadSandwitch_488nm_1p5_561nm_1p5_SC8_2X_80z_160nm_780V_10T_0s_movie2-01.czi.localizations.csv
    jobid: 1
    wildcards: sample=2021_04_25_BeadSandwitch_488nm_1p5_561nm_1p5_SC8_2X_80z_160nm_780V_10T_0s_movie2-01.czi
    resources: mem_gb=75

[Sun May  2 11:23:40 2021]
rule get_bead_localizations:
    input: /mnt/md0/Hansen Lab Dropbox/DataStorage/Imaging/Fbn2/processed/2021_04_25_BeadSandwitch_488nm_1p5_561nm_1p5_SC8_2X_80z_160nm_780V_10T_0s_movie3-01.czi
    output: results/beads/2021_04_25_BeadSandwitch_488nm_1p5_561nm_1p5_SC8_2X_80z_160nm_780V_10T_0s_movie3-01.czi.localizations.csv
    jobid: 2
    wildcards: sample=2021_04_25_BeadSandwitch_488nm_1p5_561nm_1p5_SC8_2X_80z_160nm_780V_10T_0s_movie3-01.czi
    resources: mem_gb=75

[Sun May  2 11:23:40 2021]
rule get_bead_localizations:
    input: /mnt/md0/Hansen Lab Dropbox/DataStorage/Imaging/Fbn2/processed/2021_04_25_BeadSandwitch_488nm_1p5_561nm_1p5_SC8_2X_80z_160nm_780V_10T_0s_movie1-01.czi
    output: results/beads/2021_04_25_BeadSandwitch_488nm_1p5_561nm_1p5_SC8_2X_80z_160nm_780V_10T_0s_movie1-01.czi.localizations.csv
    jobid: 5
    wildcards: sample=2021_04_25_BeadSandwitch_488nm_1p5_561nm_1p5_SC8_2X_80z_160nm_780V_10T_0s_movie1-01.czi
    resources: mem_gb=75

[Sun May  2 11:23:40 2021]
rule get_bead_localizations:
    input: /mnt/md0/Hansen Lab Dropbox/DataStorage/Imaging/Fbn2/processed/2020_11_A/2020_11_06_BEADS_488nm_1p5_561nm_1p5_SC8_2X_20z_160nm_780V_20T_0s_movie5-01_processed_low.czi
    output: results/beads/2020_11_06_BEADS_488nm_1p5_561nm_1p5_SC8_2X_20z_160nm_780V_20T_0s_movie5-01_processed_low.czi.localizations.csv
    jobid: 8
    wildcards: sample=2020_11_06_BEADS_488nm_1p5_561nm_1p5_SC8_2X_20z_160nm_780V_20T_0s_movie5-01_processed_low.czi
    resources: mem_gb=75

[Sun May  2 11:23:40 2021]
rule get_bead_localizations:
    input: /mnt/md0/Hansen Lab Dropbox/DataStorage/Imaging/Fbn2/processed/2021_04_26_BeadSandwitch_488nm_1p5_561nm_1p5_SC8_2X_80z_160nm_780V_10T_0s_movie2-01.czi
    output: results/beads/2021_04_26_BeadSandwitch_488nm_1p5_561nm_1p5_SC8_2X_80z_160nm_780V_10T_0s_movie2-01.czi.localizations.csv
    jobid: 3
    wildcards: sample=2021_04_26_BeadSandwitch_488nm_1p5_561nm_1p5_SC8_2X_80z_160nm_780V_10T_0s_movie2-01.czi
    resources: mem_gb=75

[Sun May  2 11:24:16 2021]
Finished job 8.
1 of 9 steps (11%) done
[Sun May  2 11:24:47 2021]
Finished job 2.
2 of 9 steps (22%) done
[Sun May  2 11:24:52 2021]
Finished job 7.
3 of 9 steps (33%) done
[Sun May  2 11:24:56 2021]
Finished job 6.
4 of 9 steps (44%) done
[Sun May  2 11:25:10 2021]
Finished job 3.
5 of 9 steps (56%) done
[Sun May  2 11:25:11 2021]
Finished job 4.
6 of 9 steps (67%) done
[Sun May  2 11:27:40 2021]
Finished job 1.
7 of 9 steps (78%) done
