Building DAG of jobs...
Using shell: /bin/bash
Provided cores: 10
Rules claiming more threads will be scaled down.
Job counts:
	count	jobs
	1	all
	25	get_bead_localizations
	26

[Tue May 18 09:15:16 2021]
rule get_bead_localizations:
    input: /mnt/md0/Hansen Lab Dropbox/DataStorage/Imaging/Fbn2/processed/2021_05_C/2021_05_11_BEADS_488nm_1p5_561nm_1p5_SC8_2X_20z_160nm_780V_20T_0s_movie4-01.czi
    output: results/Beads/2021_05_11_BEADS_488nm_1p5_561nm_1p5_SC8_2X_20z_160nm_780V_20T_0s_movie4-01.czi.localizations.csv
    jobid: 170
    wildcards: bead_group=Beads, bead_name=2021_05_11_BEADS_488nm_1p5_561nm_1p5_SC8_2X_20z_160nm_780V_20T_0s_movie4-01.czi
    resources: mem_gb=50

[Tue May 18 09:15:16 2021]
rule get_bead_localizations:
    input: /mnt/md0/Hansen Lab Dropbox/DataStorage/Imaging/Fbn2/processed/2020_09_A/2020_10_01_BEADS_488nm_1p5_561nm_1p5_SC8_2X_20z_160nm_780V_20T_0s_movie1-01_processed_low.czi
    output: results/Beads/2020_10_01_BEADS_488nm_1p5_561nm_1p5_SC8_2X_20z_160nm_780V_20T_0s_movie1-01_processed_low.czi.localizations.csv
    jobid: 366
    wildcards: bead_group=Beads, bead_name=2020_10_01_BEADS_488nm_1p5_561nm_1p5_SC8_2X_20z_160nm_780V_20T_0s_movie1-01_processed_low.czi
    resources: mem_gb=50

[Tue May 18 09:15:16 2021]
rule get_bead_localizations:
    input: /mnt/md0/Hansen Lab Dropbox/DataStorage/Imaging/Fbn2/processed/2021_05_C/2021_05_11_BEADS_488nm_1p5_561nm_1p5_SC8_2X_20z_160nm_780V_20T_0s_movie1-01.czi
    output: results/Beads/2021_05_11_BEADS_488nm_1p5_561nm_1p5_SC8_2X_20z_160nm_780V_20T_0s_movie1-01.czi.localizations.csv
    jobid: 165
    wildcards: bead_group=Beads, bead_name=2021_05_11_BEADS_488nm_1p5_561nm_1p5_SC8_2X_20z_160nm_780V_20T_0s_movie1-01.czi
    resources: mem_gb=50

[Tue May 18 09:15:16 2021]
rule get_bead_localizations:
    input: /mnt/md0/Hansen Lab Dropbox/DataStorage/Imaging/Fbn2/processed/2021_05_C/2021_05_10_BEADS_488nm_1p5_561nm_1p5_SC8_2X_20z_160nm_780V_20T_0s_movie5-01.czi
    output: results/Beads/2021_05_10_BEADS_488nm_1p5_561nm_1p5_SC8_2X_20z_160nm_780V_20T_0s_movie5-01.czi.localizations.csv
    jobid: 164
    wildcards: bead_group=Beads, bead_name=2021_05_10_BEADS_488nm_1p5_561nm_1p5_SC8_2X_20z_160nm_780V_20T_0s_movie5-01.czi
    resources: mem_gb=50

[Tue May 18 09:15:16 2021]
rule get_bead_localizations:
    input: /mnt/md0/Hansen Lab Dropbox/DataStorage/Imaging/Fbn2/processed/2021_05_D/2021_05_14_BEADS_488nm_1p5_561nm_1p5_SC8_2X_20z_160nm_780V_20T_0s_movie5-01.czi
    output: results/Beads/2021_05_14_BEADS_488nm_1p5_561nm_1p5_SC8_2X_20z_160nm_780V_20T_0s_movie5-01.czi.localizations.csv
    jobid: 52
    wildcards: bead_group=Beads, bead_name=2021_05_14_BEADS_488nm_1p5_561nm_1p5_SC8_2X_20z_160nm_780V_20T_0s_movie5-01.czi
    resources: mem_gb=50

[Tue May 18 09:15:16 2021]
rule get_bead_localizations:
    input: /mnt/md0/Hansen Lab Dropbox/DataStorage/Imaging/Fbn2/processed/2021_05_C/2021_05_11_BEADS_488nm_1p5_561nm_1p5_SC8_2X_20z_160nm_780V_20T_0s_movie2-01.czi
    output: results/Beads/2021_05_11_BEADS_488nm_1p5_561nm_1p5_SC8_2X_20z_160nm_780V_20T_0s_movie2-01.czi.localizations.csv
    jobid: 171
    wildcards: bead_group=Beads, bead_name=2021_05_11_BEADS_488nm_1p5_561nm_1p5_SC8_2X_20z_160nm_780V_20T_0s_movie2-01.czi
    resources: mem_gb=50

[Tue May 18 09:15:16 2021]
rule get_bead_localizations:
    input: /mnt/md0/Hansen Lab Dropbox/DataStorage/Imaging/Fbn2/processed/2021_05_C/2021_05_10_BEADS_488nm_1p5_561nm_1p5_SC8_2X_20z_160nm_780V_20T_0s_movie4-01.czi
    output: results/Beads/2021_05_10_BEADS_488nm_1p5_561nm_1p5_SC8_2X_20z_160nm_780V_20T_0s_movie4-01.czi.localizations.csv
    jobid: 159
    wildcards: bead_group=Beads, bead_name=2021_05_10_BEADS_488nm_1p5_561nm_1p5_SC8_2X_20z_160nm_780V_20T_0s_movie4-01.czi
    resources: mem_gb=50

[Tue May 18 09:15:16 2021]
rule get_bead_localizations:
    input: /mnt/md0/Hansen Lab Dropbox/DataStorage/Imaging/Fbn2/processed/2021_05_C/2021_05_10_BEADS_488nm_1p5_561nm_1p5_SC8_2X_20z_160nm_780V_20T_0s_movie3-01.czi
    output: results/Beads/2021_05_10_BEADS_488nm_1p5_561nm_1p5_SC8_2X_20z_160nm_780V_20T_0s_movie3-01.czi.localizations.csv
    jobid: 175
    wildcards: bead_group=Beads, bead_name=2021_05_10_BEADS_488nm_1p5_561nm_1p5_SC8_2X_20z_160nm_780V_20T_0s_movie3-01.czi
    resources: mem_gb=50

[Tue May 18 09:15:16 2021]
rule get_bead_localizations:
    input: /mnt/md0/Hansen Lab Dropbox/DataStorage/Imaging/Fbn2/processed/2021_05_C/2021_05_11_BEADS_488nm_1p5_561nm_1p5_SC8_2X_20z_160nm_780V_20T_0s_movie3-01.czi
    output: results/Beads/2021_05_11_BEADS_488nm_1p5_561nm_1p5_SC8_2X_20z_160nm_780V_20T_0s_movie3-01.czi.localizations.csv
    jobid: 163
    wildcards: bead_group=Beads, bead_name=2021_05_11_BEADS_488nm_1p5_561nm_1p5_SC8_2X_20z_160nm_780V_20T_0s_movie3-01.czi
    resources: mem_gb=50

[Tue May 18 09:15:16 2021]
rule get_bead_localizations:
    input: /mnt/md0/Hansen Lab Dropbox/DataStorage/Imaging/Fbn2/processed/2021_05_D/2021_05_15_BEADS_488nm_1p5_561nm_1p5_SC8_2X_20z_160nm_780V_20T_0s_movie2-01.czi
    output: results/Beads/2021_05_15_BEADS_488nm_1p5_561nm_1p5_SC8_2X_20z_160nm_780V_20T_0s_movie2-01.czi.localizations.csv
    jobid: 53
    wildcards: bead_group=Beads, bead_name=2021_05_15_BEADS_488nm_1p5_561nm_1p5_SC8_2X_20z_160nm_780V_20T_0s_movie2-01.czi
    resources: mem_gb=50

Job failed, going on with independent jobs.

[Tue May 18 09:15:19 2021]
rule get_bead_localizations:
    input: /mnt/md0/Hansen Lab Dropbox/DataStorage/Imaging/Fbn2/processed/2021_05_D/2021_05_14_BEADS_488nm_1p5_561nm_1p5_SC8_2X_20z_160nm_780V_20T_0s_movie6-01.czi
    output: results/Beads/2021_05_14_BEADS_488nm_1p5_561nm_1p5_SC8_2X_20z_160nm_780V_20T_0s_movie6-01.czi.localizations.csv
    jobid: 60
    wildcards: bead_group=Beads, bead_name=2021_05_14_BEADS_488nm_1p5_561nm_1p5_SC8_2X_20z_160nm_780V_20T_0s_movie6-01.czi
    resources: mem_gb=50

[Tue May 18 09:15:40 2021]
Finished job 159.
1 of 26 steps (4%) done

[Tue May 18 09:15:40 2021]
rule get_bead_localizations:
    input: /mnt/md0/Hansen Lab Dropbox/DataStorage/Imaging/Fbn2/processed/2021_05_E/2021_05_17_BEADS_488nm_1p5_561nm_1p5_SC8_2X_20z_160nm_780V_20T_0s_movie5-01.czi
    output: results/Beads/2021_05_17_BEADS_488nm_1p5_561nm_1p5_SC8_2X_20z_160nm_780V_20T_0s_movie5-01.czi.localizations.csv
    jobid: 49
    wildcards: bead_group=Beads, bead_name=2021_05_17_BEADS_488nm_1p5_561nm_1p5_SC8_2X_20z_160nm_780V_20T_0s_movie5-01.czi
    resources: mem_gb=50

[Tue May 18 09:15:43 2021]
Finished job 170.
2 of 26 steps (8%) done

[Tue May 18 09:15:43 2021]
rule get_bead_localizations:
    input: /mnt/md0/Hansen Lab Dropbox/DataStorage/Imaging/Fbn2/processed/2021_05_D/2021_05_14_BEADS_488nm_1p5_561nm_1p5_SC8_2X_20z_160nm_780V_20T_0s_movie1-01.czi
    output: results/Beads/2021_05_14_BEADS_488nm_1p5_561nm_1p5_SC8_2X_20z_160nm_780V_20T_0s_movie1-01.czi.localizations.csv
    jobid: 55
    wildcards: bead_group=Beads, bead_name=2021_05_14_BEADS_488nm_1p5_561nm_1p5_SC8_2X_20z_160nm_780V_20T_0s_movie1-01.czi
    resources: mem_gb=50

[Tue May 18 09:15:44 2021]
Finished job 164.
3 of 26 steps (12%) done

[Tue May 18 09:15:44 2021]
rule get_bead_localizations:
    input: /mnt/md0/Hansen Lab Dropbox/DataStorage/Imaging/Fbn2/processed/2021_05_D/2021_05_15_BEADS_488nm_1p5_561nm_1p5_SC8_2X_20z_160nm_780V_20T_0s_movie5-01.czi
    output: results/Beads/2021_05_15_BEADS_488nm_1p5_561nm_1p5_SC8_2X_20z_160nm_780V_20T_0s_movie5-01.czi.localizations.csv
    jobid: 61
    wildcards: bead_group=Beads, bead_name=2021_05_15_BEADS_488nm_1p5_561nm_1p5_SC8_2X_20z_160nm_780V_20T_0s_movie5-01.czi
    resources: mem_gb=50

[Tue May 18 09:15:44 2021]
Finished job 175.
4 of 26 steps (15%) done

[Tue May 18 09:15:44 2021]
rule get_bead_localizations:
    input: /mnt/md0/Hansen Lab Dropbox/DataStorage/Imaging/Fbn2/processed/2021_05_D/2021_05_14_BEADS_488nm_1p5_561nm_1p5_SC8_2X_20z_160nm_780V_20T_0s_movie2-01.czi
    output: results/Beads/2021_05_14_BEADS_488nm_1p5_561nm_1p5_SC8_2X_20z_160nm_780V_20T_0s_movie2-01.czi.localizations.csv
    jobid: 54
    wildcards: bead_group=Beads, bead_name=2021_05_14_BEADS_488nm_1p5_561nm_1p5_SC8_2X_20z_160nm_780V_20T_0s_movie2-01.czi
    resources: mem_gb=50

[Tue May 18 09:15:44 2021]
Finished job 165.
5 of 26 steps (19%) done

[Tue May 18 09:15:44 2021]
rule get_bead_localizations:
    input: /mnt/md0/Hansen Lab Dropbox/DataStorage/Imaging/Fbn2/processed/2021_05_D/2021_05_14_BEADS_488nm_1p5_561nm_1p5_SC8_2X_20z_160nm_780V_20T_0s_movie3-01.czi
    output: results/Beads/2021_05_14_BEADS_488nm_1p5_561nm_1p5_SC8_2X_20z_160nm_780V_20T_0s_movie3-01.czi.localizations.csv
    jobid: 58
    wildcards: bead_group=Beads, bead_name=2021_05_14_BEADS_488nm_1p5_561nm_1p5_SC8_2X_20z_160nm_780V_20T_0s_movie3-01.czi
    resources: mem_gb=50

[Tue May 18 09:15:44 2021]
Finished job 163.
6 of 26 steps (23%) done

[Tue May 18 09:15:44 2021]
rule get_bead_localizations:
    input: /mnt/md0/Hansen Lab Dropbox/DataStorage/Imaging/Fbn2/processed/2021_05_E/2021_05_17_BEADS_488nm_1p5_561nm_1p5_SC8_2X_20z_160nm_780V_20T_0s_movie2-01.czi
    output: results/Beads/2021_05_17_BEADS_488nm_1p5_561nm_1p5_SC8_2X_20z_160nm_780V_20T_0s_movie2-01.czi.localizations.csv
    jobid: 50
    wildcards: bead_group=Beads, bead_name=2021_05_17_BEADS_488nm_1p5_561nm_1p5_SC8_2X_20z_160nm_780V_20T_0s_movie2-01.czi
    resources: mem_gb=50

[Tue May 18 09:15:45 2021]
Finished job 171.
7 of 26 steps (27%) done

[Tue May 18 09:15:45 2021]
rule get_bead_localizations:
    input: /mnt/md0/Hansen Lab Dropbox/DataStorage/Imaging/Fbn2/processed/2021_05_D/2021_05_14_BEADS_488nm_1p5_561nm_1p5_SC8_2X_20z_160nm_780V_20T_0s_movie4-01.czi
    output: results/Beads/2021_05_14_BEADS_488nm_1p5_561nm_1p5_SC8_2X_20z_160nm_780V_20T_0s_movie4-01.czi.localizations.csv
    jobid: 57
    wildcards: bead_group=Beads, bead_name=2021_05_14_BEADS_488nm_1p5_561nm_1p5_SC8_2X_20z_160nm_780V_20T_0s_movie4-01.czi
    resources: mem_gb=50

[Tue May 18 09:15:45 2021]
Finished job 52.
8 of 26 steps (31%) done

[Tue May 18 09:15:45 2021]
rule get_bead_localizations:
    input: /mnt/md0/Hansen Lab Dropbox/DataStorage/Imaging/Fbn2/processed/2021_05_D/2021_05_15_BEADS_488nm_1p5_561nm_1p5_SC8_2X_20z_160nm_780V_20T_0s_movie1-01.czi
    output: results/Beads/2021_05_15_BEADS_488nm_1p5_561nm_1p5_SC8_2X_20z_160nm_780V_20T_0s_movie1-01.czi.localizations.csv
    jobid: 59
    wildcards: bead_group=Beads, bead_name=2021_05_15_BEADS_488nm_1p5_561nm_1p5_SC8_2X_20z_160nm_780V_20T_0s_movie1-01.czi
    resources: mem_gb=50

[Tue May 18 09:15:45 2021]
Finished job 53.
9 of 26 steps (35%) done

[Tue May 18 09:15:45 2021]
rule get_bead_localizations:
    input: /mnt/md0/Hansen Lab Dropbox/DataStorage/Imaging/Fbn2/processed/2021_05_D/2021_05_15_BEADS_488nm_1p5_561nm_1p5_SC8_2X_20z_160nm_780V_20T_0s_movie6-01.czi
    output: results/Beads/2021_05_15_BEADS_488nm_1p5_561nm_1p5_SC8_2X_20z_160nm_780V_20T_0s_movie6-01.czi.localizations.csv
    jobid: 62
    wildcards: bead_group=Beads, bead_name=2021_05_15_BEADS_488nm_1p5_561nm_1p5_SC8_2X_20z_160nm_780V_20T_0s_movie6-01.czi
    resources: mem_gb=50

[Tue May 18 09:15:46 2021]
Finished job 60.
10 of 26 steps (38%) done

[Tue May 18 09:15:46 2021]
rule get_bead_localizations:
    input: /mnt/md0/Hansen Lab Dropbox/DataStorage/Imaging/Fbn2/processed/2021_05_D/2021_05_15_BEADS_488nm_1p5_561nm_1p5_SC8_2X_20z_160nm_780V_20T_0s_movie4-01.czi
    output: results/Beads/2021_05_15_BEADS_488nm_1p5_561nm_1p5_SC8_2X_20z_160nm_780V_20T_0s_movie4-01.czi.localizations.csv
    jobid: 56
    wildcards: bead_group=Beads, bead_name=2021_05_15_BEADS_488nm_1p5_561nm_1p5_SC8_2X_20z_160nm_780V_20T_0s_movie4-01.czi
    resources: mem_gb=50

[Tue May 18 09:16:06 2021]
Finished job 49.
11 of 26 steps (42%) done

[Tue May 18 09:16:06 2021]
rule get_bead_localizations:
    input: /mnt/md0/Hansen Lab Dropbox/DataStorage/Imaging/Fbn2/processed/2021_05_E/2021_05_17_BEADS_488nm_1p5_561nm_1p5_SC8_2X_20z_160nm_780V_20T_0s_movie4-01.czi
    output: results/Beads/2021_05_17_BEADS_488nm_1p5_561nm_1p5_SC8_2X_20z_160nm_780V_20T_0s_movie4-01.czi.localizations.csv
    jobid: 46
    wildcards: bead_group=Beads, bead_name=2021_05_17_BEADS_488nm_1p5_561nm_1p5_SC8_2X_20z_160nm_780V_20T_0s_movie4-01.czi
    resources: mem_gb=50

[Tue May 18 09:16:09 2021]
Finished job 54.
12 of 26 steps (46%) done

[Tue May 18 09:16:09 2021]
rule get_bead_localizations:
    input: /mnt/md0/Hansen Lab Dropbox/DataStorage/Imaging/Fbn2/processed/2021_05_D/2021_05_15_BEADS_488nm_1p5_561nm_1p5_SC8_2X_20z_160nm_780V_20T_0s_movie3-01.czi
    output: results/Beads/2021_05_15_BEADS_488nm_1p5_561nm_1p5_SC8_2X_20z_160nm_780V_20T_0s_movie3-01.czi.localizations.csv
    jobid: 51
    wildcards: bead_group=Beads, bead_name=2021_05_15_BEADS_488nm_1p5_561nm_1p5_SC8_2X_20z_160nm_780V_20T_0s_movie3-01.czi
    resources: mem_gb=50

[Tue May 18 09:16:09 2021]
Finished job 61.
13 of 26 steps (50%) done

[Tue May 18 09:16:09 2021]
rule get_bead_localizations:
    input: /mnt/md0/Hansen Lab Dropbox/DataStorage/Imaging/Fbn2/processed/2021_05_E/2021_05_17_BEADS_488nm_1p5_561nm_1p5_SC8_2X_20z_160nm_780V_20T_0s_movie3-01.czi
    output: results/Beads/2021_05_17_BEADS_488nm_1p5_561nm_1p5_SC8_2X_20z_160nm_780V_20T_0s_movie3-01.czi.localizations.csv
    jobid: 47
    wildcards: bead_group=Beads, bead_name=2021_05_17_BEADS_488nm_1p5_561nm_1p5_SC8_2X_20z_160nm_780V_20T_0s_movie3-01.czi
    resources: mem_gb=50

[Tue May 18 09:16:10 2021]
Finished job 62.
14 of 26 steps (54%) done

[Tue May 18 09:16:10 2021]
rule get_bead_localizations:
    input: /mnt/md0/Hansen Lab Dropbox/DataStorage/Imaging/Fbn2/processed/2021_05_E/2021_05_17_BEADS_488nm_1p5_561nm_1p5_SC8_2X_20z_160nm_780V_20T_0s_movie1-01.czi
    output: results/Beads/2021_05_17_BEADS_488nm_1p5_561nm_1p5_SC8_2X_20z_160nm_780V_20T_0s_movie1-01.czi.localizations.csv
    jobid: 48
    wildcards: bead_group=Beads, bead_name=2021_05_17_BEADS_488nm_1p5_561nm_1p5_SC8_2X_20z_160nm_780V_20T_0s_movie1-01.czi
    resources: mem_gb=50

[Tue May 18 09:16:11 2021]
Finished job 55.
15 of 26 steps (58%) done
[Tue May 18 09:16:12 2021]
Finished job 56.
16 of 26 steps (62%) done
[Tue May 18 09:16:12 2021]
Finished job 57.
17 of 26 steps (65%) done
[Tue May 18 09:16:12 2021]
Finished job 58.
18 of 26 steps (69%) done
[Tue May 18 09:16:13 2021]
Finished job 59.
19 of 26 steps (73%) done
[Tue May 18 09:16:13 2021]
Finished job 50.
20 of 26 steps (77%) done
[Tue May 18 09:16:24 2021]
Finished job 46.
21 of 26 steps (81%) done
[Tue May 18 09:16:28 2021]
Finished job 51.
22 of 26 steps (85%) done
[Tue May 18 09:16:30 2021]
Finished job 47.
23 of 26 steps (88%) done
[Tue May 18 09:16:34 2021]
Finished job 48.
24 of 26 steps (92%) done
Exiting because a job execution failed. Look above for error message
Complete log: /home/hbrandao/libs/data_analysis_Fbn2/snakemake/workflow/.snakemake/log/2021-05-18T091515.828068.snakemake.log
