Building DAG of jobs...
Using shell: /bin/bash
Provided cores: 1 (use --cores to define parallelism)
Rules claiming more threads will be scaled down.
Provided resources: mem_mb=240
Job counts:
	count	jobs
	1	all
	6	get_trajectories_from_timeseries
	6	make_MIP_movies_from_trajectories
	13

[Sat May 15 20:50:28 2021]
rule get_trajectories_from_timeseries:
    input: /mnt/md0/Hansen Lab Dropbox/DataStorage/Imaging/Fbn2/processed/2021_05_reprocessed/2021_01_29_Fbn2_Rad21F1M__noIAA_488nm_0p5_561nm_0p05_SC8_2X_30z_250nm_780V_365T_20s_movie1-01.czi
    output: results/Rad21_0_hr/2021_01_29_Fbn2_Rad21F1M__noIAA_488nm_0p5_561nm_0p05_SC8_2X_30z_250nm_780V_365T_20s_movie1-01.czi.tracks.csv, results/Rad21_0_hr/2021_01_29_Fbn2_Rad21F1M__noIAA_488nm_0p5_561nm_0p05_SC8_2X_30z_250nm_780V_365T_20s_movie1-01.czi.dot_volumes.pkl
    jobid: 24
    wildcards: group=Rad21_0_hr, sample=2021_01_29_Fbn2_Rad21F1M__noIAA_488nm_0p5_561nm_0p05_SC8_2X_30z_250nm_780V_365T_20s_movie1-01.czi
    resources: mem_gb=200

[Sat May 15 21:42:03 2021]
Finished job 24.
1 of 13 steps (8%) done

[Sat May 15 21:42:03 2021]
rule make_MIP_movies_from_trajectories:
    input: /mnt/md0/Hansen Lab Dropbox/DataStorage/Imaging/Fbn2/processed/2021_05_reprocessed/2021_01_29_Fbn2_Rad21F1M__noIAA_488nm_0p5_561nm_0p05_SC8_2X_30z_250nm_780V_365T_20s_movie1-01.czi, results/Rad21_0_hr/2021_01_29_Fbn2_Rad21F1M__noIAA_488nm_0p5_561nm_0p05_SC8_2X_30z_250nm_780V_365T_20s_movie1-01.czi.tracks.csv
    output: results/Rad21_0_hr/2021_01_29_Fbn2_Rad21F1M__noIAA_488nm_0p5_561nm_0p05_SC8_2X_30z_250nm_780V_365T_20s_movie1-01.czi.movie.mp4
    jobid: 340
    wildcards: group=Rad21_0_hr, sample=2021_01_29_Fbn2_Rad21F1M__noIAA_488nm_0p5_561nm_0p05_SC8_2X_30z_250nm_780V_365T_20s_movie1-01.czi

Removing output files of failed job make_MIP_movies_from_trajectories since they might be corrupted:
results/Rad21_0_hr/2021_01_29_Fbn2_Rad21F1M__noIAA_488nm_0p5_561nm_0p05_SC8_2X_30z_250nm_780V_365T_20s_movie1-01.czi.movie.mp4
Job failed, going on with independent jobs.

[Sat May 15 21:46:51 2021]
rule get_trajectories_from_timeseries:
    input: /mnt/md0/Hansen Lab Dropbox/DataStorage/Imaging/Fbn2/processed/2021_05_reprocessed/2020_10_30_Fbn2_C36_488nm_0p5_561nm_0p05_SC8_2X_30z_250nm_780V_365T_20s_movie4-02.czi
    output: results/C36/2020_10_30_Fbn2_C36_488nm_0p5_561nm_0p05_SC8_2X_30z_250nm_780V_365T_20s_movie4-02.czi.tracks.csv, results/C36/2020_10_30_Fbn2_C36_488nm_0p5_561nm_0p05_SC8_2X_30z_250nm_780V_365T_20s_movie4-02.czi.dot_volumes.pkl
    jobid: 260
    wildcards: group=C36, sample=2020_10_30_Fbn2_C36_488nm_0p5_561nm_0p05_SC8_2X_30z_250nm_780V_365T_20s_movie4-02.czi
    resources: mem_gb=200

[Sat May 15 23:03:40 2021]
Finished job 260.
2 of 13 steps (15%) done

[Sat May 15 23:03:40 2021]
rule make_MIP_movies_from_trajectories:
    input: /mnt/md0/Hansen Lab Dropbox/DataStorage/Imaging/Fbn2/processed/2021_05_reprocessed/2020_10_30_Fbn2_C36_488nm_0p5_561nm_0p05_SC8_2X_30z_250nm_780V_365T_20s_movie4-02.czi, results/C36/2020_10_30_Fbn2_C36_488nm_0p5_561nm_0p05_SC8_2X_30z_250nm_780V_365T_20s_movie4-02.czi.tracks.csv
    output: results/C36/2020_10_30_Fbn2_C36_488nm_0p5_561nm_0p05_SC8_2X_30z_250nm_780V_365T_20s_movie4-02.czi.movie.mp4
    jobid: 576
    wildcards: group=C36, sample=2020_10_30_Fbn2_C36_488nm_0p5_561nm_0p05_SC8_2X_30z_250nm_780V_365T_20s_movie4-02.czi

Removing output files of failed job make_MIP_movies_from_trajectories since they might be corrupted:
results/C36/2020_10_30_Fbn2_C36_488nm_0p5_561nm_0p05_SC8_2X_30z_250nm_780V_365T_20s_movie4-02.czi.movie.mp4
Job failed, going on with independent jobs.

[Sat May 15 23:07:43 2021]
rule get_trajectories_from_timeseries:
    input: /mnt/md0/Hansen Lab Dropbox/DataStorage/Imaging/Fbn2/processed/2021_05_reprocessed/2020_10_02_Fbn2_C36_488nm_0p5_561nm_0p05_SC8_2X_30z_250nm_780V_365T_20s_movie6-01.czi
    output: results/C36/2020_10_02_Fbn2_C36_488nm_0p5_561nm_0p05_SC8_2X_30z_250nm_780V_365T_20s_movie6-01.czi.tracks.csv, results/C36/2020_10_02_Fbn2_C36_488nm_0p5_561nm_0p05_SC8_2X_30z_250nm_780V_365T_20s_movie6-01.czi.dot_volumes.pkl
    jobid: 263
    wildcards: group=C36, sample=2020_10_02_Fbn2_C36_488nm_0p5_561nm_0p05_SC8_2X_30z_250nm_780V_365T_20s_movie6-01.czi
    resources: mem_gb=200

[Sat May 15 23:35:12 2021]
Finished job 263.
3 of 13 steps (23%) done

[Sat May 15 23:35:12 2021]
rule make_MIP_movies_from_trajectories:
    input: /mnt/md0/Hansen Lab Dropbox/DataStorage/Imaging/Fbn2/processed/2021_05_reprocessed/2020_10_02_Fbn2_C36_488nm_0p5_561nm_0p05_SC8_2X_30z_250nm_780V_365T_20s_movie6-01.czi, results/C36/2020_10_02_Fbn2_C36_488nm_0p5_561nm_0p05_SC8_2X_30z_250nm_780V_365T_20s_movie6-01.czi.tracks.csv
    output: results/C36/2020_10_02_Fbn2_C36_488nm_0p5_561nm_0p05_SC8_2X_30z_250nm_780V_365T_20s_movie6-01.czi.movie.mp4
    jobid: 579
    wildcards: group=C36, sample=2020_10_02_Fbn2_C36_488nm_0p5_561nm_0p05_SC8_2X_30z_250nm_780V_365T_20s_movie6-01.czi

Removing output files of failed job make_MIP_movies_from_trajectories since they might be corrupted:
results/C36/2020_10_02_Fbn2_C36_488nm_0p5_561nm_0p05_SC8_2X_30z_250nm_780V_365T_20s_movie6-01.czi.movie.mp4
Job failed, going on with independent jobs.

[Sat May 15 23:39:47 2021]
rule get_trajectories_from_timeseries:
    input: /mnt/md0/Hansen Lab Dropbox/DataStorage/Imaging/Fbn2/processed/2021_05_reprocessed/2020_10_01_Fbn2_C36_488nm_0p5_561nm_0p05_SC8_2X_30z_250nm_780V_365T_20s_movie3-01.czi
    output: results/C36/2020_10_01_Fbn2_C36_488nm_0p5_561nm_0p05_SC8_2X_30z_250nm_780V_365T_20s_movie3-01.czi.tracks.csv, results/C36/2020_10_01_Fbn2_C36_488nm_0p5_561nm_0p05_SC8_2X_30z_250nm_780V_365T_20s_movie3-01.czi.dot_volumes.pkl
    jobid: 259
    wildcards: group=C36, sample=2020_10_01_Fbn2_C36_488nm_0p5_561nm_0p05_SC8_2X_30z_250nm_780V_365T_20s_movie3-01.czi
    resources: mem_gb=200

[Sat May 15 23:52:46 2021]
Finished job 259.
4 of 13 steps (31%) done

[Sat May 15 23:52:46 2021]
rule make_MIP_movies_from_trajectories:
    input: /mnt/md0/Hansen Lab Dropbox/DataStorage/Imaging/Fbn2/processed/2021_05_reprocessed/2020_10_01_Fbn2_C36_488nm_0p5_561nm_0p05_SC8_2X_30z_250nm_780V_365T_20s_movie3-01.czi, results/C36/2020_10_01_Fbn2_C36_488nm_0p5_561nm_0p05_SC8_2X_30z_250nm_780V_365T_20s_movie3-01.czi.tracks.csv
    output: results/C36/2020_10_01_Fbn2_C36_488nm_0p5_561nm_0p05_SC8_2X_30z_250nm_780V_365T_20s_movie3-01.czi.movie.mp4
    jobid: 575
    wildcards: group=C36, sample=2020_10_01_Fbn2_C36_488nm_0p5_561nm_0p05_SC8_2X_30z_250nm_780V_365T_20s_movie3-01.czi

Removing output files of failed job make_MIP_movies_from_trajectories since they might be corrupted:
results/C36/2020_10_01_Fbn2_C36_488nm_0p5_561nm_0p05_SC8_2X_30z_250nm_780V_365T_20s_movie3-01.czi.movie.mp4
Job failed, going on with independent jobs.

[Sat May 15 23:57:22 2021]
rule get_trajectories_from_timeseries:
    input: /mnt/md0/Hansen Lab Dropbox/DataStorage/Imaging/Fbn2/processed/2021_05_reprocessed/2020_10_02_Fbn2_C36_488nm_0p5_561nm_0p05_SC8_2X_30z_250nm_780V_365T_20s_movie7-01.czi
    output: results/C36/2020_10_02_Fbn2_C36_488nm_0p5_561nm_0p05_SC8_2X_30z_250nm_780V_365T_20s_movie7-01.czi.tracks.csv, results/C36/2020_10_02_Fbn2_C36_488nm_0p5_561nm_0p05_SC8_2X_30z_250nm_780V_365T_20s_movie7-01.czi.dot_volumes.pkl
    jobid: 261
    wildcards: group=C36, sample=2020_10_02_Fbn2_C36_488nm_0p5_561nm_0p05_SC8_2X_30z_250nm_780V_365T_20s_movie7-01.czi
    resources: mem_gb=200

[Sun May 16 00:27:32 2021]
Finished job 261.
5 of 13 steps (38%) done

[Sun May 16 00:27:32 2021]
rule make_MIP_movies_from_trajectories:
    input: /mnt/md0/Hansen Lab Dropbox/DataStorage/Imaging/Fbn2/processed/2021_05_reprocessed/2020_10_02_Fbn2_C36_488nm_0p5_561nm_0p05_SC8_2X_30z_250nm_780V_365T_20s_movie7-01.czi, results/C36/2020_10_02_Fbn2_C36_488nm_0p5_561nm_0p05_SC8_2X_30z_250nm_780V_365T_20s_movie7-01.czi.tracks.csv
    output: results/C36/2020_10_02_Fbn2_C36_488nm_0p5_561nm_0p05_SC8_2X_30z_250nm_780V_365T_20s_movie7-01.czi.movie.mp4
    jobid: 577
    wildcards: group=C36, sample=2020_10_02_Fbn2_C36_488nm_0p5_561nm_0p05_SC8_2X_30z_250nm_780V_365T_20s_movie7-01.czi

Removing output files of failed job make_MIP_movies_from_trajectories since they might be corrupted:
results/C36/2020_10_02_Fbn2_C36_488nm_0p5_561nm_0p05_SC8_2X_30z_250nm_780V_365T_20s_movie7-01.czi.movie.mp4
Job failed, going on with independent jobs.

[Sun May 16 00:31:51 2021]
rule get_trajectories_from_timeseries:
    input: /mnt/md0/Hansen Lab Dropbox/DataStorage/Imaging/Fbn2/processed/2021_05_reprocessed/2020_10_01_Fbn2_C36_488nm_0p5_561nm_0p05_SC8_2X_30z_250nm_780V_365T_20s_movie2-01.czi
    output: results/C36/2020_10_01_Fbn2_C36_488nm_0p5_561nm_0p05_SC8_2X_30z_250nm_780V_365T_20s_movie2-01.czi.tracks.csv, results/C36/2020_10_01_Fbn2_C36_488nm_0p5_561nm_0p05_SC8_2X_30z_250nm_780V_365T_20s_movie2-01.czi.dot_volumes.pkl
    jobid: 262
    wildcards: group=C36, sample=2020_10_01_Fbn2_C36_488nm_0p5_561nm_0p05_SC8_2X_30z_250nm_780V_365T_20s_movie2-01.czi
    resources: mem_gb=200

[Sun May 16 00:52:14 2021]
Finished job 262.
6 of 13 steps (46%) done

[Sun May 16 00:52:14 2021]
rule make_MIP_movies_from_trajectories:
    input: /mnt/md0/Hansen Lab Dropbox/DataStorage/Imaging/Fbn2/processed/2021_05_reprocessed/2020_10_01_Fbn2_C36_488nm_0p5_561nm_0p05_SC8_2X_30z_250nm_780V_365T_20s_movie2-01.czi, results/C36/2020_10_01_Fbn2_C36_488nm_0p5_561nm_0p05_SC8_2X_30z_250nm_780V_365T_20s_movie2-01.czi.tracks.csv
    output: results/C36/2020_10_01_Fbn2_C36_488nm_0p5_561nm_0p05_SC8_2X_30z_250nm_780V_365T_20s_movie2-01.czi.movie.mp4
    jobid: 578
    wildcards: group=C36, sample=2020_10_01_Fbn2_C36_488nm_0p5_561nm_0p05_SC8_2X_30z_250nm_780V_365T_20s_movie2-01.czi

Removing output files of failed job make_MIP_movies_from_trajectories since they might be corrupted:
results/C36/2020_10_01_Fbn2_C36_488nm_0p5_561nm_0p05_SC8_2X_30z_250nm_780V_365T_20s_movie2-01.czi.movie.mp4
Job failed, going on with independent jobs.
Exiting because a job execution failed. Look above for error message
Complete log: /home/hbrandao/libs/data_analysis_Fbn2/snakemake/workflow/.snakemake/log/2021-05-15T205027.155606.snakemake.log
