Building DAG of jobs...
Using shell: /bin/bash
Provided cores: 1 (use --cores to define parallelism)
Rules claiming more threads will be scaled down.
Provided resources: mem_mb=240
Job counts:
	count	jobs
	1	all
	72	get_trajectories_from_timeseries
	73

[Mon May 10 01:58:48 2021]
rule get_trajectories_from_timeseries:
    input: /mnt/md0/Hansen Lab Dropbox/DataStorage/Imaging/Fbn2/processed/2021_02_C/2021_02_28_Fbn2_F1RAD21M_488nm_0p5_561nm_0p05_SC8_2X_30z_250nm_780V_365T_20s_4hoursIAA_movie2-01.czi
    output: results/Rad21/2021_02_28_Fbn2_F1RAD21M_488nm_0p5_561nm_0p05_SC8_2X_30z_250nm_780V_365T_20s_4hoursIAA_movie2-01.czi.tracks.csv, results/Rad21/2021_02_28_Fbn2_F1RAD21M_488nm_0p5_561nm_0p05_SC8_2X_30z_250nm_780V_365T_20s_4hoursIAA_movie2-01.czi.dot_volumes.pkl, results/Rad21/2021_02_28_Fbn2_F1RAD21M_488nm_0p5_561nm_0p05_SC8_2X_30z_250nm_780V_365T_20s_4hoursIAA_movie2-01.czi.movie.mp4, results/Rad21/2021_02_28_Fbn2_F1RAD21M_488nm_0p5_561nm_0p05_SC8_2X_30z_250nm_780V_365T_20s_4hoursIAA_movie2-01.czi.movie_filt.mp4
    jobid: 68
    wildcards: sample=2021_02_28_Fbn2_F1RAD21M_488nm_0p5_561nm_0p05_SC8_2X_30z_250nm_780V_365T_20s_4hoursIAA_movie2-01.czi
    resources: mem_gb=200

Job failed, going on with independent jobs.

[Mon May 10 02:21:19 2021]
rule get_trajectories_from_timeseries:
    input: /mnt/md0/Hansen Lab Dropbox/DataStorage/Imaging/Fbn2/processed/2021_02_B/2021_03_02_Fbn2_F1RAD21M_488nm_0p5_561nm_0p05_SC8_2X_30z_250nm_780V_365T_20s_noIAA_movie3-01.czi
    output: results/Rad21/2021_03_02_Fbn2_F1RAD21M_488nm_0p5_561nm_0p05_SC8_2X_30z_250nm_780V_365T_20s_noIAA_movie3-01.czi.tracks.csv, results/Rad21/2021_03_02_Fbn2_F1RAD21M_488nm_0p5_561nm_0p05_SC8_2X_30z_250nm_780V_365T_20s_noIAA_movie3-01.czi.dot_volumes.pkl, results/Rad21/2021_03_02_Fbn2_F1RAD21M_488nm_0p5_561nm_0p05_SC8_2X_30z_250nm_780V_365T_20s_noIAA_movie3-01.czi.movie.mp4, results/Rad21/2021_03_02_Fbn2_F1RAD21M_488nm_0p5_561nm_0p05_SC8_2X_30z_250nm_780V_365T_20s_noIAA_movie3-01.czi.movie_filt.mp4
    jobid: 151
    wildcards: sample=2021_03_02_Fbn2_F1RAD21M_488nm_0p5_561nm_0p05_SC8_2X_30z_250nm_780V_365T_20s_noIAA_movie3-01.czi
    resources: mem_gb=200

Job failed, going on with independent jobs.

[Mon May 10 02:36:19 2021]
rule get_trajectories_from_timeseries:
    input: /mnt/md0/Hansen Lab Dropbox/DataStorage/Imaging/Fbn2/processed/2021_02_B/2021_03_03_Fbn2_F1RAD21M_488nm_0p5_561nm_0p05_SC8_2X_30z_250nm_780V_365T_20s_2hoursIAA_movie1-01.czi
    output: results/Rad21/2021_03_03_Fbn2_F1RAD21M_488nm_0p5_561nm_0p05_SC8_2X_30z_250nm_780V_365T_20s_2hoursIAA_movie1-01.czi.tracks.csv, results/Rad21/2021_03_03_Fbn2_F1RAD21M_488nm_0p5_561nm_0p05_SC8_2X_30z_250nm_780V_365T_20s_2hoursIAA_movie1-01.czi.dot_volumes.pkl, results/Rad21/2021_03_03_Fbn2_F1RAD21M_488nm_0p5_561nm_0p05_SC8_2X_30z_250nm_780V_365T_20s_2hoursIAA_movie1-01.czi.movie.mp4, results/Rad21/2021_03_03_Fbn2_F1RAD21M_488nm_0p5_561nm_0p05_SC8_2X_30z_250nm_780V_365T_20s_2hoursIAA_movie1-01.czi.movie_filt.mp4
    jobid: 148
    wildcards: sample=2021_03_03_Fbn2_F1RAD21M_488nm_0p5_561nm_0p05_SC8_2X_30z_250nm_780V_365T_20s_2hoursIAA_movie1-01.czi
    resources: mem_gb=200

Job failed, going on with independent jobs.

[Mon May 10 02:50:10 2021]
rule get_trajectories_from_timeseries:
    input: /mnt/md0/Hansen Lab Dropbox/DataStorage/Imaging/Fbn2/processed/2021_02_C/2021_02_28_Fbn2_F1RAD21M_488nm_0p5_561nm_0p05_SC8_2X_30z_250nm_780V_365T_20s_4hoursIAA_movie1-01.czi
    output: results/Rad21/2021_02_28_Fbn2_F1RAD21M_488nm_0p5_561nm_0p05_SC8_2X_30z_250nm_780V_365T_20s_4hoursIAA_movie1-01.czi.tracks.csv, results/Rad21/2021_02_28_Fbn2_F1RAD21M_488nm_0p5_561nm_0p05_SC8_2X_30z_250nm_780V_365T_20s_4hoursIAA_movie1-01.czi.dot_volumes.pkl, results/Rad21/2021_02_28_Fbn2_F1RAD21M_488nm_0p5_561nm_0p05_SC8_2X_30z_250nm_780V_365T_20s_4hoursIAA_movie1-01.czi.movie.mp4, results/Rad21/2021_02_28_Fbn2_F1RAD21M_488nm_0p5_561nm_0p05_SC8_2X_30z_250nm_780V_365T_20s_4hoursIAA_movie1-01.czi.movie_filt.mp4
    jobid: 92
    wildcards: sample=2021_02_28_Fbn2_F1RAD21M_488nm_0p5_561nm_0p05_SC8_2X_30z_250nm_780V_365T_20s_4hoursIAA_movie1-01.czi
    resources: mem_gb=200

Job failed, going on with independent jobs.

[Mon May 10 03:04:00 2021]
rule get_trajectories_from_timeseries:
    input: /mnt/md0/Hansen Lab Dropbox/DataStorage/Imaging/Fbn2/processed/2021_02_C/2021_02_20_Fbn2_F1Rad21M_488nm_0p5_561nm_0p05_SC8_2X_30z_250nm_780V_365T_20s_2hoursIAA_movie1-01.czi
    output: results/Rad21/2021_02_20_Fbn2_F1Rad21M_488nm_0p5_561nm_0p05_SC8_2X_30z_250nm_780V_365T_20s_2hoursIAA_movie1-01.czi.tracks.csv, results/Rad21/2021_02_20_Fbn2_F1Rad21M_488nm_0p5_561nm_0p05_SC8_2X_30z_250nm_780V_365T_20s_2hoursIAA_movie1-01.czi.dot_volumes.pkl, results/Rad21/2021_02_20_Fbn2_F1Rad21M_488nm_0p5_561nm_0p05_SC8_2X_30z_250nm_780V_365T_20s_2hoursIAA_movie1-01.czi.movie.mp4, results/Rad21/2021_02_20_Fbn2_F1Rad21M_488nm_0p5_561nm_0p05_SC8_2X_30z_250nm_780V_365T_20s_2hoursIAA_movie1-01.czi.movie_filt.mp4
    jobid: 91
    wildcards: sample=2021_02_20_Fbn2_F1Rad21M_488nm_0p5_561nm_0p05_SC8_2X_30z_250nm_780V_365T_20s_2hoursIAA_movie1-01.czi
    resources: mem_gb=200

Terminating processes on user request, this might take some time.
Job failed, going on with independent jobs.
Complete log: /home/hbrandao/libs/data_analysis_Fbn2/snakemake/workflow/.snakemake/log/2021-05-10T015847.711957.snakemake.log
