Building DAG of jobs...
Using shell: /bin/bash
Provided cores: 10
Rules claiming more threads will be scaled down.
Job counts:
	count	jobs
	1	all
	2	use_pipe
	3

[Sat Feb 27 13:04:31 2021]
rule use_pipe:
    input: results/2020_12_08_BEADS_488nm_1p5_561nm_1p5_SC8_2X_20z_160nm_780V_20T_0s_movie2-01_processed_low.czi.csv
    output: results/2020_12_08_BEADS_488nm_1p5_561nm_1p5_SC8_2X_20z_160nm_780V_20T_0s_movie2-01_processed_low.czi.csv.piped
    jobid: 1
    wildcards: sample=2020_12_08_BEADS_488nm_1p5_561nm_1p5_SC8_2X_20z_160nm_780V_20T_0s_movie2-01_processed_low.czi

[Sat Feb 27 13:04:31 2021]
rule use_pipe:
    input: results/2020_12_07_BEADS_488nm_1p5_561nm_1p5_SC8_2X_20z_160nm_780V_20T_0s_movie3-01_processed_low.czi.csv
    output: results/2020_12_07_BEADS_488nm_1p5_561nm_1p5_SC8_2X_20z_160nm_780V_20T_0s_movie3-01_processed_low.czi.csv.piped
    jobid: 3
    wildcards: sample=2020_12_07_BEADS_488nm_1p5_561nm_1p5_SC8_2X_20z_160nm_780V_20T_0s_movie3-01_processed_low.czi

Shutting down, this might take some time.
Exiting because a job execution failed. Look above for error message
Complete log: /home/hbrandao/libs/data_analysis_Fbn2/snakemake/workflow/.snakemake/log/2021-02-27T130430.690706.snakemake.log
