Building DAG of jobs...
Using shell: /bin/bash
Provided cores: 1 (use --cores to define parallelism)
Rules claiming more threads will be scaled down.
Job counts:
	count	jobs
	1	all
	46	get_trajectories_from_timeseries
	47

[Wed Apr  7 08:55:57 2021]
rule get_trajectories_from_timeseries:
    input: /mnt/md0/Hansen Lab Dropbox/DataStorage/Imaging/Fbn2/processed/2020_11_A/2020_11_22_WAPL_noIAA_488nm_0p5_561nm_0p05_SC8_2X_30z_250nm_780V_30T_20s_movie1-02_processed_low.czi
    output: results/tracks4/2020_11_22_WAPL_noIAA_488nm_0p5_561nm_0p05_SC8_2X_30z_250nm_780V_30T_20s_movie1-02_processed_low.czi.tracks.csv, results/tracks4/2020_11_22_WAPL_noIAA_488nm_0p5_561nm_0p05_SC8_2X_30z_250nm_780V_30T_20s_movie1-02_processed_low.czi.dot_volumes.pkl, results/tracks4/2020_11_22_WAPL_noIAA_488nm_0p5_561nm_0p05_SC8_2X_30z_250nm_780V_30T_20s_movie1-02_processed_low.czi.movie.mp4, results/tracks4/2020_11_22_WAPL_noIAA_488nm_0p5_561nm_0p05_SC8_2X_30z_250nm_780V_30T_20s_movie1-02_processed_low.czi.movie_filt.mp4
    jobid: 34
    wildcards: sample=2020_11_22_WAPL_noIAA_488nm_0p5_561nm_0p05_SC8_2X_30z_250nm_780V_30T_20s_movie1-02_processed_low.czi
    resources: mem_gb=200

[Wed Apr  7 09:13:14 2021]
Finished job 34.
1 of 47 steps (2%) done

[Wed Apr  7 09:13:14 2021]
rule get_trajectories_from_timeseries:
    input: /mnt/md0/Hansen Lab Dropbox/DataStorage/Imaging/Fbn2/processed/2020_12_A/2020_12_08_WAPL_noIAA_488nm_0p5_561nm_0p05_SC8_2X_30z_250nm_780V_365T_20s_movie1-02_processed_low.czi
    output: results/tracks4/2020_12_08_WAPL_noIAA_488nm_0p5_561nm_0p05_SC8_2X_30z_250nm_780V_365T_20s_movie1-02_processed_low.czi.tracks.csv, results/tracks4/2020_12_08_WAPL_noIAA_488nm_0p5_561nm_0p05_SC8_2X_30z_250nm_780V_365T_20s_movie1-02_processed_low.czi.dot_volumes.pkl, results/tracks4/2020_12_08_WAPL_noIAA_488nm_0p5_561nm_0p05_SC8_2X_30z_250nm_780V_365T_20s_movie1-02_processed_low.czi.movie.mp4, results/tracks4/2020_12_08_WAPL_noIAA_488nm_0p5_561nm_0p05_SC8_2X_30z_250nm_780V_365T_20s_movie1-02_processed_low.czi.movie_filt.mp4
    jobid: 15
    wildcards: sample=2020_12_08_WAPL_noIAA_488nm_0p5_561nm_0p05_SC8_2X_30z_250nm_780V_365T_20s_movie1-02_processed_low.czi
    resources: mem_gb=200

[Wed Apr  7 09:28:59 2021]
Finished job 15.
2 of 47 steps (4%) done

[Wed Apr  7 09:28:59 2021]
rule get_trajectories_from_timeseries:
    input: /mnt/md0/Hansen Lab Dropbox/DataStorage/Imaging/Fbn2/processed/2020_12_A/2020_12_08_WAPL_sixhoursIAA_488nm_0p5_561nm_0p05_SC8_2X_30z_250nm_780V_365T_20s_movie2-01_processed_low.czi
    output: results/tracks4/2020_12_08_WAPL_sixhoursIAA_488nm_0p5_561nm_0p05_SC8_2X_30z_250nm_780V_365T_20s_movie2-01_processed_low.czi.tracks.csv, results/tracks4/2020_12_08_WAPL_sixhoursIAA_488nm_0p5_561nm_0p05_SC8_2X_30z_250nm_780V_365T_20s_movie2-01_processed_low.czi.dot_volumes.pkl, results/tracks4/2020_12_08_WAPL_sixhoursIAA_488nm_0p5_561nm_0p05_SC8_2X_30z_250nm_780V_365T_20s_movie2-01_processed_low.czi.movie.mp4, results/tracks4/2020_12_08_WAPL_sixhoursIAA_488nm_0p5_561nm_0p05_SC8_2X_30z_250nm_780V_365T_20s_movie2-01_processed_low.czi.movie_filt.mp4
    jobid: 9
    wildcards: sample=2020_12_08_WAPL_sixhoursIAA_488nm_0p5_561nm_0p05_SC8_2X_30z_250nm_780V_365T_20s_movie2-01_processed_low.czi
    resources: mem_gb=200

[Wed Apr  7 09:45:04 2021]
Finished job 9.
3 of 47 steps (6%) done

[Wed Apr  7 09:45:04 2021]
rule get_trajectories_from_timeseries:
    input: /mnt/md0/Hansen Lab Dropbox/DataStorage/Imaging/Fbn2/processed/2020_12_A/2020_12_08_WAPL_fourhoursIAA_488nm_0p5_561nm_0p05_SC8_2X_30z_250nm_780V_365T_20s_movie3-01_processed_low.czi
    output: results/tracks4/2020_12_08_WAPL_fourhoursIAA_488nm_0p5_561nm_0p05_SC8_2X_30z_250nm_780V_365T_20s_movie3-01_processed_low.czi.tracks.csv, results/tracks4/2020_12_08_WAPL_fourhoursIAA_488nm_0p5_561nm_0p05_SC8_2X_30z_250nm_780V_365T_20s_movie3-01_processed_low.czi.dot_volumes.pkl, results/tracks4/2020_12_08_WAPL_fourhoursIAA_488nm_0p5_561nm_0p05_SC8_2X_30z_250nm_780V_365T_20s_movie3-01_processed_low.czi.movie.mp4, results/tracks4/2020_12_08_WAPL_fourhoursIAA_488nm_0p5_561nm_0p05_SC8_2X_30z_250nm_780V_365T_20s_movie3-01_processed_low.czi.movie_filt.mp4
    jobid: 17
    wildcards: sample=2020_12_08_WAPL_fourhoursIAA_488nm_0p5_561nm_0p05_SC8_2X_30z_250nm_780V_365T_20s_movie3-01_processed_low.czi
    resources: mem_gb=200

[Wed Apr  7 10:00:44 2021]
Finished job 17.
4 of 47 steps (9%) done

[Wed Apr  7 10:00:44 2021]
rule get_trajectories_from_timeseries:
    input: /mnt/md0/Hansen Lab Dropbox/DataStorage/Imaging/Fbn2/processed/2020_12_A/2020_12_08_WAPL_noIAA_488nm_0p5_561nm_0p05_SC8_2X_30z_250nm_780V_365T_20s_movie2-01_processed_low.czi
    output: results/tracks4/2020_12_08_WAPL_noIAA_488nm_0p5_561nm_0p05_SC8_2X_30z_250nm_780V_365T_20s_movie2-01_processed_low.czi.tracks.csv, results/tracks4/2020_12_08_WAPL_noIAA_488nm_0p5_561nm_0p05_SC8_2X_30z_250nm_780V_365T_20s_movie2-01_processed_low.czi.dot_volumes.pkl, results/tracks4/2020_12_08_WAPL_noIAA_488nm_0p5_561nm_0p05_SC8_2X_30z_250nm_780V_365T_20s_movie2-01_processed_low.czi.movie.mp4, results/tracks4/2020_12_08_WAPL_noIAA_488nm_0p5_561nm_0p05_SC8_2X_30z_250nm_780V_365T_20s_movie2-01_processed_low.czi.movie_filt.mp4
    jobid: 1
    wildcards: sample=2020_12_08_WAPL_noIAA_488nm_0p5_561nm_0p05_SC8_2X_30z_250nm_780V_365T_20s_movie2-01_processed_low.czi
    resources: mem_gb=200

[Wed Apr  7 10:16:44 2021]
Finished job 1.
5 of 47 steps (11%) done

[Wed Apr  7 10:16:44 2021]
rule get_trajectories_from_timeseries:
    input: /mnt/md0/Hansen Lab Dropbox/DataStorage/Imaging/Fbn2/processed/2020_12_A/2020_12_08_WAPL_sixhoursIAA_488nm_0p5_561nm_0p05_SC8_2X_30z_250nm_780V_365T_20s_movie3-03_processed_low.czi
    output: results/tracks4/2020_12_08_WAPL_sixhoursIAA_488nm_0p5_561nm_0p05_SC8_2X_30z_250nm_780V_365T_20s_movie3-03_processed_low.czi.tracks.csv, results/tracks4/2020_12_08_WAPL_sixhoursIAA_488nm_0p5_561nm_0p05_SC8_2X_30z_250nm_780V_365T_20s_movie3-03_processed_low.czi.dot_volumes.pkl, results/tracks4/2020_12_08_WAPL_sixhoursIAA_488nm_0p5_561nm_0p05_SC8_2X_30z_250nm_780V_365T_20s_movie3-03_processed_low.czi.movie.mp4, results/tracks4/2020_12_08_WAPL_sixhoursIAA_488nm_0p5_561nm_0p05_SC8_2X_30z_250nm_780V_365T_20s_movie3-03_processed_low.czi.movie_filt.mp4
    jobid: 3
    wildcards: sample=2020_12_08_WAPL_sixhoursIAA_488nm_0p5_561nm_0p05_SC8_2X_30z_250nm_780V_365T_20s_movie3-03_processed_low.czi
    resources: mem_gb=200

[Wed Apr  7 10:32:38 2021]
Finished job 3.
6 of 47 steps (13%) done

[Wed Apr  7 10:32:38 2021]
rule get_trajectories_from_timeseries:
    input: /mnt/md0/Hansen Lab Dropbox/DataStorage/Imaging/Fbn2/processed/2020_12_A/2020_12_08_WAPL_sixhoursIAA_488nm_0p5_561nm_0p05_SC8_2X_30z_250nm_780V_365T_20s_movie3-01_processed_low.czi
    output: results/tracks4/2020_12_08_WAPL_sixhoursIAA_488nm_0p5_561nm_0p05_SC8_2X_30z_250nm_780V_365T_20s_movie3-01_processed_low.czi.tracks.csv, results/tracks4/2020_12_08_WAPL_sixhoursIAA_488nm_0p5_561nm_0p05_SC8_2X_30z_250nm_780V_365T_20s_movie3-01_processed_low.czi.dot_volumes.pkl, results/tracks4/2020_12_08_WAPL_sixhoursIAA_488nm_0p5_561nm_0p05_SC8_2X_30z_250nm_780V_365T_20s_movie3-01_processed_low.czi.movie.mp4, results/tracks4/2020_12_08_WAPL_sixhoursIAA_488nm_0p5_561nm_0p05_SC8_2X_30z_250nm_780V_365T_20s_movie3-01_processed_low.czi.movie_filt.mp4
    jobid: 21
    wildcards: sample=2020_12_08_WAPL_sixhoursIAA_488nm_0p5_561nm_0p05_SC8_2X_30z_250nm_780V_365T_20s_movie3-01_processed_low.czi
    resources: mem_gb=200

[Wed Apr  7 10:52:10 2021]
Finished job 21.
7 of 47 steps (15%) done

[Wed Apr  7 10:52:10 2021]
rule get_trajectories_from_timeseries:
    input: /mnt/md0/Hansen Lab Dropbox/DataStorage/Imaging/Fbn2/processed/2020_12_A/2020_12_08_WAPL_fourhoursIAA_488nm_0p5_561nm_0p05_SC8_2X_30z_250nm_780V_365T_20s_movie1-03_processed_low.czi
    output: results/tracks4/2020_12_08_WAPL_fourhoursIAA_488nm_0p5_561nm_0p05_SC8_2X_30z_250nm_780V_365T_20s_movie1-03_processed_low.czi.tracks.csv, results/tracks4/2020_12_08_WAPL_fourhoursIAA_488nm_0p5_561nm_0p05_SC8_2X_30z_250nm_780V_365T_20s_movie1-03_processed_low.czi.dot_volumes.pkl, results/tracks4/2020_12_08_WAPL_fourhoursIAA_488nm_0p5_561nm_0p05_SC8_2X_30z_250nm_780V_365T_20s_movie1-03_processed_low.czi.movie.mp4, results/tracks4/2020_12_08_WAPL_fourhoursIAA_488nm_0p5_561nm_0p05_SC8_2X_30z_250nm_780V_365T_20s_movie1-03_processed_low.czi.movie_filt.mp4
    jobid: 4
    wildcards: sample=2020_12_08_WAPL_fourhoursIAA_488nm_0p5_561nm_0p05_SC8_2X_30z_250nm_780V_365T_20s_movie1-03_processed_low.czi
    resources: mem_gb=200

[Wed Apr  7 11:08:03 2021]
Finished job 4.
8 of 47 steps (17%) done

[Wed Apr  7 11:08:03 2021]
rule get_trajectories_from_timeseries:
    input: /mnt/md0/Hansen Lab Dropbox/DataStorage/Imaging/Fbn2/processed/2020_12_A/2020_12_07_WAPL_fourhoursIAA_488nm_0p5_561nm_0p05_SC8_2X_30z_250nm_780V_365T_20s_movie3-01_processed_low.czi
    output: results/tracks4/2020_12_07_WAPL_fourhoursIAA_488nm_0p5_561nm_0p05_SC8_2X_30z_250nm_780V_365T_20s_movie3-01_processed_low.czi.tracks.csv, results/tracks4/2020_12_07_WAPL_fourhoursIAA_488nm_0p5_561nm_0p05_SC8_2X_30z_250nm_780V_365T_20s_movie3-01_processed_low.czi.dot_volumes.pkl, results/tracks4/2020_12_07_WAPL_fourhoursIAA_488nm_0p5_561nm_0p05_SC8_2X_30z_250nm_780V_365T_20s_movie3-01_processed_low.czi.movie.mp4, results/tracks4/2020_12_07_WAPL_fourhoursIAA_488nm_0p5_561nm_0p05_SC8_2X_30z_250nm_780V_365T_20s_movie3-01_processed_low.czi.movie_filt.mp4
    jobid: 5
    wildcards: sample=2020_12_07_WAPL_fourhoursIAA_488nm_0p5_561nm_0p05_SC8_2X_30z_250nm_780V_365T_20s_movie3-01_processed_low.czi
    resources: mem_gb=200

[Wed Apr  7 11:24:44 2021]
Finished job 5.
9 of 47 steps (19%) done

[Wed Apr  7 11:24:44 2021]
rule get_trajectories_from_timeseries:
    input: /mnt/md0/Hansen Lab Dropbox/DataStorage/Imaging/Fbn2/processed/2020_11_A/2020_11_22_WAPL_noIAA_488nm_0p5_561nm_0p05_SC8_2X_30z_250nm_780V_30T_20s_movie2-02_processed_low.czi
    output: results/tracks4/2020_11_22_WAPL_noIAA_488nm_0p5_561nm_0p05_SC8_2X_30z_250nm_780V_30T_20s_movie2-02_processed_low.czi.tracks.csv, results/tracks4/2020_11_22_WAPL_noIAA_488nm_0p5_561nm_0p05_SC8_2X_30z_250nm_780V_30T_20s_movie2-02_processed_low.czi.dot_volumes.pkl, results/tracks4/2020_11_22_WAPL_noIAA_488nm_0p5_561nm_0p05_SC8_2X_30z_250nm_780V_30T_20s_movie2-02_processed_low.czi.movie.mp4, results/tracks4/2020_11_22_WAPL_noIAA_488nm_0p5_561nm_0p05_SC8_2X_30z_250nm_780V_30T_20s_movie2-02_processed_low.czi.movie_filt.mp4
    jobid: 43
    wildcards: sample=2020_11_22_WAPL_noIAA_488nm_0p5_561nm_0p05_SC8_2X_30z_250nm_780V_30T_20s_movie2-02_processed_low.czi
    resources: mem_gb=200

[Wed Apr  7 11:43:08 2021]
Finished job 43.
10 of 47 steps (21%) done

[Wed Apr  7 11:43:08 2021]
rule get_trajectories_from_timeseries:
    input: /mnt/md0/Hansen Lab Dropbox/DataStorage/Imaging/Fbn2/processed/2020_12_A/2020_12_08_WAPL_sixhoursIAA_488nm_0p5_561nm_0p05_SC8_2X_30z_250nm_780V_365T_20s_movie1-01_processed_low.czi
    output: results/tracks4/2020_12_08_WAPL_sixhoursIAA_488nm_0p5_561nm_0p05_SC8_2X_30z_250nm_780V_365T_20s_movie1-01_processed_low.czi.tracks.csv, results/tracks4/2020_12_08_WAPL_sixhoursIAA_488nm_0p5_561nm_0p05_SC8_2X_30z_250nm_780V_365T_20s_movie1-01_processed_low.czi.dot_volumes.pkl, results/tracks4/2020_12_08_WAPL_sixhoursIAA_488nm_0p5_561nm_0p05_SC8_2X_30z_250nm_780V_365T_20s_movie1-01_processed_low.czi.movie.mp4, results/tracks4/2020_12_08_WAPL_sixhoursIAA_488nm_0p5_561nm_0p05_SC8_2X_30z_250nm_780V_365T_20s_movie1-01_processed_low.czi.movie_filt.mp4
    jobid: 10
    wildcards: sample=2020_12_08_WAPL_sixhoursIAA_488nm_0p5_561nm_0p05_SC8_2X_30z_250nm_780V_365T_20s_movie1-01_processed_low.czi
    resources: mem_gb=200

[Wed Apr  7 12:01:20 2021]
Finished job 10.
11 of 47 steps (23%) done

[Wed Apr  7 12:01:20 2021]
rule get_trajectories_from_timeseries:
    input: /mnt/md0/Hansen Lab Dropbox/DataStorage/Imaging/Fbn2/processed/2020_12_A/2020_12_02_WAPL_noIAA_488nm_0p5_561nm_0p05_SC8_2X_30z_250nm_780V_365T_20s_movie1-01-01_processed_low.czi
    output: results/tracks4/2020_12_02_WAPL_noIAA_488nm_0p5_561nm_0p05_SC8_2X_30z_250nm_780V_365T_20s_movie1-01-01_processed_low.czi.tracks.csv, results/tracks4/2020_12_02_WAPL_noIAA_488nm_0p5_561nm_0p05_SC8_2X_30z_250nm_780V_365T_20s_movie1-01-01_processed_low.czi.dot_volumes.pkl, results/tracks4/2020_12_02_WAPL_noIAA_488nm_0p5_561nm_0p05_SC8_2X_30z_250nm_780V_365T_20s_movie1-01-01_processed_low.czi.movie.mp4, results/tracks4/2020_12_02_WAPL_noIAA_488nm_0p5_561nm_0p05_SC8_2X_30z_250nm_780V_365T_20s_movie1-01-01_processed_low.czi.movie_filt.mp4
    jobid: 16
    wildcards: sample=2020_12_02_WAPL_noIAA_488nm_0p5_561nm_0p05_SC8_2X_30z_250nm_780V_365T_20s_movie1-01-01_processed_low.czi
    resources: mem_gb=200

[Wed Apr  7 12:17:26 2021]
Finished job 16.
12 of 47 steps (26%) done

[Wed Apr  7 12:17:26 2021]
rule get_trajectories_from_timeseries:
    input: /mnt/md0/Hansen Lab Dropbox/DataStorage/Imaging/Fbn2/processed/2020_12_A/2020_12_08_WAPL_fourhoursIAA_488nm_0p5_561nm_0p05_SC8_2X_30z_250nm_780V_365T_20s_movie1-01_processed_low.czi
    output: results/tracks4/2020_12_08_WAPL_fourhoursIAA_488nm_0p5_561nm_0p05_SC8_2X_30z_250nm_780V_365T_20s_movie1-01_processed_low.czi.tracks.csv, results/tracks4/2020_12_08_WAPL_fourhoursIAA_488nm_0p5_561nm_0p05_SC8_2X_30z_250nm_780V_365T_20s_movie1-01_processed_low.czi.dot_volumes.pkl, results/tracks4/2020_12_08_WAPL_fourhoursIAA_488nm_0p5_561nm_0p05_SC8_2X_30z_250nm_780V_365T_20s_movie1-01_processed_low.czi.movie.mp4, results/tracks4/2020_12_08_WAPL_fourhoursIAA_488nm_0p5_561nm_0p05_SC8_2X_30z_250nm_780V_365T_20s_movie1-01_processed_low.czi.movie_filt.mp4
    jobid: 19
    wildcards: sample=2020_12_08_WAPL_fourhoursIAA_488nm_0p5_561nm_0p05_SC8_2X_30z_250nm_780V_365T_20s_movie1-01_processed_low.czi
    resources: mem_gb=200

[Wed Apr  7 12:33:19 2021]
Finished job 19.
13 of 47 steps (28%) done

[Wed Apr  7 12:33:19 2021]
rule get_trajectories_from_timeseries:
    input: /mnt/md0/Hansen Lab Dropbox/DataStorage/Imaging/Fbn2/processed/2020_11_A/2020_11_23_WAPL_noIAA_488nm_0p5_561nm_0p05_SC8_2X_30z_250nm_780V_30T_20s_movie1-01_processed_low.czi
    output: results/tracks4/2020_11_23_WAPL_noIAA_488nm_0p5_561nm_0p05_SC8_2X_30z_250nm_780V_30T_20s_movie1-01_processed_low.czi.tracks.csv, results/tracks4/2020_11_23_WAPL_noIAA_488nm_0p5_561nm_0p05_SC8_2X_30z_250nm_780V_30T_20s_movie1-01_processed_low.czi.dot_volumes.pkl, results/tracks4/2020_11_23_WAPL_noIAA_488nm_0p5_561nm_0p05_SC8_2X_30z_250nm_780V_30T_20s_movie1-01_processed_low.czi.movie.mp4, results/tracks4/2020_11_23_WAPL_noIAA_488nm_0p5_561nm_0p05_SC8_2X_30z_250nm_780V_30T_20s_movie1-01_processed_low.czi.movie_filt.mp4
    jobid: 29
    wildcards: sample=2020_11_23_WAPL_noIAA_488nm_0p5_561nm_0p05_SC8_2X_30z_250nm_780V_30T_20s_movie1-01_processed_low.czi
    resources: mem_gb=200

[Wed Apr  7 13:18:12 2021]
Finished job 29.
14 of 47 steps (30%) done

[Wed Apr  7 13:18:12 2021]
rule get_trajectories_from_timeseries:
    input: /mnt/md0/Hansen Lab Dropbox/DataStorage/Imaging/Fbn2/processed/2020_11_A/2020_11_25_WAPL_noIAA_488nm_0p5_561nm_0p05_SC8_2X_30z_250nm_780V_365T_20s_movie1-01_processed_low.czi
    output: results/tracks4/2020_11_25_WAPL_noIAA_488nm_0p5_561nm_0p05_SC8_2X_30z_250nm_780V_365T_20s_movie1-01_processed_low.czi.tracks.csv, results/tracks4/2020_11_25_WAPL_noIAA_488nm_0p5_561nm_0p05_SC8_2X_30z_250nm_780V_365T_20s_movie1-01_processed_low.czi.dot_volumes.pkl, results/tracks4/2020_11_25_WAPL_noIAA_488nm_0p5_561nm_0p05_SC8_2X_30z_250nm_780V_365T_20s_movie1-01_processed_low.czi.movie.mp4, results/tracks4/2020_11_25_WAPL_noIAA_488nm_0p5_561nm_0p05_SC8_2X_30z_250nm_780V_365T_20s_movie1-01_processed_low.czi.movie_filt.mp4
    jobid: 31
    wildcards: sample=2020_11_25_WAPL_noIAA_488nm_0p5_561nm_0p05_SC8_2X_30z_250nm_780V_365T_20s_movie1-01_processed_low.czi
    resources: mem_gb=200

[Wed Apr  7 13:49:49 2021]
Finished job 31.
15 of 47 steps (32%) done

[Wed Apr  7 13:49:49 2021]
rule get_trajectories_from_timeseries:
    input: /mnt/md0/Hansen Lab Dropbox/DataStorage/Imaging/Fbn2/processed/2020_11_A/2020_11_24_WAPL_noIAA_488nm_0p5_561nm_0p05_SC8_2X_30z_250nm_780V_365T_20s_movie1-01_processed_low.czi
    output: results/tracks4/2020_11_24_WAPL_noIAA_488nm_0p5_561nm_0p05_SC8_2X_30z_250nm_780V_365T_20s_movie1-01_processed_low.czi.tracks.csv, results/tracks4/2020_11_24_WAPL_noIAA_488nm_0p5_561nm_0p05_SC8_2X_30z_250nm_780V_365T_20s_movie1-01_processed_low.czi.dot_volumes.pkl, results/tracks4/2020_11_24_WAPL_noIAA_488nm_0p5_561nm_0p05_SC8_2X_30z_250nm_780V_365T_20s_movie1-01_processed_low.czi.movie.mp4, results/tracks4/2020_11_24_WAPL_noIAA_488nm_0p5_561nm_0p05_SC8_2X_30z_250nm_780V_365T_20s_movie1-01_processed_low.czi.movie_filt.mp4
    jobid: 41
    wildcards: sample=2020_11_24_WAPL_noIAA_488nm_0p5_561nm_0p05_SC8_2X_30z_250nm_780V_365T_20s_movie1-01_processed_low.czi
    resources: mem_gb=200

[Wed Apr  7 14:11:26 2021]
Finished job 41.
16 of 47 steps (34%) done

[Wed Apr  7 14:11:26 2021]
rule get_trajectories_from_timeseries:
    input: /mnt/md0/Hansen Lab Dropbox/DataStorage/Imaging/Fbn2/processed/2020_11_A/2020_11_22_2020_11_22_WAPL_fourhoursIAA_488nm_0p5_561nm_0p05_SC8_2X_30z_250nm_780V_30T_20s_movie1-01_processed_low.czi
    output: results/tracks4/2020_11_22_2020_11_22_WAPL_fourhoursIAA_488nm_0p5_561nm_0p05_SC8_2X_30z_250nm_780V_30T_20s_movie1-01_processed_low.czi.tracks.csv, results/tracks4/2020_11_22_2020_11_22_WAPL_fourhoursIAA_488nm_0p5_561nm_0p05_SC8_2X_30z_250nm_780V_30T_20s_movie1-01_processed_low.czi.dot_volumes.pkl, results/tracks4/2020_11_22_2020_11_22_WAPL_fourhoursIAA_488nm_0p5_561nm_0p05_SC8_2X_30z_250nm_780V_30T_20s_movie1-01_processed_low.czi.movie.mp4, results/tracks4/2020_11_22_2020_11_22_WAPL_fourhoursIAA_488nm_0p5_561nm_0p05_SC8_2X_30z_250nm_780V_30T_20s_movie1-01_processed_low.czi.movie_filt.mp4
    jobid: 38
    wildcards: sample=2020_11_22_2020_11_22_WAPL_fourhoursIAA_488nm_0p5_561nm_0p05_SC8_2X_30z_250nm_780V_30T_20s_movie1-01_processed_low.czi
    resources: mem_gb=200

[Wed Apr  7 14:28:42 2021]
Finished job 38.
17 of 47 steps (36%) done

[Wed Apr  7 14:28:42 2021]
rule get_trajectories_from_timeseries:
    input: /mnt/md0/Hansen Lab Dropbox/DataStorage/Imaging/Fbn2/processed/2020_11_A/2020_11_26_WAPL_sixhoursIAA_488nm_0p5_561nm_0p05_SC8_2X_30z_250nm_780V_365T_20s_movie1-01_processed_low.czi
    output: results/tracks4/2020_11_26_WAPL_sixhoursIAA_488nm_0p5_561nm_0p05_SC8_2X_30z_250nm_780V_365T_20s_movie1-01_processed_low.czi.tracks.csv, results/tracks4/2020_11_26_WAPL_sixhoursIAA_488nm_0p5_561nm_0p05_SC8_2X_30z_250nm_780V_365T_20s_movie1-01_processed_low.czi.dot_volumes.pkl, results/tracks4/2020_11_26_WAPL_sixhoursIAA_488nm_0p5_561nm_0p05_SC8_2X_30z_250nm_780V_365T_20s_movie1-01_processed_low.czi.movie.mp4, results/tracks4/2020_11_26_WAPL_sixhoursIAA_488nm_0p5_561nm_0p05_SC8_2X_30z_250nm_780V_365T_20s_movie1-01_processed_low.czi.movie_filt.mp4
    jobid: 36
    wildcards: sample=2020_11_26_WAPL_sixhoursIAA_488nm_0p5_561nm_0p05_SC8_2X_30z_250nm_780V_365T_20s_movie1-01_processed_low.czi
    resources: mem_gb=200

[Wed Apr  7 14:44:02 2021]
Finished job 36.
18 of 47 steps (38%) done

[Wed Apr  7 14:44:02 2021]
rule get_trajectories_from_timeseries:
    input: /mnt/md0/Hansen Lab Dropbox/DataStorage/Imaging/Fbn2/processed/2020_11_A/2020_11_25_WAPL_fourhoursIAA_488nm_0p5_561nm_0p05_SC8_2X_30z_250nm_780V_365T_20s_movie1-01_processed_low.czi
    output: results/tracks4/2020_11_25_WAPL_fourhoursIAA_488nm_0p5_561nm_0p05_SC8_2X_30z_250nm_780V_365T_20s_movie1-01_processed_low.czi.tracks.csv, results/tracks4/2020_11_25_WAPL_fourhoursIAA_488nm_0p5_561nm_0p05_SC8_2X_30z_250nm_780V_365T_20s_movie1-01_processed_low.czi.dot_volumes.pkl, results/tracks4/2020_11_25_WAPL_fourhoursIAA_488nm_0p5_561nm_0p05_SC8_2X_30z_250nm_780V_365T_20s_movie1-01_processed_low.czi.movie.mp4, results/tracks4/2020_11_25_WAPL_fourhoursIAA_488nm_0p5_561nm_0p05_SC8_2X_30z_250nm_780V_365T_20s_movie1-01_processed_low.czi.movie_filt.mp4
    jobid: 44
    wildcards: sample=2020_11_25_WAPL_fourhoursIAA_488nm_0p5_561nm_0p05_SC8_2X_30z_250nm_780V_365T_20s_movie1-01_processed_low.czi
    resources: mem_gb=200

[Wed Apr  7 14:59:49 2021]
Finished job 44.
19 of 47 steps (40%) done

[Wed Apr  7 14:59:49 2021]
rule get_trajectories_from_timeseries:
    input: /mnt/md0/Hansen Lab Dropbox/DataStorage/Imaging/Fbn2/processed/2020_11_A/2020_11_23_WAPL_noIAA_488nm_0p5_561nm_0p05_SC8_2X_30z_250nm_780V_30T_20s_movie1-02_processed_low.czi
    output: results/tracks4/2020_11_23_WAPL_noIAA_488nm_0p5_561nm_0p05_SC8_2X_30z_250nm_780V_30T_20s_movie1-02_processed_low.czi.tracks.csv, results/tracks4/2020_11_23_WAPL_noIAA_488nm_0p5_561nm_0p05_SC8_2X_30z_250nm_780V_30T_20s_movie1-02_processed_low.czi.dot_volumes.pkl, results/tracks4/2020_11_23_WAPL_noIAA_488nm_0p5_561nm_0p05_SC8_2X_30z_250nm_780V_30T_20s_movie1-02_processed_low.czi.movie.mp4, results/tracks4/2020_11_23_WAPL_noIAA_488nm_0p5_561nm_0p05_SC8_2X_30z_250nm_780V_30T_20s_movie1-02_processed_low.czi.movie_filt.mp4
    jobid: 40
    wildcards: sample=2020_11_23_WAPL_noIAA_488nm_0p5_561nm_0p05_SC8_2X_30z_250nm_780V_30T_20s_movie1-02_processed_low.czi
    resources: mem_gb=200

[Wed Apr  7 15:16:02 2021]
Finished job 40.
20 of 47 steps (43%) done

[Wed Apr  7 15:16:02 2021]
rule get_trajectories_from_timeseries:
    input: /mnt/md0/Hansen Lab Dropbox/DataStorage/Imaging/Fbn2/processed/2020_11_A/2020_11_23WAPL_sixhoursIAA_488nm_0p5_561nm_0p05_SC8_2X_30z_250nm_780V_30T_20s_movie1-01_processed_low.czi
    output: results/tracks4/2020_11_23WAPL_sixhoursIAA_488nm_0p5_561nm_0p05_SC8_2X_30z_250nm_780V_30T_20s_movie1-01_processed_low.czi.tracks.csv, results/tracks4/2020_11_23WAPL_sixhoursIAA_488nm_0p5_561nm_0p05_SC8_2X_30z_250nm_780V_30T_20s_movie1-01_processed_low.czi.dot_volumes.pkl, results/tracks4/2020_11_23WAPL_sixhoursIAA_488nm_0p5_561nm_0p05_SC8_2X_30z_250nm_780V_30T_20s_movie1-01_processed_low.czi.movie.mp4, results/tracks4/2020_11_23WAPL_sixhoursIAA_488nm_0p5_561nm_0p05_SC8_2X_30z_250nm_780V_30T_20s_movie1-01_processed_low.czi.movie_filt.mp4
    jobid: 28
    wildcards: sample=2020_11_23WAPL_sixhoursIAA_488nm_0p5_561nm_0p05_SC8_2X_30z_250nm_780V_30T_20s_movie1-01_processed_low.czi
    resources: mem_gb=200

[Wed Apr  7 15:35:46 2021]
Finished job 28.
21 of 47 steps (45%) done

[Wed Apr  7 15:35:46 2021]
rule get_trajectories_from_timeseries:
    input: /mnt/md0/Hansen Lab Dropbox/DataStorage/Imaging/Fbn2/processed/2020_11_A/2020_11_24_WAPL_noIAA_488nm_0p5_561nm_0p05_SC8_2X_30z_250nm_780V_365T_20s_movie2-01_processed_low.czi
    output: results/tracks4/2020_11_24_WAPL_noIAA_488nm_0p5_561nm_0p05_SC8_2X_30z_250nm_780V_365T_20s_movie2-01_processed_low.czi.tracks.csv, results/tracks4/2020_11_24_WAPL_noIAA_488nm_0p5_561nm_0p05_SC8_2X_30z_250nm_780V_365T_20s_movie2-01_processed_low.czi.dot_volumes.pkl, results/tracks4/2020_11_24_WAPL_noIAA_488nm_0p5_561nm_0p05_SC8_2X_30z_250nm_780V_365T_20s_movie2-01_processed_low.czi.movie.mp4, results/tracks4/2020_11_24_WAPL_noIAA_488nm_0p5_561nm_0p05_SC8_2X_30z_250nm_780V_365T_20s_movie2-01_processed_low.czi.movie_filt.mp4
    jobid: 37
    wildcards: sample=2020_11_24_WAPL_noIAA_488nm_0p5_561nm_0p05_SC8_2X_30z_250nm_780V_365T_20s_movie2-01_processed_low.czi
    resources: mem_gb=200

[Wed Apr  7 15:52:21 2021]
Finished job 37.
22 of 47 steps (47%) done

[Wed Apr  7 15:52:21 2021]
rule get_trajectories_from_timeseries:
    input: /mnt/md0/Hansen Lab Dropbox/DataStorage/Imaging/Fbn2/processed/2020_11_A/2020_11_26_WAPL_fourhoursIAA_488nm_0p5_561nm_0p05_SC8_2X_30z_250nm_780V_365T_20s_movie1-01_processed_low.czi
    output: results/tracks4/2020_11_26_WAPL_fourhoursIAA_488nm_0p5_561nm_0p05_SC8_2X_30z_250nm_780V_365T_20s_movie1-01_processed_low.czi.tracks.csv, results/tracks4/2020_11_26_WAPL_fourhoursIAA_488nm_0p5_561nm_0p05_SC8_2X_30z_250nm_780V_365T_20s_movie1-01_processed_low.czi.dot_volumes.pkl, results/tracks4/2020_11_26_WAPL_fourhoursIAA_488nm_0p5_561nm_0p05_SC8_2X_30z_250nm_780V_365T_20s_movie1-01_processed_low.czi.movie.mp4, results/tracks4/2020_11_26_WAPL_fourhoursIAA_488nm_0p5_561nm_0p05_SC8_2X_30z_250nm_780V_365T_20s_movie1-01_processed_low.czi.movie_filt.mp4
    jobid: 35
    wildcards: sample=2020_11_26_WAPL_fourhoursIAA_488nm_0p5_561nm_0p05_SC8_2X_30z_250nm_780V_365T_20s_movie1-01_processed_low.czi
    resources: mem_gb=200

[Wed Apr  7 16:09:01 2021]
Finished job 35.
23 of 47 steps (49%) done

[Wed Apr  7 16:09:01 2021]
rule get_trajectories_from_timeseries:
    input: /mnt/md0/Hansen Lab Dropbox/DataStorage/Imaging/Fbn2/processed/2020_11_A/2020_11_23_WAPL_fourhoursIAA_488nm_0p5_561nm_0p05_SC8_2X_30z_250nm_780V_30T_20s_movie1-01_processed_low.czi
    output: results/tracks4/2020_11_23_WAPL_fourhoursIAA_488nm_0p5_561nm_0p05_SC8_2X_30z_250nm_780V_30T_20s_movie1-01_processed_low.czi.tracks.csv, results/tracks4/2020_11_23_WAPL_fourhoursIAA_488nm_0p5_561nm_0p05_SC8_2X_30z_250nm_780V_30T_20s_movie1-01_processed_low.czi.dot_volumes.pkl, results/tracks4/2020_11_23_WAPL_fourhoursIAA_488nm_0p5_561nm_0p05_SC8_2X_30z_250nm_780V_30T_20s_movie1-01_processed_low.czi.movie.mp4, results/tracks4/2020_11_23_WAPL_fourhoursIAA_488nm_0p5_561nm_0p05_SC8_2X_30z_250nm_780V_30T_20s_movie1-01_processed_low.czi.movie_filt.mp4
    jobid: 39
    wildcards: sample=2020_11_23_WAPL_fourhoursIAA_488nm_0p5_561nm_0p05_SC8_2X_30z_250nm_780V_30T_20s_movie1-01_processed_low.czi
    resources: mem_gb=200

[Wed Apr  7 16:27:06 2021]
Finished job 39.
24 of 47 steps (51%) done

[Wed Apr  7 16:27:06 2021]
rule get_trajectories_from_timeseries:
    input: /mnt/md0/Hansen Lab Dropbox/DataStorage/Imaging/Fbn2/processed/2020_12_A/2020_12_03_WAPL_fourhoursIAA_488nm_0p5_561nm_0p05_SC8_2X_30z_250nm_780V_365T_20s_movie1-01_processed_low.czi
    output: results/tracks4/2020_12_03_WAPL_fourhoursIAA_488nm_0p5_561nm_0p05_SC8_2X_30z_250nm_780V_365T_20s_movie1-01_processed_low.czi.tracks.csv, results/tracks4/2020_12_03_WAPL_fourhoursIAA_488nm_0p5_561nm_0p05_SC8_2X_30z_250nm_780V_365T_20s_movie1-01_processed_low.czi.dot_volumes.pkl, results/tracks4/2020_12_03_WAPL_fourhoursIAA_488nm_0p5_561nm_0p05_SC8_2X_30z_250nm_780V_365T_20s_movie1-01_processed_low.czi.movie.mp4, results/tracks4/2020_12_03_WAPL_fourhoursIAA_488nm_0p5_561nm_0p05_SC8_2X_30z_250nm_780V_365T_20s_movie1-01_processed_low.czi.movie_filt.mp4
    jobid: 8
    wildcards: sample=2020_12_03_WAPL_fourhoursIAA_488nm_0p5_561nm_0p05_SC8_2X_30z_250nm_780V_365T_20s_movie1-01_processed_low.czi
    resources: mem_gb=200

[Wed Apr  7 16:43:58 2021]
Finished job 8.
25 of 47 steps (53%) done

[Wed Apr  7 16:43:58 2021]
rule get_trajectories_from_timeseries:
    input: /mnt/md0/Hansen Lab Dropbox/DataStorage/Imaging/Fbn2/processed/2020_11_A/2020_11_25_WAPL_sixhoursIAA_488nm_0p5_561nm_0p05_SC8_2X_30z_250nm_780V_365T_20s_movie1-01_processed_low.czi
    output: results/tracks4/2020_11_25_WAPL_sixhoursIAA_488nm_0p5_561nm_0p05_SC8_2X_30z_250nm_780V_365T_20s_movie1-01_processed_low.czi.tracks.csv, results/tracks4/2020_11_25_WAPL_sixhoursIAA_488nm_0p5_561nm_0p05_SC8_2X_30z_250nm_780V_365T_20s_movie1-01_processed_low.czi.dot_volumes.pkl, results/tracks4/2020_11_25_WAPL_sixhoursIAA_488nm_0p5_561nm_0p05_SC8_2X_30z_250nm_780V_365T_20s_movie1-01_processed_low.czi.movie.mp4, results/tracks4/2020_11_25_WAPL_sixhoursIAA_488nm_0p5_561nm_0p05_SC8_2X_30z_250nm_780V_365T_20s_movie1-01_processed_low.czi.movie_filt.mp4
    jobid: 45
    wildcards: sample=2020_11_25_WAPL_sixhoursIAA_488nm_0p5_561nm_0p05_SC8_2X_30z_250nm_780V_365T_20s_movie1-01_processed_low.czi
    resources: mem_gb=200

[Wed Apr  7 17:01:15 2021]
Finished job 45.
26 of 47 steps (55%) done

[Wed Apr  7 17:01:15 2021]
rule get_trajectories_from_timeseries:
    input: /mnt/md0/Hansen Lab Dropbox/DataStorage/Imaging/Fbn2/processed/2020_11_A/2020_11_24_WAPL_sixhoursIAA_488nm_0p5_561nm_0p05_SC8_2X_30z_250nm_780V_365T_20s_movie1-01_processed_low.czi
    output: results/tracks4/2020_11_24_WAPL_sixhoursIAA_488nm_0p5_561nm_0p05_SC8_2X_30z_250nm_780V_365T_20s_movie1-01_processed_low.czi.tracks.csv, results/tracks4/2020_11_24_WAPL_sixhoursIAA_488nm_0p5_561nm_0p05_SC8_2X_30z_250nm_780V_365T_20s_movie1-01_processed_low.czi.dot_volumes.pkl, results/tracks4/2020_11_24_WAPL_sixhoursIAA_488nm_0p5_561nm_0p05_SC8_2X_30z_250nm_780V_365T_20s_movie1-01_processed_low.czi.movie.mp4, results/tracks4/2020_11_24_WAPL_sixhoursIAA_488nm_0p5_561nm_0p05_SC8_2X_30z_250nm_780V_365T_20s_movie1-01_processed_low.czi.movie_filt.mp4
    jobid: 33
    wildcards: sample=2020_11_24_WAPL_sixhoursIAA_488nm_0p5_561nm_0p05_SC8_2X_30z_250nm_780V_365T_20s_movie1-01_processed_low.czi
    resources: mem_gb=200

[Wed Apr  7 17:17:32 2021]
Finished job 33.
27 of 47 steps (57%) done

[Wed Apr  7 17:17:32 2021]
rule get_trajectories_from_timeseries:
    input: /mnt/md0/Hansen Lab Dropbox/DataStorage/Imaging/Fbn2/processed/2020_11_A/2020_11_24_WAPL_fourhoursIAA_488nm_0p5_561nm_0p05_SC8_2X_30z_250nm_780V_365T_20s_movie1-01_processed_low.czi
    output: results/tracks4/2020_11_24_WAPL_fourhoursIAA_488nm_0p5_561nm_0p05_SC8_2X_30z_250nm_780V_365T_20s_movie1-01_processed_low.czi.tracks.csv, results/tracks4/2020_11_24_WAPL_fourhoursIAA_488nm_0p5_561nm_0p05_SC8_2X_30z_250nm_780V_365T_20s_movie1-01_processed_low.czi.dot_volumes.pkl, results/tracks4/2020_11_24_WAPL_fourhoursIAA_488nm_0p5_561nm_0p05_SC8_2X_30z_250nm_780V_365T_20s_movie1-01_processed_low.czi.movie.mp4, results/tracks4/2020_11_24_WAPL_fourhoursIAA_488nm_0p5_561nm_0p05_SC8_2X_30z_250nm_780V_365T_20s_movie1-01_processed_low.czi.movie_filt.mp4
    jobid: 46
    wildcards: sample=2020_11_24_WAPL_fourhoursIAA_488nm_0p5_561nm_0p05_SC8_2X_30z_250nm_780V_365T_20s_movie1-01_processed_low.czi
    resources: mem_gb=200

[Wed Apr  7 17:44:45 2021]
Finished job 46.
28 of 47 steps (60%) done

[Wed Apr  7 17:44:45 2021]
rule get_trajectories_from_timeseries:
    input: /mnt/md0/Hansen Lab Dropbox/DataStorage/Imaging/Fbn2/processed/2020_12_A/2020_12_03_WAPL_noIAA_488nm_0p5_561nm_0p05_SC8_2X_30z_250nm_780V_365T_20s_movie2-01_processed_low.czi
    output: results/tracks4/2020_12_03_WAPL_noIAA_488nm_0p5_561nm_0p05_SC8_2X_30z_250nm_780V_365T_20s_movie2-01_processed_low.czi.tracks.csv, results/tracks4/2020_12_03_WAPL_noIAA_488nm_0p5_561nm_0p05_SC8_2X_30z_250nm_780V_365T_20s_movie2-01_processed_low.czi.dot_volumes.pkl, results/tracks4/2020_12_03_WAPL_noIAA_488nm_0p5_561nm_0p05_SC8_2X_30z_250nm_780V_365T_20s_movie2-01_processed_low.czi.movie.mp4, results/tracks4/2020_12_03_WAPL_noIAA_488nm_0p5_561nm_0p05_SC8_2X_30z_250nm_780V_365T_20s_movie2-01_processed_low.czi.movie_filt.mp4
    jobid: 20
    wildcards: sample=2020_12_03_WAPL_noIAA_488nm_0p5_561nm_0p05_SC8_2X_30z_250nm_780V_365T_20s_movie2-01_processed_low.czi
    resources: mem_gb=200

[Wed Apr  7 18:22:09 2021]
Finished job 20.
29 of 47 steps (62%) done

[Wed Apr  7 18:22:09 2021]
rule get_trajectories_from_timeseries:
    input: /mnt/md0/Hansen Lab Dropbox/DataStorage/Imaging/Fbn2/processed/2020_12_A/2020_12_03_WAPL_fourhoursIAA_488nm_0p5_561nm_0p05_SC8_2X_30z_250nm_780V_365T_20s_movie3-01_processed_low.czi
    output: results/tracks4/2020_12_03_WAPL_fourhoursIAA_488nm_0p5_561nm_0p05_SC8_2X_30z_250nm_780V_365T_20s_movie3-01_processed_low.czi.tracks.csv, results/tracks4/2020_12_03_WAPL_fourhoursIAA_488nm_0p5_561nm_0p05_SC8_2X_30z_250nm_780V_365T_20s_movie3-01_processed_low.czi.dot_volumes.pkl, results/tracks4/2020_12_03_WAPL_fourhoursIAA_488nm_0p5_561nm_0p05_SC8_2X_30z_250nm_780V_365T_20s_movie3-01_processed_low.czi.movie.mp4, results/tracks4/2020_12_03_WAPL_fourhoursIAA_488nm_0p5_561nm_0p05_SC8_2X_30z_250nm_780V_365T_20s_movie3-01_processed_low.czi.movie_filt.mp4
    jobid: 22
    wildcards: sample=2020_12_03_WAPL_fourhoursIAA_488nm_0p5_561nm_0p05_SC8_2X_30z_250nm_780V_365T_20s_movie3-01_processed_low.czi
    resources: mem_gb=200

[Wed Apr  7 18:37:33 2021]
Finished job 22.
30 of 47 steps (64%) done

[Wed Apr  7 18:37:33 2021]
rule get_trajectories_from_timeseries:
    input: /mnt/md0/Hansen Lab Dropbox/DataStorage/Imaging/Fbn2/processed/2020_12_A/2020_12_03_WAPL_fourhoursIAA_488nm_0p5_561nm_0p05_SC8_2X_30z_250nm_780V_365T_20s_movie2-01_processed_low.czi
    output: results/tracks4/2020_12_03_WAPL_fourhoursIAA_488nm_0p5_561nm_0p05_SC8_2X_30z_250nm_780V_365T_20s_movie2-01_processed_low.czi.tracks.csv, results/tracks4/2020_12_03_WAPL_fourhoursIAA_488nm_0p5_561nm_0p05_SC8_2X_30z_250nm_780V_365T_20s_movie2-01_processed_low.czi.dot_volumes.pkl, results/tracks4/2020_12_03_WAPL_fourhoursIAA_488nm_0p5_561nm_0p05_SC8_2X_30z_250nm_780V_365T_20s_movie2-01_processed_low.czi.movie.mp4, results/tracks4/2020_12_03_WAPL_fourhoursIAA_488nm_0p5_561nm_0p05_SC8_2X_30z_250nm_780V_365T_20s_movie2-01_processed_low.czi.movie_filt.mp4
    jobid: 12
    wildcards: sample=2020_12_03_WAPL_fourhoursIAA_488nm_0p5_561nm_0p05_SC8_2X_30z_250nm_780V_365T_20s_movie2-01_processed_low.czi
    resources: mem_gb=200

[Wed Apr  7 18:55:33 2021]
Finished job 12.
31 of 47 steps (66%) done

[Wed Apr  7 18:55:33 2021]
rule get_trajectories_from_timeseries:
    input: /mnt/md0/Hansen Lab Dropbox/DataStorage/Imaging/Fbn2/processed/2020_11_A/2020_11_25_WAPL_noIAA_488nm_0p5_561nm_0p05_SC8_2X_30z_250nm_780V_365T_20s_movie2-01_processed_low.czi
    output: results/tracks4/2020_11_25_WAPL_noIAA_488nm_0p5_561nm_0p05_SC8_2X_30z_250nm_780V_365T_20s_movie2-01_processed_low.czi.tracks.csv, results/tracks4/2020_11_25_WAPL_noIAA_488nm_0p5_561nm_0p05_SC8_2X_30z_250nm_780V_365T_20s_movie2-01_processed_low.czi.dot_volumes.pkl, results/tracks4/2020_11_25_WAPL_noIAA_488nm_0p5_561nm_0p05_SC8_2X_30z_250nm_780V_365T_20s_movie2-01_processed_low.czi.movie.mp4, results/tracks4/2020_11_25_WAPL_noIAA_488nm_0p5_561nm_0p05_SC8_2X_30z_250nm_780V_365T_20s_movie2-01_processed_low.czi.movie_filt.mp4
    jobid: 42
    wildcards: sample=2020_11_25_WAPL_noIAA_488nm_0p5_561nm_0p05_SC8_2X_30z_250nm_780V_365T_20s_movie2-01_processed_low.czi
    resources: mem_gb=200

[Wed Apr  7 19:13:10 2021]
Finished job 42.
32 of 47 steps (68%) done

[Wed Apr  7 19:13:10 2021]
rule get_trajectories_from_timeseries:
    input: /mnt/md0/Hansen Lab Dropbox/DataStorage/Imaging/Fbn2/processed/2020_11_A/2020_11_26_WAPL_noIAA_488nm_0p5_561nm_0p05_SC8_2X_30z_250nm_780V_365T_20s_movie2-01_processed_low.czi
    output: results/tracks4/2020_11_26_WAPL_noIAA_488nm_0p5_561nm_0p05_SC8_2X_30z_250nm_780V_365T_20s_movie2-01_processed_low.czi.tracks.csv, results/tracks4/2020_11_26_WAPL_noIAA_488nm_0p5_561nm_0p05_SC8_2X_30z_250nm_780V_365T_20s_movie2-01_processed_low.czi.dot_volumes.pkl, results/tracks4/2020_11_26_WAPL_noIAA_488nm_0p5_561nm_0p05_SC8_2X_30z_250nm_780V_365T_20s_movie2-01_processed_low.czi.movie.mp4, results/tracks4/2020_11_26_WAPL_noIAA_488nm_0p5_561nm_0p05_SC8_2X_30z_250nm_780V_365T_20s_movie2-01_processed_low.czi.movie_filt.mp4
    jobid: 32
    wildcards: sample=2020_11_26_WAPL_noIAA_488nm_0p5_561nm_0p05_SC8_2X_30z_250nm_780V_365T_20s_movie2-01_processed_low.czi
    resources: mem_gb=200

[Wed Apr  7 19:30:19 2021]
Finished job 32.
33 of 47 steps (70%) done

[Wed Apr  7 19:30:19 2021]
rule get_trajectories_from_timeseries:
    input: /mnt/md0/Hansen Lab Dropbox/DataStorage/Imaging/Fbn2/processed/2020_12_A/2020_12_07_WAPL_fourhoursIAA_488nm_0p5_561nm_0p05_SC8_2X_30z_250nm_780V_365T_20s_movie2-01_processed_low.czi
    output: results/tracks4/2020_12_07_WAPL_fourhoursIAA_488nm_0p5_561nm_0p05_SC8_2X_30z_250nm_780V_365T_20s_movie2-01_processed_low.czi.tracks.csv, results/tracks4/2020_12_07_WAPL_fourhoursIAA_488nm_0p5_561nm_0p05_SC8_2X_30z_250nm_780V_365T_20s_movie2-01_processed_low.czi.dot_volumes.pkl, results/tracks4/2020_12_07_WAPL_fourhoursIAA_488nm_0p5_561nm_0p05_SC8_2X_30z_250nm_780V_365T_20s_movie2-01_processed_low.czi.movie.mp4, results/tracks4/2020_12_07_WAPL_fourhoursIAA_488nm_0p5_561nm_0p05_SC8_2X_30z_250nm_780V_365T_20s_movie2-01_processed_low.czi.movie_filt.mp4
    jobid: 23
    wildcards: sample=2020_12_07_WAPL_fourhoursIAA_488nm_0p5_561nm_0p05_SC8_2X_30z_250nm_780V_365T_20s_movie2-01_processed_low.czi
    resources: mem_gb=200

[Wed Apr  7 19:45:23 2021]
Finished job 23.
34 of 47 steps (72%) done

[Wed Apr  7 19:45:23 2021]
rule get_trajectories_from_timeseries:
    input: /mnt/md0/Hansen Lab Dropbox/DataStorage/Imaging/Fbn2/processed/2020_12_A/2020_12_07_WAPL_fourhoursIAA_488nm_0p5_561nm_0p05_SC8_2X_30z_250nm_780V_365T_20s_movie1-01_processed_low.czi
    output: results/tracks4/2020_12_07_WAPL_fourhoursIAA_488nm_0p5_561nm_0p05_SC8_2X_30z_250nm_780V_365T_20s_movie1-01_processed_low.czi.tracks.csv, results/tracks4/2020_12_07_WAPL_fourhoursIAA_488nm_0p5_561nm_0p05_SC8_2X_30z_250nm_780V_365T_20s_movie1-01_processed_low.czi.dot_volumes.pkl, results/tracks4/2020_12_07_WAPL_fourhoursIAA_488nm_0p5_561nm_0p05_SC8_2X_30z_250nm_780V_365T_20s_movie1-01_processed_low.czi.movie.mp4, results/tracks4/2020_12_07_WAPL_fourhoursIAA_488nm_0p5_561nm_0p05_SC8_2X_30z_250nm_780V_365T_20s_movie1-01_processed_low.czi.movie_filt.mp4
    jobid: 6
    wildcards: sample=2020_12_07_WAPL_fourhoursIAA_488nm_0p5_561nm_0p05_SC8_2X_30z_250nm_780V_365T_20s_movie1-01_processed_low.czi
    resources: mem_gb=200

[Wed Apr  7 20:03:31 2021]
Finished job 6.
35 of 47 steps (74%) done

[Wed Apr  7 20:03:31 2021]
rule get_trajectories_from_timeseries:
    input: /mnt/md0/Hansen Lab Dropbox/DataStorage/Imaging/Fbn2/processed/2020_12_A/2020_12_03_WAPL_sixhoursIAA_488nm_0p5_561nm_0p05_SC8_2X_30z_250nm_780V_365T_20s_movie2-01_processed_low.czi
    output: results/tracks4/2020_12_03_WAPL_sixhoursIAA_488nm_0p5_561nm_0p05_SC8_2X_30z_250nm_780V_365T_20s_movie2-01_processed_low.czi.tracks.csv, results/tracks4/2020_12_03_WAPL_sixhoursIAA_488nm_0p5_561nm_0p05_SC8_2X_30z_250nm_780V_365T_20s_movie2-01_processed_low.czi.dot_volumes.pkl, results/tracks4/2020_12_03_WAPL_sixhoursIAA_488nm_0p5_561nm_0p05_SC8_2X_30z_250nm_780V_365T_20s_movie2-01_processed_low.czi.movie.mp4, results/tracks4/2020_12_03_WAPL_sixhoursIAA_488nm_0p5_561nm_0p05_SC8_2X_30z_250nm_780V_365T_20s_movie2-01_processed_low.czi.movie_filt.mp4
    jobid: 2
    wildcards: sample=2020_12_03_WAPL_sixhoursIAA_488nm_0p5_561nm_0p05_SC8_2X_30z_250nm_780V_365T_20s_movie2-01_processed_low.czi
    resources: mem_gb=200

[Wed Apr  7 20:19:07 2021]
Finished job 2.
36 of 47 steps (77%) done

[Wed Apr  7 20:19:07 2021]
rule get_trajectories_from_timeseries:
    input: /mnt/md0/Hansen Lab Dropbox/DataStorage/Imaging/Fbn2/processed/2020_12_A/2020_12_07_WAPL_noIAA_488nm_0p5_561nm_0p05_SC8_2X_30z_250nm_780V_365T_20s_movie1-01_processed_low.czi
    output: results/tracks4/2020_12_07_WAPL_noIAA_488nm_0p5_561nm_0p05_SC8_2X_30z_250nm_780V_365T_20s_movie1-01_processed_low.czi.tracks.csv, results/tracks4/2020_12_07_WAPL_noIAA_488nm_0p5_561nm_0p05_SC8_2X_30z_250nm_780V_365T_20s_movie1-01_processed_low.czi.dot_volumes.pkl, results/tracks4/2020_12_07_WAPL_noIAA_488nm_0p5_561nm_0p05_SC8_2X_30z_250nm_780V_365T_20s_movie1-01_processed_low.czi.movie.mp4, results/tracks4/2020_12_07_WAPL_noIAA_488nm_0p5_561nm_0p05_SC8_2X_30z_250nm_780V_365T_20s_movie1-01_processed_low.czi.movie_filt.mp4
    jobid: 26
    wildcards: sample=2020_12_07_WAPL_noIAA_488nm_0p5_561nm_0p05_SC8_2X_30z_250nm_780V_365T_20s_movie1-01_processed_low.czi
    resources: mem_gb=200

[Wed Apr  7 20:33:50 2021]
Finished job 26.
37 of 47 steps (79%) done

[Wed Apr  7 20:33:50 2021]
rule get_trajectories_from_timeseries:
    input: /mnt/md0/Hansen Lab Dropbox/DataStorage/Imaging/Fbn2/processed/2020_12_A/2020_12_06_WAPL_sixhoursIAA_488nm_0p5_561nm_0p05_SC8_2X_30z_250nm_780V_365T_20s_movie1-01_processed_low.czi
    output: results/tracks4/2020_12_06_WAPL_sixhoursIAA_488nm_0p5_561nm_0p05_SC8_2X_30z_250nm_780V_365T_20s_movie1-01_processed_low.czi.tracks.csv, results/tracks4/2020_12_06_WAPL_sixhoursIAA_488nm_0p5_561nm_0p05_SC8_2X_30z_250nm_780V_365T_20s_movie1-01_processed_low.czi.dot_volumes.pkl, results/tracks4/2020_12_06_WAPL_sixhoursIAA_488nm_0p5_561nm_0p05_SC8_2X_30z_250nm_780V_365T_20s_movie1-01_processed_low.czi.movie.mp4, results/tracks4/2020_12_06_WAPL_sixhoursIAA_488nm_0p5_561nm_0p05_SC8_2X_30z_250nm_780V_365T_20s_movie1-01_processed_low.czi.movie_filt.mp4
    jobid: 13
    wildcards: sample=2020_12_06_WAPL_sixhoursIAA_488nm_0p5_561nm_0p05_SC8_2X_30z_250nm_780V_365T_20s_movie1-01_processed_low.czi
    resources: mem_gb=200

[Wed Apr  7 20:48:36 2021]
Finished job 13.
38 of 47 steps (81%) done

[Wed Apr  7 20:48:36 2021]
rule get_trajectories_from_timeseries:
    input: /mnt/md0/Hansen Lab Dropbox/DataStorage/Imaging/Fbn2/processed/2020_12_A/2020_12_06_WAPL_fourhoursIAA_488nm_0p5_561nm_0p05_SC8_2X_30z_250nm_780V_365T_20s_movie1-01_processed_low.czi
    output: results/tracks4/2020_12_06_WAPL_fourhoursIAA_488nm_0p5_561nm_0p05_SC8_2X_30z_250nm_780V_365T_20s_movie1-01_processed_low.czi.tracks.csv, results/tracks4/2020_12_06_WAPL_fourhoursIAA_488nm_0p5_561nm_0p05_SC8_2X_30z_250nm_780V_365T_20s_movie1-01_processed_low.czi.dot_volumes.pkl, results/tracks4/2020_12_06_WAPL_fourhoursIAA_488nm_0p5_561nm_0p05_SC8_2X_30z_250nm_780V_365T_20s_movie1-01_processed_low.czi.movie.mp4, results/tracks4/2020_12_06_WAPL_fourhoursIAA_488nm_0p5_561nm_0p05_SC8_2X_30z_250nm_780V_365T_20s_movie1-01_processed_low.czi.movie_filt.mp4
    jobid: 11
    wildcards: sample=2020_12_06_WAPL_fourhoursIAA_488nm_0p5_561nm_0p05_SC8_2X_30z_250nm_780V_365T_20s_movie1-01_processed_low.czi
    resources: mem_gb=200

[Wed Apr  7 21:20:44 2021]
Finished job 11.
39 of 47 steps (83%) done

[Wed Apr  7 21:20:44 2021]
rule get_trajectories_from_timeseries:
    input: /mnt/md0/Hansen Lab Dropbox/DataStorage/Imaging/Fbn2/processed/2020_12_A/2020_12_03_WAPL_noIAA_488nm_0p5_561nm_0p05_SC8_2X_30z_250nm_780V_365T_20s_movie1-03_processed_low.czi
    output: results/tracks4/2020_12_03_WAPL_noIAA_488nm_0p5_561nm_0p05_SC8_2X_30z_250nm_780V_365T_20s_movie1-03_processed_low.czi.tracks.csv, results/tracks4/2020_12_03_WAPL_noIAA_488nm_0p5_561nm_0p05_SC8_2X_30z_250nm_780V_365T_20s_movie1-03_processed_low.czi.dot_volumes.pkl, results/tracks4/2020_12_03_WAPL_noIAA_488nm_0p5_561nm_0p05_SC8_2X_30z_250nm_780V_365T_20s_movie1-03_processed_low.czi.movie.mp4, results/tracks4/2020_12_03_WAPL_noIAA_488nm_0p5_561nm_0p05_SC8_2X_30z_250nm_780V_365T_20s_movie1-03_processed_low.czi.movie_filt.mp4
    jobid: 18
    wildcards: sample=2020_12_03_WAPL_noIAA_488nm_0p5_561nm_0p05_SC8_2X_30z_250nm_780V_365T_20s_movie1-03_processed_low.czi
    resources: mem_gb=200

[Wed Apr  7 21:41:02 2021]
Finished job 18.
40 of 47 steps (85%) done

[Wed Apr  7 21:41:02 2021]
rule get_trajectories_from_timeseries:
    input: /mnt/md0/Hansen Lab Dropbox/DataStorage/Imaging/Fbn2/processed/2020_12_A/2020_12_04_WAPL_sixhoursIAA_488nm_0p5_561nm_0p05_SC8_2X_30z_250nm_780V_365T_20s_movie3-01_processed_low.czi
    output: results/tracks4/2020_12_04_WAPL_sixhoursIAA_488nm_0p5_561nm_0p05_SC8_2X_30z_250nm_780V_365T_20s_movie3-01_processed_low.czi.tracks.csv, results/tracks4/2020_12_04_WAPL_sixhoursIAA_488nm_0p5_561nm_0p05_SC8_2X_30z_250nm_780V_365T_20s_movie3-01_processed_low.czi.dot_volumes.pkl, results/tracks4/2020_12_04_WAPL_sixhoursIAA_488nm_0p5_561nm_0p05_SC8_2X_30z_250nm_780V_365T_20s_movie3-01_processed_low.czi.movie.mp4, results/tracks4/2020_12_04_WAPL_sixhoursIAA_488nm_0p5_561nm_0p05_SC8_2X_30z_250nm_780V_365T_20s_movie3-01_processed_low.czi.movie_filt.mp4
    jobid: 14
    wildcards: sample=2020_12_04_WAPL_sixhoursIAA_488nm_0p5_561nm_0p05_SC8_2X_30z_250nm_780V_365T_20s_movie3-01_processed_low.czi
    resources: mem_gb=200

[Wed Apr  7 21:57:14 2021]
Finished job 14.
41 of 47 steps (87%) done

[Wed Apr  7 21:57:14 2021]
rule get_trajectories_from_timeseries:
    input: /mnt/md0/Hansen Lab Dropbox/DataStorage/Imaging/Fbn2/processed/2020_12_A/2020_12_03_WAPL_sixhoursIAA_488nm_0p5_561nm_0p05_SC8_2X_30z_250nm_780V_365T_20s_movie1-01_processed_low.czi
    output: results/tracks4/2020_12_03_WAPL_sixhoursIAA_488nm_0p5_561nm_0p05_SC8_2X_30z_250nm_780V_365T_20s_movie1-01_processed_low.czi.tracks.csv, results/tracks4/2020_12_03_WAPL_sixhoursIAA_488nm_0p5_561nm_0p05_SC8_2X_30z_250nm_780V_365T_20s_movie1-01_processed_low.czi.dot_volumes.pkl, results/tracks4/2020_12_03_WAPL_sixhoursIAA_488nm_0p5_561nm_0p05_SC8_2X_30z_250nm_780V_365T_20s_movie1-01_processed_low.czi.movie.mp4, results/tracks4/2020_12_03_WAPL_sixhoursIAA_488nm_0p5_561nm_0p05_SC8_2X_30z_250nm_780V_365T_20s_movie1-01_processed_low.czi.movie_filt.mp4
    jobid: 7
    wildcards: sample=2020_12_03_WAPL_sixhoursIAA_488nm_0p5_561nm_0p05_SC8_2X_30z_250nm_780V_365T_20s_movie1-01_processed_low.czi
    resources: mem_gb=200

[Wed Apr  7 22:13:27 2021]
Finished job 7.
42 of 47 steps (89%) done

[Wed Apr  7 22:13:27 2021]
rule get_trajectories_from_timeseries:
    input: /mnt/md0/Hansen Lab Dropbox/DataStorage/Imaging/Fbn2/processed/2020_11_A/2020_11_22_2020_11_22_WAPL_sixhoursIAA_488nm_0p5_561nm_0p05_SC8_2X_30z_250nm_780V_30T_20s_movie1-01_processed_low.czi
    output: results/tracks4/2020_11_22_2020_11_22_WAPL_sixhoursIAA_488nm_0p5_561nm_0p05_SC8_2X_30z_250nm_780V_30T_20s_movie1-01_processed_low.czi.tracks.csv, results/tracks4/2020_11_22_2020_11_22_WAPL_sixhoursIAA_488nm_0p5_561nm_0p05_SC8_2X_30z_250nm_780V_30T_20s_movie1-01_processed_low.czi.dot_volumes.pkl, results/tracks4/2020_11_22_2020_11_22_WAPL_sixhoursIAA_488nm_0p5_561nm_0p05_SC8_2X_30z_250nm_780V_30T_20s_movie1-01_processed_low.czi.movie.mp4, results/tracks4/2020_11_22_2020_11_22_WAPL_sixhoursIAA_488nm_0p5_561nm_0p05_SC8_2X_30z_250nm_780V_30T_20s_movie1-01_processed_low.czi.movie_filt.mp4
    jobid: 30
    wildcards: sample=2020_11_22_2020_11_22_WAPL_sixhoursIAA_488nm_0p5_561nm_0p05_SC8_2X_30z_250nm_780V_30T_20s_movie1-01_processed_low.czi
    resources: mem_gb=200

[Wed Apr  7 22:35:53 2021]
Finished job 30.
43 of 47 steps (91%) done

[Wed Apr  7 22:35:53 2021]
rule get_trajectories_from_timeseries:
    input: /mnt/md0/Hansen Lab Dropbox/DataStorage/Imaging/Fbn2/processed/2020_12_A/2020_12_07_WAPL_sixhoursIAA_488nm_0p5_561nm_0p05_SC8_2X_30z_250nm_780V_365T_20s_movie1-02_processed_low.czi
    output: results/tracks4/2020_12_07_WAPL_sixhoursIAA_488nm_0p5_561nm_0p05_SC8_2X_30z_250nm_780V_365T_20s_movie1-02_processed_low.czi.tracks.csv, results/tracks4/2020_12_07_WAPL_sixhoursIAA_488nm_0p5_561nm_0p05_SC8_2X_30z_250nm_780V_365T_20s_movie1-02_processed_low.czi.dot_volumes.pkl, results/tracks4/2020_12_07_WAPL_sixhoursIAA_488nm_0p5_561nm_0p05_SC8_2X_30z_250nm_780V_365T_20s_movie1-02_processed_low.czi.movie.mp4, results/tracks4/2020_12_07_WAPL_sixhoursIAA_488nm_0p5_561nm_0p05_SC8_2X_30z_250nm_780V_365T_20s_movie1-02_processed_low.czi.movie_filt.mp4
    jobid: 27
    wildcards: sample=2020_12_07_WAPL_sixhoursIAA_488nm_0p5_561nm_0p05_SC8_2X_30z_250nm_780V_365T_20s_movie1-02_processed_low.czi
    resources: mem_gb=200

[Wed Apr  7 22:52:21 2021]
Finished job 27.
44 of 47 steps (94%) done

[Wed Apr  7 22:52:21 2021]
rule get_trajectories_from_timeseries:
    input: /mnt/md0/Hansen Lab Dropbox/DataStorage/Imaging/Fbn2/processed/2020_12_A/2020_12_07_WAPL_noIAA_488nm_0p5_561nm_0p05_SC8_2X_30z_250nm_780V_365T_20s_movie2-01_processed_low.czi
    output: results/tracks4/2020_12_07_WAPL_noIAA_488nm_0p5_561nm_0p05_SC8_2X_30z_250nm_780V_365T_20s_movie2-01_processed_low.czi.tracks.csv, results/tracks4/2020_12_07_WAPL_noIAA_488nm_0p5_561nm_0p05_SC8_2X_30z_250nm_780V_365T_20s_movie2-01_processed_low.czi.dot_volumes.pkl, results/tracks4/2020_12_07_WAPL_noIAA_488nm_0p5_561nm_0p05_SC8_2X_30z_250nm_780V_365T_20s_movie2-01_processed_low.czi.movie.mp4, results/tracks4/2020_12_07_WAPL_noIAA_488nm_0p5_561nm_0p05_SC8_2X_30z_250nm_780V_365T_20s_movie2-01_processed_low.czi.movie_filt.mp4
    jobid: 25
    wildcards: sample=2020_12_07_WAPL_noIAA_488nm_0p5_561nm_0p05_SC8_2X_30z_250nm_780V_365T_20s_movie2-01_processed_low.czi
    resources: mem_gb=200

[Wed Apr  7 23:06:07 2021]
Finished job 25.
45 of 47 steps (96%) done

[Wed Apr  7 23:06:07 2021]
rule get_trajectories_from_timeseries:
    input: /mnt/md0/Hansen Lab Dropbox/DataStorage/Imaging/Fbn2/processed/2020_12_A/2020_12_07_WAPL_sixhoursIAA_488nm_0p5_561nm_0p05_SC8_2X_30z_250nm_780V_365T_20s_movie2-01_processed_low.czi
    output: results/tracks4/2020_12_07_WAPL_sixhoursIAA_488nm_0p5_561nm_0p05_SC8_2X_30z_250nm_780V_365T_20s_movie2-01_processed_low.czi.tracks.csv, results/tracks4/2020_12_07_WAPL_sixhoursIAA_488nm_0p5_561nm_0p05_SC8_2X_30z_250nm_780V_365T_20s_movie2-01_processed_low.czi.dot_volumes.pkl, results/tracks4/2020_12_07_WAPL_sixhoursIAA_488nm_0p5_561nm_0p05_SC8_2X_30z_250nm_780V_365T_20s_movie2-01_processed_low.czi.movie.mp4, results/tracks4/2020_12_07_WAPL_sixhoursIAA_488nm_0p5_561nm_0p05_SC8_2X_30z_250nm_780V_365T_20s_movie2-01_processed_low.czi.movie_filt.mp4
    jobid: 24
    wildcards: sample=2020_12_07_WAPL_sixhoursIAA_488nm_0p5_561nm_0p05_SC8_2X_30z_250nm_780V_365T_20s_movie2-01_processed_low.czi
    resources: mem_gb=200

[Wed Apr  7 23:20:53 2021]
Finished job 24.
46 of 47 steps (98%) done

[Wed Apr  7 23:20:53 2021]
localrule all:
    input: results/tracks4/2020_12_08_WAPL_noIAA_488nm_0p5_561nm_0p05_SC8_2X_30z_250nm_780V_365T_20s_movie2-01_processed_low.czi.tracks.csv, results/tracks4/2020_12_03_WAPL_sixhoursIAA_488nm_0p5_561nm_0p05_SC8_2X_30z_250nm_780V_365T_20s_movie2-01_processed_low.czi.tracks.csv, results/tracks4/2020_12_08_WAPL_sixhoursIAA_488nm_0p5_561nm_0p05_SC8_2X_30z_250nm_780V_365T_20s_movie3-03_processed_low.czi.tracks.csv, results/tracks4/2020_12_08_WAPL_fourhoursIAA_488nm_0p5_561nm_0p05_SC8_2X_30z_250nm_780V_365T_20s_movie1-03_processed_low.czi.tracks.csv, results/tracks4/2020_12_07_WAPL_fourhoursIAA_488nm_0p5_561nm_0p05_SC8_2X_30z_250nm_780V_365T_20s_movie3-01_processed_low.czi.tracks.csv, results/tracks4/2020_12_07_WAPL_fourhoursIAA_488nm_0p5_561nm_0p05_SC8_2X_30z_250nm_780V_365T_20s_movie1-01_processed_low.czi.tracks.csv, results/tracks4/2020_12_03_WAPL_sixhoursIAA_488nm_0p5_561nm_0p05_SC8_2X_30z_250nm_780V_365T_20s_movie1-01_processed_low.czi.tracks.csv, results/tracks4/2020_12_03_WAPL_fourhoursIAA_488nm_0p5_561nm_0p05_SC8_2X_30z_250nm_780V_365T_20s_movie1-01_processed_low.czi.tracks.csv, results/tracks4/2020_12_08_WAPL_sixhoursIAA_488nm_0p5_561nm_0p05_SC8_2X_30z_250nm_780V_365T_20s_movie2-01_processed_low.czi.tracks.csv, results/tracks4/2020_12_08_WAPL_sixhoursIAA_488nm_0p5_561nm_0p05_SC8_2X_30z_250nm_780V_365T_20s_movie1-01_processed_low.czi.tracks.csv, results/tracks4/2020_12_06_WAPL_fourhoursIAA_488nm_0p5_561nm_0p05_SC8_2X_30z_250nm_780V_365T_20s_movie1-01_processed_low.czi.tracks.csv, results/tracks4/2020_12_03_WAPL_fourhoursIAA_488nm_0p5_561nm_0p05_SC8_2X_30z_250nm_780V_365T_20s_movie2-01_processed_low.czi.tracks.csv, results/tracks4/2020_12_06_WAPL_sixhoursIAA_488nm_0p5_561nm_0p05_SC8_2X_30z_250nm_780V_365T_20s_movie1-01_processed_low.czi.tracks.csv, results/tracks4/2020_12_04_WAPL_sixhoursIAA_488nm_0p5_561nm_0p05_SC8_2X_30z_250nm_780V_365T_20s_movie3-01_processed_low.czi.tracks.csv, results/tracks4/2020_12_08_WAPL_noIAA_488nm_0p5_561nm_0p05_SC8_2X_30z_250nm_780V_365T_20s_movie1-02_processed_low.czi.tracks.csv, results/tracks4/2020_12_02_WAPL_noIAA_488nm_0p5_561nm_0p05_SC8_2X_30z_250nm_780V_365T_20s_movie1-01-01_processed_low.czi.tracks.csv, results/tracks4/2020_12_08_WAPL_fourhoursIAA_488nm_0p5_561nm_0p05_SC8_2X_30z_250nm_780V_365T_20s_movie3-01_processed_low.czi.tracks.csv, results/tracks4/2020_12_03_WAPL_noIAA_488nm_0p5_561nm_0p05_SC8_2X_30z_250nm_780V_365T_20s_movie1-03_processed_low.czi.tracks.csv, results/tracks4/2020_12_08_WAPL_fourhoursIAA_488nm_0p5_561nm_0p05_SC8_2X_30z_250nm_780V_365T_20s_movie1-01_processed_low.czi.tracks.csv, results/tracks4/2020_12_03_WAPL_noIAA_488nm_0p5_561nm_0p05_SC8_2X_30z_250nm_780V_365T_20s_movie2-01_processed_low.czi.tracks.csv, results/tracks4/2020_12_08_WAPL_sixhoursIAA_488nm_0p5_561nm_0p05_SC8_2X_30z_250nm_780V_365T_20s_movie3-01_processed_low.czi.tracks.csv, results/tracks4/2020_12_03_WAPL_fourhoursIAA_488nm_0p5_561nm_0p05_SC8_2X_30z_250nm_780V_365T_20s_movie3-01_processed_low.czi.tracks.csv, results/tracks4/2020_12_07_WAPL_fourhoursIAA_488nm_0p5_561nm_0p05_SC8_2X_30z_250nm_780V_365T_20s_movie2-01_processed_low.czi.tracks.csv, results/tracks4/2020_12_07_WAPL_sixhoursIAA_488nm_0p5_561nm_0p05_SC8_2X_30z_250nm_780V_365T_20s_movie2-01_processed_low.czi.tracks.csv, results/tracks4/2020_12_07_WAPL_noIAA_488nm_0p5_561nm_0p05_SC8_2X_30z_250nm_780V_365T_20s_movie2-01_processed_low.czi.tracks.csv, results/tracks4/2020_12_07_WAPL_noIAA_488nm_0p5_561nm_0p05_SC8_2X_30z_250nm_780V_365T_20s_movie1-01_processed_low.czi.tracks.csv, results/tracks4/2020_12_07_WAPL_sixhoursIAA_488nm_0p5_561nm_0p05_SC8_2X_30z_250nm_780V_365T_20s_movie1-02_processed_low.czi.tracks.csv, results/tracks4/2020_11_23WAPL_sixhoursIAA_488nm_0p5_561nm_0p05_SC8_2X_30z_250nm_780V_30T_20s_movie1-01_processed_low.czi.tracks.csv, results/tracks4/2020_11_23_WAPL_noIAA_488nm_0p5_561nm_0p05_SC8_2X_30z_250nm_780V_30T_20s_movie1-01_processed_low.czi.tracks.csv, results/tracks4/2020_11_22_2020_11_22_WAPL_sixhoursIAA_488nm_0p5_561nm_0p05_SC8_2X_30z_250nm_780V_30T_20s_movie1-01_processed_low.czi.tracks.csv, results/tracks4/2020_11_25_WAPL_noIAA_488nm_0p5_561nm_0p05_SC8_2X_30z_250nm_780V_365T_20s_movie1-01_processed_low.czi.tracks.csv, results/tracks4/2020_11_26_WAPL_noIAA_488nm_0p5_561nm_0p05_SC8_2X_30z_250nm_780V_365T_20s_movie2-01_processed_low.czi.tracks.csv, results/tracks4/2020_11_24_WAPL_sixhoursIAA_488nm_0p5_561nm_0p05_SC8_2X_30z_250nm_780V_365T_20s_movie1-01_processed_low.czi.tracks.csv, results/tracks4/2020_11_22_WAPL_noIAA_488nm_0p5_561nm_0p05_SC8_2X_30z_250nm_780V_30T_20s_movie1-02_processed_low.czi.tracks.csv, results/tracks4/2020_11_26_WAPL_fourhoursIAA_488nm_0p5_561nm_0p05_SC8_2X_30z_250nm_780V_365T_20s_movie1-01_processed_low.czi.tracks.csv, results/tracks4/2020_11_26_WAPL_sixhoursIAA_488nm_0p5_561nm_0p05_SC8_2X_30z_250nm_780V_365T_20s_movie1-01_processed_low.czi.tracks.csv, results/tracks4/2020_11_24_WAPL_noIAA_488nm_0p5_561nm_0p05_SC8_2X_30z_250nm_780V_365T_20s_movie2-01_processed_low.czi.tracks.csv, results/tracks4/2020_11_22_2020_11_22_WAPL_fourhoursIAA_488nm_0p5_561nm_0p05_SC8_2X_30z_250nm_780V_30T_20s_movie1-01_processed_low.czi.tracks.csv, results/tracks4/2020_11_23_WAPL_fourhoursIAA_488nm_0p5_561nm_0p05_SC8_2X_30z_250nm_780V_30T_20s_movie1-01_processed_low.czi.tracks.csv, results/tracks4/2020_11_23_WAPL_noIAA_488nm_0p5_561nm_0p05_SC8_2X_30z_250nm_780V_30T_20s_movie1-02_processed_low.czi.tracks.csv, results/tracks4/2020_11_24_WAPL_noIAA_488nm_0p5_561nm_0p05_SC8_2X_30z_250nm_780V_365T_20s_movie1-01_processed_low.czi.tracks.csv, results/tracks4/2020_11_25_WAPL_noIAA_488nm_0p5_561nm_0p05_SC8_2X_30z_250nm_780V_365T_20s_movie2-01_processed_low.czi.tracks.csv, results/tracks4/2020_11_22_WAPL_noIAA_488nm_0p5_561nm_0p05_SC8_2X_30z_250nm_780V_30T_20s_movie2-02_processed_low.czi.tracks.csv, results/tracks4/2020_11_25_WAPL_fourhoursIAA_488nm_0p5_561nm_0p05_SC8_2X_30z_250nm_780V_365T_20s_movie1-01_processed_low.czi.tracks.csv, results/tracks4/2020_11_25_WAPL_sixhoursIAA_488nm_0p5_561nm_0p05_SC8_2X_30z_250nm_780V_365T_20s_movie1-01_processed_low.czi.tracks.csv, results/tracks4/2020_11_24_WAPL_fourhoursIAA_488nm_0p5_561nm_0p05_SC8_2X_30z_250nm_780V_365T_20s_movie1-01_processed_low.czi.tracks.csv, results/tracks4/2020_12_08_WAPL_noIAA_488nm_0p5_561nm_0p05_SC8_2X_30z_250nm_780V_365T_20s_movie2-01_processed_low.czi.dot_volumes.pkl, results/tracks4/2020_12_03_WAPL_sixhoursIAA_488nm_0p5_561nm_0p05_SC8_2X_30z_250nm_780V_365T_20s_movie2-01_processed_low.czi.dot_volumes.pkl, results/tracks4/2020_12_08_WAPL_sixhoursIAA_488nm_0p5_561nm_0p05_SC8_2X_30z_250nm_780V_365T_20s_movie3-03_processed_low.czi.dot_volumes.pkl, results/tracks4/2020_12_08_WAPL_fourhoursIAA_488nm_0p5_561nm_0p05_SC8_2X_30z_250nm_780V_365T_20s_movie1-03_processed_low.czi.dot_volumes.pkl, results/tracks4/2020_12_07_WAPL_fourhoursIAA_488nm_0p5_561nm_0p05_SC8_2X_30z_250nm_780V_365T_20s_movie3-01_processed_low.czi.dot_volumes.pkl, results/tracks4/2020_12_07_WAPL_fourhoursIAA_488nm_0p5_561nm_0p05_SC8_2X_30z_250nm_780V_365T_20s_movie1-01_processed_low.czi.dot_volumes.pkl, results/tracks4/2020_12_03_WAPL_sixhoursIAA_488nm_0p5_561nm_0p05_SC8_2X_30z_250nm_780V_365T_20s_movie1-01_processed_low.czi.dot_volumes.pkl, results/tracks4/2020_12_03_WAPL_fourhoursIAA_488nm_0p5_561nm_0p05_SC8_2X_30z_250nm_780V_365T_20s_movie1-01_processed_low.czi.dot_volumes.pkl, results/tracks4/2020_12_08_WAPL_sixhoursIAA_488nm_0p5_561nm_0p05_SC8_2X_30z_250nm_780V_365T_20s_movie2-01_processed_low.czi.dot_volumes.pkl, results/tracks4/2020_12_08_WAPL_sixhoursIAA_488nm_0p5_561nm_0p05_SC8_2X_30z_250nm_780V_365T_20s_movie1-01_processed_low.czi.dot_volumes.pkl, results/tracks4/2020_12_06_WAPL_fourhoursIAA_488nm_0p5_561nm_0p05_SC8_2X_30z_250nm_780V_365T_20s_movie1-01_processed_low.czi.dot_volumes.pkl, results/tracks4/2020_12_03_WAPL_fourhoursIAA_488nm_0p5_561nm_0p05_SC8_2X_30z_250nm_780V_365T_20s_movie2-01_processed_low.czi.dot_volumes.pkl, results/tracks4/2020_12_06_WAPL_sixhoursIAA_488nm_0p5_561nm_0p05_SC8_2X_30z_250nm_780V_365T_20s_movie1-01_processed_low.czi.dot_volumes.pkl, results/tracks4/2020_12_04_WAPL_sixhoursIAA_488nm_0p5_561nm_0p05_SC8_2X_30z_250nm_780V_365T_20s_movie3-01_processed_low.czi.dot_volumes.pkl, results/tracks4/2020_12_08_WAPL_noIAA_488nm_0p5_561nm_0p05_SC8_2X_30z_250nm_780V_365T_20s_movie1-02_processed_low.czi.dot_volumes.pkl, results/tracks4/2020_12_02_WAPL_noIAA_488nm_0p5_561nm_0p05_SC8_2X_30z_250nm_780V_365T_20s_movie1-01-01_processed_low.czi.dot_volumes.pkl, results/tracks4/2020_12_08_WAPL_fourhoursIAA_488nm_0p5_561nm_0p05_SC8_2X_30z_250nm_780V_365T_20s_movie3-01_processed_low.czi.dot_volumes.pkl, results/tracks4/2020_12_03_WAPL_noIAA_488nm_0p5_561nm_0p05_SC8_2X_30z_250nm_780V_365T_20s_movie1-03_processed_low.czi.dot_volumes.pkl, results/tracks4/2020_12_08_WAPL_fourhoursIAA_488nm_0p5_561nm_0p05_SC8_2X_30z_250nm_780V_365T_20s_movie1-01_processed_low.czi.dot_volumes.pkl, results/tracks4/2020_12_03_WAPL_noIAA_488nm_0p5_561nm_0p05_SC8_2X_30z_250nm_780V_365T_20s_movie2-01_processed_low.czi.dot_volumes.pkl, results/tracks4/2020_12_08_WAPL_sixhoursIAA_488nm_0p5_561nm_0p05_SC8_2X_30z_250nm_780V_365T_20s_movie3-01_processed_low.czi.dot_volumes.pkl, results/tracks4/2020_12_03_WAPL_fourhoursIAA_488nm_0p5_561nm_0p05_SC8_2X_30z_250nm_780V_365T_20s_movie3-01_processed_low.czi.dot_volumes.pkl, results/tracks4/2020_12_07_WAPL_fourhoursIAA_488nm_0p5_561nm_0p05_SC8_2X_30z_250nm_780V_365T_20s_movie2-01_processed_low.czi.dot_volumes.pkl, results/tracks4/2020_12_07_WAPL_sixhoursIAA_488nm_0p5_561nm_0p05_SC8_2X_30z_250nm_780V_365T_20s_movie2-01_processed_low.czi.dot_volumes.pkl, results/tracks4/2020_12_07_WAPL_noIAA_488nm_0p5_561nm_0p05_SC8_2X_30z_250nm_780V_365T_20s_movie2-01_processed_low.czi.dot_volumes.pkl, results/tracks4/2020_12_07_WAPL_noIAA_488nm_0p5_561nm_0p05_SC8_2X_30z_250nm_780V_365T_20s_movie1-01_processed_low.czi.dot_volumes.pkl, results/tracks4/2020_12_07_WAPL_sixhoursIAA_488nm_0p5_561nm_0p05_SC8_2X_30z_250nm_780V_365T_20s_movie1-02_processed_low.czi.dot_volumes.pkl, results/tracks4/2020_11_23WAPL_sixhoursIAA_488nm_0p5_561nm_0p05_SC8_2X_30z_250nm_780V_30T_20s_movie1-01_processed_low.czi.dot_volumes.pkl, results/tracks4/2020_11_23_WAPL_noIAA_488nm_0p5_561nm_0p05_SC8_2X_30z_250nm_780V_30T_20s_movie1-01_processed_low.czi.dot_volumes.pkl, results/tracks4/2020_11_22_2020_11_22_WAPL_sixhoursIAA_488nm_0p5_561nm_0p05_SC8_2X_30z_250nm_780V_30T_20s_movie1-01_processed_low.czi.dot_volumes.pkl, results/tracks4/2020_11_25_WAPL_noIAA_488nm_0p5_561nm_0p05_SC8_2X_30z_250nm_780V_365T_20s_movie1-01_processed_low.czi.dot_volumes.pkl, results/tracks4/2020_11_26_WAPL_noIAA_488nm_0p5_561nm_0p05_SC8_2X_30z_250nm_780V_365T_20s_movie2-01_processed_low.czi.dot_volumes.pkl, results/tracks4/2020_11_24_WAPL_sixhoursIAA_488nm_0p5_561nm_0p05_SC8_2X_30z_250nm_780V_365T_20s_movie1-01_processed_low.czi.dot_volumes.pkl, results/tracks4/2020_11_22_WAPL_noIAA_488nm_0p5_561nm_0p05_SC8_2X_30z_250nm_780V_30T_20s_movie1-02_processed_low.czi.dot_volumes.pkl, results/tracks4/2020_11_26_WAPL_fourhoursIAA_488nm_0p5_561nm_0p05_SC8_2X_30z_250nm_780V_365T_20s_movie1-01_processed_low.czi.dot_volumes.pkl, results/tracks4/2020_11_26_WAPL_sixhoursIAA_488nm_0p5_561nm_0p05_SC8_2X_30z_250nm_780V_365T_20s_movie1-01_processed_low.czi.dot_volumes.pkl, results/tracks4/2020_11_24_WAPL_noIAA_488nm_0p5_561nm_0p05_SC8_2X_30z_250nm_780V_365T_20s_movie2-01_processed_low.czi.dot_volumes.pkl, results/tracks4/2020_11_22_2020_11_22_WAPL_fourhoursIAA_488nm_0p5_561nm_0p05_SC8_2X_30z_250nm_780V_30T_20s_movie1-01_processed_low.czi.dot_volumes.pkl, results/tracks4/2020_11_23_WAPL_fourhoursIAA_488nm_0p5_561nm_0p05_SC8_2X_30z_250nm_780V_30T_20s_movie1-01_processed_low.czi.dot_volumes.pkl, results/tracks4/2020_11_23_WAPL_noIAA_488nm_0p5_561nm_0p05_SC8_2X_30z_250nm_780V_30T_20s_movie1-02_processed_low.czi.dot_volumes.pkl, results/tracks4/2020_11_24_WAPL_noIAA_488nm_0p5_561nm_0p05_SC8_2X_30z_250nm_780V_365T_20s_movie1-01_processed_low.czi.dot_volumes.pkl, results/tracks4/2020_11_25_WAPL_noIAA_488nm_0p5_561nm_0p05_SC8_2X_30z_250nm_780V_365T_20s_movie2-01_processed_low.czi.dot_volumes.pkl, results/tracks4/2020_11_22_WAPL_noIAA_488nm_0p5_561nm_0p05_SC8_2X_30z_250nm_780V_30T_20s_movie2-02_processed_low.czi.dot_volumes.pkl, results/tracks4/2020_11_25_WAPL_fourhoursIAA_488nm_0p5_561nm_0p05_SC8_2X_30z_250nm_780V_365T_20s_movie1-01_processed_low.czi.dot_volumes.pkl, results/tracks4/2020_11_25_WAPL_sixhoursIAA_488nm_0p5_561nm_0p05_SC8_2X_30z_250nm_780V_365T_20s_movie1-01_processed_low.czi.dot_volumes.pkl, results/tracks4/2020_11_24_WAPL_fourhoursIAA_488nm_0p5_561nm_0p05_SC8_2X_30z_250nm_780V_365T_20s_movie1-01_processed_low.czi.dot_volumes.pkl, results/tracks4/2020_12_08_WAPL_noIAA_488nm_0p5_561nm_0p05_SC8_2X_30z_250nm_780V_365T_20s_movie2-01_processed_low.czi.movie.mp4, results/tracks4/2020_12_03_WAPL_sixhoursIAA_488nm_0p5_561nm_0p05_SC8_2X_30z_250nm_780V_365T_20s_movie2-01_processed_low.czi.movie.mp4, results/tracks4/2020_12_08_WAPL_sixhoursIAA_488nm_0p5_561nm_0p05_SC8_2X_30z_250nm_780V_365T_20s_movie3-03_processed_low.czi.movie.mp4, results/tracks4/2020_12_08_WAPL_fourhoursIAA_488nm_0p5_561nm_0p05_SC8_2X_30z_250nm_780V_365T_20s_movie1-03_processed_low.czi.movie.mp4, results/tracks4/2020_12_07_WAPL_fourhoursIAA_488nm_0p5_561nm_0p05_SC8_2X_30z_250nm_780V_365T_20s_movie3-01_processed_low.czi.movie.mp4, results/tracks4/2020_12_07_WAPL_fourhoursIAA_488nm_0p5_561nm_0p05_SC8_2X_30z_250nm_780V_365T_20s_movie1-01_processed_low.czi.movie.mp4, results/tracks4/2020_12_03_WAPL_sixhoursIAA_488nm_0p5_561nm_0p05_SC8_2X_30z_250nm_780V_365T_20s_movie1-01_processed_low.czi.movie.mp4, results/tracks4/2020_12_03_WAPL_fourhoursIAA_488nm_0p5_561nm_0p05_SC8_2X_30z_250nm_780V_365T_20s_movie1-01_processed_low.czi.movie.mp4, results/tracks4/2020_12_08_WAPL_sixhoursIAA_488nm_0p5_561nm_0p05_SC8_2X_30z_250nm_780V_365T_20s_movie2-01_processed_low.czi.movie.mp4, results/tracks4/2020_12_08_WAPL_sixhoursIAA_488nm_0p5_561nm_0p05_SC8_2X_30z_250nm_780V_365T_20s_movie1-01_processed_low.czi.movie.mp4, results/tracks4/2020_12_06_WAPL_fourhoursIAA_488nm_0p5_561nm_0p05_SC8_2X_30z_250nm_780V_365T_20s_movie1-01_processed_low.czi.movie.mp4, results/tracks4/2020_12_03_WAPL_fourhoursIAA_488nm_0p5_561nm_0p05_SC8_2X_30z_250nm_780V_365T_20s_movie2-01_processed_low.czi.movie.mp4, results/tracks4/2020_12_06_WAPL_sixhoursIAA_488nm_0p5_561nm_0p05_SC8_2X_30z_250nm_780V_365T_20s_movie1-01_processed_low.czi.movie.mp4, results/tracks4/2020_12_04_WAPL_sixhoursIAA_488nm_0p5_561nm_0p05_SC8_2X_30z_250nm_780V_365T_20s_movie3-01_processed_low.czi.movie.mp4, results/tracks4/2020_12_08_WAPL_noIAA_488nm_0p5_561nm_0p05_SC8_2X_30z_250nm_780V_365T_20s_movie1-02_processed_low.czi.movie.mp4, results/tracks4/2020_12_02_WAPL_noIAA_488nm_0p5_561nm_0p05_SC8_2X_30z_250nm_780V_365T_20s_movie1-01-01_processed_low.czi.movie.mp4, results/tracks4/2020_12_08_WAPL_fourhoursIAA_488nm_0p5_561nm_0p05_SC8_2X_30z_250nm_780V_365T_20s_movie3-01_processed_low.czi.movie.mp4, results/tracks4/2020_12_03_WAPL_noIAA_488nm_0p5_561nm_0p05_SC8_2X_30z_250nm_780V_365T_20s_movie1-03_processed_low.czi.movie.mp4, results/tracks4/2020_12_08_WAPL_fourhoursIAA_488nm_0p5_561nm_0p05_SC8_2X_30z_250nm_780V_365T_20s_movie1-01_processed_low.czi.movie.mp4, results/tracks4/2020_12_03_WAPL_noIAA_488nm_0p5_561nm_0p05_SC8_2X_30z_250nm_780V_365T_20s_movie2-01_processed_low.czi.movie.mp4, results/tracks4/2020_12_08_WAPL_sixhoursIAA_488nm_0p5_561nm_0p05_SC8_2X_30z_250nm_780V_365T_20s_movie3-01_processed_low.czi.movie.mp4, results/tracks4/2020_12_03_WAPL_fourhoursIAA_488nm_0p5_561nm_0p05_SC8_2X_30z_250nm_780V_365T_20s_movie3-01_processed_low.czi.movie.mp4, results/tracks4/2020_12_07_WAPL_fourhoursIAA_488nm_0p5_561nm_0p05_SC8_2X_30z_250nm_780V_365T_20s_movie2-01_processed_low.czi.movie.mp4, results/tracks4/2020_12_07_WAPL_sixhoursIAA_488nm_0p5_561nm_0p05_SC8_2X_30z_250nm_780V_365T_20s_movie2-01_processed_low.czi.movie.mp4, results/tracks4/2020_12_07_WAPL_noIAA_488nm_0p5_561nm_0p05_SC8_2X_30z_250nm_780V_365T_20s_movie2-01_processed_low.czi.movie.mp4, results/tracks4/2020_12_07_WAPL_noIAA_488nm_0p5_561nm_0p05_SC8_2X_30z_250nm_780V_365T_20s_movie1-01_processed_low.czi.movie.mp4, results/tracks4/2020_12_07_WAPL_sixhoursIAA_488nm_0p5_561nm_0p05_SC8_2X_30z_250nm_780V_365T_20s_movie1-02_processed_low.czi.movie.mp4, results/tracks4/2020_11_23WAPL_sixhoursIAA_488nm_0p5_561nm_0p05_SC8_2X_30z_250nm_780V_30T_20s_movie1-01_processed_low.czi.movie.mp4, results/tracks4/2020_11_23_WAPL_noIAA_488nm_0p5_561nm_0p05_SC8_2X_30z_250nm_780V_30T_20s_movie1-01_processed_low.czi.movie.mp4, results/tracks4/2020_11_22_2020_11_22_WAPL_sixhoursIAA_488nm_0p5_561nm_0p05_SC8_2X_30z_250nm_780V_30T_20s_movie1-01_processed_low.czi.movie.mp4, results/tracks4/2020_11_25_WAPL_noIAA_488nm_0p5_561nm_0p05_SC8_2X_30z_250nm_780V_365T_20s_movie1-01_processed_low.czi.movie.mp4, results/tracks4/2020_11_26_WAPL_noIAA_488nm_0p5_561nm_0p05_SC8_2X_30z_250nm_780V_365T_20s_movie2-01_processed_low.czi.movie.mp4, results/tracks4/2020_11_24_WAPL_sixhoursIAA_488nm_0p5_561nm_0p05_SC8_2X_30z_250nm_780V_365T_20s_movie1-01_processed_low.czi.movie.mp4, results/tracks4/2020_11_22_WAPL_noIAA_488nm_0p5_561nm_0p05_SC8_2X_30z_250nm_780V_30T_20s_movie1-02_processed_low.czi.movie.mp4, results/tracks4/2020_11_26_WAPL_fourhoursIAA_488nm_0p5_561nm_0p05_SC8_2X_30z_250nm_780V_365T_20s_movie1-01_processed_low.czi.movie.mp4, results/tracks4/2020_11_26_WAPL_sixhoursIAA_488nm_0p5_561nm_0p05_SC8_2X_30z_250nm_780V_365T_20s_movie1-01_processed_low.czi.movie.mp4, results/tracks4/2020_11_24_WAPL_noIAA_488nm_0p5_561nm_0p05_SC8_2X_30z_250nm_780V_365T_20s_movie2-01_processed_low.czi.movie.mp4, results/tracks4/2020_11_22_2020_11_22_WAPL_fourhoursIAA_488nm_0p5_561nm_0p05_SC8_2X_30z_250nm_780V_30T_20s_movie1-01_processed_low.czi.movie.mp4, results/tracks4/2020_11_23_WAPL_fourhoursIAA_488nm_0p5_561nm_0p05_SC8_2X_30z_250nm_780V_30T_20s_movie1-01_processed_low.czi.movie.mp4, results/tracks4/2020_11_23_WAPL_noIAA_488nm_0p5_561nm_0p05_SC8_2X_30z_250nm_780V_30T_20s_movie1-02_processed_low.czi.movie.mp4, results/tracks4/2020_11_24_WAPL_noIAA_488nm_0p5_561nm_0p05_SC8_2X_30z_250nm_780V_365T_20s_movie1-01_processed_low.czi.movie.mp4, results/tracks4/2020_11_25_WAPL_noIAA_488nm_0p5_561nm_0p05_SC8_2X_30z_250nm_780V_365T_20s_movie2-01_processed_low.czi.movie.mp4, results/tracks4/2020_11_22_WAPL_noIAA_488nm_0p5_561nm_0p05_SC8_2X_30z_250nm_780V_30T_20s_movie2-02_processed_low.czi.movie.mp4, results/tracks4/2020_11_25_WAPL_fourhoursIAA_488nm_0p5_561nm_0p05_SC8_2X_30z_250nm_780V_365T_20s_movie1-01_processed_low.czi.movie.mp4, results/tracks4/2020_11_25_WAPL_sixhoursIAA_488nm_0p5_561nm_0p05_SC8_2X_30z_250nm_780V_365T_20s_movie1-01_processed_low.czi.movie.mp4, results/tracks4/2020_11_24_WAPL_fourhoursIAA_488nm_0p5_561nm_0p05_SC8_2X_30z_250nm_780V_365T_20s_movie1-01_processed_low.czi.movie.mp4, results/tracks4/2020_12_08_WAPL_noIAA_488nm_0p5_561nm_0p05_SC8_2X_30z_250nm_780V_365T_20s_movie2-01_processed_low.czi.movie_filt.mp4, results/tracks4/2020_12_03_WAPL_sixhoursIAA_488nm_0p5_561nm_0p05_SC8_2X_30z_250nm_780V_365T_20s_movie2-01_processed_low.czi.movie_filt.mp4, results/tracks4/2020_12_08_WAPL_sixhoursIAA_488nm_0p5_561nm_0p05_SC8_2X_30z_250nm_780V_365T_20s_movie3-03_processed_low.czi.movie_filt.mp4, results/tracks4/2020_12_08_WAPL_fourhoursIAA_488nm_0p5_561nm_0p05_SC8_2X_30z_250nm_780V_365T_20s_movie1-03_processed_low.czi.movie_filt.mp4, results/tracks4/2020_12_07_WAPL_fourhoursIAA_488nm_0p5_561nm_0p05_SC8_2X_30z_250nm_780V_365T_20s_movie3-01_processed_low.czi.movie_filt.mp4, results/tracks4/2020_12_07_WAPL_fourhoursIAA_488nm_0p5_561nm_0p05_SC8_2X_30z_250nm_780V_365T_20s_movie1-01_processed_low.czi.movie_filt.mp4, results/tracks4/2020_12_03_WAPL_sixhoursIAA_488nm_0p5_561nm_0p05_SC8_2X_30z_250nm_780V_365T_20s_movie1-01_processed_low.czi.movie_filt.mp4, results/tracks4/2020_12_03_WAPL_fourhoursIAA_488nm_0p5_561nm_0p05_SC8_2X_30z_250nm_780V_365T_20s_movie1-01_processed_low.czi.movie_filt.mp4, results/tracks4/2020_12_08_WAPL_sixhoursIAA_488nm_0p5_561nm_0p05_SC8_2X_30z_250nm_780V_365T_20s_movie2-01_processed_low.czi.movie_filt.mp4, results/tracks4/2020_12_08_WAPL_sixhoursIAA_488nm_0p5_561nm_0p05_SC8_2X_30z_250nm_780V_365T_20s_movie1-01_processed_low.czi.movie_filt.mp4, results/tracks4/2020_12_06_WAPL_fourhoursIAA_488nm_0p5_561nm_0p05_SC8_2X_30z_250nm_780V_365T_20s_movie1-01_processed_low.czi.movie_filt.mp4, results/tracks4/2020_12_03_WAPL_fourhoursIAA_488nm_0p5_561nm_0p05_SC8_2X_30z_250nm_780V_365T_20s_movie2-01_processed_low.czi.movie_filt.mp4, results/tracks4/2020_12_06_WAPL_sixhoursIAA_488nm_0p5_561nm_0p05_SC8_2X_30z_250nm_780V_365T_20s_movie1-01_processed_low.czi.movie_filt.mp4, results/tracks4/2020_12_04_WAPL_sixhoursIAA_488nm_0p5_561nm_0p05_SC8_2X_30z_250nm_780V_365T_20s_movie3-01_processed_low.czi.movie_filt.mp4, results/tracks4/2020_12_08_WAPL_noIAA_488nm_0p5_561nm_0p05_SC8_2X_30z_250nm_780V_365T_20s_movie1-02_processed_low.czi.movie_filt.mp4, results/tracks4/2020_12_02_WAPL_noIAA_488nm_0p5_561nm_0p05_SC8_2X_30z_250nm_780V_365T_20s_movie1-01-01_processed_low.czi.movie_filt.mp4, results/tracks4/2020_12_08_WAPL_fourhoursIAA_488nm_0p5_561nm_0p05_SC8_2X_30z_250nm_780V_365T_20s_movie3-01_processed_low.czi.movie_filt.mp4, results/tracks4/2020_12_03_WAPL_noIAA_488nm_0p5_561nm_0p05_SC8_2X_30z_250nm_780V_365T_20s_movie1-03_processed_low.czi.movie_filt.mp4, results/tracks4/2020_12_08_WAPL_fourhoursIAA_488nm_0p5_561nm_0p05_SC8_2X_30z_250nm_780V_365T_20s_movie1-01_processed_low.czi.movie_filt.mp4, results/tracks4/2020_12_03_WAPL_noIAA_488nm_0p5_561nm_0p05_SC8_2X_30z_250nm_780V_365T_20s_movie2-01_processed_low.czi.movie_filt.mp4, results/tracks4/2020_12_08_WAPL_sixhoursIAA_488nm_0p5_561nm_0p05_SC8_2X_30z_250nm_780V_365T_20s_movie3-01_processed_low.czi.movie_filt.mp4, results/tracks4/2020_12_03_WAPL_fourhoursIAA_488nm_0p5_561nm_0p05_SC8_2X_30z_250nm_780V_365T_20s_movie3-01_processed_low.czi.movie_filt.mp4, results/tracks4/2020_12_07_WAPL_fourhoursIAA_488nm_0p5_561nm_0p05_SC8_2X_30z_250nm_780V_365T_20s_movie2-01_processed_low.czi.movie_filt.mp4, results/tracks4/2020_12_07_WAPL_sixhoursIAA_488nm_0p5_561nm_0p05_SC8_2X_30z_250nm_780V_365T_20s_movie2-01_processed_low.czi.movie_filt.mp4, results/tracks4/2020_12_07_WAPL_noIAA_488nm_0p5_561nm_0p05_SC8_2X_30z_250nm_780V_365T_20s_movie2-01_processed_low.czi.movie_filt.mp4, results/tracks4/2020_12_07_WAPL_noIAA_488nm_0p5_561nm_0p05_SC8_2X_30z_250nm_780V_365T_20s_movie1-01_processed_low.czi.movie_filt.mp4, results/tracks4/2020_12_07_WAPL_sixhoursIAA_488nm_0p5_561nm_0p05_SC8_2X_30z_250nm_780V_365T_20s_movie1-02_processed_low.czi.movie_filt.mp4, results/tracks4/2020_11_23WAPL_sixhoursIAA_488nm_0p5_561nm_0p05_SC8_2X_30z_250nm_780V_30T_20s_movie1-01_processed_low.czi.movie_filt.mp4, results/tracks4/2020_11_23_WAPL_noIAA_488nm_0p5_561nm_0p05_SC8_2X_30z_250nm_780V_30T_20s_movie1-01_processed_low.czi.movie_filt.mp4, results/tracks4/2020_11_22_2020_11_22_WAPL_sixhoursIAA_488nm_0p5_561nm_0p05_SC8_2X_30z_250nm_780V_30T_20s_movie1-01_processed_low.czi.movie_filt.mp4, results/tracks4/2020_11_25_WAPL_noIAA_488nm_0p5_561nm_0p05_SC8_2X_30z_250nm_780V_365T_20s_movie1-01_processed_low.czi.movie_filt.mp4, results/tracks4/2020_11_26_WAPL_noIAA_488nm_0p5_561nm_0p05_SC8_2X_30z_250nm_780V_365T_20s_movie2-01_processed_low.czi.movie_filt.mp4, results/tracks4/2020_11_24_WAPL_sixhoursIAA_488nm_0p5_561nm_0p05_SC8_2X_30z_250nm_780V_365T_20s_movie1-01_processed_low.czi.movie_filt.mp4, results/tracks4/2020_11_22_WAPL_noIAA_488nm_0p5_561nm_0p05_SC8_2X_30z_250nm_780V_30T_20s_movie1-02_processed_low.czi.movie_filt.mp4, results/tracks4/2020_11_26_WAPL_fourhoursIAA_488nm_0p5_561nm_0p05_SC8_2X_30z_250nm_780V_365T_20s_movie1-01_processed_low.czi.movie_filt.mp4, results/tracks4/2020_11_26_WAPL_sixhoursIAA_488nm_0p5_561nm_0p05_SC8_2X_30z_250nm_780V_365T_20s_movie1-01_processed_low.czi.movie_filt.mp4, results/tracks4/2020_11_24_WAPL_noIAA_488nm_0p5_561nm_0p05_SC8_2X_30z_250nm_780V_365T_20s_movie2-01_processed_low.czi.movie_filt.mp4, results/tracks4/2020_11_22_2020_11_22_WAPL_fourhoursIAA_488nm_0p5_561nm_0p05_SC8_2X_30z_250nm_780V_30T_20s_movie1-01_processed_low.czi.movie_filt.mp4, results/tracks4/2020_11_23_WAPL_fourhoursIAA_488nm_0p5_561nm_0p05_SC8_2X_30z_250nm_780V_30T_20s_movie1-01_processed_low.czi.movie_filt.mp4, results/tracks4/2020_11_23_WAPL_noIAA_488nm_0p5_561nm_0p05_SC8_2X_30z_250nm_780V_30T_20s_movie1-02_processed_low.czi.movie_filt.mp4, results/tracks4/2020_11_24_WAPL_noIAA_488nm_0p5_561nm_0p05_SC8_2X_30z_250nm_780V_365T_20s_movie1-01_processed_low.czi.movie_filt.mp4, results/tracks4/2020_11_25_WAPL_noIAA_488nm_0p5_561nm_0p05_SC8_2X_30z_250nm_780V_365T_20s_movie2-01_processed_low.czi.movie_filt.mp4, results/tracks4/2020_11_22_WAPL_noIAA_488nm_0p5_561nm_0p05_SC8_2X_30z_250nm_780V_30T_20s_movie2-02_processed_low.czi.movie_filt.mp4, results/tracks4/2020_11_25_WAPL_fourhoursIAA_488nm_0p5_561nm_0p05_SC8_2X_30z_250nm_780V_365T_20s_movie1-01_processed_low.czi.movie_filt.mp4, results/tracks4/2020_11_25_WAPL_sixhoursIAA_488nm_0p5_561nm_0p05_SC8_2X_30z_250nm_780V_365T_20s_movie1-01_processed_low.czi.movie_filt.mp4, results/tracks4/2020_11_24_WAPL_fourhoursIAA_488nm_0p5_561nm_0p05_SC8_2X_30z_250nm_780V_365T_20s_movie1-01_processed_low.czi.movie_filt.mp4
    jobid: 0

[Wed Apr  7 23:20:53 2021]
Finished job 0.
47 of 47 steps (100%) done
Complete log: /home/hbrandao/libs/data_analysis_Fbn2/snakemake/workflow/.snakemake/log/2021-04-07T085557.253131.snakemake.log
