Building DAG of jobs...
Using shell: /bin/bash
Provided cores: 10
Rules claiming more threads will be scaled down.
Job counts:
	count	jobs
	1	all
	436	apply_chromatic_shift_corrections
	436	classify_trajectories
	17	compute_summary_statistics
	40	get_bead_localizations
	436	get_chromatic_shift_corrections
	1366

[Tue May 18 08:45:58 2021]
rule get_bead_localizations:
    input: /mnt/md0/Hansen Lab Dropbox/DataStorage/Imaging/Fbn2/processed/2021_05_C/2021_05_16_BeadSandwitch_488nm_1p5_561nm_1p5_SC8_2X_80z_160nm_780V_10T_0s_movie4-01.czi
    output: results/Beads/2021_05_16_BeadSandwitch_488nm_1p5_561nm_1p5_SC8_2X_80z_160nm_780V_10T_0s_movie4-01.czi.localizations.csv
    jobid: 158
    wildcards: bead_group=Beads, bead_name=2021_05_16_BeadSandwitch_488nm_1p5_561nm_1p5_SC8_2X_80z_160nm_780V_10T_0s_movie4-01.czi
    resources: mem_gb=50

[Tue May 18 08:45:58 2021]
rule get_bead_localizations:
    input: /mnt/md0/Hansen Lab Dropbox/DataStorage/Imaging/Fbn2/processed/2021_05_C/2021_05_16_BeadSandwitch_488nm_1p5_561nm_1p5_SC8_2X_80z_160nm_780V_10T_0s_movie6-01.czi
    output: results/Beads/2021_05_16_BeadSandwitch_488nm_1p5_561nm_1p5_SC8_2X_80z_160nm_780V_10T_0s_movie6-01.czi.localizations.csv
    jobid: 173
    wildcards: bead_group=Beads, bead_name=2021_05_16_BeadSandwitch_488nm_1p5_561nm_1p5_SC8_2X_80z_160nm_780V_10T_0s_movie6-01.czi
    resources: mem_gb=50

[Tue May 18 08:45:58 2021]
rule get_bead_localizations:
    input: /mnt/md0/Hansen Lab Dropbox/DataStorage/Imaging/Fbn2/processed/2021_05_C/2021_05_16_BeadSandwitch_488nm_1p5_561nm_1p5_SC8_2X_80z_160nm_780V_10T_0s_movie1-01.czi
    output: results/Beads/2021_05_16_BeadSandwitch_488nm_1p5_561nm_1p5_SC8_2X_80z_160nm_780V_10T_0s_movie1-01.czi.localizations.csv
    jobid: 162
    wildcards: bead_group=Beads, bead_name=2021_05_16_BeadSandwitch_488nm_1p5_561nm_1p5_SC8_2X_80z_160nm_780V_10T_0s_movie1-01.czi
    resources: mem_gb=50

[Tue May 18 08:45:58 2021]
rule get_bead_localizations:
    input: /mnt/md0/Hansen Lab Dropbox/DataStorage/Imaging/Fbn2/processed/2021_05_C/2021_05_10_BeadSandwitch_488nm_1p5_561nm_1p5_SC8_2X_80z_160nm_780V_10T_0s_movie1-01.czi
    output: results/Beads/2021_05_10_BeadSandwitch_488nm_1p5_561nm_1p5_SC8_2X_80z_160nm_780V_10T_0s_movie1-01.czi.localizations.csv
    jobid: 176
    wildcards: bead_group=Beads, bead_name=2021_05_10_BeadSandwitch_488nm_1p5_561nm_1p5_SC8_2X_80z_160nm_780V_10T_0s_movie1-01.czi
    resources: mem_gb=50

[Tue May 18 08:45:58 2021]
rule get_bead_localizations:
    input: /mnt/md0/Hansen Lab Dropbox/DataStorage/Imaging/Fbn2/processed/2021_05_C/2021_05_16_BeadSandwitch_488nm_1p5_561nm_1p5_SC8_2X_80z_160nm_780V_10T_0s_movie7-01.czi
    output: results/Beads/2021_05_16_BeadSandwitch_488nm_1p5_561nm_1p5_SC8_2X_80z_160nm_780V_10T_0s_movie7-01.czi.localizations.csv
    jobid: 178
    wildcards: bead_group=Beads, bead_name=2021_05_16_BeadSandwitch_488nm_1p5_561nm_1p5_SC8_2X_80z_160nm_780V_10T_0s_movie7-01.czi
    resources: mem_gb=50

[Tue May 18 08:45:58 2021]
rule get_bead_localizations:
    input: /mnt/md0/Hansen Lab Dropbox/DataStorage/Imaging/Fbn2/processed/2021_05_C/2021_05_16_BeadSandwitch_488nm_1p5_561nm_1p5_SC8_2X_80z_160nm_780V_10T_0s_movie9-01.czi
    output: results/Beads/2021_05_16_BeadSandwitch_488nm_1p5_561nm_1p5_SC8_2X_80z_160nm_780V_10T_0s_movie9-01.czi.localizations.csv
    jobid: 166
    wildcards: bead_group=Beads, bead_name=2021_05_16_BeadSandwitch_488nm_1p5_561nm_1p5_SC8_2X_80z_160nm_780V_10T_0s_movie9-01.czi
    resources: mem_gb=50

[Tue May 18 08:45:58 2021]
rule get_bead_localizations:
    input: /mnt/md0/Hansen Lab Dropbox/DataStorage/Imaging/Fbn2/processed/2021_05_C/2021_05_10_BeadSandwitch_488nm_1p5_561nm_1p5_SC8_2X_80z_160nm_780V_10T_0s_movie3-01.czi
    output: results/Beads/2021_05_10_BeadSandwitch_488nm_1p5_561nm_1p5_SC8_2X_80z_160nm_780V_10T_0s_movie3-01.czi.localizations.csv
    jobid: 159
    wildcards: bead_group=Beads, bead_name=2021_05_10_BeadSandwitch_488nm_1p5_561nm_1p5_SC8_2X_80z_160nm_780V_10T_0s_movie3-01.czi
    resources: mem_gb=50

[Tue May 18 08:45:58 2021]
rule get_bead_localizations:
    input: /mnt/md0/Hansen Lab Dropbox/DataStorage/Imaging/Fbn2/processed/2021_05_C/2021_05_16_BeadSandwitch_488nm_1p5_561nm_1p5_SC8_2X_80z_160nm_780V_10T_0s_movie8-01.czi
    output: results/Beads/2021_05_16_BeadSandwitch_488nm_1p5_561nm_1p5_SC8_2X_80z_160nm_780V_10T_0s_movie8-01.czi.localizations.csv
    jobid: 161
    wildcards: bead_group=Beads, bead_name=2021_05_16_BeadSandwitch_488nm_1p5_561nm_1p5_SC8_2X_80z_160nm_780V_10T_0s_movie8-01.czi
    resources: mem_gb=50

[Tue May 18 08:45:58 2021]
rule get_bead_localizations:
    input: /mnt/md0/Hansen Lab Dropbox/DataStorage/Imaging/Fbn2/processed/2021_05_C/2021_05_10_BeadSandwitch_488nm_1p5_561nm_1p5_SC8_2X_80z_160nm_780V_10T_0s_movie2-01.czi
    output: results/Beads/2021_05_10_BeadSandwitch_488nm_1p5_561nm_1p5_SC8_2X_80z_160nm_780V_10T_0s_movie2-01.czi.localizations.csv
    jobid: 177
    wildcards: bead_group=Beads, bead_name=2021_05_10_BeadSandwitch_488nm_1p5_561nm_1p5_SC8_2X_80z_160nm_780V_10T_0s_movie2-01.czi
    resources: mem_gb=50

[Tue May 18 08:45:58 2021]
rule get_bead_localizations:
    input: /mnt/md0/Hansen Lab Dropbox/DataStorage/Imaging/Fbn2/processed/2021_05_C/2021_05_16_BeadSandwitch_488nm_1p5_561nm_1p5_SC8_2X_80z_160nm_780V_10T_0s_movie2-02.czi
    output: results/Beads/2021_05_16_BeadSandwitch_488nm_1p5_561nm_1p5_SC8_2X_80z_160nm_780V_10T_0s_movie2-02.czi.localizations.csv
    jobid: 165
    wildcards: bead_group=Beads, bead_name=2021_05_16_BeadSandwitch_488nm_1p5_561nm_1p5_SC8_2X_80z_160nm_780V_10T_0s_movie2-02.czi
    resources: mem_gb=50

Job failed, going on with independent jobs.

[Tue May 18 08:46:44 2021]
rule get_bead_localizations:
    input: /mnt/md0/Hansen Lab Dropbox/DataStorage/Imaging/Fbn2/processed/2021_05_C/2021_05_16_BeadSandwitch_488nm_1p5_561nm_1p5_SC8_2X_80z_160nm_780V_10T_0s_movie3-01.czi
    output: results/Beads/2021_05_16_BeadSandwitch_488nm_1p5_561nm_1p5_SC8_2X_80z_160nm_780V_10T_0s_movie3-01.czi.localizations.csv
    jobid: 172
    wildcards: bead_group=Beads, bead_name=2021_05_16_BeadSandwitch_488nm_1p5_561nm_1p5_SC8_2X_80z_160nm_780V_10T_0s_movie3-01.czi
    resources: mem_gb=50

Job failed, going on with independent jobs.

[Tue May 18 08:46:45 2021]
rule get_bead_localizations:
    input: /mnt/md0/Hansen Lab Dropbox/DataStorage/Imaging/Fbn2/processed/2021_05_C/2021_05_16_BeadSandwitch_488nm_1p5_561nm_1p5_SC8_2X_80z_160nm_780V_10T_0s_movie5-01.czi
    output: results/Beads/2021_05_16_BeadSandwitch_488nm_1p5_561nm_1p5_SC8_2X_80z_160nm_780V_10T_0s_movie5-01.czi.localizations.csv
    jobid: 160
    wildcards: bead_group=Beads, bead_name=2021_05_16_BeadSandwitch_488nm_1p5_561nm_1p5_SC8_2X_80z_160nm_780V_10T_0s_movie5-01.czi
    resources: mem_gb=50

Job failed, going on with independent jobs.

[Tue May 18 08:46:45 2021]
rule get_bead_localizations:
    input: /mnt/md0/Hansen Lab Dropbox/DataStorage/Imaging/Fbn2/processed/2020_09_A/2020_10_01_BEADS_488nm_1p5_561nm_1p5_SC8_2X_20z_160nm_780V_20T_0s_movie1-01_processed_low.czi
    output: results/Beads/2020_10_01_BEADS_488nm_1p5_561nm_1p5_SC8_2X_20z_160nm_780V_20T_0s_movie1-01_processed_low.czi.localizations.csv
    jobid: 370
    wildcards: bead_group=Beads, bead_name=2020_10_01_BEADS_488nm_1p5_561nm_1p5_SC8_2X_20z_160nm_780V_20T_0s_movie1-01_processed_low.czi
    resources: mem_gb=50

Job failed, going on with independent jobs.

[Tue May 18 08:46:45 2021]
rule get_bead_localizations:
    input: /mnt/md0/Hansen Lab Dropbox/DataStorage/Imaging/Fbn2/processed/2021_05_C/2021_05_10_BEADS_488nm_1p5_561nm_1p5_SC8_2X_20z_160nm_780V_20T_0s_movie1-01.czi
    output: results/Beads/2021_05_10_BEADS_488nm_1p5_561nm_1p5_SC8_2X_20z_160nm_780V_20T_0s_movie1-01.czi.localizations.csv
    jobid: 170
    wildcards: bead_group=Beads, bead_name=2021_05_10_BEADS_488nm_1p5_561nm_1p5_SC8_2X_20z_160nm_780V_20T_0s_movie1-01.czi
    resources: mem_gb=50

Job failed, going on with independent jobs.

[Tue May 18 08:46:45 2021]
rule get_bead_localizations:
    input: /mnt/md0/Hansen Lab Dropbox/DataStorage/Imaging/Fbn2/processed/2021_05_C/2021_05_10_BEADS_488nm_1p5_561nm_1p5_SC8_2X_20z_160nm_780V_20T_0s_movie2-01.czi
    output: results/Beads/2021_05_10_BEADS_488nm_1p5_561nm_1p5_SC8_2X_20z_160nm_780V_20T_0s_movie2-01.czi.localizations.csv
    jobid: 164
    wildcards: bead_group=Beads, bead_name=2021_05_10_BEADS_488nm_1p5_561nm_1p5_SC8_2X_20z_160nm_780V_20T_0s_movie2-01.czi
    resources: mem_gb=50

Job failed, going on with independent jobs.

[Tue May 18 08:46:47 2021]
rule get_bead_localizations:
    input: /mnt/md0/Hansen Lab Dropbox/DataStorage/Imaging/Fbn2/processed/2021_05_C/2021_05_11_BEADS_488nm_1p5_561nm_1p5_SC8_2X_20z_160nm_780V_20T_0s_movie5-01.czi
    output: results/Beads/2021_05_11_BEADS_488nm_1p5_561nm_1p5_SC8_2X_20z_160nm_780V_20T_0s_movie5-01.czi.localizations.csv
    jobid: 171
    wildcards: bead_group=Beads, bead_name=2021_05_11_BEADS_488nm_1p5_561nm_1p5_SC8_2X_20z_160nm_780V_20T_0s_movie5-01.czi
    resources: mem_gb=50

Job failed, going on with independent jobs.

[Tue May 18 08:46:52 2021]
rule get_bead_localizations:
    input: /mnt/md0/Hansen Lab Dropbox/DataStorage/Imaging/Fbn2/processed/2021_05_C/2021_05_10_BEADS_488nm_1p5_561nm_1p5_SC8_2X_20z_160nm_780V_20T_0s_movie3-01.czi
    output: results/Beads/2021_05_10_BEADS_488nm_1p5_561nm_1p5_SC8_2X_20z_160nm_780V_20T_0s_movie3-01.czi.localizations.csv
    jobid: 179
    wildcards: bead_group=Beads, bead_name=2021_05_10_BEADS_488nm_1p5_561nm_1p5_SC8_2X_20z_160nm_780V_20T_0s_movie3-01.czi
    resources: mem_gb=50

Job failed, going on with independent jobs.

[Tue May 18 08:46:57 2021]
rule get_bead_localizations:
    input: /mnt/md0/Hansen Lab Dropbox/DataStorage/Imaging/Fbn2/processed/2021_05_C/2021_05_11_BEADS_488nm_1p5_561nm_1p5_SC8_2X_20z_160nm_780V_20T_0s_movie4-01.czi
    output: results/Beads/2021_05_11_BEADS_488nm_1p5_561nm_1p5_SC8_2X_20z_160nm_780V_20T_0s_movie4-01.czi.localizations.csv
    jobid: 174
    wildcards: bead_group=Beads, bead_name=2021_05_11_BEADS_488nm_1p5_561nm_1p5_SC8_2X_20z_160nm_780V_20T_0s_movie4-01.czi
    resources: mem_gb=50

Job failed, going on with independent jobs.

[Tue May 18 08:46:57 2021]
rule get_bead_localizations:
    input: /mnt/md0/Hansen Lab Dropbox/DataStorage/Imaging/Fbn2/processed/2021_05_C/2021_05_11_BEADS_488nm_1p5_561nm_1p5_SC8_2X_20z_160nm_780V_20T_0s_movie2-01.czi
    output: results/Beads/2021_05_11_BEADS_488nm_1p5_561nm_1p5_SC8_2X_20z_160nm_780V_20T_0s_movie2-01.czi.localizations.csv
    jobid: 175
    wildcards: bead_group=Beads, bead_name=2021_05_11_BEADS_488nm_1p5_561nm_1p5_SC8_2X_20z_160nm_780V_20T_0s_movie2-01.czi
    resources: mem_gb=50

Job failed, going on with independent jobs.

[Tue May 18 08:46:59 2021]
rule get_bead_localizations:
    input: /mnt/md0/Hansen Lab Dropbox/DataStorage/Imaging/Fbn2/processed/2021_05_C/2021_05_11_BEADS_488nm_1p5_561nm_1p5_SC8_2X_20z_160nm_780V_20T_0s_movie1-01.czi
    output: results/Beads/2021_05_11_BEADS_488nm_1p5_561nm_1p5_SC8_2X_20z_160nm_780V_20T_0s_movie1-01.czi.localizations.csv
    jobid: 169
    wildcards: bead_group=Beads, bead_name=2021_05_11_BEADS_488nm_1p5_561nm_1p5_SC8_2X_20z_160nm_780V_20T_0s_movie1-01.czi
    resources: mem_gb=50

Job failed, going on with independent jobs.

[Tue May 18 08:47:09 2021]
rule get_bead_localizations:
    input: /mnt/md0/Hansen Lab Dropbox/DataStorage/Imaging/Fbn2/processed/2021_05_C/2021_05_11_BEADS_488nm_1p5_561nm_1p5_SC8_2X_20z_160nm_780V_20T_0s_movie3-01.czi
    output: results/Beads/2021_05_11_BEADS_488nm_1p5_561nm_1p5_SC8_2X_20z_160nm_780V_20T_0s_movie3-01.czi.localizations.csv
    jobid: 167
    wildcards: bead_group=Beads, bead_name=2021_05_11_BEADS_488nm_1p5_561nm_1p5_SC8_2X_20z_160nm_780V_20T_0s_movie3-01.czi
    resources: mem_gb=50

Job failed, going on with independent jobs.

[Tue May 18 08:47:09 2021]
rule get_bead_localizations:
    input: /mnt/md0/Hansen Lab Dropbox/DataStorage/Imaging/Fbn2/processed/2021_05_C/2021_05_10_BEADS_488nm_1p5_561nm_1p5_SC8_2X_20z_160nm_780V_20T_0s_movie4-01.czi
    output: results/Beads/2021_05_10_BEADS_488nm_1p5_561nm_1p5_SC8_2X_20z_160nm_780V_20T_0s_movie4-01.czi.localizations.csv
    jobid: 163
    wildcards: bead_group=Beads, bead_name=2021_05_10_BEADS_488nm_1p5_561nm_1p5_SC8_2X_20z_160nm_780V_20T_0s_movie4-01.czi
    resources: mem_gb=50

Job failed, going on with independent jobs.

[Tue May 18 08:47:10 2021]
rule get_bead_localizations:
    input: /mnt/md0/Hansen Lab Dropbox/DataStorage/Imaging/Fbn2/processed/2021_05_C/2021_05_10_BEADS_488nm_1p5_561nm_1p5_SC8_2X_20z_160nm_780V_20T_0s_movie5-01.czi
    output: results/Beads/2021_05_10_BEADS_488nm_1p5_561nm_1p5_SC8_2X_20z_160nm_780V_20T_0s_movie5-01.czi.localizations.csv
    jobid: 168
    wildcards: bead_group=Beads, bead_name=2021_05_10_BEADS_488nm_1p5_561nm_1p5_SC8_2X_20z_160nm_780V_20T_0s_movie5-01.czi
    resources: mem_gb=50

Job failed, going on with independent jobs.

[Tue May 18 08:47:15 2021]
rule get_bead_localizations:
    input: /mnt/md0/Hansen Lab Dropbox/DataStorage/Imaging/Fbn2/processed/2021_05_D/2021_05_14_BEADS_488nm_1p5_561nm_1p5_SC8_2X_20z_160nm_780V_20T_0s_movie5-01.czi
    output: results/Beads/2021_05_14_BEADS_488nm_1p5_561nm_1p5_SC8_2X_20z_160nm_780V_20T_0s_movie5-01.czi.localizations.csv
    jobid: 56
    wildcards: bead_group=Beads, bead_name=2021_05_14_BEADS_488nm_1p5_561nm_1p5_SC8_2X_20z_160nm_780V_20T_0s_movie5-01.czi
    resources: mem_gb=50

Job failed, going on with independent jobs.

[Tue May 18 08:47:22 2021]
rule get_bead_localizations:
    input: /mnt/md0/Hansen Lab Dropbox/DataStorage/Imaging/Fbn2/processed/2021_05_D/2021_05_15_BEADS_488nm_1p5_561nm_1p5_SC8_2X_20z_160nm_780V_20T_0s_movie2-01.czi
    output: results/Beads/2021_05_15_BEADS_488nm_1p5_561nm_1p5_SC8_2X_20z_160nm_780V_20T_0s_movie2-01.czi.localizations.csv
    jobid: 57
    wildcards: bead_group=Beads, bead_name=2021_05_15_BEADS_488nm_1p5_561nm_1p5_SC8_2X_20z_160nm_780V_20T_0s_movie2-01.czi
    resources: mem_gb=50

Job failed, going on with independent jobs.

[Tue May 18 08:47:23 2021]
rule get_bead_localizations:
    input: /mnt/md0/Hansen Lab Dropbox/DataStorage/Imaging/Fbn2/processed/2021_05_D/2021_05_14_BEADS_488nm_1p5_561nm_1p5_SC8_2X_20z_160nm_780V_20T_0s_movie6-01.czi
    output: results/Beads/2021_05_14_BEADS_488nm_1p5_561nm_1p5_SC8_2X_20z_160nm_780V_20T_0s_movie6-01.czi.localizations.csv
    jobid: 64
    wildcards: bead_group=Beads, bead_name=2021_05_14_BEADS_488nm_1p5_561nm_1p5_SC8_2X_20z_160nm_780V_20T_0s_movie6-01.czi
    resources: mem_gb=50

Job failed, going on with independent jobs.

[Tue May 18 08:47:24 2021]
rule get_bead_localizations:
    input: /mnt/md0/Hansen Lab Dropbox/DataStorage/Imaging/Fbn2/processed/2021_05_E/2021_05_17_BEADS_488nm_1p5_561nm_1p5_SC8_2X_20z_160nm_780V_20T_0s_movie5-01.czi
    output: results/Beads/2021_05_17_BEADS_488nm_1p5_561nm_1p5_SC8_2X_20z_160nm_780V_20T_0s_movie5-01.czi.localizations.csv
    jobid: 53
    wildcards: bead_group=Beads, bead_name=2021_05_17_BEADS_488nm_1p5_561nm_1p5_SC8_2X_20z_160nm_780V_20T_0s_movie5-01.czi
    resources: mem_gb=50

Job failed, going on with independent jobs.

[Tue May 18 08:47:36 2021]
rule get_bead_localizations:
    input: /mnt/md0/Hansen Lab Dropbox/DataStorage/Imaging/Fbn2/processed/2021_05_D/2021_05_14_BEADS_488nm_1p5_561nm_1p5_SC8_2X_20z_160nm_780V_20T_0s_movie1-01.czi
    output: results/Beads/2021_05_14_BEADS_488nm_1p5_561nm_1p5_SC8_2X_20z_160nm_780V_20T_0s_movie1-01.czi.localizations.csv
    jobid: 59
    wildcards: bead_group=Beads, bead_name=2021_05_14_BEADS_488nm_1p5_561nm_1p5_SC8_2X_20z_160nm_780V_20T_0s_movie1-01.czi
    resources: mem_gb=50

Job failed, going on with independent jobs.

[Tue May 18 08:47:36 2021]
rule get_bead_localizations:
    input: /mnt/md0/Hansen Lab Dropbox/DataStorage/Imaging/Fbn2/processed/2021_05_D/2021_05_15_BEADS_488nm_1p5_561nm_1p5_SC8_2X_20z_160nm_780V_20T_0s_movie5-01.czi
    output: results/Beads/2021_05_15_BEADS_488nm_1p5_561nm_1p5_SC8_2X_20z_160nm_780V_20T_0s_movie5-01.czi.localizations.csv
    jobid: 65
    wildcards: bead_group=Beads, bead_name=2021_05_15_BEADS_488nm_1p5_561nm_1p5_SC8_2X_20z_160nm_780V_20T_0s_movie5-01.czi
    resources: mem_gb=50

Job failed, going on with independent jobs.

[Tue May 18 08:47:37 2021]
rule get_bead_localizations:
    input: /mnt/md0/Hansen Lab Dropbox/DataStorage/Imaging/Fbn2/processed/2021_05_D/2021_05_14_BEADS_488nm_1p5_561nm_1p5_SC8_2X_20z_160nm_780V_20T_0s_movie2-01.czi
    output: results/Beads/2021_05_14_BEADS_488nm_1p5_561nm_1p5_SC8_2X_20z_160nm_780V_20T_0s_movie2-01.czi.localizations.csv
    jobid: 58
    wildcards: bead_group=Beads, bead_name=2021_05_14_BEADS_488nm_1p5_561nm_1p5_SC8_2X_20z_160nm_780V_20T_0s_movie2-01.czi
    resources: mem_gb=50

Job failed, going on with independent jobs.

[Tue May 18 08:47:45 2021]
rule get_bead_localizations:
    input: /mnt/md0/Hansen Lab Dropbox/DataStorage/Imaging/Fbn2/processed/2021_05_D/2021_05_14_BEADS_488nm_1p5_561nm_1p5_SC8_2X_20z_160nm_780V_20T_0s_movie3-01.czi
    output: results/Beads/2021_05_14_BEADS_488nm_1p5_561nm_1p5_SC8_2X_20z_160nm_780V_20T_0s_movie3-01.czi.localizations.csv
    jobid: 62
    wildcards: bead_group=Beads, bead_name=2021_05_14_BEADS_488nm_1p5_561nm_1p5_SC8_2X_20z_160nm_780V_20T_0s_movie3-01.czi
    resources: mem_gb=50

Job failed, going on with independent jobs.

[Tue May 18 08:47:46 2021]
rule get_bead_localizations:
    input: /mnt/md0/Hansen Lab Dropbox/DataStorage/Imaging/Fbn2/processed/2021_05_E/2021_05_17_BEADS_488nm_1p5_561nm_1p5_SC8_2X_20z_160nm_780V_20T_0s_movie2-01.czi
    output: results/Beads/2021_05_17_BEADS_488nm_1p5_561nm_1p5_SC8_2X_20z_160nm_780V_20T_0s_movie2-01.czi.localizations.csv
    jobid: 54
    wildcards: bead_group=Beads, bead_name=2021_05_17_BEADS_488nm_1p5_561nm_1p5_SC8_2X_20z_160nm_780V_20T_0s_movie2-01.czi
    resources: mem_gb=50

Job failed, going on with independent jobs.

[Tue May 18 08:47:47 2021]
rule get_bead_localizations:
    input: /mnt/md0/Hansen Lab Dropbox/DataStorage/Imaging/Fbn2/processed/2021_05_D/2021_05_14_BEADS_488nm_1p5_561nm_1p5_SC8_2X_20z_160nm_780V_20T_0s_movie4-01.czi
    output: results/Beads/2021_05_14_BEADS_488nm_1p5_561nm_1p5_SC8_2X_20z_160nm_780V_20T_0s_movie4-01.czi.localizations.csv
    jobid: 61
    wildcards: bead_group=Beads, bead_name=2021_05_14_BEADS_488nm_1p5_561nm_1p5_SC8_2X_20z_160nm_780V_20T_0s_movie4-01.czi
    resources: mem_gb=50

Job failed, going on with independent jobs.

[Tue May 18 08:47:50 2021]
rule get_bead_localizations:
    input: /mnt/md0/Hansen Lab Dropbox/DataStorage/Imaging/Fbn2/processed/2021_05_D/2021_05_15_BEADS_488nm_1p5_561nm_1p5_SC8_2X_20z_160nm_780V_20T_0s_movie1-01.czi
    output: results/Beads/2021_05_15_BEADS_488nm_1p5_561nm_1p5_SC8_2X_20z_160nm_780V_20T_0s_movie1-01.czi.localizations.csv
    jobid: 63
    wildcards: bead_group=Beads, bead_name=2021_05_15_BEADS_488nm_1p5_561nm_1p5_SC8_2X_20z_160nm_780V_20T_0s_movie1-01.czi
    resources: mem_gb=50

Job failed, going on with independent jobs.

[Tue May 18 08:47:52 2021]
rule get_bead_localizations:
    input: /mnt/md0/Hansen Lab Dropbox/DataStorage/Imaging/Fbn2/processed/2021_05_D/2021_05_15_BEADS_488nm_1p5_561nm_1p5_SC8_2X_20z_160nm_780V_20T_0s_movie6-01.czi
    output: results/Beads/2021_05_15_BEADS_488nm_1p5_561nm_1p5_SC8_2X_20z_160nm_780V_20T_0s_movie6-01.czi.localizations.csv
    jobid: 66
    wildcards: bead_group=Beads, bead_name=2021_05_15_BEADS_488nm_1p5_561nm_1p5_SC8_2X_20z_160nm_780V_20T_0s_movie6-01.czi
    resources: mem_gb=50

Job failed, going on with independent jobs.

[Tue May 18 08:48:00 2021]
rule get_bead_localizations:
    input: /mnt/md0/Hansen Lab Dropbox/DataStorage/Imaging/Fbn2/processed/2021_05_D/2021_05_15_BEADS_488nm_1p5_561nm_1p5_SC8_2X_20z_160nm_780V_20T_0s_movie4-01.czi
    output: results/Beads/2021_05_15_BEADS_488nm_1p5_561nm_1p5_SC8_2X_20z_160nm_780V_20T_0s_movie4-01.czi.localizations.csv
    jobid: 60
    wildcards: bead_group=Beads, bead_name=2021_05_15_BEADS_488nm_1p5_561nm_1p5_SC8_2X_20z_160nm_780V_20T_0s_movie4-01.czi
    resources: mem_gb=50

Job failed, going on with independent jobs.

[Tue May 18 08:48:01 2021]
rule get_bead_localizations:
    input: /mnt/md0/Hansen Lab Dropbox/DataStorage/Imaging/Fbn2/processed/2021_05_E/2021_05_17_BEADS_488nm_1p5_561nm_1p5_SC8_2X_20z_160nm_780V_20T_0s_movie4-01.czi
    output: results/Beads/2021_05_17_BEADS_488nm_1p5_561nm_1p5_SC8_2X_20z_160nm_780V_20T_0s_movie4-01.czi.localizations.csv
    jobid: 50
    wildcards: bead_group=Beads, bead_name=2021_05_17_BEADS_488nm_1p5_561nm_1p5_SC8_2X_20z_160nm_780V_20T_0s_movie4-01.czi
    resources: mem_gb=50

Job failed, going on with independent jobs.

[Tue May 18 08:48:01 2021]
rule get_bead_localizations:
    input: /mnt/md0/Hansen Lab Dropbox/DataStorage/Imaging/Fbn2/processed/2021_05_D/2021_05_15_BEADS_488nm_1p5_561nm_1p5_SC8_2X_20z_160nm_780V_20T_0s_movie3-01.czi
    output: results/Beads/2021_05_15_BEADS_488nm_1p5_561nm_1p5_SC8_2X_20z_160nm_780V_20T_0s_movie3-01.czi.localizations.csv
    jobid: 55
    wildcards: bead_group=Beads, bead_name=2021_05_15_BEADS_488nm_1p5_561nm_1p5_SC8_2X_20z_160nm_780V_20T_0s_movie3-01.czi
    resources: mem_gb=50

Job failed, going on with independent jobs.

[Tue May 18 08:48:03 2021]
rule get_bead_localizations:
    input: /mnt/md0/Hansen Lab Dropbox/DataStorage/Imaging/Fbn2/processed/2021_05_E/2021_05_17_BEADS_488nm_1p5_561nm_1p5_SC8_2X_20z_160nm_780V_20T_0s_movie3-01.czi
    output: results/Beads/2021_05_17_BEADS_488nm_1p5_561nm_1p5_SC8_2X_20z_160nm_780V_20T_0s_movie3-01.czi.localizations.csv
    jobid: 51
    wildcards: bead_group=Beads, bead_name=2021_05_17_BEADS_488nm_1p5_561nm_1p5_SC8_2X_20z_160nm_780V_20T_0s_movie3-01.czi
    resources: mem_gb=50

Job failed, going on with independent jobs.

[Tue May 18 08:48:10 2021]
rule get_bead_localizations:
    input: /mnt/md0/Hansen Lab Dropbox/DataStorage/Imaging/Fbn2/processed/2021_05_E/2021_05_17_BEADS_488nm_1p5_561nm_1p5_SC8_2X_20z_160nm_780V_20T_0s_movie1-01.czi
    output: results/Beads/2021_05_17_BEADS_488nm_1p5_561nm_1p5_SC8_2X_20z_160nm_780V_20T_0s_movie1-01.czi.localizations.csv
    jobid: 52
    wildcards: bead_group=Beads, bead_name=2021_05_17_BEADS_488nm_1p5_561nm_1p5_SC8_2X_20z_160nm_780V_20T_0s_movie1-01.czi
    resources: mem_gb=50

Job failed, going on with independent jobs.
Job failed, going on with independent jobs.
Job failed, going on with independent jobs.
Job failed, going on with independent jobs.
Job failed, going on with independent jobs.
Job failed, going on with independent jobs.
Job failed, going on with independent jobs.
Job failed, going on with independent jobs.
Job failed, going on with independent jobs.
Job failed, going on with independent jobs.
Exiting because a job execution failed. Look above for error message
Complete log: /home/hbrandao/libs/data_analysis_Fbn2/snakemake/workflow/.snakemake/log/2021-05-18T084541.781463.snakemake.log
