Building DAG of jobs...
Creating report...
Missing metadata for file results/tracks/2020_12_08_BEADS_488nm_1p5_561nm_1p5_SC8_2X_20z_160nm_780V_20T_0s_movie2-01_processed_low.czi.refined_tracks.csv. Maybe metadata was deleted or it was created using an older version of Snakemake. This is a non critical warning.
Missing metadata for file results/tracks/2020_12_08_BEADS_488nm_1p5_561nm_1p5_SC8_2X_20z_160nm_780V_20T_0s_movie2-01_processed_low.czi.dot_volumes.pkl. Maybe metadata was deleted or it was created using an older version of Snakemake. This is a non critical warning.
Missing metadata for file results/tracks/2020_12_07_BEADS_488nm_1p5_561nm_1p5_SC8_2X_20z_160nm_780V_20T_0s_movie3-01_processed_low.czi.refined_tracks.csv. Maybe metadata was deleted or it was created using an older version of Snakemake. This is a non critical warning.
Missing metadata for file results/tracks/2020_12_07_BEADS_488nm_1p5_561nm_1p5_SC8_2X_20z_160nm_780V_20T_0s_movie3-01_processed_low.czi.dot_volumes.pkl. Maybe metadata was deleted or it was created using an older version of Snakemake. This is a non critical warning.
Missing metadata for file results/tracks/2020_12_07_BEADS_488nm_1p5_561nm_1p5_SC8_2X_20z_160nm_780V_20T_0s_movie5-01_processed_low.czi.refined_tracks.csv. Maybe metadata was deleted or it was created using an older version of Snakemake. This is a non critical warning.
Missing metadata for file results/tracks/2020_12_07_BEADS_488nm_1p5_561nm_1p5_SC8_2X_20z_160nm_780V_20T_0s_movie5-01_processed_low.czi.dot_volumes.pkl. Maybe metadata was deleted or it was created using an older version of Snakemake. This is a non critical warning.
Missing metadata for file results/tracks/2020_12_03_BEADS_488nm_1p5_561nm_1p5_SC8_2X_20z_160nm_780V_20T_0s_movie2-01_processed_low.czi.refined_tracks.csv. Maybe metadata was deleted or it was created using an older version of Snakemake. This is a non critical warning.
Missing metadata for file results/tracks/2020_12_03_BEADS_488nm_1p5_561nm_1p5_SC8_2X_20z_160nm_780V_20T_0s_movie2-01_processed_low.czi.dot_volumes.pkl. Maybe metadata was deleted or it was created using an older version of Snakemake. This is a non critical warning.
Missing metadata for file results/tracks/2020_12_07_BEADS_488nm_1p5_561nm_1p5_SC8_2X_20z_160nm_780V_20T_0s_movie2-01_processed_low.czi.refined_tracks.csv. Maybe metadata was deleted or it was created using an older version of Snakemake. This is a non critical warning.
Missing metadata for file results/tracks/2020_12_07_BEADS_488nm_1p5_561nm_1p5_SC8_2X_20z_160nm_780V_20T_0s_movie2-01_processed_low.czi.dot_volumes.pkl. Maybe metadata was deleted or it was created using an older version of Snakemake. This is a non critical warning.
Missing metadata for file results/tracks/2020_12_07_BEADS_488nm_1p5_561nm_1p5_SC8_2X_20z_160nm_780V_20T_0s_movie1-01_processed_low.czi.refined_tracks.csv. Maybe metadata was deleted or it was created using an older version of Snakemake. This is a non critical warning.
Missing metadata for file results/tracks/2020_12_07_BEADS_488nm_1p5_561nm_1p5_SC8_2X_20z_160nm_780V_20T_0s_movie1-01_processed_low.czi.dot_volumes.pkl. Maybe metadata was deleted or it was created using an older version of Snakemake. This is a non critical warning.
Missing metadata for file results/tracks/2020_12_08_BEADS_488nm_1p5_561nm_1p5_SC8_2X_20z_160nm_780V_20T_0s_movie1-01_processed_low.czi.refined_tracks.csv. Maybe metadata was deleted or it was created using an older version of Snakemake. This is a non critical warning.
Missing metadata for file results/tracks/2020_12_08_BEADS_488nm_1p5_561nm_1p5_SC8_2X_20z_160nm_780V_20T_0s_movie1-01_processed_low.czi.dot_volumes.pkl. Maybe metadata was deleted or it was created using an older version of Snakemake. This is a non critical warning.
Missing metadata for file results/tracks/2020_12_07_BEADS_488nm_1p5_561nm_1p5_SC8_2X_20z_160nm_780V_20T_0s_movie4-01_processed_low.czi.refined_tracks.csv. Maybe metadata was deleted or it was created using an older version of Snakemake. This is a non critical warning.
Missing metadata for file results/tracks/2020_12_07_BEADS_488nm_1p5_561nm_1p5_SC8_2X_20z_160nm_780V_20T_0s_movie4-01_processed_low.czi.dot_volumes.pkl. Maybe metadata was deleted or it was created using an older version of Snakemake. This is a non critical warning.
Missing metadata for file results/tracks/2020_12_03_BEADS_488nm_1p5_561nm_1p5_SC8_2X_20z_160nm_780V_20T_0s_movie1-01_processed_low.czi.refined_tracks.csv. Maybe metadata was deleted or it was created using an older version of Snakemake. This is a non critical warning.
Missing metadata for file results/tracks/2020_12_03_BEADS_488nm_1p5_561nm_1p5_SC8_2X_20z_160nm_780V_20T_0s_movie1-01_processed_low.czi.dot_volumes.pkl. Maybe metadata was deleted or it was created using an older version of Snakemake. This is a non critical warning.
Downloading resources and rendering HTML.
Report created: report.html.
