Building DAG of jobs...
Using shell: /bin/bash
Provided cores: 1 (use --cores to define parallelism)
Rules claiming more threads will be scaled down.
Provided resources: mem_mb=240
Job counts:
	count	jobs
	1	all
	26	make_MIP_movies_from_trajectories
	27

[Sat May 15 11:20:02 2021]
rule make_MIP_movies_from_trajectories:
    input: /mnt/md0/Hansen Lab Dropbox/DataStorage/Imaging/Fbn2/processed/2021_05_B/2021_05_06_Fbn2_RAD21_twohoursIAA_488nm_0p5_561nm_0p05_SC8_2X_30z_250nm_780V_365T_20s_movie3-01.czi, results/Rad21/2021_05_06_Fbn2_RAD21_twohoursIAA_488nm_0p5_561nm_0p05_SC8_2X_30z_250nm_780V_365T_20s_movie3-01.czi.tracks.csv
    output: results/Rad21/2021_05_06_Fbn2_RAD21_twohoursIAA_488nm_0p5_561nm_0p05_SC8_2X_30z_250nm_780V_365T_20s_movie3-01.czi.movie.mp4
    jobid: 475
    wildcards: group=Rad21, sample=2021_05_06_Fbn2_RAD21_twohoursIAA_488nm_0p5_561nm_0p05_SC8_2X_30z_250nm_780V_365T_20s_movie3-01.czi

Removing output files of failed job make_MIP_movies_from_trajectories since they might be corrupted:
results/Rad21/2021_05_06_Fbn2_RAD21_twohoursIAA_488nm_0p5_561nm_0p05_SC8_2X_30z_250nm_780V_365T_20s_movie3-01.czi.movie.mp4
Job failed, going on with independent jobs.

[Sat May 15 11:24:25 2021]
rule make_MIP_movies_from_trajectories:
    input: /mnt/md0/Hansen Lab Dropbox/DataStorage/Imaging/Fbn2/processed/2021_05_B/2021_05_04_Fbn2_RAD21_twohoursIAA_488nm_0p5_561nm_0p05_SC8_2X_30z_250nm_780V_365T_20s_movie3-01.czi, results/Rad21/2021_05_04_Fbn2_RAD21_twohoursIAA_488nm_0p5_561nm_0p05_SC8_2X_30z_250nm_780V_365T_20s_movie3-01.czi.tracks.csv
    output: results/Rad21/2021_05_04_Fbn2_RAD21_twohoursIAA_488nm_0p5_561nm_0p05_SC8_2X_30z_250nm_780V_365T_20s_movie3-01.czi.movie.mp4
    jobid: 478
    wildcards: group=Rad21, sample=2021_05_04_Fbn2_RAD21_twohoursIAA_488nm_0p5_561nm_0p05_SC8_2X_30z_250nm_780V_365T_20s_movie3-01.czi

Terminating processes on user request, this might take some time.
Job failed, going on with independent jobs.
Complete log: /home/hbrandao/libs/data_analysis_Fbn2/snakemake/workflow/.snakemake/log/2021-05-15T112001.402475.snakemake.log
