Building DAG of jobs...
Using shell: /bin/bash
Provided cores: 2
Rules claiming more threads will be scaled down.
Job counts:
	count	jobs
	1	all
	5	find_trajectory_pairs
	4	load_czi_zstack
	5	make_movies
	5	refine_tracks
	5	track_dots
	4	wavelet_decomposition_in_4D
	29

[Sun Feb 28 02:54:07 2021]
rule load_czi_zstack:
    input: /mnt/md0/Hansen Lab Dropbox/DataStorage/Imaging/Fbn2/processed/2020_08_A/2020_08_31_Fbn2_C36_DISH1_488nm_0p5_561nm_0p05_SC8_2X_30z_250nm_780V_365T_20s_movie1-03_processed_low.czi, /mnt/md0/Hansen Lab Dropbox/DataStorage/Imaging/Fbn2/processed/2020_08_A/2020_09_23_Fbn2_C36_488nm_0p5_561nm_0p05_SC8_2X_30z_250nm_780V_365T_20s_movie2-01_processed_low.czi, /mnt/md0/Hansen Lab Dropbox/DataStorage/Imaging/Fbn2/processed/2020_08_A/2020_09_10_Fbn2_C36_488nm_0p5_561nm_0p05_SC8_2X_30z_250nm_780V_365T_20s_movie1-01_processed_low.czi, /mnt/md0/Hansen Lab Dropbox/DataStorage/Imaging/Fbn2/processed/2020_08_A/2020_09_23_Fbn2_C36_488nm_0p5_561nm_0p05_SC8_2X_30z_250nm_780V_365T_20s_movie4-01_processed_low.czi, /mnt/md0/Hansen Lab Dropbox/DataStorage/Imaging/Fbn2/processed/2020_12_C/2020_12_22_Fbn2_C36_488nm_0p5_561nm_0p05_SC7_1p3X_30z_250nm_780V_365T_60s_movie1-06_processed_low.czi, /mnt/md0/Hansen Lab Dropbox/DataStorage/Imaging/Fbn2/processed/2020_12_C/2020_12_23_Fbn2_C36_488nm_0p5_561nm_0p05_SC7_1p3X_30z_250nm_780V_365T_60s_movie1-02_processed_low.czi
    output: results/data/2020_09_23_Fbn2_C36_488nm_0p5_561nm_0p05_SC8_2X_30z_250nm_780V_365T_20s_movie4-01_processed_low.czi.ch0_raw.npy, results/data/2020_09_23_Fbn2_C36_488nm_0p5_561nm_0p05_SC8_2X_30z_250nm_780V_365T_20s_movie4-01_processed_low.czi.ch1_raw.npy, results/data/2020_09_23_Fbn2_C36_488nm_0p5_561nm_0p05_SC8_2X_30z_250nm_780V_365T_20s_movie4-01_processed_low.czi.metadata.pkl
    jobid: 21
    wildcards: sample=2020_09_23_Fbn2_C36_488nm_0p5_561nm_0p05_SC8_2X_30z_250nm_780V_365T_20s_movie4-01_processed_low.czi

[Sun Feb 28 02:54:07 2021]
rule load_czi_zstack:
    input: /mnt/md0/Hansen Lab Dropbox/DataStorage/Imaging/Fbn2/processed/2020_08_A/2020_08_31_Fbn2_C36_DISH1_488nm_0p5_561nm_0p05_SC8_2X_30z_250nm_780V_365T_20s_movie1-03_processed_low.czi, /mnt/md0/Hansen Lab Dropbox/DataStorage/Imaging/Fbn2/processed/2020_08_A/2020_09_23_Fbn2_C36_488nm_0p5_561nm_0p05_SC8_2X_30z_250nm_780V_365T_20s_movie2-01_processed_low.czi, /mnt/md0/Hansen Lab Dropbox/DataStorage/Imaging/Fbn2/processed/2020_08_A/2020_09_10_Fbn2_C36_488nm_0p5_561nm_0p05_SC8_2X_30z_250nm_780V_365T_20s_movie1-01_processed_low.czi, /mnt/md0/Hansen Lab Dropbox/DataStorage/Imaging/Fbn2/processed/2020_08_A/2020_09_23_Fbn2_C36_488nm_0p5_561nm_0p05_SC8_2X_30z_250nm_780V_365T_20s_movie4-01_processed_low.czi, /mnt/md0/Hansen Lab Dropbox/DataStorage/Imaging/Fbn2/processed/2020_12_C/2020_12_22_Fbn2_C36_488nm_0p5_561nm_0p05_SC7_1p3X_30z_250nm_780V_365T_60s_movie1-06_processed_low.czi, /mnt/md0/Hansen Lab Dropbox/DataStorage/Imaging/Fbn2/processed/2020_12_C/2020_12_23_Fbn2_C36_488nm_0p5_561nm_0p05_SC7_1p3X_30z_250nm_780V_365T_60s_movie1-02_processed_low.czi
    output: results/data/2020_12_22_Fbn2_C36_488nm_0p5_561nm_0p05_SC7_1p3X_30z_250nm_780V_365T_60s_movie1-06_processed_low.czi.ch0_raw.npy, results/data/2020_12_22_Fbn2_C36_488nm_0p5_561nm_0p05_SC7_1p3X_30z_250nm_780V_365T_60s_movie1-06_processed_low.czi.ch1_raw.npy, results/data/2020_12_22_Fbn2_C36_488nm_0p5_561nm_0p05_SC7_1p3X_30z_250nm_780V_365T_60s_movie1-06_processed_low.czi.metadata.pkl
    jobid: 27
    wildcards: sample=2020_12_22_Fbn2_C36_488nm_0p5_561nm_0p05_SC7_1p3X_30z_250nm_780V_365T_60s_movie1-06_processed_low.czi

[Sun Feb 28 03:02:23 2021]
Finished job 27.
1 of 29 steps (3%) done

[Sun Feb 28 03:02:23 2021]
rule load_czi_zstack:
    input: /mnt/md0/Hansen Lab Dropbox/DataStorage/Imaging/Fbn2/processed/2020_08_A/2020_08_31_Fbn2_C36_DISH1_488nm_0p5_561nm_0p05_SC8_2X_30z_250nm_780V_365T_20s_movie1-03_processed_low.czi, /mnt/md0/Hansen Lab Dropbox/DataStorage/Imaging/Fbn2/processed/2020_08_A/2020_09_23_Fbn2_C36_488nm_0p5_561nm_0p05_SC8_2X_30z_250nm_780V_365T_20s_movie2-01_processed_low.czi, /mnt/md0/Hansen Lab Dropbox/DataStorage/Imaging/Fbn2/processed/2020_08_A/2020_09_10_Fbn2_C36_488nm_0p5_561nm_0p05_SC8_2X_30z_250nm_780V_365T_20s_movie1-01_processed_low.czi, /mnt/md0/Hansen Lab Dropbox/DataStorage/Imaging/Fbn2/processed/2020_08_A/2020_09_23_Fbn2_C36_488nm_0p5_561nm_0p05_SC8_2X_30z_250nm_780V_365T_20s_movie4-01_processed_low.czi, /mnt/md0/Hansen Lab Dropbox/DataStorage/Imaging/Fbn2/processed/2020_12_C/2020_12_22_Fbn2_C36_488nm_0p5_561nm_0p05_SC7_1p3X_30z_250nm_780V_365T_60s_movie1-06_processed_low.czi, /mnt/md0/Hansen Lab Dropbox/DataStorage/Imaging/Fbn2/processed/2020_12_C/2020_12_23_Fbn2_C36_488nm_0p5_561nm_0p05_SC7_1p3X_30z_250nm_780V_365T_60s_movie1-02_processed_low.czi
    output: results/data/2020_09_10_Fbn2_C36_488nm_0p5_561nm_0p05_SC8_2X_30z_250nm_780V_365T_20s_movie1-01_processed_low.czi.ch0_raw.npy, results/data/2020_09_10_Fbn2_C36_488nm_0p5_561nm_0p05_SC8_2X_30z_250nm_780V_365T_20s_movie1-01_processed_low.czi.ch1_raw.npy, results/data/2020_09_10_Fbn2_C36_488nm_0p5_561nm_0p05_SC8_2X_30z_250nm_780V_365T_20s_movie1-01_processed_low.czi.metadata.pkl
    jobid: 15
    wildcards: sample=2020_09_10_Fbn2_C36_488nm_0p5_561nm_0p05_SC8_2X_30z_250nm_780V_365T_20s_movie1-01_processed_low.czi

[Sun Feb 28 03:02:24 2021]
Finished job 21.
2 of 29 steps (7%) done

[Sun Feb 28 03:02:24 2021]
rule load_czi_zstack:
    input: /mnt/md0/Hansen Lab Dropbox/DataStorage/Imaging/Fbn2/processed/2020_08_A/2020_08_31_Fbn2_C36_DISH1_488nm_0p5_561nm_0p05_SC8_2X_30z_250nm_780V_365T_20s_movie1-03_processed_low.czi, /mnt/md0/Hansen Lab Dropbox/DataStorage/Imaging/Fbn2/processed/2020_08_A/2020_09_23_Fbn2_C36_488nm_0p5_561nm_0p05_SC8_2X_30z_250nm_780V_365T_20s_movie2-01_processed_low.czi, /mnt/md0/Hansen Lab Dropbox/DataStorage/Imaging/Fbn2/processed/2020_08_A/2020_09_10_Fbn2_C36_488nm_0p5_561nm_0p05_SC8_2X_30z_250nm_780V_365T_20s_movie1-01_processed_low.czi, /mnt/md0/Hansen Lab Dropbox/DataStorage/Imaging/Fbn2/processed/2020_08_A/2020_09_23_Fbn2_C36_488nm_0p5_561nm_0p05_SC8_2X_30z_250nm_780V_365T_20s_movie4-01_processed_low.czi, /mnt/md0/Hansen Lab Dropbox/DataStorage/Imaging/Fbn2/processed/2020_12_C/2020_12_22_Fbn2_C36_488nm_0p5_561nm_0p05_SC7_1p3X_30z_250nm_780V_365T_60s_movie1-06_processed_low.czi, /mnt/md0/Hansen Lab Dropbox/DataStorage/Imaging/Fbn2/processed/2020_12_C/2020_12_23_Fbn2_C36_488nm_0p5_561nm_0p05_SC7_1p3X_30z_250nm_780V_365T_60s_movie1-02_processed_low.czi
    output: results/data/2020_12_23_Fbn2_C36_488nm_0p5_561nm_0p05_SC7_1p3X_30z_250nm_780V_365T_60s_movie1-02_processed_low.czi.ch0_raw.npy, results/data/2020_12_23_Fbn2_C36_488nm_0p5_561nm_0p05_SC7_1p3X_30z_250nm_780V_365T_60s_movie1-02_processed_low.czi.ch1_raw.npy, results/data/2020_12_23_Fbn2_C36_488nm_0p5_561nm_0p05_SC7_1p3X_30z_250nm_780V_365T_60s_movie1-02_processed_low.czi.metadata.pkl
    jobid: 33
    wildcards: sample=2020_12_23_Fbn2_C36_488nm_0p5_561nm_0p05_SC7_1p3X_30z_250nm_780V_365T_60s_movie1-02_processed_low.czi

[Sun Feb 28 03:11:41 2021]
Finished job 33.
3 of 29 steps (10%) done

[Sun Feb 28 03:11:41 2021]
rule track_dots:
    input: results/data/2020_09_23_Fbn2_C36_488nm_0p5_561nm_0p05_SC8_2X_30z_250nm_780V_365T_20s_movie2-01_processed_low.czi.ch0_raw.npy, results/data/2020_09_23_Fbn2_C36_488nm_0p5_561nm_0p05_SC8_2X_30z_250nm_780V_365T_20s_movie2-01_processed_low.czi.ch1_raw.npy, results/data/2020_09_23_Fbn2_C36_488nm_0p5_561nm_0p05_SC8_2X_30z_250nm_780V_365T_20s_movie2-01_processed_low.czi.ch0_filt.npy, results/data/2020_09_23_Fbn2_C36_488nm_0p5_561nm_0p05_SC8_2X_30z_250nm_780V_365T_20s_movie2-01_processed_low.czi.ch1_filt.npy
    output: results/tracks/2020_09_23_Fbn2_C36_488nm_0p5_561nm_0p05_SC8_2X_30z_250nm_780V_365T_20s_movie2-01_processed_low.czi.tracks.csv
    jobid: 12
    wildcards: sample=2020_09_23_Fbn2_C36_488nm_0p5_561nm_0p05_SC8_2X_30z_250nm_780V_365T_20s_movie2-01_processed_low.czi

[Sun Feb 28 03:11:41 2021]
Finished job 15.
4 of 29 steps (14%) done

[Sun Feb 28 03:11:41 2021]
rule wavelet_decomposition_in_4D:
    input: results/data/2020_12_22_Fbn2_C36_488nm_0p5_561nm_0p05_SC7_1p3X_30z_250nm_780V_365T_60s_movie1-06_processed_low.czi.ch0_raw.npy, results/data/2020_12_22_Fbn2_C36_488nm_0p5_561nm_0p05_SC7_1p3X_30z_250nm_780V_365T_60s_movie1-06_processed_low.czi.ch1_raw.npy
    output: results/data/2020_12_22_Fbn2_C36_488nm_0p5_561nm_0p05_SC7_1p3X_30z_250nm_780V_365T_60s_movie1-06_processed_low.czi.ch0_filt.npy, results/data/2020_12_22_Fbn2_C36_488nm_0p5_561nm_0p05_SC7_1p3X_30z_250nm_780V_365T_60s_movie1-06_processed_low.czi.ch1_filt.npy
    jobid: 28
    wildcards: sample=2020_12_22_Fbn2_C36_488nm_0p5_561nm_0p05_SC7_1p3X_30z_250nm_780V_365T_60s_movie1-06_processed_low.czi

[Sun Feb 28 03:37:13 2021]
Finished job 12.
5 of 29 steps (17%) done

[Sun Feb 28 03:37:13 2021]
rule wavelet_decomposition_in_4D:
    input: results/data/2020_09_23_Fbn2_C36_488nm_0p5_561nm_0p05_SC8_2X_30z_250nm_780V_365T_20s_movie4-01_processed_low.czi.ch0_raw.npy, results/data/2020_09_23_Fbn2_C36_488nm_0p5_561nm_0p05_SC8_2X_30z_250nm_780V_365T_20s_movie4-01_processed_low.czi.ch1_raw.npy
    output: results/data/2020_09_23_Fbn2_C36_488nm_0p5_561nm_0p05_SC8_2X_30z_250nm_780V_365T_20s_movie4-01_processed_low.czi.ch0_filt.npy, results/data/2020_09_23_Fbn2_C36_488nm_0p5_561nm_0p05_SC8_2X_30z_250nm_780V_365T_20s_movie4-01_processed_low.czi.ch1_filt.npy
    jobid: 22
    wildcards: sample=2020_09_23_Fbn2_C36_488nm_0p5_561nm_0p05_SC8_2X_30z_250nm_780V_365T_20s_movie4-01_processed_low.czi

[Sun Feb 28 03:37:37 2021]
Finished job 28.
6 of 29 steps (21%) done

[Sun Feb 28 03:37:37 2021]
rule track_dots:
    input: results/data/2020_12_22_Fbn2_C36_488nm_0p5_561nm_0p05_SC7_1p3X_30z_250nm_780V_365T_60s_movie1-06_processed_low.czi.ch0_raw.npy, results/data/2020_12_22_Fbn2_C36_488nm_0p5_561nm_0p05_SC7_1p3X_30z_250nm_780V_365T_60s_movie1-06_processed_low.czi.ch1_raw.npy, results/data/2020_12_22_Fbn2_C36_488nm_0p5_561nm_0p05_SC7_1p3X_30z_250nm_780V_365T_60s_movie1-06_processed_low.czi.ch0_filt.npy, results/data/2020_12_22_Fbn2_C36_488nm_0p5_561nm_0p05_SC7_1p3X_30z_250nm_780V_365T_60s_movie1-06_processed_low.czi.ch1_filt.npy
    output: results/tracks/2020_12_22_Fbn2_C36_488nm_0p5_561nm_0p05_SC7_1p3X_30z_250nm_780V_365T_60s_movie1-06_processed_low.czi.tracks.csv
    jobid: 30
    wildcards: sample=2020_12_22_Fbn2_C36_488nm_0p5_561nm_0p05_SC7_1p3X_30z_250nm_780V_365T_60s_movie1-06_processed_low.czi

[Sun Feb 28 03:54:57 2021]
Finished job 22.
7 of 29 steps (24%) done

[Sun Feb 28 03:54:57 2021]
rule track_dots:
    input: results/data/2020_09_23_Fbn2_C36_488nm_0p5_561nm_0p05_SC8_2X_30z_250nm_780V_365T_20s_movie4-01_processed_low.czi.ch0_raw.npy, results/data/2020_09_23_Fbn2_C36_488nm_0p5_561nm_0p05_SC8_2X_30z_250nm_780V_365T_20s_movie4-01_processed_low.czi.ch1_raw.npy, results/data/2020_09_23_Fbn2_C36_488nm_0p5_561nm_0p05_SC8_2X_30z_250nm_780V_365T_20s_movie4-01_processed_low.czi.ch0_filt.npy, results/data/2020_09_23_Fbn2_C36_488nm_0p5_561nm_0p05_SC8_2X_30z_250nm_780V_365T_20s_movie4-01_processed_low.czi.ch1_filt.npy
    output: results/tracks/2020_09_23_Fbn2_C36_488nm_0p5_561nm_0p05_SC8_2X_30z_250nm_780V_365T_20s_movie4-01_processed_low.czi.tracks.csv
    jobid: 24
    wildcards: sample=2020_09_23_Fbn2_C36_488nm_0p5_561nm_0p05_SC8_2X_30z_250nm_780V_365T_20s_movie4-01_processed_low.czi

[Sun Feb 28 03:55:06 2021]
Finished job 30.
8 of 29 steps (28%) done

[Sun Feb 28 03:55:06 2021]
rule wavelet_decomposition_in_4D:
    input: results/data/2020_09_10_Fbn2_C36_488nm_0p5_561nm_0p05_SC8_2X_30z_250nm_780V_365T_20s_movie1-01_processed_low.czi.ch0_raw.npy, results/data/2020_09_10_Fbn2_C36_488nm_0p5_561nm_0p05_SC8_2X_30z_250nm_780V_365T_20s_movie1-01_processed_low.czi.ch1_raw.npy
    output: results/data/2020_09_10_Fbn2_C36_488nm_0p5_561nm_0p05_SC8_2X_30z_250nm_780V_365T_20s_movie1-01_processed_low.czi.ch0_filt.npy, results/data/2020_09_10_Fbn2_C36_488nm_0p5_561nm_0p05_SC8_2X_30z_250nm_780V_365T_20s_movie1-01_processed_low.czi.ch1_filt.npy
    jobid: 16
    wildcards: sample=2020_09_10_Fbn2_C36_488nm_0p5_561nm_0p05_SC8_2X_30z_250nm_780V_365T_20s_movie1-01_processed_low.czi

[Sun Feb 28 04:15:19 2021]
Finished job 16.
9 of 29 steps (31%) done

[Sun Feb 28 04:15:19 2021]
rule track_dots:
    input: results/data/2020_09_10_Fbn2_C36_488nm_0p5_561nm_0p05_SC8_2X_30z_250nm_780V_365T_20s_movie1-01_processed_low.czi.ch0_raw.npy, results/data/2020_09_10_Fbn2_C36_488nm_0p5_561nm_0p05_SC8_2X_30z_250nm_780V_365T_20s_movie1-01_processed_low.czi.ch1_raw.npy, results/data/2020_09_10_Fbn2_C36_488nm_0p5_561nm_0p05_SC8_2X_30z_250nm_780V_365T_20s_movie1-01_processed_low.czi.ch0_filt.npy, results/data/2020_09_10_Fbn2_C36_488nm_0p5_561nm_0p05_SC8_2X_30z_250nm_780V_365T_20s_movie1-01_processed_low.czi.ch1_filt.npy
    output: results/tracks/2020_09_10_Fbn2_C36_488nm_0p5_561nm_0p05_SC8_2X_30z_250nm_780V_365T_20s_movie1-01_processed_low.czi.tracks.csv
    jobid: 18
    wildcards: sample=2020_09_10_Fbn2_C36_488nm_0p5_561nm_0p05_SC8_2X_30z_250nm_780V_365T_20s_movie1-01_processed_low.czi

[Sun Feb 28 04:15:29 2021]
Finished job 24.
10 of 29 steps (34%) done

[Sun Feb 28 04:15:29 2021]
rule wavelet_decomposition_in_4D:
    input: results/data/2020_12_23_Fbn2_C36_488nm_0p5_561nm_0p05_SC7_1p3X_30z_250nm_780V_365T_60s_movie1-02_processed_low.czi.ch0_raw.npy, results/data/2020_12_23_Fbn2_C36_488nm_0p5_561nm_0p05_SC7_1p3X_30z_250nm_780V_365T_60s_movie1-02_processed_low.czi.ch1_raw.npy
    output: results/data/2020_12_23_Fbn2_C36_488nm_0p5_561nm_0p05_SC7_1p3X_30z_250nm_780V_365T_60s_movie1-02_processed_low.czi.ch0_filt.npy, results/data/2020_12_23_Fbn2_C36_488nm_0p5_561nm_0p05_SC7_1p3X_30z_250nm_780V_365T_60s_movie1-02_processed_low.czi.ch1_filt.npy
    jobid: 34
    wildcards: sample=2020_12_23_Fbn2_C36_488nm_0p5_561nm_0p05_SC7_1p3X_30z_250nm_780V_365T_60s_movie1-02_processed_low.czi

[Sun Feb 28 04:33:24 2021]
Finished job 34.
11 of 29 steps (38%) done

[Sun Feb 28 04:33:24 2021]
rule track_dots:
    input: results/data/2020_12_23_Fbn2_C36_488nm_0p5_561nm_0p05_SC7_1p3X_30z_250nm_780V_365T_60s_movie1-02_processed_low.czi.ch0_raw.npy, results/data/2020_12_23_Fbn2_C36_488nm_0p5_561nm_0p05_SC7_1p3X_30z_250nm_780V_365T_60s_movie1-02_processed_low.czi.ch1_raw.npy, results/data/2020_12_23_Fbn2_C36_488nm_0p5_561nm_0p05_SC7_1p3X_30z_250nm_780V_365T_60s_movie1-02_processed_low.czi.ch0_filt.npy, results/data/2020_12_23_Fbn2_C36_488nm_0p5_561nm_0p05_SC7_1p3X_30z_250nm_780V_365T_60s_movie1-02_processed_low.czi.ch1_filt.npy
    output: results/tracks/2020_12_23_Fbn2_C36_488nm_0p5_561nm_0p05_SC7_1p3X_30z_250nm_780V_365T_60s_movie1-02_processed_low.czi.tracks.csv
    jobid: 36
    wildcards: sample=2020_12_23_Fbn2_C36_488nm_0p5_561nm_0p05_SC7_1p3X_30z_250nm_780V_365T_60s_movie1-02_processed_low.czi

[Sun Feb 28 04:33:31 2021]
Finished job 18.
12 of 29 steps (41%) done

[Sun Feb 28 04:33:31 2021]
rule find_trajectory_pairs:
    input: results/tracks/2020_09_10_Fbn2_C36_488nm_0p5_561nm_0p05_SC8_2X_30z_250nm_780V_365T_20s_movie1-01_processed_low.czi.tracks.csv
    output: results/tracks/2020_09_10_Fbn2_C36_488nm_0p5_561nm_0p05_SC8_2X_30z_250nm_780V_365T_20s_movie1-01_processed_low.czi.joined_tracks.csv
    jobid: 17
    wildcards: sample=2020_09_10_Fbn2_C36_488nm_0p5_561nm_0p05_SC8_2X_30z_250nm_780V_365T_20s_movie1-01_processed_low.czi

[Sun Feb 28 04:33:33 2021]
Finished job 17.
13 of 29 steps (45%) done

[Sun Feb 28 04:33:33 2021]
rule refine_tracks:
    input: results/data/2020_09_10_Fbn2_C36_488nm_0p5_561nm_0p05_SC8_2X_30z_250nm_780V_365T_20s_movie1-01_processed_low.czi.ch0_raw.npy, results/data/2020_09_10_Fbn2_C36_488nm_0p5_561nm_0p05_SC8_2X_30z_250nm_780V_365T_20s_movie1-01_processed_low.czi.ch1_raw.npy, results/data/2020_09_10_Fbn2_C36_488nm_0p5_561nm_0p05_SC8_2X_30z_250nm_780V_365T_20s_movie1-01_processed_low.czi.ch0_filt.npy, results/data/2020_09_10_Fbn2_C36_488nm_0p5_561nm_0p05_SC8_2X_30z_250nm_780V_365T_20s_movie1-01_processed_low.czi.ch1_filt.npy, results/tracks/2020_09_10_Fbn2_C36_488nm_0p5_561nm_0p05_SC8_2X_30z_250nm_780V_365T_20s_movie1-01_processed_low.czi.joined_tracks.csv
    output: results/tracks/2020_09_10_Fbn2_C36_488nm_0p5_561nm_0p05_SC8_2X_30z_250nm_780V_365T_20s_movie1-01_processed_low.czi.refined_tracks.csv, results/tracks/2020_09_10_Fbn2_C36_488nm_0p5_561nm_0p05_SC8_2X_30z_250nm_780V_365T_20s_movie1-01_processed_low.czi.dot_volumes.pkl
    jobid: 14
    wildcards: sample=2020_09_10_Fbn2_C36_488nm_0p5_561nm_0p05_SC8_2X_30z_250nm_780V_365T_20s_movie1-01_processed_low.czi

[Sun Feb 28 04:51:23 2021]
Finished job 14.
14 of 29 steps (48%) done

[Sun Feb 28 04:51:23 2021]
rule make_movies:
    input: results/tracks/2020_09_10_Fbn2_C36_488nm_0p5_561nm_0p05_SC8_2X_30z_250nm_780V_365T_20s_movie1-01_processed_low.czi.refined_tracks.csv, results/data/2020_09_10_Fbn2_C36_488nm_0p5_561nm_0p05_SC8_2X_30z_250nm_780V_365T_20s_movie1-01_processed_low.czi.ch0_raw.npy, results/data/2020_09_10_Fbn2_C36_488nm_0p5_561nm_0p05_SC8_2X_30z_250nm_780V_365T_20s_movie1-01_processed_low.czi.ch1_raw.npy, results/data/2020_09_10_Fbn2_C36_488nm_0p5_561nm_0p05_SC8_2X_30z_250nm_780V_365T_20s_movie1-01_processed_low.czi.ch0_filt.npy, results/data/2020_09_10_Fbn2_C36_488nm_0p5_561nm_0p05_SC8_2X_30z_250nm_780V_365T_20s_movie1-01_processed_low.czi.ch1_filt.npy, results/data/2020_09_10_Fbn2_C36_488nm_0p5_561nm_0p05_SC8_2X_30z_250nm_780V_365T_20s_movie1-01_processed_low.czi.metadata.pkl
    output: results/tracks/2020_09_10_Fbn2_C36_488nm_0p5_561nm_0p05_SC8_2X_30z_250nm_780V_365T_20s_movie1-01_processed_low.czi.movie.mp4
    jobid: 13
    wildcards: sample=2020_09_10_Fbn2_C36_488nm_0p5_561nm_0p05_SC8_2X_30z_250nm_780V_365T_20s_movie1-01_processed_low.czi

[Sun Feb 28 04:58:09 2021]
Finished job 36.
15 of 29 steps (52%) done

[Sun Feb 28 04:58:09 2021]
rule find_trajectory_pairs:
    input: results/tracks/2020_09_23_Fbn2_C36_488nm_0p5_561nm_0p05_SC8_2X_30z_250nm_780V_365T_20s_movie2-01_processed_low.czi.tracks.csv
    output: results/tracks/2020_09_23_Fbn2_C36_488nm_0p5_561nm_0p05_SC8_2X_30z_250nm_780V_365T_20s_movie2-01_processed_low.czi.joined_tracks.csv
    jobid: 11
    wildcards: sample=2020_09_23_Fbn2_C36_488nm_0p5_561nm_0p05_SC8_2X_30z_250nm_780V_365T_20s_movie2-01_processed_low.czi

[Sun Feb 28 04:58:11 2021]
Finished job 11.
16 of 29 steps (55%) done

[Sun Feb 28 04:58:11 2021]
rule refine_tracks:
    input: results/data/2020_09_23_Fbn2_C36_488nm_0p5_561nm_0p05_SC8_2X_30z_250nm_780V_365T_20s_movie2-01_processed_low.czi.ch0_raw.npy, results/data/2020_09_23_Fbn2_C36_488nm_0p5_561nm_0p05_SC8_2X_30z_250nm_780V_365T_20s_movie2-01_processed_low.czi.ch1_raw.npy, results/data/2020_09_23_Fbn2_C36_488nm_0p5_561nm_0p05_SC8_2X_30z_250nm_780V_365T_20s_movie2-01_processed_low.czi.ch0_filt.npy, results/data/2020_09_23_Fbn2_C36_488nm_0p5_561nm_0p05_SC8_2X_30z_250nm_780V_365T_20s_movie2-01_processed_low.czi.ch1_filt.npy, results/tracks/2020_09_23_Fbn2_C36_488nm_0p5_561nm_0p05_SC8_2X_30z_250nm_780V_365T_20s_movie2-01_processed_low.czi.joined_tracks.csv
    output: results/tracks/2020_09_23_Fbn2_C36_488nm_0p5_561nm_0p05_SC8_2X_30z_250nm_780V_365T_20s_movie2-01_processed_low.czi.refined_tracks.csv, results/tracks/2020_09_23_Fbn2_C36_488nm_0p5_561nm_0p05_SC8_2X_30z_250nm_780V_365T_20s_movie2-01_processed_low.czi.dot_volumes.pkl
    jobid: 8
    wildcards: sample=2020_09_23_Fbn2_C36_488nm_0p5_561nm_0p05_SC8_2X_30z_250nm_780V_365T_20s_movie2-01_processed_low.czi

[Sun Feb 28 05:00:54 2021]
Finished job 13.
17 of 29 steps (59%) done

[Sun Feb 28 05:00:54 2021]
rule find_trajectory_pairs:
    input: results/tracks/2020_12_22_Fbn2_C36_488nm_0p5_561nm_0p05_SC7_1p3X_30z_250nm_780V_365T_60s_movie1-06_processed_low.czi.tracks.csv
    output: results/tracks/2020_12_22_Fbn2_C36_488nm_0p5_561nm_0p05_SC7_1p3X_30z_250nm_780V_365T_60s_movie1-06_processed_low.czi.joined_tracks.csv
    jobid: 29
    wildcards: sample=2020_12_22_Fbn2_C36_488nm_0p5_561nm_0p05_SC7_1p3X_30z_250nm_780V_365T_60s_movie1-06_processed_low.czi

[Sun Feb 28 05:00:56 2021]
Finished job 29.
18 of 29 steps (62%) done

[Sun Feb 28 05:00:56 2021]
rule refine_tracks:
    input: results/data/2020_12_22_Fbn2_C36_488nm_0p5_561nm_0p05_SC7_1p3X_30z_250nm_780V_365T_60s_movie1-06_processed_low.czi.ch0_raw.npy, results/data/2020_12_22_Fbn2_C36_488nm_0p5_561nm_0p05_SC7_1p3X_30z_250nm_780V_365T_60s_movie1-06_processed_low.czi.ch1_raw.npy, results/data/2020_12_22_Fbn2_C36_488nm_0p5_561nm_0p05_SC7_1p3X_30z_250nm_780V_365T_60s_movie1-06_processed_low.czi.ch0_filt.npy, results/data/2020_12_22_Fbn2_C36_488nm_0p5_561nm_0p05_SC7_1p3X_30z_250nm_780V_365T_60s_movie1-06_processed_low.czi.ch1_filt.npy, results/tracks/2020_12_22_Fbn2_C36_488nm_0p5_561nm_0p05_SC7_1p3X_30z_250nm_780V_365T_60s_movie1-06_processed_low.czi.joined_tracks.csv
    output: results/tracks/2020_12_22_Fbn2_C36_488nm_0p5_561nm_0p05_SC7_1p3X_30z_250nm_780V_365T_60s_movie1-06_processed_low.czi.refined_tracks.csv, results/tracks/2020_12_22_Fbn2_C36_488nm_0p5_561nm_0p05_SC7_1p3X_30z_250nm_780V_365T_60s_movie1-06_processed_low.czi.dot_volumes.pkl
    jobid: 26
    wildcards: sample=2020_12_22_Fbn2_C36_488nm_0p5_561nm_0p05_SC7_1p3X_30z_250nm_780V_365T_60s_movie1-06_processed_low.czi

[Sun Feb 28 05:17:19 2021]
Finished job 8.
19 of 29 steps (66%) done

[Sun Feb 28 05:17:19 2021]
rule make_movies:
    input: results/tracks/2020_09_23_Fbn2_C36_488nm_0p5_561nm_0p05_SC8_2X_30z_250nm_780V_365T_20s_movie2-01_processed_low.czi.refined_tracks.csv, results/data/2020_09_23_Fbn2_C36_488nm_0p5_561nm_0p05_SC8_2X_30z_250nm_780V_365T_20s_movie2-01_processed_low.czi.ch0_raw.npy, results/data/2020_09_23_Fbn2_C36_488nm_0p5_561nm_0p05_SC8_2X_30z_250nm_780V_365T_20s_movie2-01_processed_low.czi.ch1_raw.npy, results/data/2020_09_23_Fbn2_C36_488nm_0p5_561nm_0p05_SC8_2X_30z_250nm_780V_365T_20s_movie2-01_processed_low.czi.ch0_filt.npy, results/data/2020_09_23_Fbn2_C36_488nm_0p5_561nm_0p05_SC8_2X_30z_250nm_780V_365T_20s_movie2-01_processed_low.czi.ch1_filt.npy, results/data/2020_09_23_Fbn2_C36_488nm_0p5_561nm_0p05_SC8_2X_30z_250nm_780V_365T_20s_movie2-01_processed_low.czi.metadata.pkl
    output: results/tracks/2020_09_23_Fbn2_C36_488nm_0p5_561nm_0p05_SC8_2X_30z_250nm_780V_365T_20s_movie2-01_processed_low.czi.movie.mp4
    jobid: 7
    wildcards: sample=2020_09_23_Fbn2_C36_488nm_0p5_561nm_0p05_SC8_2X_30z_250nm_780V_365T_20s_movie2-01_processed_low.czi

[Sun Feb 28 05:22:42 2021]
Finished job 26.
20 of 29 steps (69%) done

[Sun Feb 28 05:22:42 2021]
rule make_movies:
    input: results/tracks/2020_12_22_Fbn2_C36_488nm_0p5_561nm_0p05_SC7_1p3X_30z_250nm_780V_365T_60s_movie1-06_processed_low.czi.refined_tracks.csv, results/data/2020_12_22_Fbn2_C36_488nm_0p5_561nm_0p05_SC7_1p3X_30z_250nm_780V_365T_60s_movie1-06_processed_low.czi.ch0_raw.npy, results/data/2020_12_22_Fbn2_C36_488nm_0p5_561nm_0p05_SC7_1p3X_30z_250nm_780V_365T_60s_movie1-06_processed_low.czi.ch1_raw.npy, results/data/2020_12_22_Fbn2_C36_488nm_0p5_561nm_0p05_SC7_1p3X_30z_250nm_780V_365T_60s_movie1-06_processed_low.czi.ch0_filt.npy, results/data/2020_12_22_Fbn2_C36_488nm_0p5_561nm_0p05_SC7_1p3X_30z_250nm_780V_365T_60s_movie1-06_processed_low.czi.ch1_filt.npy, results/data/2020_12_22_Fbn2_C36_488nm_0p5_561nm_0p05_SC7_1p3X_30z_250nm_780V_365T_60s_movie1-06_processed_low.czi.metadata.pkl
    output: results/tracks/2020_12_22_Fbn2_C36_488nm_0p5_561nm_0p05_SC7_1p3X_30z_250nm_780V_365T_60s_movie1-06_processed_low.czi.movie.mp4
    jobid: 25
    wildcards: sample=2020_12_22_Fbn2_C36_488nm_0p5_561nm_0p05_SC7_1p3X_30z_250nm_780V_365T_60s_movie1-06_processed_low.czi

[Sun Feb 28 05:27:43 2021]
Finished job 7.
21 of 29 steps (72%) done

[Sun Feb 28 05:27:43 2021]
rule find_trajectory_pairs:
    input: results/tracks/2020_12_23_Fbn2_C36_488nm_0p5_561nm_0p05_SC7_1p3X_30z_250nm_780V_365T_60s_movie1-02_processed_low.czi.tracks.csv
    output: results/tracks/2020_12_23_Fbn2_C36_488nm_0p5_561nm_0p05_SC7_1p3X_30z_250nm_780V_365T_60s_movie1-02_processed_low.czi.joined_tracks.csv
    jobid: 35
    wildcards: sample=2020_12_23_Fbn2_C36_488nm_0p5_561nm_0p05_SC7_1p3X_30z_250nm_780V_365T_60s_movie1-02_processed_low.czi

[Sun Feb 28 05:27:46 2021]
Finished job 35.
22 of 29 steps (76%) done

[Sun Feb 28 05:27:46 2021]
rule refine_tracks:
    input: results/data/2020_12_23_Fbn2_C36_488nm_0p5_561nm_0p05_SC7_1p3X_30z_250nm_780V_365T_60s_movie1-02_processed_low.czi.ch0_raw.npy, results/data/2020_12_23_Fbn2_C36_488nm_0p5_561nm_0p05_SC7_1p3X_30z_250nm_780V_365T_60s_movie1-02_processed_low.czi.ch1_raw.npy, results/data/2020_12_23_Fbn2_C36_488nm_0p5_561nm_0p05_SC7_1p3X_30z_250nm_780V_365T_60s_movie1-02_processed_low.czi.ch0_filt.npy, results/data/2020_12_23_Fbn2_C36_488nm_0p5_561nm_0p05_SC7_1p3X_30z_250nm_780V_365T_60s_movie1-02_processed_low.czi.ch1_filt.npy, results/tracks/2020_12_23_Fbn2_C36_488nm_0p5_561nm_0p05_SC7_1p3X_30z_250nm_780V_365T_60s_movie1-02_processed_low.czi.joined_tracks.csv
    output: results/tracks/2020_12_23_Fbn2_C36_488nm_0p5_561nm_0p05_SC7_1p3X_30z_250nm_780V_365T_60s_movie1-02_processed_low.czi.refined_tracks.csv, results/tracks/2020_12_23_Fbn2_C36_488nm_0p5_561nm_0p05_SC7_1p3X_30z_250nm_780V_365T_60s_movie1-02_processed_low.czi.dot_volumes.pkl
    jobid: 32
    wildcards: sample=2020_12_23_Fbn2_C36_488nm_0p5_561nm_0p05_SC7_1p3X_30z_250nm_780V_365T_60s_movie1-02_processed_low.czi

[Sun Feb 28 05:30:42 2021]
Finished job 25.
23 of 29 steps (79%) done

[Sun Feb 28 05:30:42 2021]
rule find_trajectory_pairs:
    input: results/tracks/2020_09_23_Fbn2_C36_488nm_0p5_561nm_0p05_SC8_2X_30z_250nm_780V_365T_20s_movie4-01_processed_low.czi.tracks.csv
    output: results/tracks/2020_09_23_Fbn2_C36_488nm_0p5_561nm_0p05_SC8_2X_30z_250nm_780V_365T_20s_movie4-01_processed_low.czi.joined_tracks.csv
    jobid: 23
    wildcards: sample=2020_09_23_Fbn2_C36_488nm_0p5_561nm_0p05_SC8_2X_30z_250nm_780V_365T_20s_movie4-01_processed_low.czi

[Sun Feb 28 05:30:44 2021]
Finished job 23.
24 of 29 steps (83%) done

[Sun Feb 28 05:30:44 2021]
rule refine_tracks:
    input: results/data/2020_09_23_Fbn2_C36_488nm_0p5_561nm_0p05_SC8_2X_30z_250nm_780V_365T_20s_movie4-01_processed_low.czi.ch0_raw.npy, results/data/2020_09_23_Fbn2_C36_488nm_0p5_561nm_0p05_SC8_2X_30z_250nm_780V_365T_20s_movie4-01_processed_low.czi.ch1_raw.npy, results/data/2020_09_23_Fbn2_C36_488nm_0p5_561nm_0p05_SC8_2X_30z_250nm_780V_365T_20s_movie4-01_processed_low.czi.ch0_filt.npy, results/data/2020_09_23_Fbn2_C36_488nm_0p5_561nm_0p05_SC8_2X_30z_250nm_780V_365T_20s_movie4-01_processed_low.czi.ch1_filt.npy, results/tracks/2020_09_23_Fbn2_C36_488nm_0p5_561nm_0p05_SC8_2X_30z_250nm_780V_365T_20s_movie4-01_processed_low.czi.joined_tracks.csv
    output: results/tracks/2020_09_23_Fbn2_C36_488nm_0p5_561nm_0p05_SC8_2X_30z_250nm_780V_365T_20s_movie4-01_processed_low.czi.refined_tracks.csv, results/tracks/2020_09_23_Fbn2_C36_488nm_0p5_561nm_0p05_SC8_2X_30z_250nm_780V_365T_20s_movie4-01_processed_low.czi.dot_volumes.pkl
    jobid: 20
    wildcards: sample=2020_09_23_Fbn2_C36_488nm_0p5_561nm_0p05_SC8_2X_30z_250nm_780V_365T_20s_movie4-01_processed_low.czi

[Sun Feb 28 05:47:49 2021]
Finished job 32.
25 of 29 steps (86%) done

[Sun Feb 28 05:47:49 2021]
rule make_movies:
    input: results/tracks/2020_12_23_Fbn2_C36_488nm_0p5_561nm_0p05_SC7_1p3X_30z_250nm_780V_365T_60s_movie1-02_processed_low.czi.refined_tracks.csv, results/data/2020_12_23_Fbn2_C36_488nm_0p5_561nm_0p05_SC7_1p3X_30z_250nm_780V_365T_60s_movie1-02_processed_low.czi.ch0_raw.npy, results/data/2020_12_23_Fbn2_C36_488nm_0p5_561nm_0p05_SC7_1p3X_30z_250nm_780V_365T_60s_movie1-02_processed_low.czi.ch1_raw.npy, results/data/2020_12_23_Fbn2_C36_488nm_0p5_561nm_0p05_SC7_1p3X_30z_250nm_780V_365T_60s_movie1-02_processed_low.czi.ch0_filt.npy, results/data/2020_12_23_Fbn2_C36_488nm_0p5_561nm_0p05_SC7_1p3X_30z_250nm_780V_365T_60s_movie1-02_processed_low.czi.ch1_filt.npy, results/data/2020_12_23_Fbn2_C36_488nm_0p5_561nm_0p05_SC7_1p3X_30z_250nm_780V_365T_60s_movie1-02_processed_low.czi.metadata.pkl
    output: results/tracks/2020_12_23_Fbn2_C36_488nm_0p5_561nm_0p05_SC7_1p3X_30z_250nm_780V_365T_60s_movie1-02_processed_low.czi.movie.mp4
    jobid: 31
    wildcards: sample=2020_12_23_Fbn2_C36_488nm_0p5_561nm_0p05_SC7_1p3X_30z_250nm_780V_365T_60s_movie1-02_processed_low.czi

[Sun Feb 28 05:54:23 2021]
Finished job 20.
26 of 29 steps (90%) done

[Sun Feb 28 05:54:23 2021]
rule make_movies:
    input: results/tracks/2020_09_23_Fbn2_C36_488nm_0p5_561nm_0p05_SC8_2X_30z_250nm_780V_365T_20s_movie4-01_processed_low.czi.refined_tracks.csv, results/data/2020_09_23_Fbn2_C36_488nm_0p5_561nm_0p05_SC8_2X_30z_250nm_780V_365T_20s_movie4-01_processed_low.czi.ch0_raw.npy, results/data/2020_09_23_Fbn2_C36_488nm_0p5_561nm_0p05_SC8_2X_30z_250nm_780V_365T_20s_movie4-01_processed_low.czi.ch1_raw.npy, results/data/2020_09_23_Fbn2_C36_488nm_0p5_561nm_0p05_SC8_2X_30z_250nm_780V_365T_20s_movie4-01_processed_low.czi.ch0_filt.npy, results/data/2020_09_23_Fbn2_C36_488nm_0p5_561nm_0p05_SC8_2X_30z_250nm_780V_365T_20s_movie4-01_processed_low.czi.ch1_filt.npy, results/data/2020_09_23_Fbn2_C36_488nm_0p5_561nm_0p05_SC8_2X_30z_250nm_780V_365T_20s_movie4-01_processed_low.czi.metadata.pkl
    output: results/tracks/2020_09_23_Fbn2_C36_488nm_0p5_561nm_0p05_SC8_2X_30z_250nm_780V_365T_20s_movie4-01_processed_low.czi.movie.mp4
    jobid: 19
    wildcards: sample=2020_09_23_Fbn2_C36_488nm_0p5_561nm_0p05_SC8_2X_30z_250nm_780V_365T_20s_movie4-01_processed_low.czi

[Sun Feb 28 06:00:12 2021]
Finished job 31.
27 of 29 steps (93%) done
[Sun Feb 28 06:01:48 2021]
Finished job 19.
28 of 29 steps (97%) done

[Sun Feb 28 06:01:48 2021]
localrule all:
    input: results/tracks/2020_08_31_Fbn2_C36_DISH1_488nm_0p5_561nm_0p05_SC8_2X_30z_250nm_780V_365T_20s_movie1-03_processed_low.czi.movie.mp4, results/tracks/2020_09_23_Fbn2_C36_488nm_0p5_561nm_0p05_SC8_2X_30z_250nm_780V_365T_20s_movie2-01_processed_low.czi.movie.mp4, results/tracks/2020_09_10_Fbn2_C36_488nm_0p5_561nm_0p05_SC8_2X_30z_250nm_780V_365T_20s_movie1-01_processed_low.czi.movie.mp4, results/tracks/2020_09_23_Fbn2_C36_488nm_0p5_561nm_0p05_SC8_2X_30z_250nm_780V_365T_20s_movie4-01_processed_low.czi.movie.mp4, results/tracks/2020_12_22_Fbn2_C36_488nm_0p5_561nm_0p05_SC7_1p3X_30z_250nm_780V_365T_60s_movie1-06_processed_low.czi.movie.mp4, results/tracks/2020_12_23_Fbn2_C36_488nm_0p5_561nm_0p05_SC7_1p3X_30z_250nm_780V_365T_60s_movie1-02_processed_low.czi.movie.mp4
    jobid: 0

[Sun Feb 28 06:01:48 2021]
Finished job 0.
29 of 29 steps (100%) done
Complete log: /home/hbrandao/libs/data_analysis_Fbn2/snakemake/workflow/.snakemake/log/2021-02-28T025407.604170.snakemake.log
