Building DAG of jobs...
Using shell: /bin/bash
Provided cores: 1 (use --cores to define parallelism)
Rules claiming more threads will be scaled down.
Provided resources: mem_mb=240
Job counts:
	count	jobs
	1	all
	89	get_trajectories_from_timeseries
	90

[Thu May 13 18:59:15 2021]
rule get_trajectories_from_timeseries:
    input: /mnt/md0/Hansen Lab Dropbox/DataStorage/Imaging/Fbn2/processed/2020_09_A/2020_10_02_Fbn2_C36_488nm_0p5_561nm_0p05_SC8_2X_30z_250nm_780V_365T_20s_movie7-01_processed_low.czi
    output: results/C36/2020_10_02_Fbn2_C36_488nm_0p5_561nm_0p05_SC8_2X_30z_250nm_780V_365T_20s_movie7-01_processed_low.czi.tracks.csv, results/C36/2020_10_02_Fbn2_C36_488nm_0p5_561nm_0p05_SC8_2X_30z_250nm_780V_365T_20s_movie7-01_processed_low.czi.dot_volumes.pkl
    jobid: 392
    wildcards: group=C36, sample=2020_10_02_Fbn2_C36_488nm_0p5_561nm_0p05_SC8_2X_30z_250nm_780V_365T_20s_movie7-01_processed_low.czi
    resources: mem_gb=200

Job failed, going on with independent jobs.

[Thu May 13 19:00:23 2021]
rule get_trajectories_from_timeseries:
    input: /mnt/md0/Hansen Lab Dropbox/DataStorage/Imaging/Fbn2/processed/2020_09_A/2020_10_01_Fbn2_C36_488nm_0p5_561nm_0p05_SC8_2X_30z_250nm_780V_365T_20s_movie3-01_processed_low.czi
    output: results/C36/2020_10_01_Fbn2_C36_488nm_0p5_561nm_0p05_SC8_2X_30z_250nm_780V_365T_20s_movie3-01_processed_low.czi.tracks.csv, results/C36/2020_10_01_Fbn2_C36_488nm_0p5_561nm_0p05_SC8_2X_30z_250nm_780V_365T_20s_movie3-01_processed_low.czi.dot_volumes.pkl
    jobid: 395
    wildcards: group=C36, sample=2020_10_01_Fbn2_C36_488nm_0p5_561nm_0p05_SC8_2X_30z_250nm_780V_365T_20s_movie3-01_processed_low.czi
    resources: mem_gb=200

Job failed, going on with independent jobs.

[Thu May 13 19:01:32 2021]
rule get_trajectories_from_timeseries:
    input: /mnt/md0/Hansen Lab Dropbox/DataStorage/Imaging/Fbn2/processed/2020_09_A/2020_10_02_Fbn2_C36_488nm_0p5_561nm_0p05_SC8_2X_30z_250nm_780V_365T_20s_movie6-01_processed_low.czi
    output: results/C36/2020_10_02_Fbn2_C36_488nm_0p5_561nm_0p05_SC8_2X_30z_250nm_780V_365T_20s_movie6-01_processed_low.czi.tracks.csv, results/C36/2020_10_02_Fbn2_C36_488nm_0p5_561nm_0p05_SC8_2X_30z_250nm_780V_365T_20s_movie6-01_processed_low.czi.dot_volumes.pkl
    jobid: 411
    wildcards: group=C36, sample=2020_10_02_Fbn2_C36_488nm_0p5_561nm_0p05_SC8_2X_30z_250nm_780V_365T_20s_movie6-01_processed_low.czi
    resources: mem_gb=200

Job failed, going on with independent jobs.

[Thu May 13 19:02:41 2021]
rule get_trajectories_from_timeseries:
    input: /mnt/md0/Hansen Lab Dropbox/DataStorage/Imaging/Fbn2/processed/2020_09_A/2020_10_02_Fbn2_C36_488nm_0p5_561nm_0p05_SC8_2X_30z_250nm_780V_365T_20s_movie4-01_processed_low.czi
    output: results/C36/2020_10_02_Fbn2_C36_488nm_0p5_561nm_0p05_SC8_2X_30z_250nm_780V_365T_20s_movie4-01_processed_low.czi.tracks.csv, results/C36/2020_10_02_Fbn2_C36_488nm_0p5_561nm_0p05_SC8_2X_30z_250nm_780V_365T_20s_movie4-01_processed_low.czi.dot_volumes.pkl
    jobid: 404
    wildcards: group=C36, sample=2020_10_02_Fbn2_C36_488nm_0p5_561nm_0p05_SC8_2X_30z_250nm_780V_365T_20s_movie4-01_processed_low.czi
    resources: mem_gb=200

Job failed, going on with independent jobs.

[Thu May 13 19:03:50 2021]
rule get_trajectories_from_timeseries:
    input: /mnt/md0/Hansen Lab Dropbox/DataStorage/Imaging/Fbn2/processed/2020_09_A/2020_10_01_Fbn2_C36_488nm_0p5_561nm_0p05_SC8_2X_30z_250nm_780V_365T_20s_movie2-01_processed_low.czi
    output: results/C36/2020_10_01_Fbn2_C36_488nm_0p5_561nm_0p05_SC8_2X_30z_250nm_780V_365T_20s_movie2-01_processed_low.czi.tracks.csv, results/C36/2020_10_01_Fbn2_C36_488nm_0p5_561nm_0p05_SC8_2X_30z_250nm_780V_365T_20s_movie2-01_processed_low.czi.dot_volumes.pkl
    jobid: 407
    wildcards: group=C36, sample=2020_10_01_Fbn2_C36_488nm_0p5_561nm_0p05_SC8_2X_30z_250nm_780V_365T_20s_movie2-01_processed_low.czi
    resources: mem_gb=200

Job failed, going on with independent jobs.

[Thu May 13 19:04:59 2021]
rule get_trajectories_from_timeseries:
    input: /mnt/md0/Hansen Lab Dropbox/DataStorage/Imaging/Fbn2/processed/2020_11_A/2020_11_17_Fbn2_C58CTCF_noIAA_488nm_0p5_561nm_0p05_SC8_2X_30z_250nm_780V_365T_20s_movie1-01_processed_low.czi
    output: results/WAPL/2020_11_17_Fbn2_C58CTCF_noIAA_488nm_0p5_561nm_0p05_SC8_2X_30z_250nm_780V_365T_20s_movie1-01_processed_low.czi.tracks.csv, results/WAPL/2020_11_17_Fbn2_C58CTCF_noIAA_488nm_0p5_561nm_0p05_SC8_2X_30z_250nm_780V_365T_20s_movie1-01_processed_low.czi.dot_volumes.pkl
    jobid: 287
    wildcards: group=WAPL, sample=2020_11_17_Fbn2_C58CTCF_noIAA_488nm_0p5_561nm_0p05_SC8_2X_30z_250nm_780V_365T_20s_movie1-01_processed_low.czi
    resources: mem_gb=200

Terminating processes on user request, this might take some time.
Cancelling snakemake on user request.
