Building DAG of jobs...
MissingInputException in line 18 of /home/hbrandao/libs/data_analysis_Fbn2/snakemake/workflow/snakefile:
Missing input files for rule load_and_filter:
/mnt/md0/Hansen Lab Dropbox/DataStorage/Imaging/Fbn2/processed/2020_11_A/2020_11_15_BEADS_Fbn2_C58CTCF_488nm_1p5_561nm_1p5_SC8_2X_20z_160nm_780V_20T_0s_movie3-01_processed_low.czi.csv
/mnt/md0/Hansen Lab Dropbox/DataStorage/Imaging/Fbn2/processed/2020_11_A/2020_11_26_WAPL_BEADS_488nm_1p5_561nm_1p5_SC8_2X_20z_160nm_780V_20T_0s_movie2-01_processed_low.czi.csv
/mnt/md0/Hansen Lab Dropbox/DataStorage/Imaging/Fbn2/processed/neurons/2020_12_02_WAPL_noIAA_488nm_0p5_561nm_0p05_SC8_2X_30z_250nm_780V_365T_20s_movie3-02_processed_low.czi.csv
/mnt/md0/Hansen Lab Dropbox/DataStorage/Imaging/Fbn2/processed/2020_10_B/2020_10_27_BEADS_Fbn2_F1Rad21M_noIAA_488nm_1p5_561nm_1p5_SC8_2X_20z_160nm_780V_20T_0s_movie5-01_processed_low.czi.csv
/mnt/md0/Hansen Lab Dropbox/DataStorage/Imaging/Fbn2/processed/2020_12_B/2020_12_15_BEADS_488nm_1p5_561nm_1p5_SC8_2X_20z_160nm_780V_20T_0s_movie1-01_processed_low.czi.csv
/mnt/md0/Hansen Lab Dropbox/DataStorage/Imaging/Fbn2/processed/2020_08_A/2020_09_10_BEADS_488nm_1p5_561nm_1p5_SC8_2X_20z_160nm_780V_20T_0s_movie4-01_processed_low.czi.csv
/mnt/md0/Hansen Lab Dropbox/DataStorage/Imaging/Fbn2/processed/2020_09_A/2020_10_03_BEADS_488nm_1p5_561nm_1p5_SC8_2X_20z_160nm_780V_20T_0s_movie2-01_processed_low.czi.csv
/mnt/md0/Hansen Lab Dropbox/DataStorage/Imaging/Fbn2/processed/2020_08_A/2020_08_31_Fbn2_C36_DISH1_488nm_0p5_561nm_0p05_SC8_2X_30z_250nm_780V_365T_20s_movie5-02_processed_low.czi.csv
/mnt/md0/Hansen Lab Dropbox/DataStorage/Imaging/Fbn2/processed/2020_08_A/2020_09_04_BEADS_488nm_1p5_561nm_1p5_SC8_2X_20z_160nm_780V_20T_0s_movie5-01_processed_low.czi.csv
/mnt/md0/Hansen Lab Dropbox/DataStorage/Imaging/Fbn2/processed/2020_10_A/2020_10_01_BEADS_488nm_1p5_561nm_1p5_SC8_2X_20z_160nm_780V_20T_0s_movie5-01_processed_low.czi.csv
/mnt/md0/Hansen Lab Dropbox/DataStorage/Imaging/Fbn2/processed/2020_11_A/2020_11_26_WAPL_BEADS_488nm_1p5_561nm_1p5_SC8_2X_20z_160nm_780V_20T_0s_movie4-01_processed_low.czi.csv
/mnt/md0/Hansen Lab Dropbox/DataStorage/Imaging/Fbn2/processed/2020_11_A/2020_11_22_2020_11_22_WAPL_fourhoursIAA_488nm_0p5_561nm_0p05_SC8_2X_30z_250nm_780V_30T_20s_movie1-01_processed_low.czi.csv
/mnt/md0/Hansen Lab Dropbox/DataStorage/Imaging/Fbn2/processed/2021_02_A/2021_02_18_BEADS_488nm_1p5_561nm_1p5_SC8_2X_20z_160nm_780V_20T_0s_movie3-01_processed_low.czi.csv
/mnt/md0/Hansen Lab Dropbox/DataStorage/Imaging/Fbn2/processed/2020_12_C/2020_12_23_BEADS_488nm_1p5_561nm_1p5_SC8_2X_20z_160nm_780V_20T_0s_movie3-01_processed_low.czi.csv
/mnt/md0/Hansen Lab Dropbox/DataStorage/Imaging/Fbn2/processed/2020_10_B/2020_11_02_BeadSandwich_488nm_1p5_561nm_1p5_SC8_2X_80z_160nm_780V_10T_0s_movie2-01_processed_low.czi.csv
/mnt/md0/Hansen Lab Dropbox/DataStorage/Imaging/Fbn2/processed/2020_08_A/2020_09_04_BeadSandwich_488nm_1p7_561nm_1p7_SC8_2X_80z_160nm_780V_10T_0s_movie10-01_processed_low.czi.csv
/mnt/md0/Hansen Lab Dropbox/DataStorage/Imaging/Fbn2/processed/2020_09_A/2020_09_28_Fbn2_C36_488nm_0p5_561nm_0p05_SC8_2X_30z_250nm_780V_365T_20s_movie2-01_processed_low.czi.csv
/mnt/md0/Hansen Lab Dropbox/DataStorage/Imaging/Fbn2/processed/wapl/2020_12_13_WAPL_noIAA_405nm_2p0_646nm_1p0_5_SC4_1X_1z_nm_900V_4hours_5min_movie1-04_processed_low.czi.csv
/mnt/md0/Hansen Lab Dropbox/DataStorage/Imaging/Fbn2/processed/2020_12_A/2020_12_07_WAPL_fourhoursIAA_488nm_0p5_561nm_0p05_SC8_2X_30z_250nm_780V_365T_20s_movie2-01_processed_low.czi.csv
/mnt/md0/Hansen Lab Dropbox/DataStorage/Imaging/Fbn2/processed/2020_12_C/2020_12_21_Fbn2_C36_488nm_0p5_561nm_0p05_SC7_1p3X_30z_250nm_780V_365T_60s_movie1-07_processed_low.czi.csv
/mnt/md0/Hansen Lab Dropbox/DataStorage/Imaging/Fbn2/processed/2020_11_A/2020_11_16_BeadSandwich_488nm_1p5_561nm_1p5_SC8_2X_80z_160nm_780V_10T_0s_movie9-01_processed_low.czi.csv
/mnt/md0/Hansen Lab Dropbox/DataStorage/Imaging/Fbn2/processed/2020_11_A/2020_11_10_BEADS_Fbn2_CTCF58_noIAA_488nm_1p5_561nm_1p5_SC8_2X_20z_160nm_780V_20T_0s_movie1-01_processed_low.czi.csv
/mnt/md0/Hansen Lab Dropbox/DataStorage/Imaging/Fbn2/processed/2020_12_A/2020_12_08_BEADS_488nm_1p5_561nm_1p5_SC8_2X_20z_160nm_780V_20T_0s_movie3-01_processed_low.czi.csv
/mnt/md0/Hansen Lab Dropbox/DataStorage/Imaging/Fbn2/processed/2021_01_A/2020_01_19_BEADS_488nm_1p5_561nm_1p5_SC8_2X_20z_160nm_780V_20T_0s_movie2-01__processed_low..czi.csv
/mnt/md0/Hansen Lab Dropbox/DataStorage/Imaging/Fbn2/processed/2020_09_A/2020_10_03_Fbn2_C36_488nm_0p5_561nm_0p05_SC8_2X_30z_250nm_780V_365T_20s_movie1-01_processed_low.czi.csv
/mnt/md0/Hansen Lab Dropbox/DataStorage/Imaging/Fbn2/processed/2020_10_B/2020_10_27_BEADS_Fbn2_F1Rad21M_noIAA_488nm_1p5_561nm_1p5_SC8_2X_20z_160nm_780V_20T_0s_movie1-01_processed_low.czi.csv
/mnt/md0/Hansen Lab Dropbox/DataStorage/Imaging/Fbn2/processed/2020_08_A/2020_09_14_BEADS_488nm_1p5_561nm_1p5_SC8_2X_20z_160nm_780V_20T_0s_movie3-01_processed_low.czi.csv
/mnt/md0/Hansen Lab Dropbox/DataStorage/Imaging/Fbn2/processed/2020_11_A/2020_11_04_BEADS_488nm_1p5_561nm_1p5_SC8_2X_20z_160nm_780V_20T_0s_movie1-01_processed_low.czi.csv
/mnt/md0/Hansen Lab Dropbox/DataStorage/Imaging/Fbn2/processed/2020_11_A/2020_11_22_WAPL_BEADS_488nm_1p5_561nm_1p5_SC8_2X_20z_160nm_780V_20T_0s_movie2-01_processed_low.czi.csv
/mnt/md0/Hansen Lab Dropbox/DataStorage/Imaging/Fbn2/processed/2021_02_A/2021_02_19_BEADS_488nm_1p5_561nm_1p5_SC8_2X_20z_160nm_780V_20T_0s_movie3-01_processed_low.czi.csv
/mnt/md0/Hansen Lab Dropbox/DataStorage/Imaging/Fbn2/processed/2020_12_B/2020_12_11_BEADS_488nm_1p5_561nm_1p5_SC8_2X_20z_160nm_780V_20T_0s_movie2-01_processed_low.czi.csv
/mnt/md0/Hansen Lab Dropbox/DataStorage/Imaging/Fbn2/processed/2020_10_A/2020_10_30_Fbn2_C36_488nm_0p5_561nm_0p05_SC8_2X_30z_250nm_780V_365T_20s_movie4-02_processed_low.czi.csv
/mnt/md0/Hansen Lab Dropbox/DataStorage/Imaging/Fbn2/processed/2020_11_A/2020_11_12_BEADS_Fbn2_CTCF58_noIAA_488nm_1p5_561nm_1p5_SC8_2X_20z_160nm_780V_20T_0s_movie11-01_processed_low.czi.csv
/mnt/md0/Hansen Lab Dropbox/DataStorage/Imaging/Fbn2/processed/2021_02_A/2021_02_13_Fbn2_C36_488nm_0p5_561nm_0p05_SC8_2X_30z_250nm_780V_365T_20s_movie2-01_processed_low.czi.csv
/mnt/md0/Hansen Lab Dropbox/DataStorage/Imaging/Fbn2/processed/2020_10_B/2020_11_02_BeadSandwich_488nm_1p5_561nm_1p5_SC8_2X_80z_160nm_780V_10T_0s_movie10-01_processed_low.czi.csv
/mnt/md0/Hansen Lab Dropbox/DataStorage/Imaging/Fbn2/processed/2020_08_A/2020_09_10_BEADS_488nm_1p5_561nm_1p5_SC8_2X_20z_160nm_780V_20T_0s_movie1-02_processed_low.czi.csv
/mnt/md0/Hansen Lab Dropbox/DataStorage/Imaging/Fbn2/processed/2020_12_A/2020_12_03_WAPL_fourhoursIAA_488nm_0p5_561nm_0p05_SC8_2X_30z_250nm_780V_365T_20s_movie3-01_processed_low.czi.csv
/mnt/md0/Hansen Lab Dropbox/DataStorage/Imaging/Fbn2/processed/2020_08_A/2020_08_31_BEADS_DISH1_1000_488nm_1p2_561nm_1p5_SC8_2X_20z_160nm_780V_60T_0s_movie3-01_processed_low.czi.csv
/mnt/md0/Hansen Lab Dropbox/DataStorage/Imaging/Fbn2/processed/2020_12_B/2020_12_09_BEADS_488nm_1p5_561nm_1p5_SC8_2X_20z_160nm_780V_20T_0s_movie3-01_processed_low.czi.csv
/mnt/md0/Hansen Lab Dropbox/DataStorage/Imaging/Fbn2/processed/2020_12_A/2020_12_08_WAPL_fourhoursIAA_488nm_0p5_561nm_0p05_SC8_2X_30z_250nm_780V_365T_20s_movie3-01_processed_low.czi.csv
/mnt/md0/Hansen Lab Dropbox/DataStorage/Imaging/Fbn2/processed/2020_12_B/2020_12_16_BeadSandwich_488nm_1p5_561nm_1p5_SC8_2X_80z_160nm_780V_10T_0s_movie3-01_processed_low.czi.csv
/mnt/md0/Hansen Lab Dropbox/DataStorage/Imaging/Fbn2/processed/2020_12_B/2020_12_14_BEADS_488nm_1p5_561nm_1p5_SC8_2X_20z_160nm_780V_20T_0s_movie4-01_processed_low.czi.csv
/mnt/md0/Hansen Lab Dropbox/DataStorage/Imaging/Fbn2/processed/2020_12_B/2020_12_16_BeadSandwich_488nm_1p5_561nm_1p5_SC8_2X_80z_160nm_780V_10T_0s_movie4-01_processed_low.czi.csv
/mnt/md0/Hansen Lab Dropbox/DataStorage/Imaging/Fbn2/processed/2020_10_B/2020_10_27_BEADS_Fbn2_F1Rad21M_noIAA_488nm_1p5_561nm_1p5_SC8_2X_20z_160nm_780V_20T_0s_movie3-01_processed_low.czi.csv
/mnt/md0/Hansen Lab Dropbox/DataStorage/Imaging/Fbn2/processed/2020_08_A/2020_09_01_BEADS_488nm_1p5_561nm_1p7_SC8_2X_20z_160nm_780V_20T_0s_movie4-01_processed_low.czi.csv
/mnt/md0/Hansen Lab Dropbox/DataStorage/Imaging/Fbn2/processed/2020_12_B/2020_12_09_BEADS_488nm_1p5_561nm_1p5_SC8_2X_20z_160nm_780V_20T_0s_movie1-02_processed_low.czi.csv
/mnt/md0/Hansen Lab Dropbox/DataStorage/Imaging/Fbn2/processed/2020_11_A/2020_11_20_BeadSandwich_488nm_1p5_561nm_1p5_SC8_2X_80z_160nm_780V_10T_0s_movie1-01_processed_low.czi.csv
/mnt/md0/Hansen Lab Dropbox/DataStorage/Imaging/Fbn2/processed/2020_10_A/2020_10_22_BEADS_488nm_1p5_561nm_1p5_SC8_2X_20z_160nm_780V_20T_0s_movie1-01_processed_low.czi.csv
/mnt/md0/Hansen Lab Dropbox/DataStorage/Imaging/Fbn2/processed/2020_08_A/2020_09_01_BEADS_488nm_1p5_561nm_1p7_SC8_2X_20z_160nm_780V_20T_0s_movie2-01_processed_low.czi.csv
/mnt/md0/Hansen Lab Dropbox/DataStorage/Imaging/Fbn2/processed/2020_08_A/2020_09_04_BeadSandwich_488nm_1p7_561nm_1p7_SC8_2X_80z_160nm_780V_10T_0s_movie7-01_processed_low.czi.csv
/mnt/md0/Hansen Lab Dropbox/DataStorage/Imaging/Fbn2/processed/2020_09_A/2020_09_25_Fbn2_C36_488nm_0p5_561nm_0p05_SC8_2X_30z_250nm_780V_365T_20s_movie7-01_processed_low.czi.csv
/mnt/md0/Hansen Lab Dropbox/DataStorage/Imaging/Fbn2/processed/2020_08_A/2020_09_23_BEADS_488nm_1p5_561nm_1p5_SC8_2X_20z_160nm_780V_20T_0s_movie3-01_processed_low.czi.csv
/mnt/md0/Hansen Lab Dropbox/DataStorage/Imaging/Fbn2/processed/2020_08_A/2020_09_04_BeadSandwich_488nm_1p7_561nm_1p7_SC8_2X_80z_160nm_780V_10T_0s_movie3-01_processed_low.czi.csv
/mnt/md0/Hansen Lab Dropbox/DataStorage/Imaging/Fbn2/processed/2020_12_C/2020_12_21_BEADS_488nm_1p5_561nm_1p5_SC8_2X_20z_160nm_780V_20T_0s_movie4-01_processed_low.czi.csv
/mnt/md0/Hansen Lab Dropbox/DataStorage/Imaging/Fbn2/processed/2021_01_A/2020_01_19_BEADS_488nm_1p5_561nm_1p5_SC8_2X_20z_160nm_780V_20T_0s_movie1-01__processed_low..czi.csv
/mnt/md0/Hansen Lab Dropbox/DataStorage/Imaging/Fbn2/processed/2020_08_A/2020_09_23_BEADS_488nm_1p5_561nm_1p5_SC8_2X_20z_160nm_780V_20T_0s_movie4-01_processed_low.czi.csv
/mnt/md0/Hansen Lab Dropbox/DataStorage/Imaging/Fbn2/processed/2021_02_A/2021_02_08_BEADS_488nm_1p5_561nm_1p5_SC8_2X_20z_160nm_780V_20T_0s_movie3-01_processed_low.czi.csv
/mnt/md0/Hansen Lab Dropbox/DataStorage/Imaging/Fbn2/processed/2021_02_A/2021_02_14_Fbn2_C36_488nm_0p5_561nm_0p05_SC8_2X_30z_250nm_780V_365T_20s_movie3-01_processed_low.czi.csv
/mnt/md0/Hansen Lab Dropbox/DataStorage/Imaging/Fbn2/processed/2020_10_A/2020_10_01_BEADS_488nm_1p5_561nm_1p5_SC8_2X_20z_160nm_780V_20T_0s_movie3-01_processed_low.czi.csv
/mnt/md0/Hansen Lab Dropbox/DataStorage/Imaging/Fbn2/processed/2020_12_A/2020_12_07_BEADS_488nm_1p5_561nm_1p5_SC8_2X_20z_160nm_780V_20T_0s_movie4-01_processed_low.czi.csv
/mnt/md0/Hansen Lab Dropbox/DataStorage/Imaging/Fbn2/processed/2020_12_A/2020_12_03_WAPL_fourhoursIAA_488nm_0p5_561nm_0p05_SC8_2X_30z_250nm_780V_365T_20s_movie1-01_processed_low.czi.csv
/mnt/md0/Hansen Lab Dropbox/DataStorage/Imaging/Fbn2/processed/2020_11_A/2020_11_20_BeadSandwich_488nm_1p5_561nm_1p5_SC8_2X_80z_160nm_780V_10T_0s_movie9-01_processed_low.czi.csv
/mnt/md0/Hansen Lab Dropbox/DataStorage/Imaging/Fbn2/processed/2020_12_B/2020_12_14_BEADS_488nm_1p5_561nm_1p5_SC8_2X_20z_160nm_780V_20T_0s_movie5-01_processed_low.czi.csv
/mnt/md0/Hansen Lab Dropbox/DataStorage/Imaging/Fbn2/processed/2020_11_A/2020_11_12_BEADS_Fbn2_CTCF58_noIAA_488nm_1p5_561nm_1p5_SC8_2X_20z_160nm_780V_20T_0s_movie2-01_processed_low.czi.csv
/mnt/md0/Hansen Lab Dropbox/DataStorage/Imaging/Fbn2/processed/neurons/2020_12_02_BEADS_488nm_1p5_561nm_1p5_SC8_2X_20z_160nm_780V_20T_0s_movie3-01_processed_low.czi.csv
/mnt/md0/Hansen Lab Dropbox/DataStorage/Imaging/Fbn2/processed/2020_10_A/2020_10_20_BeadSandwich_488nm_1p5_561nm_1p5_SC8_2X_80z_160nm_780V_10T_0s_movie5-01_processed_low.czi.csv
/mnt/md0/Hansen Lab Dropbox/DataStorage/Imaging/Fbn2/processed/2020_12_C/2020_12_19_BEADS_488nm_1p5_561nm_1p5_SC8_2X_20z_160nm_780V_20T_0s_movie4-01_processed_low.czi.csv
/mnt/md0/Hansen Lab Dropbox/DataStorage/Imaging/Fbn2/processed/2020_12_C/2020_12_21_BEADS_488nm_1p5_561nm_1p5_SC8_2X_20z_160nm_780V_20T_0s_movie3-01_processed_low.czi.csv
/mnt/md0/Hansen Lab Dropbox/DataStorage/Imaging/Fbn2/processed/2020_10_A/2020_10_18_BeadSandwich_488nm_1p5_561nm_1p55_SC8_2X_80z_160nm_780V_10T_00s_movie1-04_processed_low.czi.csv
/mnt/md0/Hansen Lab Dropbox/DataStorage/Imaging/Fbn2/processed/2020_10_A/2020_10_01_Fbn2_C36_488nm_0p5_561nm_0p05_SC8_2X_30z_250nm_780V_365T_20s_movie1-01_processed_low.czi.csv
/mnt/md0/Hansen Lab Dropbox/DataStorage/Imaging/Fbn2/processed/2020_10_B/2020_10_25_BEADS_Fbn2_F1RAD21M_488nm_1p5_561nm_1p5_SC8_2X_20z_160nm_780V_20T_0s_movie5-01_processed_low.czi.csv
/mnt/md0/Hansen Lab Dropbox/DataStorage/Imaging/Fbn2/processed/2020_11_A/2020_11_09_BEADS_488nm_1p5_561nm_1p5_SC8_2X_20z_160nm_780V_20T_0s_movie1-01_processed_low.czi.csv
/mnt/md0/Hansen Lab Dropbox/DataStorage/Imaging/Fbn2/processed/2020_11_A/2020_11_25_WAPL_BEADS_488nm_1p5_561nm_1p5_SC8_2X_20z_160nm_780V_20T_0s_movie3-01_processed_low.czi.csv
/mnt/md0/Hansen Lab Dropbox/DataStorage/Imaging/Fbn2/processed/2020_08_A/2020_09_04_BeadSandwich_488nm_1p7_561nm_1p7_SC8_2X_80z_160nm_780V_10T_0s_movie15-01_processed_low.czi.csv
/mnt/md0/Hansen Lab Dropbox/DataStorage/Imaging/Fbn2/processed/2020_11_A/2020_11_23_WAPL_noIAA_488nm_0p5_561nm_0p05_SC8_2X_30z_250nm_780V_30T_20s_movie1-01_processed_low.czi.csv
/mnt/md0/Hansen Lab Dropbox/DataStorage/Imaging/Fbn2/processed/2020_08_A/2020_09_04_BeadSandwich_488nm_1p7_561nm_1p7_SC8_2X_80z_160nm_780V_10T_0s_movie12-01_processed_low.czi.csv
/mnt/md0/Hansen Lab Dropbox/DataStorage/Imaging/Fbn2/processed/2020_11_A/2020_11_25_WAPL_BEADS_488nm_1p5_561nm_1p5_SC8_2X_20z_160nm_780V_20T_0s_movie1-02_processed_low.czi.csv
/mnt/md0/Hansen Lab Dropbox/DataStorage/Imaging/Fbn2/processed/2020_12_A/2020_12_07_BEADS_488nm_1p5_561nm_1p5_SC8_2X_20z_160nm_780V_20T_0s_movie3-01_processed_low.czi.csv
/mnt/md0/Hansen Lab Dropbox/DataStorage/Imaging/Fbn2/processed/2020_12_A/2020_12_03_BEADS_488nm_1p5_561nm_1p5_SC8_2X_20z_160nm_780V_20T_0s_movie4-01_processed_low.czi.csv
/mnt/md0/Hansen Lab Dropbox/DataStorage/Imaging/Fbn2/processed/2020_10_B/2020_11_02_BeadSandwich_488nm_1p5_561nm_1p5_SC8_2X_80z_160nm_780V_10T_0s_movie7-01_processed_low.czi.csv
/mnt/md0/Hansen Lab Dropbox/DataStorage/Imaging/Fbn2/processed/2020_10_A/2020_10_18_BeadSandwich_488nm_1p5_561nm_1p55_SC8_2X_80z_160nm_780V_10T_00s_movie4-01_processed_low.czi.csv
/mnt/md0/Hansen Lab Dropbox/DataStorage/Imaging/Fbn2/processed/2020_11_A/2020_11_06_BEADS_488nm_1p5_561nm_1p5_SC8_2X_20z_160nm_780V_20T_0s_movie5-01_processed_low.czi.csv
/mnt/md0/Hansen Lab Dropbox/DataStorage/Imaging/Fbn2/processed/2020_12_C/2020_12_23_BEADS_488nm_1p5_561nm_1p5_SC8_2X_20z_160nm_780V_20T_0s_movie4-01_processed_low.czi.csv
/mnt/md0/Hansen Lab Dropbox/DataStorage/Imaging/Fbn2/processed/2020_11_A/2020_11_25_WAPL_noIAA_488nm_0p5_561nm_0p05_SC8_2X_30z_250nm_780V_365T_20s_movie1-01_processed_low.czi.csv
/mnt/md0/Hansen Lab Dropbox/DataStorage/Imaging/Fbn2/processed/2020_09_A/2020_10_01_BEADS_488nm_1p5_561nm_1p5_SC8_2X_20z_160nm_780V_20T_0s_movie1-01_processed_low.czi.csv
/mnt/md0/Hansen Lab Dropbox/DataStorage/Imaging/Fbn2/processed/2021_02_A/2021_02_14_Fbn2_C36_488nm_0p5_561nm_0p05_SC8_2X_30z_250nm_780V_365T_20s_movie4-01_processed_low.czi.csv
/mnt/md0/Hansen Lab Dropbox/DataStorage/Imaging/Fbn2/processed/2020_08_A/2020_09_21_BEADS_488nm_1p5_561nm_1p5_SC8_2X_20z_160nm_780V_20T_0s_movie2-01_processed_low.czi.csv
/mnt/md0/Hansen Lab Dropbox/DataStorage/Imaging/Fbn2/processed/2020_08_A/2020_09_04_BeadSandwich_488nm_1p5_561nm_1p5_SC8_2X_80z_160nm_780V_10T_0s_movie1-03_processed_low.czi.csv
/mnt/md0/Hansen Lab Dropbox/DataStorage/Imaging/Fbn2/processed/2020_11_A/2020_11_11_BEADS_488nm_1p5_561nm_1p5_SC8_2X_20z_160nm_780V_20T_0s_movie1-01_processed_low.czi.csv
/mnt/md0/Hansen Lab Dropbox/DataStorage/Imaging/Fbn2/processed/2020_11_A/2020_11_20_BeadSandwich_488nm_1p5_561nm_1p5_SC8_2X_80z_160nm_780V_10T_0s_movie4-01_processed_low.czi.csv
/mnt/md0/Hansen Lab Dropbox/DataStorage/Imaging/Fbn2/processed/2020_12_A/2020_12_03_WAPL_noIAA_488nm_0p5_561nm_0p05_SC8_2X_30z_250nm_780V_365T_20s_movie2-01_processed_low.czi.csv
/mnt/md0/Hansen Lab Dropbox/DataStorage/Imaging/Fbn2/processed/2021_02_A/2021_02_01_Fbn2_C36_488nm_0p5_561nm_0p05_SC8_2X_30z_250nm_780V_365T_20s_movie1-01_processed_low.czi.csv
/mnt/md0/Hansen Lab Dropbox/DataStorage/Imaging/Fbn2/processed/2020_11_A/2020_11_24_WAPL_BEADS_488nm_1p5_561nm_1p5_SC8_2X_20z_160nm_780V_20T_0s_movie3-01_processed_low.czi.csv
/mnt/md0/Hansen Lab Dropbox/DataStorage/Imaging/Fbn2/processed/2020_10_B/2020_11_02_BeadSandwich_488nm_1p5_561nm_1p5_SC8_2X_80z_160nm_780V_10T_0s_movie1-01_processed_low.czi.csv
/mnt/md0/Hansen Lab Dropbox/DataStorage/Imaging/Fbn2/processed/2020_08_A/2020_09_22_BEADS_488nm_1p5_561nm_1p5_SC8_2X_20z_160nm_780V_20T_0s_movie2-01_processed_low.czi.csv
/mnt/md0/Hansen Lab Dropbox/DataStorage/Imaging/Fbn2/processed/2020_08_A/2020_09_08_BEADS_488nm_1p2_561nm_1p5_SC8_2X_20z_160nm_780V_20T_0s_movie2-01_processed_low.czi.csv
/mnt/md0/Hansen Lab Dropbox/DataStorage/Imaging/Fbn2/processed/2020_11_A/2020_11_12_BEADS_Fbn2_CTCF58_noIAA_488nm_1p5_561nm_1p5_SC8_2X_20z_160nm_780V_20T_0s_movie13-01_processed_low.czi.csv
/mnt/md0/Hansen Lab Dropbox/DataStorage/Imaging/Fbn2/processed/2020_10_A/2020_10_20_BeadSandwich_488nm_1p5_561nm_1p5_SC8_2X_80z_160nm_780V_10T_0s_movie1-01_processed_low.czi.csv
/mnt/md0/Hansen Lab Dropbox/DataStorage/Imaging/Fbn2/processed/2020_09_A/2020_10_03_BEADS_488nm_1p5_561nm_1p5_SC8_2X_20z_160nm_780V_20T_0s_movie4-01_processed_low.czi.csv
/mnt/md0/Hansen Lab Dropbox/DataStorage/Imaging/Fbn2/processed/2020_08_A/2020_09_07_BEADS_488nm_1p5_561nm_1p5_SC8_2X_20z_160nm_780V_20T_0s_movie2-01_processed_low.czi.csv
/mnt/md0/Hansen Lab Dropbox/DataStorage/Imaging/Fbn2/processed/2020_11_A/2020_11_11_BEADS_488nm_1p5_561nm_1p5_SC8_2X_20z_160nm_780V_20T_0s_movie3-01_processed_low.czi.csv
/mnt/md0/Hansen Lab Dropbox/DataStorage/Imaging/Fbn2/processed/2020_08_A/2020_09_07_BEADS_488nm_1p5_561nm_1p5_SC8_2X_20z_160nm_780V_20T_0s_movie5-01_processed_low.czi.csv
/mnt/md0/Hansen Lab Dropbox/DataStorage/Imaging/Fbn2/processed/2021_02_A/2021_02_14_Fbn2_C36_488nm_0p5_561nm_0p05_SC8_2X_30z_250nm_780V_365T_20s_movie5-01_processed_low.czi.csv
/mnt/md0/Hansen Lab Dropbox/DataStorage/Imaging/Fbn2/processed/2020_12_C/2020_12_24_Fbn2_C36_488nm_0p5_561nm_0p05_SC7_1p3X_30z_250nm_780V_365T_60s_movie2-01_processed_low.czi.csv
/mnt/md0/Hansen Lab Dropbox/DataStorage/Imaging/Fbn2/processed/2020_11_A/2020_11_12_BEADS_Fbn2_CTCF58_noIAA_488nm_1p5_561nm_1p5_SC8_2X_20z_160nm_780V_20T_0s_movie9-01_processed_low.czi.csv
/mnt/md0/Hansen Lab Dropbox/DataStorage/Imaging/Fbn2/processed/2020_08_A/2020_09_10_Fbn2_C36_488nm_0p5_561nm_0p05_SC8_2X_30z_250nm_780V_365T_20s_movie5-01_processed_low.czi.csv
/mnt/md0/Hansen Lab Dropbox/DataStorage/Imaging/Fbn2/processed/2020_08_A/2020_09_23_Fbn2_C36_488nm_0p5_561nm_0p05_SC8_2X_30z_250nm_780V_365T_20s_movie7-01_processed_low.czi.csv
/mnt/md0/Hansen Lab Dropbox/DataStorage/Imaging/Fbn2/processed/2020_12_C/2020_12_22_Fbn2_C36_488nm_0p5_561nm_0p05_SC7_1p3X_30z_250nm_780V_365T_60s_movie1-06_processed_low.czi.csv
/mnt/md0/Hansen Lab Dropbox/DataStorage/Imaging/Fbn2/processed/2020_10_A/2020_10_20_BeadSandwich_488nm_1p5_561nm_1p5_SC8_2X_80z_160nm_780V_10T_0s_movie6-01_processed_low.czi.csv
/mnt/md0/Hansen Lab Dropbox/DataStorage/Imaging/Fbn2/processed/2020_12_A/2020_12_03_WAPL_fourhoursIAA_488nm_0p5_561nm_0p05_SC8_2X_30z_250nm_780V_365T_20s_movie2-01_processed_low.czi.csv
/mnt/md0/Hansen Lab Dropbox/DataStorage/Imaging/Fbn2/processed/2020_12_A/2020_12_07_BEADS_488nm_1p5_561nm_1p5_SC8_2X_20z_160nm_780V_20T_0s_movie2-01_processed_low.czi.csv
/mnt/md0/Hansen Lab Dropbox/DataStorage/Imaging/Fbn2/processed/2021_02_A/2021_02_10_BEADS_488nm_1p5_561nm_1p5_SC8_2X_20z_160nm_780V_20T_0s_movie3-01_processed_low.czi.csv
/mnt/md0/Hansen Lab Dropbox/DataStorage/Imaging/Fbn2/processed/2021_02_A/2021_02_18_BEADS_488nm_1p5_561nm_1p5_SC8_2X_20z_160nm_780V_20T_0s_movie1-01_processed_low.czi.csv
/mnt/md0/Hansen Lab Dropbox/DataStorage/Imaging/Fbn2/processed/2020_08_A/2020_09_04_BeadSandwich_488nm_1p7_561nm_1p7_SC8_2X_80z_160nm_780V_10T_0s_movie17-01_processed_low.czi.csv
/mnt/md0/Hansen Lab Dropbox/DataStorage/Imaging/Fbn2/processed/2021_02_A/2021_02_10_BEADS_488nm_1p5_561nm_1p5_SC8_2X_20z_160nm_780V_20T_0s_movie4-01_processed_low.czi.csv
/mnt/md0/Hansen Lab Dropbox/DataStorage/Imaging/Fbn2/processed/2020_11_A/2020_11_16_BeadSandwich_488nm_1p5_561nm_1p5_SC8_2X_80z_160nm_780V_10T_0s_movie1-02_processed_low.czi.csv
/mnt/md0/Hansen Lab Dropbox/DataStorage/Imaging/Fbn2/processed/2020_09_A/2020_09_25_Fbn2_C36_488nm_0p5_561nm_0p05_SC8_2X_30z_250nm_780V_365T_20s_movie5-01_processed_low.czi.csv
/mnt/md0/Hansen Lab Dropbox/DataStorage/Imaging/Fbn2/processed/2020_12_B/2020_12_15_BEADS_488nm_1p5_561nm_1p5_SC8_2X_20z_160nm_780V_20T_0s_movie4-01_processed_low.czi.csv
/mnt/md0/Hansen Lab Dropbox/DataStorage/Imaging/Fbn2/processed/2020_12_C/2020_12_22_BEADS_488nm_1p5_561nm_1p5_SC8_2X_20z_160nm_780V_20T_0s_movie5-03_processed_low.czi.csv
/mnt/md0/Hansen Lab Dropbox/DataStorage/Imaging/Fbn2/processed/2020_10_A/2020_10_23_BEADS_488nm_1p5_561nm_1p5_SC8_2X_20z_160nm_780V_20T_0s_movie4-01_processed_low.czi.csv
/mnt/md0/Hansen Lab Dropbox/DataStorage/Imaging/Fbn2/processed/2020_10_A/2020_10_29_BEADS_488nm_1p5_561nm_1p5_SC8_2X_20z_160nm_780V_20T_0s_movie2-01_processed_low.czi.csv
/mnt/md0/Hansen Lab Dropbox/DataStorage/Imaging/Fbn2/processed/2020_11_A/2020_11_12_BEADS_Fbn2_CTCF58_noIAA_488nm_1p5_561nm_1p5_SC8_2X_20z_160nm_780V_20T_0s_movie7-01_processed_low.czi.csv
/mnt/md0/Hansen Lab Dropbox/DataStorage/Imaging/Fbn2/processed/2020_11_A/2020_11_20_BeadSandwich_488nm_1p5_561nm_1p5_SC8_2X_80z_160nm_780V_10T_0s_movie2-02_processed_low.czi.csv
/mnt/md0/Hansen Lab Dropbox/DataStorage/Imaging/Fbn2/processed/2021_02_A/2021_02_04_BEADS_488nm_1p5_561nm_1p5_SC8_2X_20z_160nm_780V_20T_0s_movie5-01_processed_low.czi.csv
/mnt/md0/Hansen Lab Dropbox/DataStorage/Imaging/Fbn2/processed/2020_11_A/2020_11_22_2020_11_22_WAPL_sixhoursIAA_488nm_0p5_561nm_0p05_SC8_2X_30z_250nm_780V_30T_20s_movie1-01_processed_low.czi.csv
/mnt/md0/Hansen Lab Dropbox/DataStorage/Imaging/Fbn2/processed/2020_11_A/2020_11_06_BEADS_488nm_1p5_561nm_1p5_SC8_2X_20z_160nm_780V_20T_0s_movie4-01_processed_low.czi.csv
/mnt/md0/Hansen Lab Dropbox/DataStorage/Imaging/Fbn2/processed/2020_10_B/2020_11_02_BeadSandwich_488nm_1p5_561nm_1p5_SC8_2X_80z_160nm_780V_10T_0s_movie4-01_processed_low.czi.csv
/mnt/md0/Hansen Lab Dropbox/DataStorage/Imaging/Fbn2/processed/2020_08_A/2020_09_11_BEADS_488nm_1p5_561nm_1p05_SC8_2X_20z_160nm_780V_20T_0s_movie1-01_processed_low.czi.csv
/mnt/md0/Hansen Lab Dropbox/DataStorage/Imaging/Fbn2/processed/2020_08_A/2020_09_04_BeadSandwich_488nm_1p5_561nm_1p5_SC8_2X_80z_160nm_780V_10T_0s_movie1-01_processed_low.czi.csv
/mnt/md0/Hansen Lab Dropbox/DataStorage/Imaging/Fbn2/processed/2020_10_B/2020_10_25_BEADS_Fbn2_F1RAD21M_488nm_1p5_561nm_1p5_SC8_2X_20z_160nm_780V_20T_0s_movie4-01_processed_low.czi.csv
/mnt/md0/Hansen Lab Dropbox/DataStorage/Imaging/Fbn2/processed/2020_12_C/2020_12_23_Fbn2_C36_488nm_0p5_561nm_0p05_SC7_1p3X_30z_250nm_780V_365T_60s_movie1-02_processed_low.czi.csv
/mnt/md0/Hansen Lab Dropbox/DataStorage/Imaging/Fbn2/processed/2020_12_B/2020_12_10_BEADS_488nm_1p5_561nm_1p5_SC8_2X_20z_160nm_780V_20T_0s_movie4-01_processed_low.czi.csv
/mnt/md0/Hansen Lab Dropbox/DataStorage/Imaging/Fbn2/processed/2020_08_A/2020_09_08_Fbn2_C36_488nm_0p5_561nm_0p05_SC8_2X_30z_250nm_780V_365T_20s_movie3-02_processed_low.czi.csv
/mnt/md0/Hansen Lab Dropbox/DataStorage/Imaging/Fbn2/processed/2020_11_A/2020_11_12_BEADS_Fbn2_CTCF58_noIAA_488nm_1p5_561nm_1p5_SC8_2X_20z_160nm_780V_20T_0s_movie5-01_processed_low.czi.csv
/mnt/md0/Hansen Lab Dropbox/DataStorage/Imaging/Fbn2/processed/2020_10_A/2020_10_29_BEADS_488nm_1p5_561nm_1p5_SC8_2X_20z_160nm_780V_20T_0s_movie5-01_processed_low.czi.csv
/mnt/md0/Hansen Lab Dropbox/DataStorage/Imaging/Fbn2/processed/2020_08_A/2020_08_31_BEADS_DISH1_1000_488nm_1p2_561nm_1p5_SC8_2X_20z_160nm_780V_60T_0s_movie2-01_processed_low.czi.csv
/mnt/md0/Hansen Lab Dropbox/DataStorage/Imaging/Fbn2/processed/2020_10_A/2020_10_21_BEADS_Fbn2_F1Rad21M_488nm_1p5_561nm_1p5_SC8_2X_20z_160nm_780V_20T_0s_movie5-01_processed_low.czi.csv
/mnt/md0/Hansen Lab Dropbox/DataStorage/Imaging/Fbn2/processed/2020_08_A/2020_09_03_BEADS_488nm_2p0_561nm_2p0_SC8_2X_20z_160nm_780V_20T_0s_movie5-01_processed_low.czi.csv
/mnt/md0/Hansen Lab Dropbox/DataStorage/Imaging/Fbn2/processed/2020_12_A/2020_12_06_WAPL_fourhoursIAA_488nm_0p5_561nm_0p05_SC8_2X_30z_250nm_780V_365T_20s_movie1-01_processed_low.czi.csv
/mnt/md0/Hansen Lab Dropbox/DataStorage/Imaging/Fbn2/processed/2020_08_A/2020_09_10_Fbn2_C36_488nm_0p5_561nm_0p05_SC8_2X_30z_250nm_780V_365T_20s_movie4-03_processed_low.czi.csv
/mnt/md0/Hansen Lab Dropbox/DataStorage/Imaging/Fbn2/processed/2020_08_A/2020_09_04_BeadSandwich_488nm_1p7_561nm_1p7_SC8_2X_80z_160nm_780V_10T_0s_movie13-01_processed_low.czi.csv
/mnt/md0/Hansen Lab Dropbox/DataStorage/Imaging/Fbn2/processed/2021_02_A/2021_02_15_BEADS_488nm_1p5_561nm_1p5_SC8_2X_20z_160nm_780V_20T_0s_movie3-01_processed_low.czi.csv
/mnt/md0/Hansen Lab Dropbox/DataStorage/Imaging/Fbn2/processed/2020_09_A/2020_10_03_BEADS_488nm_1p5_561nm_1p5_SC8_2X_20z_160nm_780V_20T_0s_movie3-01_processed_low.czi.csv
/mnt/md0/Hansen Lab Dropbox/DataStorage/Imaging/Fbn2/processed/2020_12_A/2020_12_08_BEADS_488nm_1p5_561nm_1p5_SC8_2X_20z_160nm_780V_20T_0s_movie2-01_processed_low.czi.csv
/mnt/md0/Hansen Lab Dropbox/DataStorage/Imaging/Fbn2/processed/2020_08_A/2020_09_08_BEADS_488nm_1p5_561nm_1p5_SC8_2X_20z_160nm_780V_20T_0s_movie5-01_processed_low.czi.csv
/mnt/md0/Hansen Lab Dropbox/DataStorage/Imaging/Fbn2/processed/2020_12_A/2020_12_07_WAPL_sixhoursIAA_488nm_0p5_561nm_0p05_SC8_2X_30z_250nm_780V_365T_20s_movie2-01_processed_low.czi.csv
/mnt/md0/Hansen Lab Dropbox/DataStorage/Imaging/Fbn2/processed/2020_11_A/2020_11_12_BEADS_Fbn2_CTCF58_noIAA_488nm_1p5_561nm_1p5_SC8_2X_20z_160nm_780V_20T_0s_movie8-01_processed_low.czi.csv
/mnt/md0/Hansen Lab Dropbox/DataStorage/Imaging/Fbn2/processed/2020_08_A/2020_09_04_Fbn2_C36_488nm_0p5_561nm_0p05_SC8_2X_30z_250nm_780V_365T_20s_movie2-01_processed_low.czi.csv
/mnt/md0/Hansen Lab Dropbox/DataStorage/Imaging/Fbn2/processed/2020_11_A/2020_11_25_WAPL_BEADS_488nm_1p5_561nm_1p5_SC8_2X_20z_160nm_780V_20T_0s_movie4-01_processed_low.czi.csv
/mnt/md0/Hansen Lab Dropbox/DataStorage/Imaging/Fbn2/processed/2020_11_A/2020_11_20_BeadSandwich_488nm_1p5_561nm_1p5_SC8_2X_80z_160nm_780V_10T_0s_movie6-01_processed_low.czi.csv
/mnt/md0/Hansen Lab Dropbox/DataStorage/Imaging/Fbn2/processed/2020_08_A/2020_09_03_BEADS_488nm_2p0_561nm_2p0_SC8_2X_20z_160nm_780V_20T_0s_movie1-03_processed_low.czi.csv
/mnt/md0/Hansen Lab Dropbox/DataStorage/Imaging/Fbn2/processed/2020_11_A/2020_11_23_WAPL_fourhoursIAA_488nm_0p5_561nm_0p05_SC8_2X_30z_250nm_780V_30T_20s_movie1-01_processed_low.czi.csv
/mnt/md0/Hansen Lab Dropbox/DataStorage/Imaging/Fbn2/processed/2020_08_A/2020_09_03_BEADS_488nm_2p0_561nm_2p0_SC8_2X_20z_160nm_780V_20T_0s_movie3-01_processed_low.czi.csv
/mnt/md0/Hansen Lab Dropbox/DataStorage/Imaging/Fbn2/processed/2020_10_B/2020_11_02_BeadSandwich_488nm_1p5_561nm_1p5_SC8_2X_80z_160nm_780V_10T_0s_movie8-01_processed_low.czi.csv
/mnt/md0/Hansen Lab Dropbox/DataStorage/Imaging/Fbn2/processed/2020_08_A/2020_09_04_BeadSandwich_488nm_1p7_561nm_1p7_SC8_2X_80z_160nm_780V_10T_0s_movie19-01_processed_low.czi.csv
/mnt/md0/Hansen Lab Dropbox/DataStorage/Imaging/Fbn2/processed/2020_08_A/2020_09_23_BEADS_488nm_1p5_561nm_1p5_SC8_2X_20z_160nm_780V_20T_0s_movie1-01_processed_low.czi.csv
/mnt/md0/Hansen Lab Dropbox/DataStorage/Imaging/Fbn2/processed/2020_11_A/2020_11_16_BeadSandwich_488nm_1p5_561nm_1p5_SC8_2X_80z_160nm_780V_10T_0s_movie4-01_processed_low.czi.csv
/mnt/md0/Hansen Lab Dropbox/DataStorage/Imaging/Fbn2/processed/2020_08_A/2020_09_23_Fbn2_C36_488nm_0p5_561nm_0p05_SC8_2X_30z_250nm_780V_365T_20s_movie3-01_processed_low.czi.csv
/mnt/md0/Hansen Lab Dropbox/DataStorage/Imaging/Fbn2/processed/2020_08_A/2020_09_11_BEADS_488nm_1p5_561nm_1p05_SC8_2X_20z_160nm_780V_20T_0s_movie4-01_processed_low.czi.csv
/mnt/md0/Hansen Lab Dropbox/DataStorage/Imaging/Fbn2/processed/2020_08_A/2020_09_15_BEADS_488nm_1p5_561nm_1p5_SC8_2X_20z_160nm_780V_20T_0s_movie5-01_processed_low.czi.csv
/mnt/md0/Hansen Lab Dropbox/DataStorage/Imaging/Fbn2/processed/2020_12_B/2020_12_09_BEADS_488nm_1p5_561nm_1p5_SC8_2X_20z_160nm_780V_20T_0s_movie1-01_processed_low.czi.csv
/mnt/md0/Hansen Lab Dropbox/DataStorage/Imaging/Fbn2/processed/2020_12_A/2020_12_08_WAPL_fourhoursIAA_488nm_0p5_561nm_0p05_SC8_2X_30z_250nm_780V_365T_20s_movie1-03_processed_low.czi.csv
/mnt/md0/Hansen Lab Dropbox/DataStorage/Imaging/Fbn2/processed/2020_11_A/2020_11_25_WAPL_sixhoursIAA_488nm_0p5_561nm_0p05_SC8_2X_30z_250nm_780V_365T_20s_movie1-01_processed_low.czi.csv
/mnt/md0/Hansen Lab Dropbox/DataStorage/Imaging/Fbn2/processed/2020_12_B/2020_12_09_BEADS_488nm_1p5_561nm_1p5_SC8_2X_20z_160nm_780V_20T_0s_movie2-01_processed_low.czi.csv
/mnt/md0/Hansen Lab Dropbox/DataStorage/Imaging/Fbn2/processed/2020_12_A/2020_12_08_WAPL_sixhoursIAA_488nm_0p5_561nm_0p05_SC8_2X_30z_250nm_780V_365T_20s_movie3-01_processed_low.czi.csv
/mnt/md0/Hansen Lab Dropbox/DataStorage/Imaging/Fbn2/processed/2020_08_A/2020_08_31_Fbn2_C36_DISH1_488nm_0p5_561nm_0p05_SC8_2X_30z_250nm_780V_365T_20s_movie4-02_processed_low.czi.csv
/mnt/md0/Hansen Lab Dropbox/DataStorage/Imaging/Fbn2/processed/2020_09_A/2020_09_25_Fbn2_C36_488nm_0p5_561nm_0p05_SC8_2X_30z_250nm_780V_365T_20s_movie4-01_processed_low.czi.csv
/mnt/md0/Hansen Lab Dropbox/DataStorage/Imaging/Fbn2/processed/2020_11_A/2020_11_26_WAPL_sixhoursIAA_488nm_0p5_561nm_0p05_SC8_2X_30z_250nm_780V_365T_20s_movie1-01_processed_low.czi.csv
/mnt/md0/Hansen Lab Dropbox/DataStorage/Imaging/Fbn2/processed/2020_10_A/2020_10_18_BeadSandwich_488nm_1p5_561nm_1p55_SC8_2X_80z_160nm_780V_10T_00s_movie3-01_processed_low.czi.csv
/mnt/md0/Hansen Lab Dropbox/DataStorage/Imaging/Fbn2/processed/2020_09_A/2020_10_02_Fbn2_C36_488nm_0p5_561nm_0p05_SC8_2X_30z_250nm_780V_365T_20s_movie4-01_processed_low.czi.csv
/mnt/md0/Hansen Lab Dropbox/DataStorage/Imaging/Fbn2/processed/2020_11_A/2020_11_26_WAPL_BEADS_488nm_1p5_561nm_1p5_SC8_2X_20z_160nm_780V_20T_0s_movie3-01_processed_low.czi.csv
/mnt/md0/Hansen Lab Dropbox/DataStorage/Imaging/Fbn2/processed/2020_12_C/2020_12_18_BEADS_488nm_1p5_561nm_1p5_SC8_2X_20z_160nm_780V_20T_0s_movie2-01_processed_low.czi.csv
/mnt/md0/Hansen Lab Dropbox/DataStorage/Imaging/Fbn2/processed/2020_10_A/2020_10_22_BEADS_488nm_1p5_561nm_1p5_SC8_2X_20z_160nm_780V_20T_0s_movie4-01_processed_low.czi.csv
/mnt/md0/Hansen Lab Dropbox/DataStorage/Imaging/Fbn2/processed/2020_09_A/2020_10_02_Fbn2_C36_488nm_0p5_561nm_0p05_SC8_2X_30z_250nm_780V_365T_20s_movie7-01_processed_low.czi.csv
/mnt/md0/Hansen Lab Dropbox/DataStorage/Imaging/Fbn2/processed/2020_08_A/2020_09_07_BEADS_488nm_1p5_561nm_1p5_SC8_2X_20z_160nm_780V_20T_0s_movie4-01_processed_low.czi.csv
/mnt/md0/Hansen Lab Dropbox/DataStorage/Imaging/Fbn2/processed/2020_09_A/2020_10_03_Fbn2_C36_488nm_0p5_561nm_0p05_SC8_2X_30z_250nm_780V_365T_20s_movie4-01_processed_low.czi.csv
/mnt/md0/Hansen Lab Dropbox/DataStorage/Imaging/Fbn2/processed/2020_08_A/2020_09_08_BEADS_488nm_1p5_561nm_1p5_SC8_2X_20z_160nm_780V_20T_0s_movie3-01_processed_low.czi.csv
/mnt/md0/Hansen Lab Dropbox/DataStorage/Imaging/Fbn2/processed/2020_10_A/2020_10_22_BEADS_488nm_1p5_561nm_1p5_SC8_2X_20z_160nm_780V_20T_0s_movie3-01_processed_low.czi.csv
/mnt/md0/Hansen Lab Dropbox/DataStorage/Imaging/Fbn2/processed/2020_12_A/2020_12_08_WAPL_sixhoursIAA_488nm_0p5_561nm_0p05_SC8_2X_30z_250nm_780V_365T_20s_movie3-03_processed_low.czi.csv
/mnt/md0/Hansen Lab Dropbox/DataStorage/Imaging/Fbn2/processed/2020_09_A/2020_10_03_BeadSandwitch_488nm_1p7_561nm_1p7_SC8_2X_80z_160nm_780V_10T_0s_movie6-04_processed_low.czi.csv
/mnt/md0/Hansen Lab Dropbox/DataStorage/Imaging/Fbn2/processed/2020_10_B/2020_10_25_BEADS_Fbn2_F1RAD21M_488nm_1p5_561nm_1p5_SC8_2X_20z_160nm_780V_20T_0s_movie1-03_processed_low.czi.csv
/mnt/md0/Hansen Lab Dropbox/DataStorage/Imaging/Fbn2/processed/2020_10_A/2020_10_23_Fbn2_C36_488nm_0p5_561nm_0p05_SC8_2X_30z_250nm_780V_365T_20s_movie3-01_processed_low.czi.csv
/mnt/md0/Hansen Lab Dropbox/DataStorage/Imaging/Fbn2/processed/2020_12_C/2020_12_22_BEADS_488nm_1p5_561nm_1p5_SC8_2X_20z_160nm_780V_20T_0s_movie2-01_processed_low.czi.csv
/mnt/md0/Hansen Lab Dropbox/DataStorage/Imaging/Fbn2/processed/2020_12_C/2020_12_22_BEADS_488nm_1p5_561nm_1p5_SC8_2X_20z_160nm_780V_20T_0s_movie3-01_processed_low.czi.csv
/mnt/md0/Hansen Lab Dropbox/DataStorage/Imaging/Fbn2/processed/2021_01_A/2021_01_20_BEADS_488nm_1p5_561nm_1p5_SC8_2X_20z_160nm_780V_20T_0s_movie4-01__processed_low..czi.csv
/mnt/md0/Hansen Lab Dropbox/DataStorage/Imaging/Fbn2/processed/2020_12_A/2020_12_08_WAPL_fourhoursIAA_488nm_0p5_561nm_0p05_SC8_2X_30z_250nm_780V_365T_20s_movie1-01_processed_low.czi.csv
/mnt/md0/Hansen Lab Dropbox/DataStorage/Imaging/Fbn2/processed/2020_08_A/2020_09_10_BEADS_488nm_1p5_561nm_1p5_SC8_2X_20z_160nm_780V_20T_0s_movie2-01_processed_low.czi.csv
/mnt/md0/Hansen Lab Dropbox/DataStorage/Imaging/Fbn2/processed/2020_08_A/2020_09_23_BEADS_488nm_1p5_561nm_1p5_SC8_2X_20z_160nm_780V_20T_0s_movie5-01_processed_low.czi.csv
/mnt/md0/Hansen Lab Dropbox/DataStorage/Imaging/Fbn2/processed/2020_09_A/2020_09_28_BEADS_488nm_1p5_561nm_1p5_SC8_2X_20z_160nm_780V_20T_0s_movie2-01_processed_low.czi.csv
/mnt/md0/Hansen Lab Dropbox/DataStorage/Imaging/Fbn2/processed/2020_08_A/2020_09_23_Fbn2_C36_488nm_0p5_561nm_0p05_SC8_2X_30z_250nm_780V_365T_20s_movie1-01_processed_low.czi.csv
/mnt/md0/Hansen Lab Dropbox/DataStorage/Imaging/Fbn2/processed/2020_11_A/2020_11_23_WAPL_BEADS_488nm_1p5_561nm_1p5_SC8_2X_20z_160nm_780V_20T_0s_movie2-01_processed_low.czi.csv
/mnt/md0/Hansen Lab Dropbox/DataStorage/Imaging/Fbn2/processed/2020_12_C/2020_12_19_BEADS_488nm_1p5_561nm_1p5_SC8_2X_20z_160nm_780V_20T_0s_movie1-01_processed_low.czi.csv
/mnt/md0/Hansen Lab Dropbox/DataStorage/Imaging/Fbn2/processed/2020_09_A/2020_10_01_Fbn2_C36_488nm_0p5_561nm_0p05_SC8_2X_30z_250nm_780V_365T_20s_movie3-01_processed_low.czi.csv
/mnt/md0/Hansen Lab Dropbox/DataStorage/Imaging/Fbn2/processed/2020_08_A/2020_09_22_BEADS_488nm_1p5_561nm_1p5_SC8_2X_20z_160nm_780V_20T_0s_movie3-01_processed_low.czi.csv
/mnt/md0/Hansen Lab Dropbox/DataStorage/Imaging/Fbn2/processed/2020_12_A/2020_12_07_WAPL_noIAA_488nm_0p5_561nm_0p05_SC8_2X_30z_250nm_780V_365T_20s_movie1-01_processed_low.czi.csv
/mnt/md0/Hansen Lab Dropbox/DataStorage/Imaging/Fbn2/processed/2020_08_A/2020_09_04_BeadSandwich_488nm_1p7_561nm_1p7_SC8_2X_80z_160nm_780V_10T_0s_movie6-01_processed_low.czi.csv
/mnt/md0/Hansen Lab Dropbox/DataStorage/Imaging/Fbn2/processed/2020_10_A/2020_10_22_BEADS_488nm_1p5_561nm_1p5_SC8_2X_20z_160nm_780V_20T_0s_movie5-01_processed_low.czi.csv
/mnt/md0/Hansen Lab Dropbox/DataStorage/Imaging/Fbn2/processed/2020_08_A/2020_09_08_Fbn2_C36_488nm_0p5_561nm_0p05_SC8_2X_30z_250nm_780V_365T_20s_movie1-01_processed_low.czi.csv
/mnt/md0/Hansen Lab Dropbox/DataStorage/Imaging/Fbn2/processed/2020_08_A/2020_09_14_BEADS_488nm_1p5_561nm_1p5_SC8_2X_20z_160nm_780V_20T_0s_movie1-01_processed_low.czi.csv
/mnt/md0/Hansen Lab Dropbox/DataStorage/Imaging/Fbn2/processed/2020_08_A/2020_08_31_Fbn2_C36_DISH1_488nm_0p5_561nm_0p05_SC8_2X_30z_250nm_780V_365T_20s_movie1-03_processed_low.czi.csv
/mnt/md0/Hansen Lab Dropbox/DataStorage/Imaging/Fbn2/processed/2021_02_A/2021_02_10_BEADS_488nm_1p5_561nm_1p5_SC8_2X_20z_160nm_780V_20T_0s_movie5-01_processed_low.czi.csv
/mnt/md0/Hansen Lab Dropbox/DataStorage/Imaging/Fbn2/processed/2021_02_A/2021_02_10_BEADS_488nm_1p5_561nm_1p5_SC8_2X_20z_160nm_780V_20T_0s_movie1-02_processed_low.czi.csv
/mnt/md0/Hansen Lab Dropbox/DataStorage/Imaging/Fbn2/processed/2020_11_A/2020_11_12_BEADS_Fbn2_CTCF58_noIAA_488nm_1p5_561nm_1p5_SC8_2X_20z_160nm_780V_20T_0s_movie3-01_processed_low.czi.csv
/mnt/md0/Hansen Lab Dropbox/DataStorage/Imaging/Fbn2/processed/2020_11_A/2020_11_15_BEADS_Fbn2_C58CTCF_488nm_1p5_561nm_1p5_SC8_2X_20z_160nm_780V_20T_0s_movie4-01_processed_low.czi.csv
/mnt/md0/Hansen Lab Dropbox/DataStorage/Imaging/Fbn2/processed/2020_12_B/2020_12_09_BEADS_488nm_1p5_561nm_1p5_SC8_2X_20z_160nm_780V_20T_0s_movie5-01_processed_low.czi.csv
/mnt/md0/Hansen Lab Dropbox/DataStorage/Imaging/Fbn2/processed/2020_12_C/2020_12_21_BEADS_488nm_1p5_561nm_1p5_SC8_2X_20z_160nm_780V_20T_0s_movie5-01_processed_low.czi.csv
/mnt/md0/Hansen Lab Dropbox/DataStorage/Imaging/Fbn2/processed/2020_08_A/2020_09_14_BEADS_488nm_1p5_561nm_1p5_SC8_2X_20z_160nm_780V_20T_0s_movie5-01_processed_low.czi.csv
/mnt/md0/Hansen Lab Dropbox/DataStorage/Imaging/Fbn2/processed/2020_08_A/2020_09_04_BeadSandwich_488nm_1p7_561nm_1p7_SC8_2X_80z_160nm_780V_10T_0s_movie9-01_processed_low.czi.csv
/mnt/md0/Hansen Lab Dropbox/DataStorage/Imaging/Fbn2/processed/2021_02_A/2021_02_15_BEADS_488nm_1p5_561nm_1p5_SC8_2X_20z_160nm_780V_20T_0s_movie4-01_processed_low.czi.csv
/mnt/md0/Hansen Lab Dropbox/DataStorage/Imaging/Fbn2/processed/2020_08_A/2020_09_14_BEADS_488nm_1p5_561nm_1p5_SC8_2X_20z_160nm_780V_20T_0s_movie4-01_processed_low.czi.csv
/mnt/md0/Hansen Lab Dropbox/DataStorage/Imaging/Fbn2/processed/2021_02_A/2021_02_04_BEADS_488nm_1p5_561nm_1p5_SC8_2X_20z_160nm_780V_20T_0s_movie3-01_processed_low.czi.csv
/mnt/md0/Hansen Lab Dropbox/DataStorage/Imaging/Fbn2/processed/2020_08_A/2020_09_15_BEADS_488nm_1p5_561nm_1p5_SC8_2X_20z_160nm_780V_20T_0s_movie1-01_processed_low.czi.csv
/mnt/md0/Hansen Lab Dropbox/DataStorage/Imaging/Fbn2/processed/2020_12_A/2020_12_03_WAPL_sixhoursIAA_488nm_0p5_561nm_0p05_SC8_2X_30z_250nm_780V_365T_20s_movie2-01_processed_low.czi.csv
/mnt/md0/Hansen Lab Dropbox/DataStorage/Imaging/Fbn2/processed/2020_09_A/2020_09_25_BEADS_488nm_1p5_561nm_1p5_SC8_2X_20z_160nm_780V_20T_0s_movie3-01_processed_low.czi.csv
/mnt/md0/Hansen Lab Dropbox/DataStorage/Imaging/Fbn2/processed/2020_12_B/2020_12_11_BEADS_488nm_1p5_561nm_1p5_SC8_2X_20z_160nm_780V_20T_0s_movie4-01_processed_low.czi.csv
/mnt/md0/Hansen Lab Dropbox/DataStorage/Imaging/Fbn2/processed/2020_11_A/2020_11_23_WAPL_BEADS_488nm_1p5_561nm_1p5_SC8_2X_20z_160nm_780V_20T_0s_movie3-01_processed_low.czi.csv
/mnt/md0/Hansen Lab Dropbox/DataStorage/Imaging/Fbn2/processed/2020_12_A/2020_12_08_WAPL_noIAA_488nm_0p5_561nm_0p05_SC8_2X_30z_250nm_780V_365T_20s_movie2-01_processed_low.czi.csv
/mnt/md0/Hansen Lab Dropbox/DataStorage/Imaging/Fbn2/processed/2020_11_A/2020_11_16_BeadSandwich_488nm_1p5_561nm_1p5_SC8_2X_80z_160nm_780V_10T_0s_movie2-01_processed_low.czi.csv
/mnt/md0/Hansen Lab Dropbox/DataStorage/Imaging/Fbn2/processed/2020_11_A/2020_11_20_BeadSandwich_488nm_1p5_561nm_1p5_SC8_2X_80z_160nm_780V_10T_0s_movie8-01_processed_low.czi.csv
/mnt/md0/Hansen Lab Dropbox/DataStorage/Imaging/Fbn2/processed/2020_10_B/2020_11_02_BeadSandwich_488nm_1p5_561nm_1p5_SC8_2X_80z_160nm_780V_10T_0s_movie3-01_processed_low.czi.csv
/mnt/md0/Hansen Lab Dropbox/DataStorage/Imaging/Fbn2/processed/2020_11_A/2020_11_24_WAPL_BEADS_488nm_1p5_561nm_1p5_SC8_2X_20z_160nm_780V_20T_0s_movie1--01_processed_low.czi.csv
/mnt/md0/Hansen Lab Dropbox/DataStorage/Imaging/Fbn2/processed/2020_12_A/2020_12_08_BEADS_488nm_1p5_561nm_1p5_SC8_2X_20z_160nm_780V_20T_0s_movie1-01_processed_low.czi.csv
/mnt/md0/Hansen Lab Dropbox/DataStorage/Imaging/Fbn2/processed/2020_09_A/2020_10_03_BeadSandwitch_488nm_1p7_561nm_1p7_SC8_2X_80z_160nm_780V_10T_0s_movie2-01_processed_low.czi.csv
/mnt/md0/Hansen Lab Dropbox/DataStorage/Imaging/Fbn2/processed/2020_08_A/2020_09_11_BEADS_488nm_1p5_561nm_1p05_SC8_2X_20z_160nm_780V_20T_0s_movie5-01_processed_low.czi.csv
/mnt/md0/Hansen Lab Dropbox/DataStorage/Imaging/Fbn2/processed/2020_11_A/2020_11_11_BEADS_488nm_1p5_561nm_1p5_SC8_2X_20z_160nm_780V_20T_0s_movie4-01_processed_low.czi.csv
/mnt/md0/Hansen Lab Dropbox/DataStorage/Imaging/Fbn2/processed/2020_11_A/2020_11_05_BEADS_488nm_1p5_561nm_1p5_SC8_2X_20z_160nm_780V_20T_0s_movie1-02_processed_low.czi.csv
/mnt/md0/Hansen Lab Dropbox/DataStorage/Imaging/Fbn2/processed/2020_11_A/2020_11_22_WAPL_noIAA_488nm_0p5_561nm_0p05_SC8_2X_30z_250nm_780V_30T_20s_movie1-02_processed_low.czi.csv
/mnt/md0/Hansen Lab Dropbox/DataStorage/Imaging/Fbn2/processed/2020_11_A/2020_11_06_BEADS_488nm_1p5_561nm_1p5_SC8_2X_20z_160nm_780V_20T_0s_movie1-01_processed_low.czi.csv
/mnt/md0/Hansen Lab Dropbox/DataStorage/Imaging/Fbn2/processed/2020_08_A/2020_09_04_Fbn2_C36_488nm_0p5_561nm_0p05_SC8_2X_30z_250nm_780V_365T_20s_movie1-01_processed_low.czi.csv
/mnt/md0/Hansen Lab Dropbox/DataStorage/Imaging/Fbn2/processed/2020_11_A/2020_11_16_BeadSandwich_488nm_1p5_561nm_1p5_SC8_2X_80z_160nm_780V_10T_0s_movie7-01_processed_low.czi.csv
/mnt/md0/Hansen Lab Dropbox/DataStorage/Imaging/Fbn2/processed/2020_08_A/2020_09_04_BeadSandwich_488nm_1p7_561nm_1p7_SC8_2X_80z_160nm_780V_10T_0s_movie21-01_processed_low.czi.csv
/mnt/md0/Hansen Lab Dropbox/DataStorage/Imaging/Fbn2/processed/2020_08_A/2020_09_21_BEADS_488nm_1p5_561nm_1p5_SC8_2X_20z_160nm_780V_20T_0s_movie1-02_processed_low.czi.csv
/mnt/md0/Hansen Lab Dropbox/DataStorage/Imaging/Fbn2/processed/2020_09_A/2020_10_03_Fbn2_C36_488nm_0p5_561nm_0p05_SC8_2X_30z_250nm_780V_365T_20s_movie3-01_processed_low.czi.csv
/mnt/md0/Hansen Lab Dropbox/DataStorage/Imaging/Fbn2/processed/2021_01_A/2021_01_20_BEADS_488nm_1p5_561nm_1p5_SC8_2X_20z_160nm_780V_20T_0s_movie5-01__processed_low..czi.csv
/mnt/md0/Hansen Lab Dropbox/DataStorage/Imaging/Fbn2/processed/2020_10_A/2020_10_03_Fbn2_C36_488nm_0p5_561nm_0p05_SC8_2X_30z_250nm_780V_365T_20s_movie8-01_processed_low.czi.csv
/mnt/md0/Hansen Lab Dropbox/DataStorage/Imaging/Fbn2/processed/2020_08_A/2020_09_07_BEADS_488nm_1p5_561nm_1p5_SC8_2X_20z_160nm_780V_20T_0s_movie1-02_processed_low.czi.csv
/mnt/md0/Hansen Lab Dropbox/DataStorage/Imaging/Fbn2/processed/2020_12_A/2020_12_07_BEADS_488nm_1p5_561nm_1p5_SC8_2X_20z_160nm_780V_20T_0s_movie1-01_processed_low.czi.csv
/mnt/md0/Hansen Lab Dropbox/DataStorage/Imaging/Fbn2/processed/2020_08_A/2020_09_23_Fbn2_C36_488nm_0p5_561nm_0p05_SC8_2X_30z_250nm_780V_365T_20s_movie4-01_processed_low.czi.csv
/mnt/md0/Hansen Lab Dropbox/DataStorage/Imaging/Fbn2/processed/2020_08_A/2020_09_15_BEADS_488nm_1p5_561nm_1p5_SC8_2X_20z_160nm_780V_20T_0s_movie2-01_processed_low.czi.csv
/mnt/md0/Hansen Lab Dropbox/DataStorage/Imaging/Fbn2/processed/2021_02_A/2021_02_04_BEADS_488nm_1p5_561nm_1p5_SC8_2X_20z_160nm_780V_20T_0s_movie4-01_processed_low.czi.csv
/mnt/md0/Hansen Lab Dropbox/DataStorage/Imaging/Fbn2/processed/2020_12_A/2020_12_08_WAPL_noIAA_488nm_0p5_561nm_0p05_SC8_2X_30z_250nm_780V_365T_20s_movie1-02_processed_low.czi.csv
/mnt/md0/Hansen Lab Dropbox/DataStorage/Imaging/Fbn2/processed/2020_10_A/2020_10_23_Fbn2_C36_488nm_0p5_561nm_0p05_SC8_2X_30z_250nm_780V_365T_20s_movie4-01_processed_low.czi.csv
/mnt/md0/Hansen Lab Dropbox/DataStorage/Imaging/Fbn2/processed/2020_08_A/2020_09_01_BEADS_488nm_1p5_561nm_1p7_SC8_2X_20z_160nm_780V_20T_0s_movie5-01_processed_low000895.czi.csv
/mnt/md0/Hansen Lab Dropbox/DataStorage/Imaging/Fbn2/processed/2020_11_A/2020_11_22_WAPL_BEADS_488nm_1p5_561nm_1p5_SC8_2X_20z_160nm_780V_20T_0s_movie4-01_processed_low.czi.csv
/mnt/md0/Hansen Lab Dropbox/DataStorage/Imaging/Fbn2/processed/neurons/2020_12_02_BEADS_488nm_1p5_561nm_1p5_SC8_2X_20z_160nm_780V_20T_0s_movie5-01_processed_low.czi.csv
/mnt/md0/Hansen Lab Dropbox/DataStorage/Imaging/Fbn2/processed/2020_12_B/2020_12_14_BEADS_488nm_1p5_561nm_1p5_SC8_2X_20z_160nm_780V_20T_0s_movie3-01_processed_low.czi.csv
/mnt/md0/Hansen Lab Dropbox/DataStorage/Imaging/Fbn2/processed/2020_10_A/2020_10_21_BEADS_Fbn2_F1Rad21M_488nm_1p5_561nm_1p5_SC8_2X_20z_160nm_780V_20T_0s_movie2-01_processed_low.czi.csv
/mnt/md0/Hansen Lab Dropbox/DataStorage/Imaging/Fbn2/processed/2020_09_A/2020_10_03_BEADS_488nm_1p5_561nm_1p5_SC8_2X_20z_160nm_780V_20T_0s_movie1-01_processed_low.czi.csv
/mnt/md0/Hansen Lab Dropbox/DataStorage/Imaging/Fbn2/processed/2020_08_A/2020_09_04_BeadSandwich_488nm_1p5_561nm_1p5_SC8_2X_80z_160nm_780V_10T_0s_movie1-02_processed_low.czi.csv
/mnt/md0/Hansen Lab Dropbox/DataStorage/Imaging/Fbn2/processed/2020_09_A/2020_09_28_BEADS_488nm_1p5_561nm_1p5_SC8_2X_20z_160nm_780V_20T_0s_movie5-01_processed_low.czi.csv
/mnt/md0/Hansen Lab Dropbox/DataStorage/Imaging/Fbn2/processed/2020_12_A/2020_12_08_BEADS_488nm_1p5_561nm_1p5_SC8_2X_20z_160nm_780V_20T_0s_movie4-01_processed_low.czi.csv
/mnt/md0/Hansen Lab Dropbox/DataStorage/Imaging/Fbn2/processed/2020_10_B/2020_11_02_BeadSandwich_488nm_1p5_561nm_1p5_SC8_2X_80z_160nm_780V_10T_0s_movie5-01_processed_low.czi.csv
/mnt/md0/Hansen Lab Dropbox/DataStorage/Imaging/Fbn2/processed/2020_11_A/2020_11_10_BEADS_Fbn2_CTCF58_noIAA_488nm_1p5_561nm_1p5_SC8_2X_20z_160nm_780V_20T_0s_movie3-01_processed_low.czi.csv
/mnt/md0/Hansen Lab Dropbox/DataStorage/Imaging/Fbn2/processed/2020_08_A/2020_09_04_BeadSandwich_488nm_1p7_561nm_1p7_SC8_2X_80z_160nm_780V_10T_0s_movie11-01_processed_low.czi.csv
/mnt/md0/Hansen Lab Dropbox/DataStorage/Imaging/Fbn2/processed/2020_12_A/2020_12_03_BEADS_488nm_1p5_561nm_1p5_SC8_2X_20z_160nm_780V_20T_0s_movie1-01_processed_low.czi.csv
/mnt/md0/Hansen Lab Dropbox/DataStorage/Imaging/Fbn2/processed/2020_11_A/2020_11_05_BEADS_488nm_1p5_561nm_1p5_SC8_2X_20z_160nm_780V_20T_0s_movie5-01_processed_low.czi.csv
/mnt/md0/Hansen Lab Dropbox/DataStorage/Imaging/Fbn2/processed/2020_08_A/2020_09_08_Fbn2_C36_488nm_0p5_561nm_0p05_SC8_2X_30z_250nm_780V_365T_20s_movie4-01_processed_low.czi.csv
/mnt/md0/Hansen Lab Dropbox/DataStorage/Imaging/Fbn2/processed/2020_08_A/2020_09_10_BEADS_488nm_1p5_561nm_1p5_SC8_2X_20z_160nm_780V_20T_0s_movie5-01_processed_low.czi.csv
/mnt/md0/Hansen Lab Dropbox/DataStorage/Imaging/Fbn2/processed/2021_02_A/2021_02_08_Fbn2_C36_488nm_0p5_561nm_0p05_SC8_2X_30z_250nm_780V_365T_20s_movie1-01_processed_low.czi.csv
/mnt/md0/Hansen Lab Dropbox/DataStorage/Imaging/Fbn2/processed/2021_02_A/2021_02_18_BEADS_488nm_1p5_561nm_1p5_SC8_2X_20z_160nm_780V_20T_0s_movie4-01_processed_low.czi.csv
/mnt/md0/Hansen Lab Dropbox/DataStorage/Imaging/Fbn2/processed/2020_08_A/2020_09_23_BEADS_488nm_1p5_561nm_1p5_SC8_2X_20z_160nm_780V_20T_0s_movie2-01_processed_low.czi.csv
/mnt/md0/Hansen Lab Dropbox/DataStorage/Imaging/Fbn2/processed/2020_09_A/2020_09_25_Fbn2_C36_488nm_0p5_561nm_0p05_SC8_2X_30z_250nm_780V_365T_20s_movie3-01_processed_low.czi.csv
/mnt/md0/Hansen Lab Dropbox/DataStorage/Imaging/Fbn2/processed/2020_12_B/2020_12_10_BEADS_488nm_1p5_561nm_1p5_SC8_2X_20z_160nm_780V_20T_0s_movie5-01_processed_low.czi.csv
/mnt/md0/Hansen Lab Dropbox/DataStorage/Imaging/Fbn2/processed/2020_10_A/2020_10_21_BEADS_Fbn2_F1Rad21M_488nm_1p5_561nm_1p5_SC8_2X_20z_160nm_780V_20T_0s_movie4-01_processed_low.czi.csv
/mnt/md0/Hansen Lab Dropbox/DataStorage/Imaging/Fbn2/processed/2020_12_B/2020_12_10_BEADS_488nm_1p5_561nm_1p5_SC8_2X_20z_160nm_780V_20T_0s_movie1-01_processed_low.czi.csv
/mnt/md0/Hansen Lab Dropbox/DataStorage/Imaging/Fbn2/processed/2020_11_A/2020_11_04_BEADS_488nm_1p5_561nm_1p5_SC8_2X_20z_160nm_780V_20T_0s_movie4-01_processed_low.czi.csv
/mnt/md0/Hansen Lab Dropbox/DataStorage/Imaging/Fbn2/processed/2020_11_A/2020_11_20_BeadSandwich_488nm_1p5_561nm_1p5_SC8_2X_80z_160nm_780V_10T_0s_movie10-01_processed_low.czi.csv
/mnt/md0/Hansen Lab Dropbox/DataStorage/Imaging/Fbn2/processed/2020_08_A/2020_09_10_Fbn2_C36_488nm_0p5_561nm_0p05_SC8_2X_30z_250nm_780V_365T_20s_movie2-01_processed_low.czi.csv
/mnt/md0/Hansen Lab Dropbox/DataStorage/Imaging/Fbn2/processed/2020_09_A/2020_09_25_Fbn2_C36_488nm_0p5_561nm_0p05_SC8_2X_30z_250nm_780V_365T_20s_movie2-01_processed_low.czi.csv
/mnt/md0/Hansen Lab Dropbox/DataStorage/Imaging/Fbn2/processed/2020_09_A/2020_09_25_BEADS_488nm_1p5_561nm_1p5_SC8_2X_20z_160nm_780V_20T_0s_movie2-01_processed_low.czi.csv
/mnt/md0/Hansen Lab Dropbox/DataStorage/Imaging/Fbn2/processed/2020_09_A/2020_09_25_Fbn2_C36_488nm_0p5_561nm_0p05_SC8_2X_30z_250nm_780V_365T_20s_movie1-01_processed_low.czi.csv
/mnt/md0/Hansen Lab Dropbox/DataStorage/Imaging/Fbn2/processed/2020_12_B/2020_12_17_Fbn2_C36_488nm_0p5_561nm_0p05_SC7_1p3X_30z_250nm_780V_365T_60s_movie1-01_processed_low.czi.csv
/mnt/md0/Hansen Lab Dropbox/DataStorage/Imaging/Fbn2/processed/2020_08_A/2020_09_04_BEADS_488nm_1p5_561nm_1p5_SC8_2X_20z_160nm_780V_20T_0s_movie3-01_processed_low.czi.csv
/mnt/md0/Hansen Lab Dropbox/DataStorage/Imaging/Fbn2/processed/2020_12_A/2020_12_03_WAPL_sixhoursIAA_488nm_0p5_561nm_0p05_SC8_2X_30z_250nm_780V_365T_20s_movie1-01_processed_low.czi.csv
/mnt/md0/Hansen Lab Dropbox/DataStorage/Imaging/Fbn2/processed/2020_11_A/2020_11_16_BeadSandwich_488nm_1p5_561nm_1p5_SC8_2X_80z_160nm_780V_10T_0s_movie5-01_processed_low.czi.csv
/mnt/md0/Hansen Lab Dropbox/DataStorage/Imaging/Fbn2/processed/2020_08_A/2020_09_01_BEADS_488nm_1p5_561nm_1p7_SC8_2X_20z_160nm_780V_20T_0s_movie1-01_processed_low.czi.csv
/mnt/md0/Hansen Lab Dropbox/DataStorage/Imaging/Fbn2/processed/2020_11_A/2020_11_25_WAPL_noIAA_488nm_0p5_561nm_0p05_SC8_2X_30z_250nm_780V_365T_20s_movie2-01_processed_low.czi.csv
/mnt/md0/Hansen Lab Dropbox/DataStorage/Imaging/Fbn2/processed/2020_12_A/2020_12_03_BEADS_488nm_1p5_561nm_1p5_SC8_2X_20z_160nm_780V_20T_0s_movie2-01_processed_low.czi.csv
/mnt/md0/Hansen Lab Dropbox/DataStorage/Imaging/Fbn2/processed/2020_10_A/2020_10_29_Fbn2_C36_488nm_0p5_561nm_0p05_SC8_2X_30z_250nm_780V_365T_20s_movie1-01_processed_low.czi.csv
/mnt/md0/Hansen Lab Dropbox/DataStorage/Imaging/Fbn2/processed/2020_09_A/2020_10_03_BeadSandwitch_488nm_1p7_561nm_1p7_SC8_2X_80z_160nm_780V_10T_0s_movie3-02_processed_low.czi.csv
/mnt/md0/Hansen Lab Dropbox/DataStorage/Imaging/Fbn2/processed/2020_08_A/2020_09_03_BEADS_488nm_2p0_561nm_2p0_SC8_2X_20z_160nm_780V_20T_0s_movie4-01_processed_low.czi.csv
/mnt/md0/Hansen Lab Dropbox/DataStorage/Imaging/Fbn2/processed/2020_08_A/2020_09_10_BEADS_488nm_1p5_561nm_1p5_SC8_2X_20z_160nm_780V_20T_0s_movie3-01_processed_low.czi.csv
/mnt/md0/Hansen Lab Dropbox/DataStorage/Imaging/Fbn2/processed/2020_11_A/2020_11_04_BEADS_488nm_1p5_561nm_1p5_SC8_2X_20z_160nm_780V_20T_0s_movie3-01_processed_low.czi.csv
/mnt/md0/Hansen Lab Dropbox/DataStorage/Imaging/Fbn2/processed/2021_02_A/2021_02_08_BEADS_488nm_1p5_561nm_1p5_SC8_2X_20z_160nm_780V_20T_0s_movie2-01_processed_low.czi.csv
/mnt/md0/Hansen Lab Dropbox/DataStorage/Imaging/Fbn2/processed/2020_12_C/2020_12_19_BEADS_488nm_1p5_561nm_1p5_SC8_2X_20z_160nm_780V_20T_0s_movie2-01_processed_low.czi.csv
/mnt/md0/Hansen Lab Dropbox/DataStorage/Imaging/Fbn2/processed/2020_12_B/2020_12_15_BEADS_488nm_1p5_561nm_1p5_SC8_2X_20z_160nm_780V_20T_0s_movie5-01_processed_low.czi.csv
/mnt/md0/Hansen Lab Dropbox/DataStorage/Imaging/Fbn2/processed/2021_02_A/2021_02_19_BEADS_488nm_1p5_561nm_1p5_SC8_2X_20z_160nm_780V_20T_0s_movie2-01_processed_low.czi.csv
/mnt/md0/Hansen Lab Dropbox/DataStorage/Imaging/Fbn2/processed/wapl/2020_12_13_WAPL_IAA_405nm_2p0_646nm_1p0_5_SC4_1X_1z_nm_900V_4hours_5min_movie1-02_processed_low.czi.csv
/mnt/md0/Hansen Lab Dropbox/DataStorage/Imaging/Fbn2/processed/neurons/2020_12_02_BEADS_488nm_1p5_561nm_1p5_SC8_2X_20z_160nm_780V_20T_0s_movie4-01_processed_low.czi.csv
/mnt/md0/Hansen Lab Dropbox/DataStorage/Imaging/Fbn2/processed/2020_11_A/2020_11_20__BEADS_488nm_1p5_561nm_1p5_SC8_2X_20z_160nm_780V_20T_0s_movie4-01_processed_low.czi.csv
/mnt/md0/Hansen Lab Dropbox/DataStorage/Imaging/Fbn2/processed/2020_12_B/2020_12_09_BEADS_488nm_1p5_561nm_1p5_SC8_2X_20z_160nm_780V_20T_0s_movie4-01_processed_low.czi.csv
/mnt/md0/Hansen Lab Dropbox/DataStorage/Imaging/Fbn2/processed/2020_08_A/2020_09_04_BEADS_488nm_1p5_561nm_1p5_SC8_2X_20z_160nm_780V_20T_0s_movie2-01_processed_low.czi.csv
/mnt/md0/Hansen Lab Dropbox/DataStorage/Imaging/Fbn2/processed/2020_12_B/2020_12_15_BEADS_488nm_1p5_561nm_1p5_SC8_2X_20z_160nm_780V_20T_0s_movie3-01_processed_low.czi.csv
/mnt/md0/Hansen Lab Dropbox/DataStorage/Imaging/Fbn2/processed/2021_02_A/2021__02_08_BEADS_488nm_1p5_561nm_1p5_SC8_2X_20z_160nm_780V_20T_0s_movie1-01_processed_low.czi.csv
/mnt/md0/Hansen Lab Dropbox/DataStorage/Imaging/Fbn2/processed/2020_08_A/2020_09_23_Fbn2_C36_488nm_0p5_561nm_0p05_SC8_2X_30z_250nm_780V_365T_20s_movie2-01_processed_low.czi.csv
/mnt/md0/Hansen Lab Dropbox/DataStorage/Imaging/Fbn2/processed/2021_02_A/2021_02_19_Fbn2_C36_Nocodazole100nm_488nm_0p5_561nm_0p05_640nm_1p0_SC8_1p5X_40z_500nm_780V_365T_60s_movie1-03_processed_low.czi.csv
/mnt/md0/Hansen Lab Dropbox/DataStorage/Imaging/Fbn2/processed/2020_09_A/2020_09_25_BEADS_488nm_1p5_561nm_1p5_SC8_2X_20z_160nm_780V_20T_0s_movie1-02_processed_low.czi.csv
/mnt/md0/Hansen Lab Dropbox/DataStorage/Imaging/Fbn2/processed/2020_10_A/2020_10_01_BEADS_488nm_1p5_561nm_1p5_SC8_2X_20z_160nm_780V_20T_0s_movie2-01_processed_low.czi.csv
/mnt/md0/Hansen Lab Dropbox/DataStorage/Imaging/Fbn2/processed/2020_08_A/2020_09_04_BeadSandwich_488nm_1p7_561nm_1p7_SC8_2X_80z_160nm_780V_10T_0s_movie16-01_processed_low.czi.csv
/mnt/md0/Hansen Lab Dropbox/DataStorage/Imaging/Fbn2/processed/2021_01_A/2020_01_19_BEADS_488nm_1p5_561nm_1p5_SC8_2X_20z_160nm_780V_20T_0s_movie3-01__processed_low..czi.csv
/mnt/md0/Hansen Lab Dropbox/DataStorage/Imaging/Fbn2/processed/2020_08_A/2020_09_11_BEADS_488nm_1p5_561nm_1p05_SC8_2X_20z_160nm_780V_20T_0s_movie3-01_processed_low.czi.csv
/mnt/md0/Hansen Lab Dropbox/DataStorage/Imaging/Fbn2/processed/2020_08_A/2020_09_22_BEADS_488nm_1p5_561nm_1p5_SC8_2X_20z_160nm_780V_20T_0s_movie4-01_processed_low.czi.csv
/mnt/md0/Hansen Lab Dropbox/DataStorage/Imaging/Fbn2/processed/2020_11_A/2020_11_15_BEADS_Fbn2_C58CTCF_488nm_1p5_561nm_1p5_SC8_2X_20z_160nm_780V_20T_0s_movie5-01_processed_low.czi.csv
/mnt/md0/Hansen Lab Dropbox/DataStorage/Imaging/Fbn2/processed/2020_11_A/2020_11_11_BEADS_488nm_1p5_561nm_1p5_SC8_2X_20z_160nm_780V_20T_0s_movie5-01_processed_low.czi.csv
/mnt/md0/Hansen Lab Dropbox/DataStorage/Imaging/Fbn2/processed/2020_12_A/2020_12_07_WAPL_noIAA_488nm_0p5_561nm_0p05_SC8_2X_30z_250nm_780V_365T_20s_movie2-01_processed_low.czi.csv
/mnt/md0/Hansen Lab Dropbox/DataStorage/Imaging/Fbn2/processed/2020_08_A/2020_09_04_BeadSandwich_488nm_1p7_561nm_1p7_SC8_2X_80z_160nm_780V_10T_0s_movie20-01_processed_low.czi.csv
/mnt/md0/Hansen Lab Dropbox/DataStorage/Imaging/Fbn2/processed/2021_02_A/2021_02_04_BEADS_488nm_1p5_561nm_1p5_SC8_2X_20z_160nm_780V_20T_0s_movie1-01_processed_low.czi.csv
/mnt/md0/Hansen Lab Dropbox/DataStorage/Imaging/Fbn2/processed/2021_02_A/2021_02_19_BEADS_488nm_1p5_561nm_1p5_SC8_2X_20z_160nm_780V_20T_0s_movie5-01_processed_low.czi.csv
/mnt/md0/Hansen Lab Dropbox/DataStorage/Imaging/Fbn2/processed/2020_08_A/2020_09_08_BEADS_488nm_1p5_561nm_1p5_SC8_2X_20z_160nm_780V_20T_0s_movie4-01_processed_low.czi.csv
/mnt/md0/Hansen Lab Dropbox/DataStorage/Imaging/Fbn2/processed/2020_10_A/2020_10_23_BEADS_488nm_1p5_561nm_1p5_SC8_2X_20z_160nm_780V_20T_0s_movie5-01_processed_low.czi.csv
/mnt/md0/Hansen Lab Dropbox/DataStorage/Imaging/Fbn2/processed/2020_12_A/2020_12_07_BEADS_488nm_1p5_561nm_1p5_SC8_2X_20z_160nm_780V_20T_0s_movie5-01_processed_low.czi.csv
/mnt/md0/Hansen Lab Dropbox/DataStorage/Imaging/Fbn2/processed/2020_09_A/2020_09_28_Fbn2_C36_488nm_0p5_561nm_0p05_SC8_2X_30z_250nm_780V_365T_20s_movie3-01_processed_low.czi.csv
/mnt/md0/Hansen Lab Dropbox/DataStorage/Imaging/Fbn2/processed/2020_08_A/2020_09_04_BeadSandwich_488nm_1p7_561nm_1p7_SC8_2X_80z_160nm_780V_10T_0s_movie14-01_processed_low.czi.csv
/mnt/md0/Hansen Lab Dropbox/DataStorage/Imaging/Fbn2/processed/2020_11_A/2020_11_16_BeadSandwich_488nm_1p5_561nm_1p5_SC8_2X_80z_160nm_780V_10T_0s_movie8-01_processed_low.czi.csv
/mnt/md0/Hansen Lab Dropbox/DataStorage/Imaging/Fbn2/processed/2020_12_B/2020_12_16_BeadSandwich_488nm_1p5_561nm_1p5_SC8_2X_80z_160nm_780V_10T_0s_movie1-01_processed_low.czi.csv
/mnt/md0/Hansen Lab Dropbox/DataStorage/Imaging/Fbn2/processed/2020_11_A/2020_11_26_WAPL_BEADS_488nm_1p5_561nm_1p5_SC8_2X_20z_160nm_780V_20T_0s_movie1-01_processed_low.czi.csv
/mnt/md0/Hansen Lab Dropbox/DataStorage/Imaging/Fbn2/processed/2020_12_A/2020_12_08_BEADS_488nm_1p5_561nm_1p5_SC8_2X_20z_160nm_780V_20T_0s_movie5-01_processed_low.czi.csv
/mnt/md0/Hansen Lab Dropbox/DataStorage/Imaging/Fbn2/processed/2021_02_A/2021_02_15_BEADS_488nm_1p5_561nm_1p5_SC8_2X_20z_160nm_780V_20T_0s_movie5-01_processed_low.czi.csv
/mnt/md0/Hansen Lab Dropbox/DataStorage/Imaging/Fbn2/processed/2020_12_C/2020_12_23_BEADS_488nm_1p5_561nm_1p5_SC8_2X_20z_160nm_780V_20T_0s_movie5-02_processed_low.czi.csv
/mnt/md0/Hansen Lab Dropbox/DataStorage/Imaging/Fbn2/processed/2020_11_A/2020_11_10_BEADS_Fbn2_CTCF58_noIAA_488nm_1p5_561nm_1p5_SC8_2X_20z_160nm_780V_20T_0s_movie4-01_processed_low.czi.csv
/mnt/md0/Hansen Lab Dropbox/DataStorage/Imaging/Fbn2/processed/2020_10_A/2020_10_20_BeadSandwich_488nm_1p5_561nm_1p5_SC8_2X_80z_160nm_780V_10T_0s_movie7-01_processed_low.czi.csv
/mnt/md0/Hansen Lab Dropbox/DataStorage/Imaging/Fbn2/processed/2020_10_A/2020_10_01_BEADS_488nm_1p5_561nm_1p5_SC8_2X_20z_160nm_780V_20T_0s_movie4-01_processed_low.czi.csv
/mnt/md0/Hansen Lab Dropbox/DataStorage/Imaging/Fbn2/processed/2020_12_B/2020_12_10_BEADS_488nm_1p5_561nm_1p5_SC8_2X_20z_160nm_780V_20T_0s_movie2-01_processed_low.czi.csv
/mnt/md0/Hansen Lab Dropbox/DataStorage/Imaging/Fbn2/processed/2020_12_B/2020_12_16_BeadSandwich_488nm_1p5_561nm_1p5_SC8_2X_80z_160nm_780V_10T_0s_movie5-01_processed_low.czi.csv
/mnt/md0/Hansen Lab Dropbox/DataStorage/Imaging/Fbn2/processed/2020_11_A/2020_11_26_WAPL_noIAA_488nm_0p5_561nm_0p05_SC8_2X_30z_250nm_780V_365T_20s_movie2-01_processed_low.czi.csv
/mnt/md0/Hansen Lab Dropbox/DataStorage/Imaging/Fbn2/processed/2021_02_A/2021_02_04_BEADS_488nm_1p5_561nm_1p5_SC8_2X_20z_160nm_780V_20T_0s_movie2-01_processed_low.czi.csv
/mnt/md0/Hansen Lab Dropbox/DataStorage/Imaging/Fbn2/processed/2020_12_B/2020_12_10_BEADS_488nm_1p5_561nm_1p5_SC8_2X_20z_160nm_780V_20T_0s_movie3-01_processed_low.czi.csv
/mnt/md0/Hansen Lab Dropbox/DataStorage/Imaging/Fbn2/processed/2020_08_A/2020_09_22_BEADS_488nm_1p5_561nm_1p5_SC8_2X_20z_160nm_780V_20T_0s_movie5-01_processed_low.czi.csv
/mnt/md0/Hansen Lab Dropbox/DataStorage/Imaging/Fbn2/processed/2020_10_A/2020_10_20_BeadSandwich_488nm_1p5_561nm_1p5_SC8_2X_80z_160nm_780V_10T_0s_movie4-01_processed_low.czi.csv
/mnt/md0/Hansen Lab Dropbox/DataStorage/Imaging/Fbn2/processed/2020_08_A/2020_09_10_Fbn2_C36_488nm_0p5_561nm_0p05_SC8_2X_30z_250nm_780V_365T_20s_movie6-01_processed_low.czi.csv
/mnt/md0/Hansen Lab Dropbox/DataStorage/Imaging/Fbn2/processed/2020_08_A/2020_08_31_BEADS_DISH1_1000_488nm_1p2_561nm_1p5_SC8_2X_20z_160nm_780V_60T_0s_movie1-01_processed_low.czi.csv
/mnt/md0/Hansen Lab Dropbox/DataStorage/Imaging/Fbn2/processed/2020_08_A/2020_09_01_BEADS_488nm_1p5_561nm_1p7_SC8_2X_20z_160nm_780V_20T_0s_movie5-01_processed_low.czi.csv
/mnt/md0/Hansen Lab Dropbox/DataStorage/Imaging/Fbn2/processed/2020_08_A/2020_09_10_Fbn2_C36_488nm_0p5_561nm_0p05_SC8_2X_30z_250nm_780V_365T_20s_movie7-01_processed_low.czi.csv
/mnt/md0/Hansen Lab Dropbox/DataStorage/Imaging/Fbn2/processed/2020_10_B/2020_10_27_BEADS_Fbn2_F1Rad21M_noIAA_488nm_1p5_561nm_1p5_SC8_2X_20z_160nm_780V_20T_0s_movie4-01_processed_low.czi.csv
/mnt/md0/Hansen Lab Dropbox/DataStorage/Imaging/Fbn2/processed/2020_11_A/2020_11_22_WAPL_BEADS_488nm_1p5_561nm_1p5_SC8_2X_20z_160nm_780V_20T_0s_movie3-01_processed_low.czi.csv
/mnt/md0/Hansen Lab Dropbox/DataStorage/Imaging/Fbn2/processed/2020_12_A/2020_12_03_WAPL_noIAA_488nm_0p5_561nm_0p05_SC8_2X_30z_250nm_780V_365T_20s_movie1-03_processed_low.czi.csv
/mnt/md0/Hansen Lab Dropbox/DataStorage/Imaging/Fbn2/processed/2020_12_B/2020_12_11_BEADS_488nm_1p5_561nm_1p5_SC8_2X_20z_160nm_780V_20T_0s_movie3-01_processed_low.czi.csv
/mnt/md0/Hansen Lab Dropbox/DataStorage/Imaging/Fbn2/processed/2020_11_A/2020_11_15_BEADS_Fbn2_C58CTCF_488nm_1p5_561nm_1p5_SC8_2X_20z_160nm_780V_20T_0s_movie1-01_processed_low.czi.csv
/mnt/md0/Hansen Lab Dropbox/DataStorage/Imaging/Fbn2/processed/2020_11_A/2020_11_12_BEADS_Fbn2_CTCF58_noIAA_488nm_1p5_561nm_1p5_SC8_2X_20z_160nm_780V_20T_0s_movie6-01_processed_low.czi.csv
/mnt/md0/Hansen Lab Dropbox/DataStorage/Imaging/Fbn2/processed/2020_08_A/2020_09_09_BEADS_488nm_1p5_561nm_1p5_SC8_2X_20z_160nm_780V_20T_0s_movie2-01_processed_low.czi.csv
/mnt/md0/Hansen Lab Dropbox/DataStorage/Imaging/Fbn2/processed/2020_11_A/2020_11_17_BEADS_488nm_1p5_561nm_1p5_SC8_2X_20z_160nm_780V_20T_0s_movie2-01_processed_low.czi.csv
/mnt/md0/Hansen Lab Dropbox/DataStorage/Imaging/Fbn2/processed/2020_11_A/2020_11_25_WAPL_BEADS_488nm_1p5_561nm_1p5_SC8_2X_20z_160nm_780V_20T_0s_movie5-01_processed_low.czi.csv
/mnt/md0/Hansen Lab Dropbox/DataStorage/Imaging/Fbn2/processed/2020_12_B/2020_12_11_BEADS_488nm_1p5_561nm_1p5_SC8_2X_20z_160nm_780V_20T_0s_movie1-01_processed_low.czi.csv
/mnt/md0/Hansen Lab Dropbox/DataStorage/Imaging/Fbn2/processed/2020_12_A/2020_12_07_WAPL_fourhoursIAA_488nm_0p5_561nm_0p05_SC8_2X_30z_250nm_780V_365T_20s_movie1-01_processed_low.czi.csv
/mnt/md0/Hansen Lab Dropbox/DataStorage/Imaging/Fbn2/processed/2020_12_A/2020_12_06_WAPL_sixhoursIAA_488nm_0p5_561nm_0p05_SC8_2X_30z_250nm_780V_365T_20s_movie1-01_processed_low.czi.csv
/mnt/md0/Hansen Lab Dropbox/DataStorage/Imaging/Fbn2/processed/2020_09_A/2020_10_03_BEADS_488nm_1p5_561nm_1p5_SC8_2X_20z_160nm_780V_20T_0s_movie5-01_processed_low.czi.csv
/mnt/md0/Hansen Lab Dropbox/DataStorage/Imaging/Fbn2/processed/2020_11_A/2020_11_20__BEADS_488nm_1p5_561nm_1p5_SC8_2X_20z_160nm_780V_20T_0s_movie2-01_processed_low.czi.csv
/mnt/md0/Hansen Lab Dropbox/DataStorage/Imaging/Fbn2/processed/2020_09_A/2020_10_03_Fbn2_C36_488nm_0p5_561nm_0p05_SC8_2X_30z_250nm_780V_365T_20s_movie5-01_processed_low.czi.csv
/mnt/md0/Hansen Lab Dropbox/DataStorage/Imaging/Fbn2/processed/2021_02_A/2021_02_08_BEADS_488nm_1p5_561nm_1p5_SC8_2X_20z_160nm_780V_20T_0s_movie4-01_processed_low.czi.csv
/mnt/md0/Hansen Lab Dropbox/DataStorage/Imaging/Fbn2/processed/2020_08_A/2020_09_21_BEADS_488nm_1p5_561nm_1p5_SC8_2X_20z_160nm_780V_20T_0s_movie1-01_processed_low.czi.csv
/mnt/md0/Hansen Lab Dropbox/DataStorage/Imaging/Fbn2/processed/2020_08_A/2020_09_04_BeadSandwich_488nm_1p7_561nm_1p7_SC8_2X_80z_160nm_780V_10T_0s_movie4-01_processed_low.czi.csv
/mnt/md0/Hansen Lab Dropbox/DataStorage/Imaging/Fbn2/processed/2020_11_A/2020_11_25_WAPL_fourhoursIAA_488nm_0p5_561nm_0p05_SC8_2X_30z_250nm_780V_365T_20s_movie1-01_processed_low.czi.csv
/mnt/md0/Hansen Lab Dropbox/DataStorage/Imaging/Fbn2/processed/2020_09_A/2020_10_03_Fbn2_C36_488nm_0p5_561nm_0p05_SC8_2X_30z_250nm_780V_365T_20s_movie2-01_processed_low.czi.csv
/mnt/md0/Hansen Lab Dropbox/DataStorage/Imaging/Fbn2/processed/2020_08_A/2020_09_14_BEADS_488nm_1p5_561nm_1p5_SC8_2X_20z_160nm_780V_20T_0s_movie2-01_processed_low.czi.csv
/mnt/md0/Hansen Lab Dropbox/DataStorage/Imaging/Fbn2/processed/2020_08_A/2020_09_04_BeadSandwich_488nm_1p7_561nm_1p7_SC8_2X_80z_160nm_780V_10T_0s_movie2-01_processed_low.czi.csv
/mnt/md0/Hansen Lab Dropbox/DataStorage/Imaging/Fbn2/processed/2020_11_A/2020_11_20__BEADS_488nm_1p5_561nm_1p5_SC8_2X_20z_160nm_780V_20T_0s_movie1-03_processed_low.czi.csv
/mnt/md0/Hansen Lab Dropbox/DataStorage/Imaging/Fbn2/processed/2020_11_A/2020_11_09_BEADS_488nm_1p5_561nm_1p5_SC8_2X_20z_160nm_780V_20T_0s_movie2-01_processed_low.czi.csv
/mnt/md0/Hansen Lab Dropbox/DataStorage/Imaging/Fbn2/processed/2020_11_A/2020_11_12_BEADS_Fbn2_CTCF58_noIAA_488nm_1p5_561nm_1p5_SC8_2X_20z_160nm_780V_20T_0s_movie5-02_processed_low.czi.csv
/mnt/md0/Hansen Lab Dropbox/DataStorage/Imaging/Fbn2/processed/2020_12_C/2020_12_18_BEADS_488nm_1p5_561nm_1p5_SC8_2X_20z_160nm_780V_20T_0s_movie6-01_processed_low.czi.csv
/mnt/md0/Hansen Lab Dropbox/DataStorage/Imaging/Fbn2/processed/2020_08_A/2020_09_04_BeadSandwich_488nm_1p7_561nm_1p7_SC8_2X_80z_160nm_780V_10T_0s_movie19-02_processed_low.czi.csv
/mnt/md0/Hansen Lab Dropbox/DataStorage/Imaging/Fbn2/processed/neurons/2020_09_28_motoneurons_7div_C36_488nm_0p5_561nm_0p05_SC8_2X_30z_250nm_780V_365T_20s_movie1-01_processed_low.czi.csv
/mnt/md0/Hansen Lab Dropbox/DataStorage/Imaging/Fbn2/processed/2020_08_A/2020_09_21_BEADS_488nm_1p5_561nm_1p5_SC8_2X_20z_160nm_780V_20T_0s_movie5-01_processed_low.czi.csv
/mnt/md0/Hansen Lab Dropbox/DataStorage/Imaging/Fbn2/processed/2020_08_A/2020_09_10_Fbn2_C36_488nm_0p5_561nm_0p05_SC8_2X_30z_250nm_780V_365T_20s_movie1-01_processed_low.czi.csv
/mnt/md0/Hansen Lab Dropbox/DataStorage/Imaging/Fbn2/processed/2020_10_A/2020_10_23_Fbn2_C36_488nm_0p5_561nm_0p05_SC8_2X_30z_250nm_780V_365T_20s_movie1-01_processed_low.czi.csv
/mnt/md0/Hansen Lab Dropbox/DataStorage/Imaging/Fbn2/processed/2020_11_A/2020_11_04_BEADS_488nm_1p5_561nm_1p5_SC8_2X_20z_160nm_780V_20T_0s_movie2-01_processed_low.czi.csv
/mnt/md0/Hansen Lab Dropbox/DataStorage/Imaging/Fbn2/processed/2020_08_A/2020_09_04_BeadSandwich_488nm_1p7_561nm_1p7_SC8_2X_80z_160nm_780V_10T_0s_movie18-01_processed_low.czi.csv
/mnt/md0/Hansen Lab Dropbox/DataStorage/Imaging/Fbn2/processed/2020_10_A/2020_10_20_BeadSandwich_488nm_1p5_561nm_1p5_SC8_2X_80z_160nm_780V_10T_0s_movie3-01_processed_low.czi.csv
/mnt/md0/Hansen Lab Dropbox/DataStorage/Imaging/Fbn2/processed/2020_11_A/2020_11_25_WAPL_BEADS_488nm_1p5_561nm_1p5_SC8_2X_20z_160nm_780V_20T_0s_movie2-01_processed_low.czi.csv
/mnt/md0/Hansen Lab Dropbox/DataStorage/Imaging/Fbn2/processed/2020_11_A/2020_11_20_BeadSandwich_488nm_1p5_561nm_1p5_SC8_2X_80z_160nm_780V_10T_0s_movie3-01_processed_low.czi.csv
/mnt/md0/Hansen Lab Dropbox/DataStorage/Imaging/Fbn2/processed/2020_11_A/2020_11_22_WAPL_noIAA_488nm_0p5_561nm_0p05_SC8_2X_30z_250nm_780V_30T_20s_movie2-02_processed_low.czi.csv
/mnt/md0/Hansen Lab Dropbox/DataStorage/Imaging/Fbn2/processed/2020_08_A/2020_08_31_BEADS_DISH1_1000_488nm_1p2_561nm_1p5_SC8_2X_20z_160nm_780V_60T_0s_movie5-01_processed_low.czi.csv
/mnt/md0/Hansen Lab Dropbox/DataStorage/Imaging/Fbn2/processed/2020_12_C/2020_12_23_BEADS_488nm_1p5_561nm_1p5_SC8_2X_20z_160nm_780V_20T_0s_movie2-01_processed_low.czi.csv
/mnt/md0/Hansen Lab Dropbox/DataStorage/Imaging/Fbn2/processed/2020_10_A/2020_10_29_Fbn2_C36_488nm_0p5_561nm_0p05_SC8_2X_30z_250nm_780V_365T_20s_movie3-01_processed_low.czi.csv
/mnt/md0/Hansen Lab Dropbox/DataStorage/Imaging/Fbn2/processed/2020_12_B/2020_12_14_BEADS_488nm_1p5_561nm_1p5_SC8_2X_20z_160nm_780V_20T_0s_movie1-01_processed_low.czi.csv
/mnt/md0/Hansen Lab Dropbox/DataStorage/Imaging/Fbn2/processed/2020_08_A/2020_09_04_BeadSandwich_488nm_1p7_561nm_1p7_SC8_2X_80z_160nm_780V_10T_0s_movie5-01_processed_low.czi.csv
/mnt/md0/Hansen Lab Dropbox/DataStorage/Imaging/Fbn2/processed/2020_08_A/2020_09_15_BEADS_488nm_1p5_561nm_1p5_SC8_2X_20z_160nm_780V_20T_0s_movie4-01_processed_low.czi.csv
/mnt/md0/Hansen Lab Dropbox/DataStorage/Imaging/Fbn2/processed/2020_12_C/2020_12_19_BEADS_488nm_1p5_561nm_1p5_SC8_2X_20z_160nm_780V_20T_0s_movie5-01_processed_low.czi.csv
/mnt/md0/Hansen Lab Dropbox/DataStorage/Imaging/Fbn2/processed/2020_09_A/2020_09_25_BEADS_488nm_1p5_561nm_1p5_SC8_2X_20z_160nm_780V_20T_0s_movie4-01_processed_low.czi.csv
/mnt/md0/Hansen Lab Dropbox/DataStorage/Imaging/Fbn2/processed/2020_08_A/2020_09_22_BEADS_488nm_1p5_561nm_1p5_SC8_2X_20z_160nm_780V_20T_0s_movie1-02_processed_low.czi.csv
/mnt/md0/Hansen Lab Dropbox/DataStorage/Imaging/Fbn2/processed/2020_09_A/2020_10_03_BeadSandwitch_488nm_1p7_561nm_1p7_SC8_2X_80z_160nm_780V_10T_0s_movie1-01_processed_low.czi.csv
/mnt/md0/Hansen Lab Dropbox/DataStorage/Imaging/Fbn2/processed/2020_11_A/2020_11_23_WAPL_BEADS_488nm_1p5_561nm_1p5_SC8_2X_20z_160nm_780V_20T_0s_movie5-01_processed_low.czi.csv
/mnt/md0/Hansen Lab Dropbox/DataStorage/Imaging/Fbn2/processed/2020_08_A/2020_09_08_BEADS_488nm_1p5_561nm_1p5_SC8_2X_20z_160nm_780V_20T_0s_movie1-01_processed_low.czi.csv
/mnt/md0/Hansen Lab Dropbox/DataStorage/Imaging/Fbn2/processed/2020_10_B/2020_11_02_BeadSandwich_488nm_1p5_561nm_1p5_SC8_2X_80z_160nm_780V_10T_0s_movie6-01_processed_low.czi.csv
/mnt/md0/Hansen Lab Dropbox/DataStorage/Imaging/Fbn2/processed/2021_02_A/2021_02_08_BEADS_488nm_1p5_561nm_1p5_SC8_2X_20z_160nm_780V_20T_0s_movie5-01_processed_low.czi.csv
/mnt/md0/Hansen Lab Dropbox/DataStorage/Imaging/Fbn2/processed/2020_11_A/2020_11_24_WAPL_noIAA_488nm_0p5_561nm_0p05_SC8_2X_30z_250nm_780V_365T_20s_movie2-01_processed_low.czi.csv
/mnt/md0/Hansen Lab Dropbox/DataStorage/Imaging/Fbn2/processed/2020_11_A/2020_11_09_BEADS_488nm_1p5_561nm_1p5_SC8_2X_20z_160nm_780V_20T_0s_movie3-01_processed_low.czi.csv
/mnt/md0/Hansen Lab Dropbox/DataStorage/Imaging/Fbn2/processed/2020_08_A/2020_09_09_BEADS_488nm_1p5_561nm_1p5_SC8_2X_20z_160nm_780V_20T_0s_movie4-01_processed_low.czi.csv
/mnt/md0/Hansen Lab Dropbox/DataStorage/Imaging/Fbn2/processed/2020_12_C/2020_12_21_BEADS_488nm_1p5_561nm_1p5_SC8_2X_20z_160nm_780V_20T_0s_movie2-01_processed_low.czi.csv
/mnt/md0/Hansen Lab Dropbox/DataStorage/Imaging/Fbn2/processed/2020_10_A/2020_10_18_BeadSandwich_488nm_1p5_561nm_1p55_SC8_2X_80z_160nm_780V_10T_00s_movie5-01_processed_low.czi.csv
/mnt/md0/Hansen Lab Dropbox/DataStorage/Imaging/Fbn2/processed/2020_10_A/2020_10_29_BEADS_488nm_1p5_561nm_1p5_SC8_2X_20z_160nm_780V_20T_0s_movie3-01_processed_low.czi.csv
/mnt/md0/Hansen Lab Dropbox/DataStorage/Imaging/Fbn2/processed/2020_09_A/2020_09_28_BEADS_488nm_1p5_561nm_1p5_SC8_2X_20z_160nm_780V_20T_0s_movie1-01_processed_low.czi.csv
/mnt/md0/Hansen Lab Dropbox/DataStorage/Imaging/Fbn2/processed/2020_11_A/2020_11_22_WAPL_BEADS_488nm_1p5_561nm_1p5_SC8_2X_20z_160nm_780V_20T_0s_movie1-02_processed_low.czi.csv
/mnt/md0/Hansen Lab Dropbox/DataStorage/Imaging/Fbn2/processed/2021_01_A/2021_01_20_BEADS_488nm_1p5_561nm_1p5_SC8_2X_20z_160nm_780V_20T_0s_movie3-01__processed_low..czi.csv
/mnt/md0/Hansen Lab Dropbox/DataStorage/Imaging/Fbn2/processed/2020_10_A/2020_10_23_BEADS_488nm_1p5_561nm_1p5_SC8_2X_20z_160nm_780V_20T_0s_movie1-01_processed_low.czi.csv
/mnt/md0/Hansen Lab Dropbox/DataStorage/Imaging/Fbn2/processed/2020_11_A/WAPL_BEADS_488nm_1p5_561nm_1p5_SC8_2X_20z_160nm_780V_20T_0s_movie5-01_processed_low.czi.csv
/mnt/md0/Hansen Lab Dropbox/DataStorage/Imaging/Fbn2/processed/2020_08_A/2020_09_21_BEADS_488nm_1p5_561nm_1p5_SC8_2X_20z_160nm_780V_20T_0s_movie3-01_processed_low.czi.csv
/mnt/md0/Hansen Lab Dropbox/DataStorage/Imaging/Fbn2/processed/2020_11_A/2020_11_12_BEADS_Fbn2_CTCF58_noIAA_488nm_1p5_561nm_1p5_SC8_2X_20z_160nm_780V_20T_0s_movie12-01_processed_low.czi.csv
/mnt/md0/Hansen Lab Dropbox/DataStorage/Imaging/Fbn2/processed/2020_11_A/2020_11_24_WAPL_BEADS_488nm_1p5_561nm_1p5_SC8_2X_20z_160nm_780V_20T_0s_movie5-01_processed_low.czi.csv
/mnt/md0/Hansen Lab Dropbox/DataStorage/Imaging/Fbn2/processed/2020_11_A/2020_11_16_BeadSandwich_488nm_1p5_561nm_1p5_SC8_2X_80z_160nm_780V_10T_0s_movie6-01_processed_low.czi.csv
/mnt/md0/Hansen Lab Dropbox/DataStorage/Imaging/Fbn2/processed/2020_12_C/2020_12_17_Fbn2_C36_488nm_0p5_561nm_0p05_SC7_1p3X_30z_250nm_780V_365T_60s_movie1-01_processed_low.czi.csv
/mnt/md0/Hansen Lab Dropbox/DataStorage/Imaging/Fbn2/processed/2020_11_A/2020_11_16_BeadSandwich_488nm_1p5_561nm_1p5_SC8_2X_80z_160nm_780V_10T_0s_movie10-01_processed_low.czi.csv
/mnt/md0/Hansen Lab Dropbox/DataStorage/Imaging/Fbn2/processed/2020_12_C/2020_12_22_BEADS_488nm_1p5_561nm_1p5_SC8_2X_20z_160nm_780V_20T_0s_movie4-02_processed_low.czi.csv
/mnt/md0/Hansen Lab Dropbox/DataStorage/Imaging/Fbn2/processed/2021_02_A/2021_02_19_BEADS_488nm_1p5_561nm_1p5_SC8_2X_20z_160nm_780V_20T_0s_movie4-01_processed_low.czi.csv
/mnt/md0/Hansen Lab Dropbox/DataStorage/Imaging/Fbn2/processed/2020_11_A/2020_11_24_WAPL_fourhoursIAA_488nm_0p5_561nm_0p05_SC8_2X_30z_250nm_780V_365T_20s_movie1-01_processed_low.czi.csv
/mnt/md0/Hansen Lab Dropbox/DataStorage/Imaging/Fbn2/processed/2020_11_A/2020_11_12_BEADS_Fbn2_CTCF58_noIAA_488nm_1p5_561nm_1p5_SC8_2X_20z_160nm_780V_20T_0s_movie1-02_processed_low.czi.csv
/mnt/md0/Hansen Lab Dropbox/DataStorage/Imaging/Fbn2/processed/2020_10_A/2020_10_21_BEADS_Fbn2_F1Rad21M_488nm_1p5_561nm_1p5_SC8_2X_20z_160nm_780V_20T_0s_movie1-02_processed_low.czi.csv
/mnt/md0/Hansen Lab Dropbox/DataStorage/Imaging/Fbn2/processed/neurons/2020_12_02_BEADS_488nm_1p5_561nm_1p5_SC8_2X_20z_160nm_780V_20T_0s_movie1-01_processed_low.czi.csv
/mnt/md0/Hansen Lab Dropbox/DataStorage/Imaging/Fbn2/processed/2020_11_A/2020_11_10_BEADS_Fbn2_CTCF58_noIAA_488nm_1p5_561nm_1p5_SC8_2X_20z_160nm_780V_20T_0s_movie5-01_processed_low.czi.csv
/mnt/md0/Hansen Lab Dropbox/DataStorage/Imaging/Fbn2/processed/2020_08_A/2020_09_03_BEADS_488nm_2p0_561nm_2p0_SC8_2X_20z_160nm_780V_20T_0s_movie2-01_processed_low.czi.csv
/mnt/md0/Hansen Lab Dropbox/DataStorage/Imaging/Fbn2/processed/2020_08_A/2020_09_04_BEADS_488nm_1p5_561nm_1p5_SC8_2X_20z_160nm_780V_20T_0s_movie4-01_processed_low.czi.csv
/mnt/md0/Hansen Lab Dropbox/DataStorage/Imaging/Fbn2/processed/2021_01_A/2020_01_19_BEADS_488nm_1p5_561nm_1p5_SC8_2X_20z_160nm_780V_20T_0s_movie5-01__processed_low..czi.csv
/mnt/md0/Hansen Lab Dropbox/DataStorage/Imaging/Fbn2/processed/2020_10_A/2020_10_22_BEADS_488nm_1p5_561nm_1p5_SC8_2X_20z_160nm_780V_20T_0s_movie2-01_processed_low.czi.csv
/mnt/md0/Hansen Lab Dropbox/DataStorage/Imaging/Fbn2/processed/2021_01_A/2020_01_20_BEADS_488nm_1p5_561nm_1p5_SC8_2X_20z_160nm_780V_20T_0s_movie1-01__processed_low..czi.csv
/mnt/md0/Hansen Lab Dropbox/DataStorage/Imaging/Fbn2/processed/2020_12_A/2020_12_03_BEADS_488nm_1p5_561nm_1p5_SC8_2X_20z_160nm_780V_20T_0s_movie5-01_processed_low.czi.csv
/mnt/md0/Hansen Lab Dropbox/DataStorage/Imaging/Fbn2/processed/2020_11_A/2020_11_22_WAPL_BEADS_488nm_1p5_561nm_1p5_SC8_2X_20z_160nm_780V_20T_0s_movie5-01_processed_low.czi.csv
/mnt/md0/Hansen Lab Dropbox/DataStorage/Imaging/Fbn2/processed/2020_12_B/2020_12_14_BEADS_488nm_1p5_561nm_1p5_SC8_2X_20z_160nm_780V_20T_0s_movie1-02_processed_low.czi.csv
/mnt/md0/Hansen Lab Dropbox/DataStorage/Imaging/Fbn2/processed/2020_11_A/2020_11_20__BEADS_488nm_1p5_561nm_1p5_SC8_2X_20z_160nm_780V_20T_0s_movie3-01_processed_low.czi.csv
/mnt/md0/Hansen Lab Dropbox/DataStorage/Imaging/Fbn2/processed/2020_09_A/2020_10_03_BeadSandwitch_488nm_1p7_561nm_1p7_SC8_2X_80z_160nm_780V_10T_0s_movie5-02_processed_low.czi.csv
/mnt/md0/Hansen Lab Dropbox/DataStorage/Imaging/Fbn2/processed/2020_10_B/2020_10_25_BEADS_Fbn2_F1RAD21M_488nm_1p5_561nm_1p5_SC8_2X_20z_160nm_780V_20T_0s_movie2-01_processed_low.czi.csv
/mnt/md0/Hansen Lab Dropbox/DataStorage/Imaging/Fbn2/processed/2020_12_C/2020_12_22_BEADS_488nm_1p5_561nm_1p5_SC8_2X_20z_160nm_780V_20T_0s_movie1-01_processed_low.czi.csv
/mnt/md0/Hansen Lab Dropbox/DataStorage/Imaging/Fbn2/processed/2020_11_A/2020_11_26_WAPL_fourhoursIAA_488nm_0p5_561nm_0p05_SC8_2X_30z_250nm_780V_365T_20s_movie1-01_processed_low.czi.csv
/mnt/md0/Hansen Lab Dropbox/DataStorage/Imaging/Fbn2/processed/2020_10_A/2020_10_23_BEADS_488nm_1p5_561nm_1p5_SC8_2X_20z_160nm_780V_20T_0s_movie2-01_processed_low.czi.csv
/mnt/md0/Hansen Lab Dropbox/DataStorage/Imaging/Fbn2/processed/2020_08_A/2020_09_08_Fbn2_C36_488nm_0p5_561nm_0p05_SC8_2X_30z_250nm_780V_365T_20s_movie2-01_processed_low.czi.csv
/mnt/md0/Hansen Lab Dropbox/DataStorage/Imaging/Fbn2/processed/2020_08_A/2020_08_31_BEADS_DISH1_1000_488nm_1p2_561nm_1p5_SC8_2X_20z_160nm_780V_60T_0s_movie4-01_processed_low.czi.csv
/mnt/md0/Hansen Lab Dropbox/DataStorage/Imaging/Fbn2/processed/2020_08_A/2020_09_17_BEADS_488nm_2p0_561nm_2p0_SC8_2X_20z_160nm_780V_20T_0s_movie5-02_processed_low.czi.csv
/mnt/md0/Hansen Lab Dropbox/DataStorage/Imaging/Fbn2/processed/2020_08_A/2020_09_17_BEADS_488nm_1p5_561nm_1p5_SC8_2X_20z_160nm_780V_20T_0s_movie1-02_processed_low.czi.csv
/mnt/md0/Hansen Lab Dropbox/DataStorage/Imaging/Fbn2/processed/2020_12_C/2020_12_18_BEADS_488nm_1p5_561nm_1p5_SC8_2X_20z_160nm_780V_20T_0s_movie4-01_processed_low.czi.csv
/mnt/md0/Hansen Lab Dropbox/DataStorage/Imaging/Fbn2/processed/2020_08_A/2020_09_09_BEADS_488nm_1p5_561nm_1p5_SC8_2X_20z_160nm_780V_20T_0s_movie1-02_processed_low.czi.csv
/mnt/md0/Hansen Lab Dropbox/DataStorage/Imaging/Fbn2/processed/2021_01_A/2021_01_29_BEADS_488nm_1p5_561nm_1p5_SC8_2X_20z_160nm_780V_20T_0s_movie5-01__processed_low.czi.csv
/mnt/md0/Hansen Lab Dropbox/DataStorage/Imaging/Fbn2/processed/2020_09_A/2020_09_25_Fbn2_C36_488nm_0p5_561nm_0p05_SC8_2X_30z_250nm_780V_365T_20s_movie6-01_processed_low.czi.csv
/mnt/md0/Hansen Lab Dropbox/DataStorage/Imaging/Fbn2/processed/2020_12_A/2020_12_03_BEADS_488nm_1p5_561nm_1p5_SC8_2X_20z_160nm_780V_20T_0s_movie3-01_processed_low.czi.csv
/mnt/md0/Hansen Lab Dropbox/DataStorage/Imaging/Fbn2/processed/2020_11_A/2020_11_20_BeadSandwich_488nm_1p5_561nm_1p5_SC8_2X_80z_160nm_780V_10T_0s_movie7-01_processed_low.czi.csv
/mnt/md0/Hansen Lab Dropbox/DataStorage/Imaging/Fbn2/processed/2021_02_A/2021_02_19_BEADS_488nm_1p5_561nm_1p5_SC8_2X_20z_160nm_780V_20T_0s_movie1-01_processed_low.czi.csv
/mnt/md0/Hansen Lab Dropbox/DataStorage/Imaging/Fbn2/processed/2020_11_A/2020_11_10_BEADS_Fbn2_CTCF58_noIAA_488nm_1p5_561nm_1p5_SC8_2X_20z_160nm_780V_20T_0s_movie2-01_processed_low.czi.csv
/mnt/md0/Hansen Lab Dropbox/DataStorage/Imaging/Fbn2/processed/2021_02_A/2021_02_18_BEADS_488nm_1p5_561nm_1p5_SC8_2X_20z_160nm_780V_20T_0s_movie4-02_processed_low.czi.csv
/mnt/md0/Hansen Lab Dropbox/DataStorage/Imaging/Fbn2/processed/2020_11_A/2020_11_05_BEADS_488nm_1p5_561nm_1p5_SC8_2X_20z_160nm_780V_20T_0s_movie2-01_processed_low.czi.csv
/mnt/md0/Hansen Lab Dropbox/DataStorage/Imaging/Fbn2/processed/2020_09_A/2020_09_28_BEADS_488nm_1p5_561nm_1p5_SC8_2X_20z_160nm_780V_20T_0s_movie4-01_processed_low.czi.csv
/mnt/md0/Hansen Lab Dropbox/DataStorage/Imaging/Fbn2/processed/2020_12_B/2020_12_16_BeadSandwich_488nm_1p5_561nm_1p5_SC8_2X_80z_160nm_780V_10T_0s_movie2-01_processed_low.czi.csv
/mnt/md0/Hansen Lab Dropbox/DataStorage/Imaging/Fbn2/processed/2020_08_A/2020_09_23_Fbn2_C36_488nm_0p5_561nm_0p05_SC8_2X_30z_250nm_780V_365T_20s_movie6-01_processed_low.czi.csv
/mnt/md0/Hansen Lab Dropbox/DataStorage/Imaging/Fbn2/processed/2020_10_A/2020_10_29_BEADS_488nm_1p5_561nm_1p5_SC8_2X_20z_160nm_780V_20T_0s_movie1-01_processed_low.czi.csv
/mnt/md0/Hansen Lab Dropbox/DataStorage/Imaging/Fbn2/processed/2020_12_B/2020_12_16_BeadSandwich_488nm_1p5_561nm_1p5_SC8_2X_80z_160nm_780V_10T_0s_movie6-01_processed_low.czi.csv
/mnt/md0/Hansen Lab Dropbox/DataStorage/Imaging/Fbn2/processed/2020_11_A/2020_11_06_BEADS_488nm_1p5_561nm_1p5_SC8_2X_20z_160nm_780V_20T_0s_movie3-01_processed_low.czi.csv
/mnt/md0/Hansen Lab Dropbox/DataStorage/Imaging/Fbn2/processed/2020_10_A/2020_10_23_Fbn2_C36_488nm_0p5_561nm_0p05_SC8_2X_30z_250nm_780V_365T_20s_movie2-01_processed_low.czi.csv
/mnt/md0/Hansen Lab Dropbox/DataStorage/Imaging/Fbn2/processed/2021_02_A/2021_02_14_Fbn2_C36_488nm_0p5_561nm_0p05_SC8_2X_30z_250nm_780V_365T_20s_movie6-01_processed_low.czi.csv
/mnt/md0/Hansen Lab Dropbox/DataStorage/Imaging/Fbn2/processed/2020_08_A/2020_09_01_BEADS_488nm_1p5_561nm_1p7_SC8_2X_20z_160nm_780V_20T_0s_movie3-01_processed_low.czi.csv
/mnt/md0/Hansen Lab Dropbox/DataStorage/Imaging/Fbn2/processed/2020_10_A/2020_10_29_Fbn2_C36_488nm_0p5_561nm_0p05_SC8_2X_30z_250nm_780V_365T_20s_movie2-01_processed_low.czi.csv
/mnt/md0/Hansen Lab Dropbox/DataStorage/Imaging/Fbn2/processed/2020_09_A/2020_09_28_BEADS_488nm_1p5_561nm_1p5_SC8_2X_20z_160nm_780V_20T_0s_movie3-01_processed_low.czi.csv
/mnt/md0/Hansen Lab Dropbox/DataStorage/Imaging/Fbn2/processed/2020_10_A/2020_10_23_BEADS_488nm_1p5_561nm_1p5_SC8_2X_20z_160nm_780V_20T_0s_movie3-01_processed_low.czi.csv
/mnt/md0/Hansen Lab Dropbox/DataStorage/Imaging/Fbn2/processed/2020_08_A/2020_09_11_BEADS_488nm_1p5_561nm_1p05_SC8_2X_20z_160nm_780V_20T_0s_movie2-01_processed_low.czi.csv
/mnt/md0/Hansen Lab Dropbox/DataStorage/Imaging/Fbn2/processed/2020_11_A/2020_11_05_BEADS_488nm_1p5_561nm_1p5_SC8_2X_20z_160nm_780V_20T_0s_movie4-01_processed_low.czi.csv
/mnt/md0/Hansen Lab Dropbox/DataStorage/Imaging/Fbn2/processed/2020_08_A/2020_09_10_Fbn2_C36_488nm_0p5_561nm_0p05_SC8_2X_30z_250nm_780V_365T_20s_movie3-02_processed_low.czi.csv
/mnt/md0/Hansen Lab Dropbox/DataStorage/Imaging/Fbn2/processed/2020_10_A/2020_10_22_BEADS_488nm_1p5_561nm_1p5_SC8_2X_20z_160nm_780V_20T_0s_movie1-02_processed_low.czi.csv
/mnt/md0/Hansen Lab Dropbox/DataStorage/Imaging/Fbn2/processed/2020_10_B/2020_11_02_BeadSandwich_488nm_1p5_561nm_1p5_SC8_2X_80z_160nm_780V_10T_0s_movie9-01_processed_low.czi.csv
/mnt/md0/Hansen Lab Dropbox/DataStorage/Imaging/Fbn2/processed/2020_08_A/2020_09_17_BEADS_488nm_2p0_561nm_2p0_SC8_2X_20z_160nm_780V_20T_0s_movie4-01_processed_low.czi.csv
/mnt/md0/Hansen Lab Dropbox/DataStorage/Imaging/Fbn2/processed/2020_11_A/2020_11_23_WAPL_BEADS_488nm_1p5_561nm_1p5_SC8_2X_20z_160nm_780V_20T_0s_movie1-02_processed_low.czi.csv
/mnt/md0/Hansen Lab Dropbox/DataStorage/Imaging/Fbn2/processed/2020_11_A/2020_11_23_WAPL_noIAA_488nm_0p5_561nm_0p05_SC8_2X_30z_250nm_780V_30T_20s_movie1-02_processed_low.czi.csv
/mnt/md0/Hansen Lab Dropbox/DataStorage/Imaging/Fbn2/processed/2020_12_A/2020_12_08_WAPL_sixhoursIAA_488nm_0p5_561nm_0p05_SC8_2X_30z_250nm_780V_365T_20s_movie2-01_processed_low.czi.csv
/mnt/md0/Hansen Lab Dropbox/DataStorage/Imaging/Fbn2/processed/2020_11_A/2020_11_09_BEADS_488nm_1p5_561nm_1p5_SC8_2X_20z_160nm_780V_20T_0s_movie4-01_processed_low.czi.csv
/mnt/md0/Hansen Lab Dropbox/DataStorage/Imaging/Fbn2/processed/2020_10_A/2020_10_18_BeadSandwich_488nm_1p5_561nm_1p55_SC8_2X_80z_160nm_780V_10T_00s_movie2-01_processed_low.czi.csv
/mnt/md0/Hansen Lab Dropbox/DataStorage/Imaging/Fbn2/processed/2021_02_A/2021_02_15_BEADS_488nm_1p5_561nm_1p5_SC8_2X_20z_160nm_780V_20T_0s_movie2-01_processed_low.czi.csv
/mnt/md0/Hansen Lab Dropbox/DataStorage/Imaging/Fbn2/processed/2020_08_A/2020_09_09_BEADS_488nm_1p5_561nm_1p5_SC8_2X_20z_160nm_780V_20T_0s_movie3-01_processed_low.czi.csv
/mnt/md0/Hansen Lab Dropbox/DataStorage/Imaging/Fbn2/processed/2020_12_A/2020_12_02_WAPL_noIAA_488nm_0p5_561nm_0p05_SC8_2X_30z_250nm_780V_365T_20s_movie1-01-01_processed_low.czi.csv
/mnt/md0/Hansen Lab Dropbox/DataStorage/Imaging/Fbn2/processed/wapl/2020_12_14_WAPL_noIAA_405nm_2p0_646nm_1p0_5_SC4_1X_1z_nm_900V_4hours_5min_movie2-01_processed_low.czi.csv
/mnt/md0/Hansen Lab Dropbox/DataStorage/Imaging/Fbn2/processed/2020_11_A/2020_11_09_BEADS_488nm_1p5_561nm_1p5_SC8_2X_20z_160nm_780V_20T_0s_movie5-01_processed_low.czi.csv
/mnt/md0/Hansen Lab Dropbox/DataStorage/Imaging/Fbn2/processed/2020_10_A/2020_10_20_BeadSandwich_488nm_1p5_561nm_1p5_SC8_2X_80z_160nm_780V_10T_0s_movie2-01_processed_low.czi.csv
/mnt/md0/Hansen Lab Dropbox/DataStorage/Imaging/Fbn2/processed/neurons/2020_09_28_motoneurons_C36_488nm_0p5_561nm_0p05_SC8_2X_30z_250nm_780V_365T_20s_movie2-02_processed_low.czi.csv
/mnt/md0/Hansen Lab Dropbox/DataStorage/Imaging/Fbn2/processed/2020_10_A/2020_10_20_BeadSandwich_488nm_1p5_561nm_1p5_SC8_2X_80z_160nm_780V_10T_0s_movie8-01_processed_low.czi.csv
/mnt/md0/Hansen Lab Dropbox/DataStorage/Imaging/Fbn2/processed/2021_01_A/2020_01_19_BEADS_488nm_1p5_561nm_1p5_SC8_2X_20z_160nm_780V_20T_0s_movie4-01__processed_low..czi.csv
/mnt/md0/Hansen Lab Dropbox/DataStorage/Imaging/Fbn2/processed/wapl/2020_12_14_WAPL_IAA_405nm_2p0_646nm_1p0_5_SC4_1X_1z_nm_900V_4hours_5min_movie2-03_processed_low.czi.csv
/mnt/md0/Hansen Lab Dropbox/DataStorage/Imaging/Fbn2/processed/2021_02_A/2021_02_18_BEADS_488nm_1p5_561nm_1p5_SC8_2X_20z_160nm_780V_20T_0s_movie2-01_processed_low.czi.csv
/mnt/md0/Hansen Lab Dropbox/DataStorage/Imaging/Fbn2/processed/2020_10_B/2020_10_25_BEADS_Fbn2_F1RAD21M_488nm_1p5_561nm_1p5_SC8_2X_20z_160nm_780V_20T_0s_movie3-01_processed_low.czi.csv
/mnt/md0/Hansen Lab Dropbox/DataStorage/Imaging/Fbn2/processed/neurons/2020_12_02_WAPL_noIAA_488nm_0p5_561nm_0p05_SC8_2X_30z_250nm_780V_365T_20s_movie2-02_processed_low.czi.csv
/mnt/md0/Hansen Lab Dropbox/DataStorage/Imaging/Fbn2/processed/2020_08_A/2020_09_21_BEADS_488nm_1p5_561nm_1p5_SC8_2X_20z_160nm_780V_20T_0s_movie4-01_processed_low.czi.csv
/mnt/md0/Hansen Lab Dropbox/DataStorage/Imaging/Fbn2/processed/2021_01_A/2021_01_20_BEADS_488nm_1p5_561nm_1p5_SC8_2X_20z_160nm_780V_20T_0s_movie2-01__processed_low..czi.csv
/mnt/md0/Hansen Lab Dropbox/DataStorage/Imaging/Fbn2/processed/2020_08_A/2020_09_04_BeadSandwich_488nm_1p7_561nm_1p7_SC8_2X_80z_160nm_780V_10T_0s_movie8-01_processed_low.czi.csv
/mnt/md0/Hansen Lab Dropbox/DataStorage/Imaging/Fbn2/processed/2020_12_A/2020_12_08_WAPL_sixhoursIAA_488nm_0p5_561nm_0p05_SC8_2X_30z_250nm_780V_365T_20s_movie1-01_processed_low.czi.csv
/mnt/md0/Hansen Lab Dropbox/DataStorage/Imaging/Fbn2/processed/2020_09_A/2020_09_25_BEADS_488nm_1p5_561nm_1p5_SC8_2X_20z_160nm_780V_20T_0s_movie5-01_processed_low.czi.csv
/mnt/md0/Hansen Lab Dropbox/DataStorage/Imaging/Fbn2/processed/2020_11_A/2020_11_12_BEADS_Fbn2_CTCF58_noIAA_488nm_1p5_561nm_1p5_SC8_2X_20z_160nm_780V_20T_0s_movie10-01_processed_low.czi.csv
/mnt/md0/Hansen Lab Dropbox/DataStorage/Imaging/Fbn2/processed/2020_08_A/2020_08_31_Fbn2_C36_DISH1_488nm_0p5_561nm_0p05_SC8_2X_30z_250nm_780V_365T_20s_movie2-01_processed_low.czi.csv
/mnt/md0/Hansen Lab Dropbox/DataStorage/Imaging/Fbn2/processed/2020_09_A/2020_10_03_BeadSandwitch_488nm_1p7_561nm_1p7_SC8_2X_80z_160nm_780V_10T_0s_movie4-03_processed_low.czi.csv
/mnt/md0/Hansen Lab Dropbox/DataStorage/Imaging/Fbn2/processed/2020_08_A/2020_09_04_BEADS_488nm_1p5_561nm_1p5_SC8_2X_20z_160nm_780V_20T_0s_movie1-02_processed_low.czi.csv
/mnt/md0/Hansen Lab Dropbox/DataStorage/Imaging/Fbn2/processed/2020_10_A/2020_10_21_BEADS_Fbn2_F1Rad21M_488nm_1p5_561nm_1p5_SC8_2X_20z_160nm_780V_20T_0s_movie3-01_processed_low.czi.csv
/mnt/md0/Hansen Lab Dropbox/DataStorage/Imaging/Fbn2/processed/2020_11_A/2020_11_24_WAPL_sixhoursIAA_488nm_0p5_561nm_0p05_SC8_2X_30z_250nm_780V_365T_20s_movie1-01_processed_low.czi.csv
/mnt/md0/Hansen Lab Dropbox/DataStorage/Imaging/Fbn2/processed/2020_12_A/2020_12_07_WAPL_fourhoursIAA_488nm_0p5_561nm_0p05_SC8_2X_30z_250nm_780V_365T_20s_movie3-01_processed_low.czi.csv
/mnt/md0/Hansen Lab Dropbox/DataStorage/Imaging/Fbn2/processed/2020_09_A/2020_09_25_BEADS_488nm_1p5_561nm_1p5_SC8_2X_20z_160nm_780V_20T_0s_movie1-01_processed_low.czi.csv
/mnt/md0/Hansen Lab Dropbox/DataStorage/Imaging/Fbn2/processed/2020_11_A/2020_11_23WAPL_sixhoursIAA_488nm_0p5_561nm_0p05_SC8_2X_30z_250nm_780V_30T_20s_movie1-01_processed_low.czi.csv
/mnt/md0/Hansen Lab Dropbox/DataStorage/Imaging/Fbn2/processed/2020_09_A/2020_09_28_Fbn2_C36_488nm_0p5_561nm_0p05_SC8_2X_30z_250nm_780V_365T_20s_movie4-01_processed_low.czi.csv
/mnt/md0/Hansen Lab Dropbox/DataStorage/Imaging/Fbn2/processed/2020_11_A/2020_11_06_BEADS_488nm_1p5_561nm_1p5_SC8_2X_20z_160nm_780V_20T_0s_movie2-01_processed_low.czi.csv
/mnt/md0/Hansen Lab Dropbox/DataStorage/Imaging/Fbn2/processed/2020_11_A/2020_11_12_BEADS_Fbn2_CTCF58_noIAA_488nm_1p5_561nm_1p5_SC8_2X_20z_160nm_780V_20T_0s_movie4-01_processed_low.czi.csv
/mnt/md0/Hansen Lab Dropbox/DataStorage/Imaging/Fbn2/processed/2020_08_A/2020_09_17_BEADS_488nm_2p0_561nm_2p0_SC8_2X_20z_160nm_780V_20T_0s_movie3-01_processed_low.czi.csv
/mnt/md0/Hansen Lab Dropbox/DataStorage/Imaging/Fbn2/processed/2020_10_A/2020_10_29_BEADS_488nm_1p5_561nm_1p5_SC8_2X_20z_160nm_780V_20T_0s_movie4-01_processed_low.czi.csv
/mnt/md0/Hansen Lab Dropbox/DataStorage/Imaging/Fbn2/processed/2020_12_C/2020_12_21_BEADS_488nm_1p5_561nm_1p5_SC8_2X_20z_160nm_780V_20T_0s_movie1-01_processed_low.czi.csv
/mnt/md0/Hansen Lab Dropbox/DataStorage/Imaging/Fbn2/processed/2020_08_A/2020_09_09_BEADS_488nm_1p5_561nm_1p5_SC8_2X_20z_160nm_780V_20T_0s_movie5-01_processed_low.czi.csv
/mnt/md0/Hansen Lab Dropbox/DataStorage/Imaging/Fbn2/processed/2020_08_A/2020_09_07_BEADS_488nm_1p5_561nm_1p5_SC8_2X_20z_160nm_780V_20T_0s_movie3-01_processed_low.czi.csv
/mnt/md0/Hansen Lab Dropbox/DataStorage/Imaging/Fbn2/processed/2020_10_B/2020_10_27_BEADS_Fbn2_F1Rad21M_noIAA_488nm_1p5_561nm_1p5_SC8_2X_20z_160nm_780V_20T_0s_movie2-01_processed_low.czi.csv
/mnt/md0/Hansen Lab Dropbox/DataStorage/Imaging/Fbn2/processed/2020_12_A/2020_12_07_WAPL_sixhoursIAA_488nm_0p5_561nm_0p05_SC8_2X_30z_250nm_780V_365T_20s_movie1-02_processed_low.czi.csv
/mnt/md0/Hansen Lab Dropbox/DataStorage/Imaging/Fbn2/processed/2020_11_A/2020_11_24_WAPL_BEADS_488nm_1p5_561nm_1p5_SC8_2X_20z_160nm_780V_20T_0s_movie2--02_processed_low.czi.csv
/mnt/md0/Hansen Lab Dropbox/DataStorage/Imaging/Fbn2/processed/2020_10_A/2020_10_30_Fbn2_C36_488nm_0p5_561nm_0p05_SC8_2X_30z_250nm_780V_365T_20s_movie4-01_processed_low.czi.csv
/mnt/md0/Hansen Lab Dropbox/DataStorage/Imaging/Fbn2/processed/2020_12_B/2020_12_15_BEADS_488nm_1p5_561nm_1p5_SC8_2X_20z_160nm_780V_20T_0s_movie2-01_processed_low.czi.csv
/mnt/md0/Hansen Lab Dropbox/DataStorage/Imaging/Fbn2/processed/2020_08_A/2020_08_31_Fbn2_C36_DISH1_488nm_0p5_561nm_0p05_SC8_2X_30z_250nm_780V_365T_20s_movie3-01_processed_low.czi.csv
/mnt/md0/Hansen Lab Dropbox/DataStorage/Imaging/Fbn2/processed/2020_11_A/2020_11_11_BEADS_488nm_1p5_561nm_1p5_SC8_2X_20z_160nm_780V_20T_0s_movie2-01_processed_low.czi.csv
/mnt/md0/Hansen Lab Dropbox/DataStorage/Imaging/Fbn2/processed/2020_11_A/2020_11_12_BEADS_Fbn2_CTCF58_noIAA_488nm_1p5_561nm_1p5_SC8_2X_20z_160nm_780V_20T_0s_movie1-01_processed_low.czi.csv
/mnt/md0/Hansen Lab Dropbox/DataStorage/Imaging/Fbn2/processed/2020_11_A/2020_11_24_WAPL_BEADS_488nm_1p5_561nm_1p5_SC8_2X_20z_160nm_780V_20T_0s_movie4-01_processed_low.czi.csv
/mnt/md0/Hansen Lab Dropbox/DataStorage/Imaging/Fbn2/processed/2020_09_A/2020_10_01_Fbn2_C36_488nm_0p5_561nm_0p05_SC8_2X_30z_250nm_780V_365T_20s_movie2-01_processed_low.czi.csv
/mnt/md0/Hansen Lab Dropbox/DataStorage/Imaging/Fbn2/processed/2020_09_A/2020_09_28_Fbn2_C36_488nm_0p5_561nm_0p05_SC8_2X_30z_250nm_780V_365T_20s_movie1-01_processed_low.czi.csv
/mnt/md0/Hansen Lab Dropbox/DataStorage/Imaging/Fbn2/processed/2021_02_A/2021_02_10_BEADS_488nm_1p5_561nm_1p5_SC8_2X_20z_160nm_780V_20T_0s_movie2-01_processed_low.czi.csv
/mnt/md0/Hansen Lab Dropbox/DataStorage/Imaging/Fbn2/processed/2020_08_A/2020_09_15_BEADS_488nm_1p5_561nm_1p5_SC8_2X_20z_160nm_780V_20T_0s_movie3-01_processed_low.czi.csv
/mnt/md0/Hansen Lab Dropbox/DataStorage/Imaging/Fbn2/processed/2021_02_A/2021_02_15_BEADS_488nm_1p5_561nm_1p5_SC8_2X_20z_160nm_780V_20T_0s_movie1-01_processed_low.czi.csv
/mnt/md0/Hansen Lab Dropbox/DataStorage/Imaging/Fbn2/processed/2020_08_A/2020_09_23_Fbn2_C36_488nm_0p5_561nm_0p05_SC8_2X_30z_250nm_780V_365T_20s_movie1-02_processed_low.czi.csv
/mnt/md0/Hansen Lab Dropbox/DataStorage/Imaging/Fbn2/processed/2020_11_A/2020_11_26_WAPL_BEADS_488nm_1p5_561nm_1p5_SC8_2X_20z_160nm_780V_20T_0s_movie5-01_processed_low.czi.csv
/mnt/md0/Hansen Lab Dropbox/DataStorage/Imaging/Fbn2/processed/2020_11_A/2020_11_15_BEADS_Fbn2_C58CTCF_488nm_1p5_561nm_1p5_SC8_2X_20z_160nm_780V_20T_0s_movie2-01_processed_low.czi.csv
/mnt/md0/Hansen Lab Dropbox/DataStorage/Imaging/Fbn2/processed/2020_09_A/2020_09_28_Fbn2_C36_488nm_0p5_561nm_0p05_SC8_2X_30z_250nm_780V_365T_20s_movie5-01_processed_low.czi.csv
/mnt/md0/Hansen Lab Dropbox/DataStorage/Imaging/Fbn2/processed/2020_11_A/2020_11_20_BeadSandwich_488nm_1p5_561nm_1p5_SC8_2X_80z_160nm_780V_10T_0s_movie5-01_processed_low.czi.csv
/mnt/md0/Hansen Lab Dropbox/DataStorage/Imaging/Fbn2/processed/2020_12_C/2020_12_19_BEADS_488nm_1p5_561nm_1p5_SC8_2X_20z_160nm_780V_20T_0s_movie3-01_processed_low.czi.csv
/mnt/md0/Hansen Lab Dropbox/DataStorage/Imaging/Fbn2/processed/2020_12_C/2020_12_18_BEADS_488nm_1p5_561nm_1p5_SC8_2X_20z_160nm_780V_20T_0s_movie3-01_processed_low.czi.csv
/mnt/md0/Hansen Lab Dropbox/DataStorage/Imaging/Fbn2/processed/2020_09_A/2020_10_02_Fbn2_C36_488nm_0p5_561nm_0p05_SC8_2X_30z_250nm_780V_365T_20s_movie6-01_processed_low.czi.csv
/mnt/md0/Hansen Lab Dropbox/DataStorage/Imaging/Fbn2/processed/2020_11_A/2020_11_23_WAPL_BEADS_488nm_1p5_561nm_1p5_SC8_2X_20z_160nm_780V_20T_0s_movie4-01_processed_low.czi.csv
/mnt/md0/Hansen Lab Dropbox/DataStorage/Imaging/Fbn2/processed/2020_11_A/2020_11_05_BEADS_488nm_1p5_561nm_1p5_SC8_2X_20z_160nm_780V_20T_0s_movie3-01_processed_low.czi.csv
/mnt/md0/Hansen Lab Dropbox/DataStorage/Imaging/Fbn2/processed/2020_11_A/2020_11_24_WAPL_noIAA_488nm_0p5_561nm_0p05_SC8_2X_30z_250nm_780V_365T_20s_movie1-01_processed_low.czi.csv
/mnt/md0/Hansen Lab Dropbox/DataStorage/Imaging/Fbn2/processed/2020_08_A/2020_09_08_Fbn2_C36_488nm_0p5_561nm_0p05_SC8_2X_30z_250nm_780V_365T_20s_movie5-01_processed_low.czi.csv
/mnt/md0/Hansen Lab Dropbox/DataStorage/Imaging/Fbn2/processed/2020_11_A/2020_11_20__BEADS_488nm_1p5_561nm_1p5_SC8_2X_20z_160nm_780V_20T_0s_movie5-01_processed_low.czi.csv
/mnt/md0/Hansen Lab Dropbox/DataStorage/Imaging/Fbn2/processed/2020_12_C/2020_12_18_BEADS_488nm_1p5_561nm_1p5_SC8_2X_20z_160nm_780V_20T_0s_movie5-01_processed_low.czi.csv
/mnt/md0/Hansen Lab Dropbox/DataStorage/Imaging/Fbn2/processed/2021_02_A/2021_02_13_Fbn2_C36_488nm_0p5_561nm_0p05_SC8_2X_30z_250nm_780V_365T_20s_movie1-02_processed_low.czi.csv
/mnt/md0/Hansen Lab Dropbox/DataStorage/Imaging/Fbn2/processed/2020_10_A/2020_10_02_Fbn2_C36_488nm_0p5_561nm_0p05_SC8_2X_30z_250nm_780V_365T_20s_movie5-01_processed_low.czi.csv
/mnt/md0/Hansen Lab Dropbox/DataStorage/Imaging/Fbn2/processed/2020_11_A/2020_11_16_BeadSandwich_488nm_1p5_561nm_1p5_SC8_2X_80z_160nm_780V_10T_0s_movie3-01_processed_low.czi.csv
/mnt/md0/Hansen Lab Dropbox/DataStorage/Imaging/Fbn2/processed/2020_12_A/2020_12_04_WAPL_sixhoursIAA_488nm_0p5_561nm_0p05_SC8_2X_30z_250nm_780V_365T_20s_movie3-01_processed_low.czi.csv
/mnt/md0/Hansen Lab Dropbox/DataStorage/Imaging/Fbn2/processed/2020_08_A/2020_09_17_BEADS_488nm_2p0_561nm_2p0_SC8_2X_20z_160nm_780V_20T_0s_movie2_processed_low.czi.csv
/mnt/md0/Hansen Lab Dropbox/DataStorage/Imaging/Fbn2/processed/neurons/2020_12_02_BEADS_488nm_1p5_561nm_1p5_SC8_2X_20z_160nm_780V_20T_0s_movie2-01_processed_low.czi.csv
