Building DAG of jobs...
MissingInputException in line 43 of /home/hbrandao/libs/data_analysis_Fbn2/snakemake/workflow/snakefile_fixed_mask:
Missing input files for rule all:
results/Rad21/2021_03_02_Fbn2_F1RAD21M_488nm_0p5_561nm_0p05_SC8_2X_30z_250nm_780V_365T_20s_noIAA_movie1-01.czi.dot_volumes.pkl
results/Rad21/2021_05_03_Fbn2_RAD21_twohoursIAA_488nm_0p5_561nm_0p05_SC8_2X_30z_250nm_780V_365T_20s_movie2-01.czi.dot_volumes.pkl
results/Rad21/2021_05_01_Fbn2_RAD21_twohoursIAA_488nm_0p5_561nm_0p05_SC8_2X_30z_250nm_780V_365T_20s_movie1-01.czi.tracks.csv
results/Rad21/2021_02_26_Fbn2_F1RAD21M_488nm_0p5_561nm_0p05_SC8_2X_30z_250nm_780V_365T_20s_4hoursIAA_movie1-02.czi.dot_volumes.pkl
results/Rad21/2021_02_28_Fbn2_F1RAD21M_488nm_0p5_561nm_0p05_SC8_2X_30z_250nm_780V_365T_20s_noIAA_movie1-01.czi.dot_volumes.pkl
results/Rad21/2021_03_01_Fbn2_F1RAD21M_488nm_0p5_561nm_0p05_SC8_2X_30z_250nm_780V_365T_20s_2hoursIAA_movie2-01.czi.movie_filt.mp4
results/Rad21/2021_02_23_Fbn2_F1Rad21M_488nm_0p5_561nm_0p05_SC8_2X_30z_250nm_780V_365T_20s_2hoursIAA_movie2-01.czi.tracks.csv
results/Rad21/2021_03_02_Fbn2_F1RAD21M_488nm_0p5_561nm_0p05_SC8_2X_30z_250nm_780V_365T_20s_noIAA_movie3-01.czi.movie_filt.mp4
results/Rad21/2021_05_03_Fbn2_RAD21_twohoursIAA_488nm_0p5_561nm_0p05_SC8_2X_30z_250nm_780V_365T_20s_movie1-02.czi.tracks.csv
results/Rad21/2021_04_27_Fbn2_RAD21__twohoursIAA_488nm_0p5_561nm_0p05_SC8_2X_30z_250nm_780V_365T_20s_movie3-01.czi.movie.mp4
results/Rad21/2021_02_21_Fbn2_F1Rad21M_488nm_0p5_561nm_0p05_SC8_2X_30z_250nm_780V_365T_20s_2hoursIAA_movie1-01.czi.dot_volumes.pkl
results/Rad21/2021_02_26_Fbn2_F1RAD21M_488nm_0p5_561nm_0p05_SC8_2X_30z_250nm_780V_365T_20s_2hoursIAA_movie1-01.czi.movie.mp4
results/Rad21/2021_04_25_Fbn2_Rad21_twohoursIAA_488nm_0p5_561nm_0p05_SC8_2X_30z_250nm_780V_365T_20s_movie2-02.czi.dot_volumes.pkl
results/Rad21/2021_02_23_Fbn2_F1Rad21M_488nm_0p5_561nm_0p05_SC8_2X_30z_250nm_780V_365T_20s_4hoursIAA_movie1-02.czi.tracks.csv
results/Rad21/2021_03_03_Fbn2_F1RAD21M_488nm_0p5_561nm_0p05_SC8_2X_30z_250nm_780V_365T_20s_2hoursIAA_movie1-01.czi.movie.mp4
results/Rad21/2021_05_02_Fbn2_RAD21_twohoursIAA_488nm_0p5_561nm_0p05_SC8_2X_30z_250nm_780V_365T_20s_movie1-01.czi.movie_filt.mp4
results/Rad21/2021_03_02_Fbn2_F1RAD21M_488nm_0p5_561nm_0p05_SC8_2X_30z_250nm_780V_365T_20s_noIAA_movie1-01.czi.movie_filt.mp4
results/Rad21/2021_04_27_Fbn2_RAD21__twohoursIAA_488nm_0p5_561nm_0p05_SC8_2X_30z_250nm_780V_365T_20s_movie2-02.czi.dot_volumes.pkl
results/Rad21/2021_02_26_Fbn2_F1RAD21M_488nm_0p5_561nm_0p05_SC8_2X_30z_250nm_780V_365T_20s_noIAA_movie1-01.czi.movie.mp4
results/Rad21/2021_05_01_Fbn2_RAD21_twohoursIAA_488nm_0p5_561nm_0p05_SC8_2X_30z_250nm_780V_365T_20s_movie2-01.czi.movie.mp4
results/Rad21/2021_03_05_Fbn2_F1RAD21M_488nm_0p5_561nm_0p05_SC8_2X_30z_250nm_780V_365T_20s_4hoursIAA_movie2-01.czi.dot_volumes.pkl
results/Rad21/2021_05_03_Fbn2_RAD21_twohoursIAA_488nm_0p5_561nm_0p05_SC8_2X_30z_250nm_780V_365T_20s_movie1-02.czi.movie_filt.mp4
results/Rad21/2021_02_21_Fbn2_F1Rad21M_488nm_0p5_561nm_0p05_SC8_2X_30z_250nm_780V_365T_20s_4hoursIAA_movie1-01.czi.tracks.csv
results/Rad21/2021_03_04_Fbn2_F1RAD21M_488nm_0p5_561nm_0p05_SC8_2X_30z_250nm_780V_365T_20s_4hoursIAA_movie1-01.czi.dot_volumes.pkl
results/Rad21/2021_03_01_Fbn2_F1RAD21M_488nm_0p5_561nm_0p05_SC8_2X_30z_250nm_780V_365T_20s_4hoursIAA_movie1-01.czi.tracks.csv
results/Rad21/2021_05_02_Fbn2_RAD21_twohoursIAA_488nm_0p5_561nm_0p05_SC8_2X_30z_250nm_780V_365T_20s_movie1-01.czi.dot_volumes.pkl
results/Rad21/2021_04_27_Fbn2_RAD21__twohoursIAA_488nm_0p5_561nm_0p05_SC8_2X_30z_250nm_780V_365T_20s_movie2-02.czi.tracks.csv
results/Rad21/2020_12_09_Rad21F1M_fourhoursIAA_488nm_0p5_561nm_0p05_SC8_2X_30z_250nm_SC8_780V_365T_20s_movie3-01_processed_low.czi.movie_filt.mp4
results/Rad21/2021_05_02_Fbn2_RAD21_twohoursIAA_488nm_0p5_561nm_0p05_SC8_2X_30z_250nm_780V_365T_20s_movie2-01.czi.tracks.csv
results/Rad21/2021_03_01_Fbn2_F1RAD21M_488nm_0p5_561nm_0p05_SC8_2X_30z_250nm_780V_365T_20s_4hoursIAA_movie1-01.czi.movie_filt.mp4
results/Rad21/2021_02_28_Fbn2_F1RAD21M_488nm_0p5_561nm_0p05_SC8_2X_30z_250nm_780V_365T_20s_4hoursIAA_movie2-01.czi.movie_filt.mp4
results/Rad21/2021_02_26_Fbn2_F1RAD21M_488nm_0p5_561nm_0p05_SC8_2X_30z_250nm_780V_365T_20s_2hoursIAA_movie1-01.czi.movie_filt.mp4
results/Rad21/2021_05_01_Fbn2_RAD21_twohoursIAA_488nm_0p5_561nm_0p05_SC8_2X_30z_250nm_780V_365T_20s_movie2-01.czi.tracks.csv
results/Rad21/2021_03_02_Fbn2_F1RAD21M_488nm_0p5_561nm_0p05_SC8_2X_30z_250nm_780V_365T_20s_noIAA_movie1-01.czi.tracks.csv
results/Rad21/2021_02_28_Fbn2_F1RAD21M_488nm_0p5_561nm_0p05_SC8_2X_30z_250nm_780V_365T_20s_noIAA_movie1-01.czi.movie.mp4
results/Rad21/2021_05_02_Fbn2_RAD21_twohoursIAA_488nm_0p5_561nm_0p05_SC8_2X_30z_250nm_780V_365T_20s_movie3-01.czi.movie_filt.mp4
results/Rad21/2021_04_25_Fbn2_Rad21_twohoursIAA_488nm_0p5_561nm_0p05_SC8_2X_30z_250nm_780V_365T_20s_movie3-01.czi.tracks.csv
results/Rad21/2021_05_03_Fbn2_RAD21_twohoursIAA_488nm_0p5_561nm_0p05_SC8_2X_30z_250nm_780V_365T_20s_movie2-01.czi.tracks.csv
results/Rad21/2021_03_01_Fbn2_F1RAD21M_488nm_0p5_561nm_0p05_SC8_2X_30z_250nm_780V_365T_20s_2hoursIAA_movie2-01.czi.dot_volumes.pkl
results/Rad21/2021_02_23_Fbn2_F1Rad21M_488nm_0p5_561nm_0p05_SC8_2X_30z_250nm_780V_365T_20s_4hoursIAA_movie2-01.czi.dot_volumes.pkl
results/Rad21/2021_02_25_Fbn2_F1RAD21M_488nm_0p5_561nm_0p05_SC8_2X_30z_250nm_780V_365T_20s_2hoursIAA_movie1-01.czi.movie_filt.mp4
results/Rad21/2021_02_21_Fbn2_F1Rad21M_488nm_0p5_561nm_0p05_SC8_2X_30z_250nm_780V_365T_20s_4hoursIAA_movie1-01.czi.movie_filt.mp4
results/Rad21/2021_05_02_Fbn2_RAD21_twohoursIAA_488nm_0p5_561nm_0p05_SC8_2X_30z_250nm_780V_365T_20s_movie3-01.czi.tracks.csv
results/Rad21/2021_03_03_Fbn2_F1RAD21M_488nm_0p5_561nm_0p05_SC8_2X_30z_250nm_780V_365T_20s_2hoursIAA_movie2-01.czi.tracks.csv
results/Rad21/2021_02_26_Fbn2_F1RAD21M_488nm_0p5_561nm_0p05_SC8_2X_30z_250nm_780V_365T_20s_2hoursIAA_movie1-01.czi.dot_volumes.pkl
results/Rad21/2021_05_01_Fbn2_RAD21_twohoursIAA_488nm_0p5_561nm_0p05_SC8_2X_30z_250nm_780V_365T_20s_movie1-01.czi.movie.mp4
results/Rad21/2021_05_02_Fbn2_RAD21_twohoursIAA_488nm_0p5_561nm_0p05_SC8_2X_30z_250nm_780V_365T_20s_movie1-01.czi.movie.mp4
results/Rad21/2021_02_28_Fbn2_F1RAD21M_488nm_0p5_561nm_0p05_SC8_2X_30z_250nm_780V_365T_20s_noIAA_movie1-01.czi.movie_filt.mp4
results/Rad21/2021_03_05_Fbn2_F1RAD21M_488nm_0p5_561nm_0p05_SC8_2X_30z_250nm_780V_365T_20s_4hoursIAA_movie2-01.czi.movie_filt.mp4
results/Rad21/2021_05_01_Fbn2_RAD21_twohoursIAA_488nm_0p5_561nm_0p05_SC8_2X_30z_250nm_780V_365T_20s_movie3-02.czi.movie_filt.mp4
results/Rad21/2021_02_28_Fbn2_F1RAD21M_488nm_0p5_561nm_0p05_SC8_2X_30z_250nm_780V_365T_20s_4hoursIAA_movie1-01.czi.movie_filt.mp4
results/Rad21/2021_04_29_Fbn2_Rad21F1M_twohoursIAA_488nm_0p5_561nm_0p05_SC8_2X_30z_250nm_780V_365T_20s_movie2-01.czi.dot_volumes.pkl
results/Rad21/2021_02_21_Fn2_F1Rad21M_488nm_0p5_561nm_0p05_SC8_2X_30z_250nm_780V_365T_20s_noIAA_movie1-01.czi.dot_volumes.pkl
results/Rad21/2021_04_25_Fbn2_Rad21_twohoursIAA_488nm_0p5_561nm_0p05_SC8_2X_30z_250nm_780V_365T_20s_movie4-01.czi.movie_filt.mp4
results/Rad21/2021_05_01_Fbn2_RAD21_twohoursIAA_488nm_0p5_561nm_0p05_SC8_2X_30z_250nm_780V_365T_20s_movie3-02.czi.tracks.csv
results/Rad21/2021_02_28_Fbn2_F1RAD21M_488nm_0p5_561nm_0p05_SC8_2X_30z_250nm_780V_365T_20s_4hoursIAA_movie2-01.czi.movie.mp4
results/Rad21/2021_02_20_Fbn2_F1Rad21M_488nm_0p5_561nm_0p05_SC8_2X_30z_250nm_780V_365T_20s_noIAA_movie1-01.czi.movie_filt.mp4
results/Rad21/2021_02_25_Fbn2_F1RAD21M_488nm_0p5_561nm_0p05_SC8_2X_30z_250nm_780V_365T_20s_2hoursIAA_movie1-01.czi.dot_volumes.pkl
results/Rad21/2021_02_20_bn2_F1Rad21M_488nm_0p5_561nm_0p05_SC8_2X_30z_250nm_780V_365T_20s_4hoursIAA_movie1-01.czi.movie.mp4
results/Rad21/2021_04_29_Fbn2_Rad21F1M_twohoursIAA_488nm_0p5_561nm_0p05_SC8_2X_30z_250nm_780V_365T_20s_movie4-01.czi.dot_volumes.pkl
results/Rad21/2021_04_27_Fbn2_RAD21__twohoursIAA_488nm_0p5_561nm_0p05_SC8_2X_30z_250nm_780V_365T_20s_movie3-01.czi.dot_volumes.pkl
results/Rad21/2021_02_24_Fbn2_F1Rad21M_488nm_0p5_561nm_0p05_SC8_2X_30z_250nm_780V_365T_20s_2hoursIAA_movie1-02.czi.movie.mp4
results/Rad21/2021_04_29_Fbn2_Rad21F1M_twohoursIAA_488nm_0p5_561nm_0p05_SC8_2X_30z_250nm_780V_365T_20s_movie2-01.czi.movie_filt.mp4
results/Rad21/2021_04_29_Fbn2_Rad21F1M_twohoursIAA_488nm_0p5_561nm_0p05_SC8_2X_30z_250nm_780V_365T_20s_movie1-02.czi.tracks.csv
results/Rad21/2021_04_29_Fbn2_Rad21F1M_twohoursIAA_488nm_0p5_561nm_0p05_SC8_2X_30z_250nm_780V_365T_20s_movie1-02.czi.movie_filt.mp4
results/Rad21/2021_02_22_Fbn2_F1Rad21M_488nm_0p5_561nm_0p05_SC8_2X_30z_250nm_780V_365T_20s_noIAA_movie1-02.czi.dot_volumes.pkl
results/Rad21/2021_01_29_Fbn2_Rad21F1M__noIAA_488nm_0p5_561nm_0p05_SC8_2X_30z_250nm_780V_365T_20s_movie1-01__processed_low.czi.movie_filt.mp4
results/Rad21/2021_02_25_Fbn2_F1RAD21M_488nm_0p5_561nm_0p05_SC8_2X_30z_250nm_780V_365T_20s_noIAA_movie1-01.czi.dot_volumes.pkl
results/Rad21/2021_03_01_Fbn2_F1RAD21M_488nm_0p5_561nm_0p05_SC8_2X_30z_250nm_780V_365T_20s_2hoursIAA_movie1-01.czi.tracks.csv
results/Rad21/2021_02_26_Fbn2_F1RAD21M_488nm_0p5_561nm_0p05_SC8_2X_30z_250nm_780V_365T_20s_4hoursIAA_movie1-02.czi.movie_filt.mp4
results/Rad21/2021_04_25_Fbn2_Rad21_twohoursIAA_488nm_0p5_561nm_0p05_SC8_2X_30z_250nm_780V_365T_20s_movie2-02.czi.movie_filt.mp4
results/Rad21/2021_02_23_Fbn2_F1Rad21M_488nm_0p5_561nm_0p05_SC8_2X_30z_250nm_780V_365T_20s_4hoursIAA_movie1-02.czi.dot_volumes.pkl
results/Rad21/2021_02_22_Fbn2_F1Rad21M_488nm_0p5_561nm_0p05_SC8_2X_30z_250nm_780V_365T_20s_4hoursIAA_movie1-01.czi.dot_volumes.pkl
results/Rad21/2021_03_01_Fbn2_F1RAD21M_488nm_0p5_561nm_0p05_SC8_2X_30z_250nm_780V_365T_20s_2hoursIAA_movie2-01.czi.tracks.csv
results/Rad21/2021_02_23_Fbn2_F1Rad21M_488nm_0p5_561nm_0p05_SC8_2X_30z_250nm_780V_365T_20s_noIAA_movie1-02.czi.tracks.csv
results/Rad21/2021_02_20_bn2_F1Rad21M_488nm_0p5_561nm_0p05_SC8_2X_30z_250nm_780V_365T_20s_4hoursIAA_movie1-01.czi.movie_filt.mp4
results/Rad21/2021_04_29_Fbn2_Rad21F1M_twohoursIAA_488nm_0p5_561nm_0p05_SC8_2X_30z_250nm_780V_365T_20s_movie2-01.czi.tracks.csv
results/Rad21/2021_04_27_Fbn2_RAD21__twohoursIAA_488nm_0p5_561nm_0p05_SC8_2X_30z_250nm_780V_365T_20s_movie4-01.czi.movie_filt.mp4
results/Rad21/2021_02_26_Fbn2_F1RAD21M_488nm_0p5_561nm_0p05_SC8_2X_30z_250nm_780V_365T_20s_4hoursIAA_movie1-01.czi.movie.mp4
results/Rad21/2021_02_26_Fbn2_F1RAD21M_488nm_0p5_561nm_0p05_SC8_2X_30z_250nm_780V_365T_20s_2hoursIAA_movie1-02.czi.tracks.csv
results/Rad21/2021_05_02_Fbn2_RAD21_twohoursIAA_488nm_0p5_561nm_0p05_SC8_2X_30z_250nm_780V_365T_20s_movie2-01.czi.movie.mp4
results/Rad21/2021_02_28_Fbn2_F1RAD21M_488nm_0p5_561nm_0p05_SC8_2X_30z_250nm_780V_365T_20s_2hoursIAA_movie1-01.czi.movie_filt.mp4
results/Rad21/2021_02_24_Fbn2_F1Rad21M_488nm_0p5_561nm_0p05_SC8_2X_30z_250nm_780V_365T_20s_2hoursIAA_movie1-02.czi.movie_filt.mp4
results/Rad21/2021_03_03_Fbn2_F1RAD21M_488nm_0p5_561nm_0p05_SC8_2X_30z_250nm_780V_365T_20s_4hoursIAA_movie2-01.czi.tracks.csv
results/Rad21/2021_02_23_Fbn2_F1Rad21M_488nm_0p5_561nm_0p05_SC8_2X_30z_250nm_780V_365T_20s_noIAA_movie1-02.czi.movie.mp4
results/Rad21/2021_02_21_Fbn2_F1Rad21M_488nm_0p5_561nm_0p05_SC8_2X_30z_250nm_780V_365T_20s_2hoursIAA_movie1-01.czi.tracks.csv
results/Rad21/2021_04_27_Fbn2_RAD21__twohoursIAA_488nm_0p5_561nm_0p05_SC8_2X_30z_250nm_780V_365T_20s_movie4-01.czi.tracks.csv
results/Rad21/2021_02_25_Fbn2_F1RAD21M_488nm_0p5_561nm_0p05_SC8_2X_30z_250nm_780V_365T_20s_noIAA_movie1-01.czi.movie_filt.mp4
results/Rad21/2021_02_23_Fbn2_F1Rad21M_488nm_0p5_561nm_0p05_SC8_2X_30z_250nm_780V_365T_20s_4hoursIAA_movie1-02.czi.movie_filt.mp4
results/Rad21/2021_05_02_Fbn2_RAD21_twohoursIAA_488nm_0p5_561nm_0p05_SC8_2X_30z_250nm_780V_365T_20s_movie3-01.czi.dot_volumes.pkl
results/Rad21/2021_02_20_Fbn2_F1Rad21M_488nm_0p5_561nm_0p05_SC8_2X_30z_250nm_780V_365T_20s_2hoursIAA_movie1-01.czi.movie.mp4
results/Rad21/2021_04_25_Fbn2_Rad21_twohoursIAA_488nm_0p5_561nm_0p05_SC8_2X_30z_250nm_780V_365T_20s_movie1-01.czi.tracks.csv
results/Rad21/2021_05_01_Fbn2_RAD21_twohoursIAA_488nm_0p5_561nm_0p05_SC8_2X_30z_250nm_780V_365T_20s_movie1-01.czi.movie_filt.mp4
results/Rad21/2021_02_28_Fbn2_F1RAD21M_488nm_0p5_561nm_0p05_SC8_2X_30z_250nm_780V_365T_20s_2hoursIAA_movie2-01.czi.tracks.csv
results/Rad21/2021_04_29_Fbn2_Rad21F1M_twohoursIAA_488nm_0p5_561nm_0p05_SC8_2X_30z_250nm_780V_365T_20s_movie3-01.czi.dot_volumes.pkl
results/Rad21/2021_02_27_Fbn2_F1RAD21M_488nm_0p5_561nm_0p05_SC8_2X_30z_250nm_780V_365T_20s_4hoursIAA_movie1-01.czi.movie.mp4
results/Rad21/2021_03_02_Fbn2_F1RAD21M_488nm_0p5_561nm_0p05_SC8_2X_30z_250nm_780V_365T_20s_noIAA_movie3-01.czi.movie.mp4
results/Rad21/2021_03_03_Fbn2_F1RAD21M_488nm_0p5_561nm_0p05_SC8_2X_30z_250nm_780V_365T_20s_4hoursIAA_movie1-01.czi.movie.mp4
results/Rad21/2021_04_25_Fbn2_Rad21_twohoursIAA_488nm_0p5_561nm_0p05_SC8_2X_30z_250nm_780V_365T_20s_movie3-01.czi.movie.mp4
results/Rad21/2021_04_25_Fbn2_Rad21_twohoursIAA_488nm_0p5_561nm_0p05_SC8_2X_30z_250nm_780V_365T_20s_movie4-01.czi.movie.mp4
results/Rad21/2021_03_03_Fbn2_F1RAD21M_488nm_0p5_561nm_0p05_SC8_2X_30z_250nm_780V_365T_20s_4hoursIAA_movie1-01.czi.tracks.csv
results/Rad21/2021_02_24_Fbn2_F1Rad21M_488nm_0p5_561nm_0p05_SC8_2X_30z_250nm_780V_365T_20s_4hoursIAA_movie1-01.czi.movie.mp4
results/Rad21/2021_03_03_Fbn2_F1RAD21M_488nm_0p5_561nm_0p05_SC8_2X_30z_250nm_780V_365T_20s_4hoursIAA_movie2-01.czi.dot_volumes.pkl
results/Rad21/2021_02_22_Fbn2_F1Rad21M_488nm_0p5_561nm_0p05_SC8_2X_30z_250nm_780V_365T_20s_2hoursIAA_movie1-01.czi.movie_filt.mp4
results/Rad21/2020_10_27_Fbn2_F1Rad21M_fourhoursIAA_488nm_0p5_561nm_0p05_SC8_2X_30z_250nm_780V_365T_20s_movie3-01_processed_low.czi.movie_filt.mp4
results/Rad21/2021_01_29_Fbn2_Rad21F1M__noIAA_488nm_0p5_561nm_0p05_SC8_2X_30z_250nm_780V_365T_20s_movie1-01__processed_low.czi.dot_volumes.pkl
results/Rad21/2021_03_03_Fbn2_F1RAD21M_488nm_0p5_561nm_0p05_SC8_2X_30z_250nm_780V_365T_20s_2hoursIAA_movie2-01.czi.dot_volumes.pkl
results/Rad21/2021_02_28_Fbn2_F1RAD21M_488nm_0p5_561nm_0p05_SC8_2X_30z_250nm_780V_365T_20s_2hoursIAA_movie2-01.czi.movie.mp4
results/Rad21/2021_04_25_Fbn2_Rad21_twohoursIAA_488nm_0p5_561nm_0p05_SC8_2X_30z_250nm_780V_365T_20s_movie3-01.czi.dot_volumes.pkl
results/Rad21/2021_02_21_Fn2_F1Rad21M_488nm_0p5_561nm_0p05_SC8_2X_30z_250nm_780V_365T_20s_noIAA_movie1-01.czi.movie_filt.mp4
results/Rad21/2021_02_21_Fbn2_F1Rad21M_488nm_0p5_561nm_0p05_SC8_2X_30z_250nm_780V_365T_20s_4hoursIAA_movie1-01.czi.movie.mp4
results/Rad21/2021_03_01_Fbn2_F1RAD21M_488nm_0p5_561nm_0p05_SC8_2X_30z_250nm_780V_365T_20s_4hoursIAA_movie2-01.czi.movie.mp4
results/Rad21/2021_02_21_Fbn2_F1Rad21M_488nm_0p5_561nm_0p05_SC8_2X_30z_250nm_780V_365T_20s_2hoursIAA_movie1-01.czi.movie.mp4
results/Rad21/2021_02_20_Fbn2_F1Rad21M_488nm_0p5_561nm_0p05_SC8_2X_30z_250nm_780V_365T_20s_2hoursIAA_movie1-01.czi.tracks.csv
results/Rad21/2021_03_02_Fbn2_F1RAD21M_488nm_0p5_561nm_0p05_SC8_2X_30z_250nm_780V_365T_20s_noIAA_movie2-01.czi.tracks.csv
results/Rad21/2021_03_02_Fbn2_F1RAD21M_488nm_0p5_561nm_0p05_SC8_2X_30z_250nm_780V_365T_20s_noIAA_movie3-01.czi.dot_volumes.pkl
results/Rad21/2021_02_28_Fbn2_F1RAD21M_488nm_0p5_561nm_0p05_SC8_2X_30z_250nm_780V_365T_20s_2hoursIAA_movie1-01.czi.movie.mp4
results/Rad21/2021_03_04_Fbn2_F1RAD21M_488nm_0p5_561nm_0p05_SC8_2X_30z_250nm_780V_365T_20s_4hoursIAA_movie1-01.czi.movie_filt.mp4
results/Rad21/2021_02_27_Fbn2_F1RAD21M_488nm_0p5_561nm_0p05_SC8_2X_30z_250nm_780V_365T_20s_4hoursIAA_movie1-01.czi.movie_filt.mp4
results/Rad21/2021_03_01_Fbn2_F1RAD21M_488nm_0p5_561nm_0p05_SC8_2X_30z_250nm_780V_365T_20s_2hoursIAA_movie1-01.czi.dot_volumes.pkl
results/Rad21/2021_05_02_Fbn2_RAD21_twohoursIAA_488nm_0p5_561nm_0p05_SC8_2X_30z_250nm_780V_365T_20s_movie2-01.czi.dot_volumes.pkl
results/Rad21/2021_03_04_Fbn2_F1RAD21M_488nm_0p5_561nm_0p05_SC8_2X_30z_250nm_780V_365T_20s_4hoursIAA_movie1-01.czi.tracks.csv
results/Rad21/2021_05_03_Fbn2_RAD21_twohoursIAA_488nm_0p5_561nm_0p05_SC8_2X_30z_250nm_780V_365T_20s_movie1-02.czi.dot_volumes.pkl
results/Rad21/2021_05_02_Fbn2_RAD21_twohoursIAA_488nm_0p5_561nm_0p05_SC8_2X_30z_250nm_780V_365T_20s_movie2-01.czi.movie_filt.mp4
results/Rad21/2021_05_01_Fbn2_RAD21_twohoursIAA_488nm_0p5_561nm_0p05_SC8_2X_30z_250nm_780V_365T_20s_movie2-01.czi.dot_volumes.pkl
results/Rad21/2021_02_25_Fbn2_F1RAD21M_488nm_0p5_561nm_0p05_SC8_2X_30z_250nm_780V_365T_20s_2hoursIAA_movie1-01.czi.tracks.csv
results/Rad21/2021_02_25_Fbn2_F1RAD21M_488nm_0p5_561nm_0p05_SC8_2X_30z_250nm_780V_365T_20s_2hoursIAA_movie1-01.czi.movie.mp4
results/Rad21/2021_05_03_Fbn2_RAD21_twohoursIAA_488nm_0p5_561nm_0p05_SC8_2X_30z_250nm_780V_365T_20s_movie3-01.czi.movie_filt.mp4
results/Rad21/2021_03_01_Fbn2_F1RAD21M_488nm_0p5_561nm_0p05_SC8_2X_30z_250nm_780V_365T_20s_2hoursIAA_movie2-01.czi.movie.mp4
results/Rad21/2020_12_09_Rad21F1M_fourhoursIAA_488nm_0p5_561nm_0p05_SC8_2X_30z_250nm_SC8_780V_365T_20s_movie3-01_processed_low.czi.dot_volumes.pkl
results/Rad21/2021_02_22_Fbn2_F1Rad21M_488nm_0p5_561nm_0p05_SC8_2X_30z_250nm_780V_365T_20s_4hoursIAA_movie1-01.czi.movie.mp4
results/Rad21/2021_02_24_Fbn2_F1Rad21M_488nm_0p5_561nm_0p05_SC8_2X_30z_250nm_780V_365T_20s_noIAA_movie1-01.czi.movie.mp4
results/Rad21/2021_04_29_Fbn2_Rad21F1M_twohoursIAA_488nm_0p5_561nm_0p05_SC8_2X_30z_250nm_780V_365T_20s_movie3-01.czi.movie_filt.mp4
results/Rad21/2021_02_25_Fbn2_F1RAD21M_488nm_0p5_561nm_0p05_SC8_2X_30z_250nm_780V_365T_20s_4hoursIAA_movie1-01.czi.movie.mp4
results/Rad21/2021_04_29_Fbn2_Rad21F1M_twohoursIAA_488nm_0p5_561nm_0p05_SC8_2X_30z_250nm_780V_365T_20s_movie3-01.czi.tracks.csv
results/Rad21/2021_02_26_Fbn2_F1RAD21M_488nm_0p5_561nm_0p05_SC8_2X_30z_250nm_780V_365T_20s_noIAA_movie1-01.czi.tracks.csv
results/Rad21/2021_04_29_Fbn2_Rad21F1M_twohoursIAA_488nm_0p5_561nm_0p05_SC8_2X_30z_250nm_780V_365T_20s_movie4-01.czi.movie_filt.mp4
results/Rad21/2021_02_23_Fbn2_F1Rad21M_488nm_0p5_561nm_0p05_SC8_2X_30z_250nm_780V_365T_20s_4hoursIAA_movie2-01.czi.movie.mp4
results/Rad21/2021_05_03_Fbn2_RAD21_twohoursIAA_488nm_0p5_561nm_0p05_SC8_2X_30z_250nm_780V_365T_20s_movie2-01.czi.movie_filt.mp4
results/Rad21/2021_02_22_Fbn2_F1Rad21M_488nm_0p5_561nm_0p05_SC8_2X_30z_250nm_780V_365T_20s_2hoursIAA_movie1-01.czi.dot_volumes.pkl
results/Rad21/2021_03_01_Fbn2_F1RAD21M_488nm_0p5_561nm_0p05_SC8_2X_30z_250nm_780V_365T_20s_2hoursIAA_movie1-01.czi.movie.mp4
results/Rad21/2021_03_03_Fbn2_F1RAD21M_488nm_0p5_561nm_0p05_SC8_2X_30z_250nm_780V_365T_20s_2hoursIAA_movie1-01.czi.movie_filt.mp4
results/Rad21/2021_04_25_Fbn2_Rad21_twohoursIAA_488nm_0p5_561nm_0p05_SC8_2X_30z_250nm_780V_365T_20s_movie1-01.czi.dot_volumes.pkl
results/Rad21/2021_04_27_Fbn2_RAD21__twohoursIAA_488nm_0p5_561nm_0p05_SC8_2X_30z_250nm_780V_365T_20s_movie3-01.czi.tracks.csv
results/Rad21/2021_02_27_Fbn2_F1RAD21M_488nm_0p5_561nm_0p05_SC8_2X_30z_250nm_780V_365T_20s_2hoursIAA_movie1-01.czi.movie.mp4
results/Rad21/2021_02_23_Fbn2_F1Rad21M_488nm_0p5_561nm_0p05_SC8_2X_30z_250nm_780V_365T_20s_2hoursIAA_movie2-01.czi.dot_volumes.pkl
results/Rad21/2021_02_28_Fbn2_F1RAD21M_488nm_0p5_561nm_0p05_SC8_2X_30z_250nm_780V_365T_20s_2hoursIAA_movie2-01.czi.movie_filt.mp4
results/Rad21/2021_03_05_Fbn2_F1RAD21M_488nm_0p5_561nm_0p05_SC8_2X_30z_250nm_780V_365T_20s_2hoursIAA_movie2-02.czi.tracks.csv
results/Rad21/2021_03_03_Fbn2_F1RAD21M_488nm_0p5_561nm_0p05_SC8_2X_30z_250nm_780V_365T_20s_2hoursIAA_movie2-01.czi.movie_filt.mp4
results/Rad21/2021_03_04_Fbn2_F1RAD21M_488nm_0p5_561nm_0p05_SC8_2X_30z_250nm_780V_365T_20s_2hoursIAA_movie1-01.czi.movie_filt.mp4
results/Rad21/2021_05_01_Fbn2_RAD21_twohoursIAA_488nm_0p5_561nm_0p05_SC8_2X_30z_250nm_780V_365T_20s_movie1-01.czi.dot_volumes.pkl
results/Rad21/2021_05_01_Fbn2_RAD21_twohoursIAA_488nm_0p5_561nm_0p05_SC8_2X_30z_250nm_780V_365T_20s_movie2-01.czi.movie_filt.mp4
results/Rad21/2021_02_20_Fbn2_F1Rad21M_488nm_0p5_561nm_0p05_SC8_2X_30z_250nm_780V_365T_20s_noIAA_movie1-01.czi.movie.mp4
results/Rad21/2021_02_28_Fbn2_F1RAD21M_488nm_0p5_561nm_0p05_SC8_2X_30z_250nm_780V_365T_20s_4hoursIAA_movie1-01.czi.tracks.csv
results/Rad21/2021_02_28_Fbn2_F1RAD21M_488nm_0p5_561nm_0p05_SC8_2X_30z_250nm_780V_365T_20s_2hoursIAA_movie1-01.czi.tracks.csv
results/Rad21/2021_02_26_Fbn2_F1RAD21M_488nm_0p5_561nm_0p05_SC8_2X_30z_250nm_780V_365T_20s_2hoursIAA_movie1-02.czi.movie_filt.mp4
results/Rad21/2021_03_01_Fbn2_F1RAD21M_488nm_0p5_561nm_0p05_SC8_2X_30z_250nm_780V_365T_20s_4hoursIAA_movie2-01.czi.movie_filt.mp4
results/Rad21/2021_02_20_Fbn2_F1Rad21M_488nm_0p5_561nm_0p05_SC8_2X_30z_250nm_780V_365T_20s_2hoursIAA_movie1-01.czi.movie_filt.mp4
results/Rad21/2021_02_27_Fbn2_F1RAD21M_488nm_0p5_561nm_0p05_SC8_2X_30z_250nm_780V_365T_20s_2hoursIAA_movie2-01.czi.tracks.csv
results/Rad21/2021_05_02_Fbn2_RAD21_twohoursIAA_488nm_0p5_561nm_0p05_SC8_2X_30z_250nm_780V_365T_20s_movie3-01.czi.movie.mp4
results/Rad21/2021_02_27_Fbn2_F1RAD21M_488nm_0p5_561nm_0p05_SC8_2X_30z_250nm_780V_365T_20s_2hoursIAA_movie1-01.czi.tracks.csv
results/Rad21/2021_03_02_Fbn2_F1RAD21M_488nm_0p5_561nm_0p05_SC8_2X_30z_250nm_780V_365T_20s_noIAA_movie2-01.czi.movie.mp4
results/Rad21/2021_02_23_Fbn2_F1Rad21M_488nm_0p5_561nm_0p05_SC8_2X_30z_250nm_780V_365T_20s_noIAA_movie1-02.czi.movie_filt.mp4
results/Rad21/2021_02_26_Fbn2_F1RAD21M_488nm_0p5_561nm_0p05_SC8_2X_30z_250nm_780V_365T_20s_4hoursIAA_movie1-01.czi.tracks.csv
results/Rad21/2021_02_23_Fbn2_F1Rad21M_488nm_0p5_561nm_0p05_SC8_2X_30z_250nm_780V_365T_20s_2hoursIAA_movie2-01.czi.movie_filt.mp4
results/Rad21/2021_04_25_Fbn2_Rad21_twohoursIAA_488nm_0p5_561nm_0p05_SC8_2X_30z_250nm_780V_365T_20s_movie2-02.czi.tracks.csv
results/Rad21/2021_02_24_Fbn2_F1Rad21M_488nm_0p5_561nm_0p05_SC8_2X_30z_250nm_780V_365T_20s_2hoursIAA_movie1-02.czi.tracks.csv
results/Rad21/2021_02_26_Fbn2_F1RAD21M_488nm_0p5_561nm_0p05_SC8_2X_30z_250nm_780V_365T_20s_noIAA_movie1-01.czi.movie_filt.mp4
results/Rad21/2021_03_02_Fbn2_F1RAD21M_488nm_0p5_561nm_0p05_SC8_2X_30z_250nm_780V_365T_20s_noIAA_movie2-01.czi.movie_filt.mp4
results/Rad21/2021_02_24_Fbn2_F1Rad21M_488nm_0p5_561nm_0p05_SC8_2X_30z_250nm_780V_365T_20s_4hoursIAA_movie1-01.czi.tracks.csv
results/Rad21/2021_04_29_Fbn2_Rad21F1M_twohoursIAA_488nm_0p5_561nm_0p05_SC8_2X_30z_250nm_780V_365T_20s_movie1-02.czi.dot_volumes.pkl
results/Rad21/2021_04_27_Fbn2_RAD21__twohoursIAA_488nm_0p5_561nm_0p05_SC8_2X_30z_250nm_780V_365T_20s_movie2-02.czi.movie.mp4
results/Rad21/2021_02_23_Fbn2_F1Rad21M_488nm_0p5_561nm_0p05_SC8_2X_30z_250nm_780V_365T_20s_2hoursIAA_movie1-01.czi.movie.mp4
results/Rad21/2021_03_03_Fbn2_F1RAD21M_488nm_0p5_561nm_0p05_SC8_2X_30z_250nm_780V_365T_20s_4hoursIAA_movie2-01.czi.movie_filt.mp4
results/Rad21/2021_02_25_Fbn2_F1RAD21M_488nm_0p5_561nm_0p05_SC8_2X_30z_250nm_780V_365T_20s_4hoursIAA_movie1-01.czi.movie_filt.mp4
results/Rad21/2021_04_29_Fbn2_Rad21F1M_twohoursIAA_488nm_0p5_561nm_0p05_SC8_2X_30z_250nm_780V_365T_20s_movie3-01.czi.movie.mp4
results/Rad21/2021_01_29_Fbn2_Rad21F1M__noIAA_488nm_0p5_561nm_0p05_SC8_2X_30z_250nm_780V_365T_20s_movie1-01__processed_low.czi.movie.mp4
results/Rad21/2021_04_27_Fbn2_RAD21__twohoursIAA_488nm_0p5_561nm_0p05_SC8_2X_30z_250nm_780V_365T_20s_movie1-01.czi.movie_filt.mp4
results/Rad21/2021_03_01_Fbn2_F1RAD21M_488nm_0p5_561nm_0p05_SC8_2X_30z_250nm_780V_365T_20s_2hoursIAA_movie1-01.czi.movie_filt.mp4
results/Rad21/2021_02_28_Fbn2_F1RAD21M_488nm_0p5_561nm_0p05_SC8_2X_30z_250nm_780V_365T_20s_4hoursIAA_movie2-01.czi.dot_volumes.pkl
results/Rad21/2021_05_03_Fbn2_RAD21_twohoursIAA_488nm_0p5_561nm_0p05_SC8_2X_30z_250nm_780V_365T_20s_movie3-01.czi.dot_volumes.pkl
results/Rad21/2021_04_27_Fbn2_RAD21__twohoursIAA_488nm_0p5_561nm_0p05_SC8_2X_30z_250nm_780V_365T_20s_movie3-01.czi.movie_filt.mp4
results/Rad21/2021_04_29_Fbn2_Rad21F1M_twohoursIAA_488nm_0p5_561nm_0p05_SC8_2X_30z_250nm_780V_365T_20s_movie2-01.czi.movie.mp4
results/Rad21/2021_02_22_Fbn2_F1Rad21M_488nm_0p5_561nm_0p05_SC8_2X_30z_250nm_780V_365T_20s_4hoursIAA_movie1-01.czi.tracks.csv
results/Rad21/2021_03_05_Fbn2_F1RAD21M_488nm_0p5_561nm_0p05_SC8_2X_30z_250nm_780V_365T_20s_4hoursIAA_movie2-01.czi.tracks.csv
results/Rad21/2021_02_24_Fbn2_F1Rad21M_488nm_0p5_561nm_0p05_SC8_2X_30z_250nm_780V_365T_20s_2hoursIAA_movie1-02.czi.dot_volumes.pkl
results/Rad21/2021_02_22_Fbn2_F1Rad21M_488nm_0p5_561nm_0p05_SC8_2X_30z_250nm_780V_365T_20s_noIAA_movie1-02.czi.tracks.csv
results/Rad21/2021_02_28_Fbn2_F1RAD21M_488nm_0p5_561nm_0p05_SC8_2X_30z_250nm_780V_365T_20s_4hoursIAA_movie2-01.czi.tracks.csv
results/Rad21/2021_02_28_Fbn2_F1RAD21M_488nm_0p5_561nm_0p05_SC8_2X_30z_250nm_780V_365T_20s_2hoursIAA_movie2-01.czi.dot_volumes.pkl
results/Rad21/2021_02_20_bn2_F1Rad21M_488nm_0p5_561nm_0p05_SC8_2X_30z_250nm_780V_365T_20s_4hoursIAA_movie1-01.czi.dot_volumes.pkl
results/Rad21/2021_02_27_Fbn2_F1RAD21M_488nm_0p5_561nm_0p05_SC8_2X_30z_250nm_780V_365T_20s_2hoursIAA_movie2-01.czi.movie_filt.mp4
results/Rad21/2021_02_23_Fbn2_F1Rad21M_488nm_0p5_561nm_0p05_SC8_2X_30z_250nm_780V_365T_20s_4hoursIAA_movie1-02.czi.movie.mp4
results/Rad21/2021_02_21_Fbn2_F1Rad21M_488nm_0p5_561nm_0p05_SC8_2X_30z_250nm_780V_365T_20s_2hoursIAA_movie1-01.czi.movie_filt.mp4
results/Rad21/2021_02_26_Fbn2_F1RAD21M_488nm_0p5_561nm_0p05_SC8_2X_30z_250nm_780V_365T_20s_2hoursIAA_movie1-02.czi.dot_volumes.pkl
results/Rad21/2021_02_23_Fbn2_F1Rad21M_488nm_0p5_561nm_0p05_SC8_2X_30z_250nm_780V_365T_20s_4hoursIAA_movie2-01.czi.tracks.csv
results/Rad21/2021_04_29_Fbn2_Rad21F1M_twohoursIAA_488nm_0p5_561nm_0p05_SC8_2X_30z_250nm_780V_365T_20s_movie4-01.czi.tracks.csv
results/Rad21/2021_05_03_Fbn2_RAD21_twohoursIAA_488nm_0p5_561nm_0p05_SC8_2X_30z_250nm_780V_365T_20s_movie2-01.czi.movie.mp4
results/Rad21/2021_03_02_Fbn2_F1RAD21M_488nm_0p5_561nm_0p05_SC8_2X_30z_250nm_780V_365T_20s_noIAA_movie1-01.czi.movie.mp4
results/Rad21/2021_04_27_Fbn2_RAD21__twohoursIAA_488nm_0p5_561nm_0p05_SC8_2X_30z_250nm_780V_365T_20s_movie1-01.czi.tracks.csv
results/Rad21/2021_02_26_Fbn2_F1RAD21M_488nm_0p5_561nm_0p05_SC8_2X_30z_250nm_780V_365T_20s_2hoursIAA_movie1-02.czi.movie.mp4
results/Rad21/2021_03_02_Fbn2_F1RAD21M_488nm_0p5_561nm_0p05_SC8_2X_30z_250nm_780V_365T_20s_noIAA_movie3-01.czi.tracks.csv
results/Rad21/2021_02_25_Fbn2_F1RAD21M_488nm_0p5_561nm_0p05_SC8_2X_30z_250nm_780V_365T_20s_4hoursIAA_movie1-01.czi.tracks.csv
results/Rad21/2021_03_05_Fbn2_F1RAD21M_488nm_0p5_561nm_0p05_SC8_2X_30z_250nm_780V_365T_20s_2hoursIAA_movie2-02.czi.dot_volumes.pkl
results/Rad21/2021_02_24_Fbn2_F1Rad21M_488nm_0p5_561nm_0p05_SC8_2X_30z_250nm_780V_365T_20s_noIAA_movie1-01.czi.dot_volumes.pkl
results/Rad21/2021_02_26_Fbn2_F1RAD21M_488nm_0p5_561nm_0p05_SC8_2X_30z_250nm_780V_365T_20s_noIAA_movie1-01.czi.dot_volumes.pkl
results/Rad21/2021_02_27_Fbn2_F1RAD21M_488nm_0p5_561nm_0p05_SC8_2X_30z_250nm_780V_365T_20s_2hoursIAA_movie2-01.czi.movie.mp4
results/Rad21/2021_03_04_Fbn2_F1RAD21M_488nm_0p5_561nm_0p05_SC8_2X_30z_250nm_780V_365T_20s_2hoursIAA_movie1-01.czi.movie.mp4
results/Rad21/2021_02_26_Fbn2_F1RAD21M_488nm_0p5_561nm_0p05_SC8_2X_30z_250nm_780V_365T_20s_4hoursIAA_movie1-01.czi.dot_volumes.pkl
results/Rad21/2021_02_25_Fbn2_F1RAD21M_488nm_0p5_561nm_0p05_SC8_2X_30z_250nm_780V_365T_20s_noIAA_movie1-01.czi.movie.mp4
results/Rad21/2020_10_27_Fbn2_F1Rad21M_fourhoursIAA_488nm_0p5_561nm_0p05_SC8_2X_30z_250nm_780V_365T_20s_movie3-01_processed_low.czi.dot_volumes.pkl
results/Rad21/2021_02_23_Fbn2_F1Rad21M_488nm_0p5_561nm_0p05_SC8_2X_30z_250nm_780V_365T_20s_2hoursIAA_movie2-01.czi.movie.mp4
results/Rad21/2021_04_27_Fbn2_RAD21__twohoursIAA_488nm_0p5_561nm_0p05_SC8_2X_30z_250nm_780V_365T_20s_movie1-01.czi.movie.mp4
results/Rad21/2021_03_04_Fbn2_F1RAD21M_488nm_0p5_561nm_0p05_SC8_2X_30z_250nm_780V_365T_20s_4hoursIAA_movie1-01.czi.movie.mp4
results/Rad21/2021_02_24_Fbn2_F1Rad21M_488nm_0p5_561nm_0p05_SC8_2X_30z_250nm_780V_365T_20s_noIAA_movie1-01.czi.tracks.csv
results/Rad21/2021_03_03_Fbn2_F1RAD21M_488nm_0p5_561nm_0p05_SC8_2X_30z_250nm_780V_365T_20s_2hoursIAA_movie1-01.czi.dot_volumes.pkl
results/Rad21/2021_03_03_Fbn2_F1RAD21M_488nm_0p5_561nm_0p05_SC8_2X_30z_250nm_780V_365T_20s_4hoursIAA_movie1-01.czi.movie_filt.mp4
results/Rad21/2021_04_27_Fbn2_RAD21__twohoursIAA_488nm_0p5_561nm_0p05_SC8_2X_30z_250nm_780V_365T_20s_movie4-01.czi.dot_volumes.pkl
results/Rad21/2021_02_24_Fbn2_F1Rad21M_488nm_0p5_561nm_0p05_SC8_2X_30z_250nm_780V_365T_20s_4hoursIAA_movie1-01.czi.dot_volumes.pkl
results/Rad21/2021_03_04_Fbn2_F1RAD21M_488nm_0p5_561nm_0p05_SC8_2X_30z_250nm_780V_365T_20s_2hoursIAA_movie1-01.czi.dot_volumes.pkl
results/Rad21/2021_02_22_Fbn2_F1Rad21M_488nm_0p5_561nm_0p05_SC8_2X_30z_250nm_780V_365T_20s_noIAA_movie1-02.czi.movie_filt.mp4
results/Rad21/2020_10_27_Fbn2_F1Rad21M_fourhoursIAA_488nm_0p5_561nm_0p05_SC8_2X_30z_250nm_780V_365T_20s_movie3-01_processed_low.czi.tracks.csv
results/Rad21/2021_04_25_Fbn2_Rad21_twohoursIAA_488nm_0p5_561nm_0p05_SC8_2X_30z_250nm_780V_365T_20s_movie3-01.czi.movie_filt.mp4
results/Rad21/2021_02_24_Fbn2_F1Rad21M_488nm_0p5_561nm_0p05_SC8_2X_30z_250nm_780V_365T_20s_4hoursIAA_movie1-01.czi.movie_filt.mp4
results/Rad21/2021_05_01_Fbn2_RAD21_twohoursIAA_488nm_0p5_561nm_0p05_SC8_2X_30z_250nm_780V_365T_20s_movie3-02.czi.dot_volumes.pkl
results/Rad21/2021_05_02_Fbn2_RAD21_twohoursIAA_488nm_0p5_561nm_0p05_SC8_2X_30z_250nm_780V_365T_20s_movie1-01.czi.tracks.csv
results/Rad21/2021_02_26_Fbn2_F1RAD21M_488nm_0p5_561nm_0p05_SC8_2X_30z_250nm_780V_365T_20s_4hoursIAA_movie1-02.czi.tracks.csv
results/Rad21/2020_12_09_Rad21F1M_fourhoursIAA_488nm_0p5_561nm_0p05_SC8_2X_30z_250nm_SC8_780V_365T_20s_movie3-01_processed_low.czi.tracks.csv
results/Rad21/2021_02_28_Fbn2_F1RAD21M_488nm_0p5_561nm_0p05_SC8_2X_30z_250nm_780V_365T_20s_noIAA_movie1-01.czi.tracks.csv
results/Rad21/2021_02_23_Fbn2_F1Rad21M_488nm_0p5_561nm_0p05_SC8_2X_30z_250nm_780V_365T_20s_2hoursIAA_movie1-01.czi.dot_volumes.pkl
results/Rad21/2021_04_25_Fbn2_Rad21_twohoursIAA_488nm_0p5_561nm_0p05_SC8_2X_30z_250nm_780V_365T_20s_movie1-01.czi.movie_filt.mp4
results/Rad21/2021_03_05_Fbn2_F1RAD21M_488nm_0p5_561nm_0p05_SC8_2X_30z_250nm_780V_365T_20s_2hoursIAA_movie2-02.czi.movie.mp4
results/Rad21/2021_02_23_Fbn2_F1Rad21M_488nm_0p5_561nm_0p05_SC8_2X_30z_250nm_780V_365T_20s_4hoursIAA_movie2-01.czi.movie_filt.mp4
results/Rad21/2021_02_27_Fbn2_F1RAD21M_488nm_0p5_561nm_0p05_SC8_2X_30z_250nm_780V_365T_20s_2hoursIAA_movie1-01.czi.movie_filt.mp4
results/Rad21/2021_02_27_Fbn2_F1RAD21M_488nm_0p5_561nm_0p05_SC8_2X_30z_250nm_780V_365T_20s_2hoursIAA_movie1-01.czi.dot_volumes.pkl
results/Rad21/2021_03_03_Fbn2_F1RAD21M_488nm_0p5_561nm_0p05_SC8_2X_30z_250nm_780V_365T_20s_4hoursIAA_movie2-01.czi.movie.mp4
results/Rad21/2021_02_27_Fbn2_F1RAD21M_488nm_0p5_561nm_0p05_SC8_2X_30z_250nm_780V_365T_20s_4hoursIAA_movie1-01.czi.dot_volumes.pkl
results/Rad21/2021_02_23_Fbn2_F1Rad21M_488nm_0p5_561nm_0p05_SC8_2X_30z_250nm_780V_365T_20s_2hoursIAA_movie1-01.czi.movie_filt.mp4
results/Rad21/2021_02_20_Fbn2_F1Rad21M_488nm_0p5_561nm_0p05_SC8_2X_30z_250nm_780V_365T_20s_noIAA_movie1-01.czi.dot_volumes.pkl
results/Rad21/2021_02_27_Fbn2_F1RAD21M_488nm_0p5_561nm_0p05_SC8_2X_30z_250nm_780V_365T_20s_4hoursIAA_movie1-01.czi.tracks.csv
results/Rad21/2021_04_27_Fbn2_RAD21__twohoursIAA_488nm_0p5_561nm_0p05_SC8_2X_30z_250nm_780V_365T_20s_movie4-01.czi.movie.mp4
results/Rad21/2021_02_20_Fbn2_F1Rad21M_488nm_0p5_561nm_0p05_SC8_2X_30z_250nm_780V_365T_20s_noIAA_movie1-01.czi.tracks.csv
results/Rad21/2021_03_03_Fbn2_F1RAD21M_488nm_0p5_561nm_0p05_SC8_2X_30z_250nm_780V_365T_20s_2hoursIAA_movie1-01.czi.tracks.csv
results/Rad21/2021_03_01_Fbn2_F1RAD21M_488nm_0p5_561nm_0p05_SC8_2X_30z_250nm_780V_365T_20s_4hoursIAA_movie1-01.czi.dot_volumes.pkl
results/Rad21/2021_03_01_Fbn2_F1RAD21M_488nm_0p5_561nm_0p05_SC8_2X_30z_250nm_780V_365T_20s_4hoursIAA_movie2-01.czi.dot_volumes.pkl
results/Rad21/2021_04_29_Fbn2_Rad21F1M_twohoursIAA_488nm_0p5_561nm_0p05_SC8_2X_30z_250nm_780V_365T_20s_movie4-01.czi.movie.mp4
results/Rad21/2021_03_01_Fbn2_F1RAD21M_488nm_0p5_561nm_0p05_SC8_2X_30z_250nm_780V_365T_20s_4hoursIAA_movie2-01.czi.tracks.csv
results/Rad21/2021_02_28_Fbn2_F1RAD21M_488nm_0p5_561nm_0p05_SC8_2X_30z_250nm_780V_365T_20s_4hoursIAA_movie1-01.czi.dot_volumes.pkl
results/Rad21/2021_02_26_Fbn2_F1RAD21M_488nm_0p5_561nm_0p05_SC8_2X_30z_250nm_780V_365T_20s_4hoursIAA_movie1-02.czi.movie.mp4
results/Rad21/2021_03_03_Fbn2_F1RAD21M_488nm_0p5_561nm_0p05_SC8_2X_30z_250nm_780V_365T_20s_2hoursIAA_movie2-01.czi.movie.mp4
results/Rad21/2021_05_03_Fbn2_RAD21_twohoursIAA_488nm_0p5_561nm_0p05_SC8_2X_30z_250nm_780V_365T_20s_movie1-02.czi.movie.mp4
results/Rad21/2021_02_24_Fbn2_F1Rad21M_488nm_0p5_561nm_0p05_SC8_2X_30z_250nm_780V_365T_20s_noIAA_movie1-01.czi.movie_filt.mp4
results/Rad21/2021_03_02_Fbn2_F1RAD21M_488nm_0p5_561nm_0p05_SC8_2X_30z_250nm_780V_365T_20s_noIAA_movie2-01.czi.dot_volumes.pkl
results/Rad21/2021_02_28_Fbn2_F1RAD21M_488nm_0p5_561nm_0p05_SC8_2X_30z_250nm_780V_365T_20s_4hoursIAA_movie1-01.czi.movie.mp4
results/Rad21/2020_10_27_Fbn2_F1Rad21M_fourhoursIAA_488nm_0p5_561nm_0p05_SC8_2X_30z_250nm_780V_365T_20s_movie3-01_processed_low.czi.movie.mp4
results/Rad21/2021_05_03_Fbn2_RAD21_twohoursIAA_488nm_0p5_561nm_0p05_SC8_2X_30z_250nm_780V_365T_20s_movie3-01.czi.movie.mp4
results/Rad21/2021_04_29_Fbn2_Rad21F1M_twohoursIAA_488nm_0p5_561nm_0p05_SC8_2X_30z_250nm_780V_365T_20s_movie1-02.czi.movie.mp4
results/Rad21/2021_02_20_Fbn2_F1Rad21M_488nm_0p5_561nm_0p05_SC8_2X_30z_250nm_780V_365T_20s_2hoursIAA_movie1-01.czi.dot_volumes.pkl
results/Rad21/2021_02_27_Fbn2_F1RAD21M_488nm_0p5_561nm_0p05_SC8_2X_30z_250nm_780V_365T_20s_2hoursIAA_movie2-01.czi.dot_volumes.pkl
results/Rad21/2021_03_05_Fbn2_F1RAD21M_488nm_0p5_561nm_0p05_SC8_2X_30z_250nm_780V_365T_20s_2hoursIAA_movie2-02.czi.movie_filt.mp4
results/Rad21/2021_02_21_Fn2_F1Rad21M_488nm_0p5_561nm_0p05_SC8_2X_30z_250nm_780V_365T_20s_noIAA_movie1-01.czi.movie.mp4
results/Rad21/2021_02_23_Fbn2_F1Rad21M_488nm_0p5_561nm_0p05_SC8_2X_30z_250nm_780V_365T_20s_2hoursIAA_movie1-01.czi.tracks.csv
results/Rad21/2021_03_05_Fbn2_F1RAD21M_488nm_0p5_561nm_0p05_SC8_2X_30z_250nm_780V_365T_20s_4hoursIAA_movie2-01.czi.movie.mp4
results/Rad21/2021_01_29_Fbn2_Rad21F1M__noIAA_488nm_0p5_561nm_0p05_SC8_2X_30z_250nm_780V_365T_20s_movie1-01__processed_low.czi.tracks.csv
results/Rad21/2021_04_25_Fbn2_Rad21_twohoursIAA_488nm_0p5_561nm_0p05_SC8_2X_30z_250nm_780V_365T_20s_movie2-02.czi.movie.mp4
results/Rad21/2021_02_28_Fbn2_F1RAD21M_488nm_0p5_561nm_0p05_SC8_2X_30z_250nm_780V_365T_20s_2hoursIAA_movie1-01.czi.dot_volumes.pkl
results/Rad21/2021_02_26_Fbn2_F1RAD21M_488nm_0p5_561nm_0p05_SC8_2X_30z_250nm_780V_365T_20s_2hoursIAA_movie1-01.czi.tracks.csv
results/Rad21/2021_02_21_Fbn2_F1Rad21M_488nm_0p5_561nm_0p05_SC8_2X_30z_250nm_780V_365T_20s_4hoursIAA_movie1-01.czi.dot_volumes.pkl
results/Rad21/2021_02_25_Fbn2_F1RAD21M_488nm_0p5_561nm_0p05_SC8_2X_30z_250nm_780V_365T_20s_noIAA_movie1-01.czi.tracks.csv
results/Rad21/2021_02_22_Fbn2_F1Rad21M_488nm_0p5_561nm_0p05_SC8_2X_30z_250nm_780V_365T_20s_noIAA_movie1-02.czi.movie.mp4
results/Rad21/2021_03_01_Fbn2_F1RAD21M_488nm_0p5_561nm_0p05_SC8_2X_30z_250nm_780V_365T_20s_4hoursIAA_movie1-01.czi.movie.mp4
results/Rad21/2021_05_03_Fbn2_RAD21_twohoursIAA_488nm_0p5_561nm_0p05_SC8_2X_30z_250nm_780V_365T_20s_movie3-01.czi.tracks.csv
results/Rad21/2021_02_21_Fn2_F1Rad21M_488nm_0p5_561nm_0p05_SC8_2X_30z_250nm_780V_365T_20s_noIAA_movie1-01.czi.tracks.csv
results/Rad21/2021_03_04_Fbn2_F1RAD21M_488nm_0p5_561nm_0p05_SC8_2X_30z_250nm_780V_365T_20s_2hoursIAA_movie1-01.czi.tracks.csv
results/Rad21/2021_02_22_Fbn2_F1Rad21M_488nm_0p5_561nm_0p05_SC8_2X_30z_250nm_780V_365T_20s_4hoursIAA_movie1-01.czi.movie_filt.mp4
results/Rad21/2021_03_03_Fbn2_F1RAD21M_488nm_0p5_561nm_0p05_SC8_2X_30z_250nm_780V_365T_20s_4hoursIAA_movie1-01.czi.dot_volumes.pkl
results/Rad21/2021_04_27_Fbn2_RAD21__twohoursIAA_488nm_0p5_561nm_0p05_SC8_2X_30z_250nm_780V_365T_20s_movie1-01.czi.dot_volumes.pkl
results/Rad21/2021_02_22_Fbn2_F1Rad21M_488nm_0p5_561nm_0p05_SC8_2X_30z_250nm_780V_365T_20s_2hoursIAA_movie1-01.czi.movie.mp4
results/Rad21/2021_02_25_Fbn2_F1RAD21M_488nm_0p5_561nm_0p05_SC8_2X_30z_250nm_780V_365T_20s_4hoursIAA_movie1-01.czi.dot_volumes.pkl
results/Rad21/2021_04_25_Fbn2_Rad21_twohoursIAA_488nm_0p5_561nm_0p05_SC8_2X_30z_250nm_780V_365T_20s_movie1-01.czi.movie.mp4
results/Rad21/2020_12_09_Rad21F1M_fourhoursIAA_488nm_0p5_561nm_0p05_SC8_2X_30z_250nm_SC8_780V_365T_20s_movie3-01_processed_low.czi.movie.mp4
results/Rad21/2021_02_26_Fbn2_F1RAD21M_488nm_0p5_561nm_0p05_SC8_2X_30z_250nm_780V_365T_20s_4hoursIAA_movie1-01.czi.movie_filt.mp4
results/Rad21/2021_04_25_Fbn2_Rad21_twohoursIAA_488nm_0p5_561nm_0p05_SC8_2X_30z_250nm_780V_365T_20s_movie4-01.czi.tracks.csv
results/Rad21/2021_04_25_Fbn2_Rad21_twohoursIAA_488nm_0p5_561nm_0p05_SC8_2X_30z_250nm_780V_365T_20s_movie4-01.czi.dot_volumes.pkl
results/Rad21/2021_04_27_Fbn2_RAD21__twohoursIAA_488nm_0p5_561nm_0p05_SC8_2X_30z_250nm_780V_365T_20s_movie2-02.czi.movie_filt.mp4
results/Rad21/2021_02_22_Fbn2_F1Rad21M_488nm_0p5_561nm_0p05_SC8_2X_30z_250nm_780V_365T_20s_2hoursIAA_movie1-01.czi.tracks.csv
results/Rad21/2021_02_20_bn2_F1Rad21M_488nm_0p5_561nm_0p05_SC8_2X_30z_250nm_780V_365T_20s_4hoursIAA_movie1-01.czi.tracks.csv
results/Rad21/2021_05_01_Fbn2_RAD21_twohoursIAA_488nm_0p5_561nm_0p05_SC8_2X_30z_250nm_780V_365T_20s_movie3-02.czi.movie.mp4
results/Rad21/2021_02_23_Fbn2_F1Rad21M_488nm_0p5_561nm_0p05_SC8_2X_30z_250nm_780V_365T_20s_noIAA_movie1-02.czi.dot_volumes.pkl
