Building DAG of jobs...
Using shell: /bin/bash
Provided cores: 20
Rules claiming more threads will be scaled down.
Provided resources: mem_mb=240
Job counts:
	count	jobs
	1	all
	413	apply_chromatic_shift_corrections
	413	classify_replicated_trajectories
	827

[Sat May 15 14:57:48 2021]
rule apply_chromatic_shift_corrections:
    input: results/C27/2020_09_11_Fbn2_C27_488nm_0p5_561nm_0p05_SC8_2X_30z_250nm_780V_365T_20s_movie4-01_processed_low.czi.chromatic_shift.npz, results/C27/2020_09_11_Fbn2_C27_488nm_0p5_561nm_0p05_SC8_2X_30z_250nm_780V_365T_20s_movie4-01_processed_low.czi.tracks.csv, ml_models/Replication_model_2021_04_14_hugo_classifications.h5, ml_models/4D_model_2021_04_08_mixedInputClean_v2_doubleClassification.h5
    output: results/C27/2020_09_11_Fbn2_C27_488nm_0p5_561nm_0p05_SC8_2X_30z_250nm_780V_365T_20s_movie4-01_processed_low.czi.tracks_corrected.csv
    jobid: 1080
    wildcards: sample_group=C27, sample_name=2020_09_11_Fbn2_C27_488nm_0p5_561nm_0p05_SC8_2X_30z_250nm_780V_365T_20s_movie4-01_processed_low.czi

[Sat May 15 14:57:48 2021]
rule apply_chromatic_shift_corrections:
    input: results/Rad21/2021_02_21_Fbn2_F1Rad21M_488nm_0p5_561nm_0p05_SC8_2X_30z_250nm_780V_365T_20s_2hoursIAA_movie1-01.czi.chromatic_shift.npz, results/Rad21/2021_02_21_Fbn2_F1Rad21M_488nm_0p5_561nm_0p05_SC8_2X_30z_250nm_780V_365T_20s_2hoursIAA_movie1-01.czi.tracks.csv, ml_models/Replication_model_2021_04_14_hugo_classifications.h5, ml_models/4D_model_2021_04_08_mixedInputClean_v2_doubleClassification.h5
    output: results/Rad21/2021_02_21_Fbn2_F1Rad21M_488nm_0p5_561nm_0p05_SC8_2X_30z_250nm_780V_365T_20s_2hoursIAA_movie1-01.czi.tracks_corrected.csv
    jobid: 1248
    wildcards: sample_group=Rad21, sample_name=2021_02_21_Fbn2_F1Rad21M_488nm_0p5_561nm_0p05_SC8_2X_30z_250nm_780V_365T_20s_2hoursIAA_movie1-01.czi

[Sat May 15 14:57:48 2021]
rule apply_chromatic_shift_corrections:
    input: results/Rad21/2020_10_25_Fbn2_F1Rad21M_noIAA_488nm_0p5_561nm_0p05_SC8_2X_30z_250nm_780V_360T_20s_movie1-01_processed_low.czi.chromatic_shift.npz, results/Rad21/2020_10_25_Fbn2_F1Rad21M_noIAA_488nm_0p5_561nm_0p05_SC8_2X_30z_250nm_780V_360T_20s_movie1-01_processed_low.czi.tracks.csv, ml_models/Replication_model_2021_04_14_hugo_classifications.h5, ml_models/4D_model_2021_04_08_mixedInputClean_v2_doubleClassification.h5
    output: results/Rad21/2020_10_25_Fbn2_F1Rad21M_noIAA_488nm_0p5_561nm_0p05_SC8_2X_30z_250nm_780V_360T_20s_movie1-01_processed_low.czi.tracks_corrected.csv
    jobid: 1312
    wildcards: sample_group=Rad21, sample_name=2020_10_25_Fbn2_F1Rad21M_noIAA_488nm_0p5_561nm_0p05_SC8_2X_30z_250nm_780V_360T_20s_movie1-01_processed_low.czi

[Sat May 15 14:57:48 2021]
rule apply_chromatic_shift_corrections:
    input: results/C27/2020_09_21_Fbn2_C27_488nm_0p5_561nm_0p05_SC8_2X_30z_250nm_780V_365T_20s_movie5-01_processed_low.czi.chromatic_shift.npz, results/C27/2020_09_21_Fbn2_C27_488nm_0p5_561nm_0p05_SC8_2X_30z_250nm_780V_365T_20s_movie5-01_processed_low.czi.tracks.csv, ml_models/Replication_model_2021_04_14_hugo_classifications.h5, ml_models/4D_model_2021_04_08_mixedInputClean_v2_doubleClassification.h5
    output: results/C27/2020_09_21_Fbn2_C27_488nm_0p5_561nm_0p05_SC8_2X_30z_250nm_780V_365T_20s_movie5-01_processed_low.czi.tracks_corrected.csv
    jobid: 1102
    wildcards: sample_group=C27, sample_name=2020_09_21_Fbn2_C27_488nm_0p5_561nm_0p05_SC8_2X_30z_250nm_780V_365T_20s_movie5-01_processed_low.czi


[Sat May 15 14:57:48 2021]
rule apply_chromatic_shift_corrections:
    input: results/C36/2020_09_28_Fbn2_C36_488nm_0p5_561nm_0p05_SC8_2X_30z_250nm_780V_365T_20s_movie1-01_processed_low.czi.chromatic_shift.npz, results/C36/2020_09_28_Fbn2_C36_488nm_0p5_561nm_0p05_SC8_2X_30z_250nm_780V_365T_20s_movie1-01_processed_low.czi.tracks.csv, ml_models/Replication_model_2021_04_14_hugo_classifications.h5, ml_models/4D_model_2021_04_08_mixedInputClean_v2_doubleClassification.h5
    output: results/C36/2020_09_28_Fbn2_C36_488nm_0p5_561nm_0p05_SC8_2X_30z_250nm_780V_365T_20s_movie1-01_processed_low.czi.tracks_corrected.csv
    jobid: 1018
    wildcards: sample_group=C36, sample_name=2020_09_28_Fbn2_C36_488nm_0p5_561nm_0p05_SC8_2X_30z_250nm_780V_365T_20s_movie1-01_processed_low.czi

[Sat May 15 14:57:48 2021]
rule apply_chromatic_shift_corrections:
    input: results/C36/2020_09_25_Fbn2_C36_488nm_0p5_561nm_0p05_SC8_2X_30z_250nm_780V_365T_20s_movie6-01_processed_low.czi.chromatic_shift.npz, results/C36/2020_09_25_Fbn2_C36_488nm_0p5_561nm_0p05_SC8_2X_30z_250nm_780V_365T_20s_movie6-01_processed_low.czi.tracks.csv, ml_models/Replication_model_2021_04_14_hugo_classifications.h5, ml_models/4D_model_2021_04_08_mixedInputClean_v2_doubleClassification.h5
    output: results/C36/2020_09_25_Fbn2_C36_488nm_0p5_561nm_0p05_SC8_2X_30z_250nm_780V_365T_20s_movie6-01_processed_low.czi.tracks_corrected.csv
    jobid: 983
    wildcards: sample_group=C36, sample_name=2020_09_25_Fbn2_C36_488nm_0p5_561nm_0p05_SC8_2X_30z_250nm_780V_365T_20s_movie6-01_processed_low.czi


[Sat May 15 14:57:48 2021]
rule apply_chromatic_shift_corrections:
    input: results/Rad21/2021_02_20_bn2_F1Rad21M_488nm_0p5_561nm_0p05_SC8_2X_30z_250nm_780V_365T_20s_4hoursIAA_movie1-01.czi.chromatic_shift.npz, results/Rad21/2021_02_20_bn2_F1Rad21M_488nm_0p5_561nm_0p05_SC8_2X_30z_250nm_780V_365T_20s_4hoursIAA_movie1-01.czi.tracks.csv, ml_models/Replication_model_2021_04_14_hugo_classifications.h5, ml_models/4D_model_2021_04_08_mixedInputClean_v2_doubleClassification.h5
    output: results/Rad21/2021_02_20_bn2_F1Rad21M_488nm_0p5_561nm_0p05_SC8_2X_30z_250nm_780V_365T_20s_4hoursIAA_movie1-01.czi.tracks_corrected.csv
    jobid: 1258
    wildcards: sample_group=Rad21, sample_name=2021_02_20_bn2_F1Rad21M_488nm_0p5_561nm_0p05_SC8_2X_30z_250nm_780V_365T_20s_4hoursIAA_movie1-01.czi


[Sat May 15 14:57:48 2021]
rule apply_chromatic_shift_corrections:
    input: results/Rad21/2021_05_04_Fbn2_RAD21_twohoursIAA_488nm_0p5_561nm_0p05_SC8_2X_30z_250nm_780V_365T_20s_movie3-01.czi.chromatic_shift.npz, results/Rad21/2021_05_04_Fbn2_RAD21_twohoursIAA_488nm_0p5_561nm_0p05_SC8_2X_30z_250nm_780V_365T_20s_movie3-01.czi.tracks.csv, ml_models/Replication_model_2021_04_14_hugo_classifications.h5, ml_models/4D_model_2021_04_08_mixedInputClean_v2_doubleClassification.h5
    output: results/Rad21/2021_05_04_Fbn2_RAD21_twohoursIAA_488nm_0p5_561nm_0p05_SC8_2X_30z_250nm_780V_365T_20s_movie3-01.czi.tracks_corrected.csv
    jobid: 1153
    wildcards: sample_group=Rad21, sample_name=2021_05_04_Fbn2_RAD21_twohoursIAA_488nm_0p5_561nm_0p05_SC8_2X_30z_250nm_780V_365T_20s_movie3-01.czi


[Sat May 15 14:57:48 2021]
rule apply_chromatic_shift_corrections:
    input: results/C36/2020_10_03_Fbn2_C36_488nm_0p5_561nm_0p05_SC8_2X_30z_250nm_780V_365T_20s_movie5-01_processed_low.czi.chromatic_shift.npz, results/C36/2020_10_03_Fbn2_C36_488nm_0p5_561nm_0p05_SC8_2X_30z_250nm_780V_365T_20s_movie5-01_processed_low.czi.tracks.csv, ml_models/Replication_model_2021_04_14_hugo_classifications.h5, ml_models/4D_model_2021_04_08_mixedInputClean_v2_doubleClassification.h5
    output: results/C36/2020_10_03_Fbn2_C36_488nm_0p5_561nm_0p05_SC8_2X_30z_250nm_780V_365T_20s_movie5-01_processed_low.czi.tracks_corrected.csv
    jobid: 979
    wildcards: sample_group=C36, sample_name=2020_10_03_Fbn2_C36_488nm_0p5_561nm_0p05_SC8_2X_30z_250nm_780V_365T_20s_movie5-01_processed_low.czi


[Sat May 15 14:57:48 2021]
rule apply_chromatic_shift_corrections:
    input: results/Rad21/2021_02_27_Fbn2_F1RAD21M_488nm_0p5_561nm_0p05_SC8_2X_30z_250nm_780V_365T_20s_2hoursIAA_movie2-01.czi.chromatic_shift.npz, results/Rad21/2021_02_27_Fbn2_F1RAD21M_488nm_0p5_561nm_0p05_SC8_2X_30z_250nm_780V_365T_20s_2hoursIAA_movie2-01.czi.tracks.csv, ml_models/Replication_model_2021_04_14_hugo_classifications.h5, ml_models/4D_model_2021_04_08_mixedInputClean_v2_doubleClassification.h5
    output: results/Rad21/2021_02_27_Fbn2_F1RAD21M_488nm_0p5_561nm_0p05_SC8_2X_30z_250nm_780V_365T_20s_2hoursIAA_movie2-01.czi.tracks_corrected.csv
    jobid: 1189
    wildcards: sample_group=Rad21, sample_name=2021_02_27_Fbn2_F1RAD21M_488nm_0p5_561nm_0p05_SC8_2X_30z_250nm_780V_365T_20s_2hoursIAA_movie2-01.czi


[Sat May 15 14:57:49 2021]
rule apply_chromatic_shift_corrections:
    input: results/C27/2020_09_15_Fbn2_C27_488nm_0p5_561nm_0p05_SC8_2X_30z_250nm_780V_365T_20s_movie6-01_processed_low.czi.chromatic_shift.npz, results/C27/2020_09_15_Fbn2_C27_488nm_0p5_561nm_0p05_SC8_2X_30z_250nm_780V_365T_20s_movie6-01_processed_low.czi.tracks.csv, ml_models/Replication_model_2021_04_14_hugo_classifications.h5, ml_models/4D_model_2021_04_08_mixedInputClean_v2_doubleClassification.h5
    output: results/C27/2020_09_15_Fbn2_C27_488nm_0p5_561nm_0p05_SC8_2X_30z_250nm_780V_365T_20s_movie6-01_processed_low.czi.tracks_corrected.csv
    jobid: 1087
    wildcards: sample_group=C27, sample_name=2020_09_15_Fbn2_C27_488nm_0p5_561nm_0p05_SC8_2X_30z_250nm_780V_365T_20s_movie6-01_processed_low.czi


[Sat May 15 14:57:49 2021]
rule apply_chromatic_shift_corrections:
    input: results/Rad21/2021_05_05_Fbn2_RAD21_twohoursIAA_488nm_0p5_561nm_0p05_SC8_2X_30z_250nm_780V_365T_20s_movie1-01.czi.chromatic_shift.npz, results/Rad21/2021_05_05_Fbn2_RAD21_twohoursIAA_488nm_0p5_561nm_0p05_SC8_2X_30z_250nm_780V_365T_20s_movie1-01.czi.tracks.csv, ml_models/Replication_model_2021_04_14_hugo_classifications.h5, ml_models/4D_model_2021_04_08_mixedInputClean_v2_doubleClassification.h5
    output: results/Rad21/2021_05_05_Fbn2_RAD21_twohoursIAA_488nm_0p5_561nm_0p05_SC8_2X_30z_250nm_780V_365T_20s_movie1-01.czi.tracks_corrected.csv
    jobid: 1238
    wildcards: sample_group=Rad21, sample_name=2021_05_05_Fbn2_RAD21_twohoursIAA_488nm_0p5_561nm_0p05_SC8_2X_30z_250nm_780V_365T_20s_movie1-01.czi


[Sat May 15 14:57:49 2021]
rule apply_chromatic_shift_corrections:
    input: results/Rad21/2021_05_06_Fbn2_RAD21_twohoursIAA_488nm_0p5_561nm_0p05_SC8_2X_30z_250nm_780V_365T_20s_movie5-01.czi.chromatic_shift.npz, results/Rad21/2021_05_06_Fbn2_RAD21_twohoursIAA_488nm_0p5_561nm_0p05_SC8_2X_30z_250nm_780V_365T_20s_movie5-01.czi.tracks.csv, ml_models/Replication_model_2021_04_14_hugo_classifications.h5, ml_models/4D_model_2021_04_08_mixedInputClean_v2_doubleClassification.h5
    output: results/Rad21/2021_05_06_Fbn2_RAD21_twohoursIAA_488nm_0p5_561nm_0p05_SC8_2X_30z_250nm_780V_365T_20s_movie5-01.czi.tracks_corrected.csv
    jobid: 1169
    wildcards: sample_group=Rad21, sample_name=2021_05_06_Fbn2_RAD21_twohoursIAA_488nm_0p5_561nm_0p05_SC8_2X_30z_250nm_780V_365T_20s_movie5-01.czi


[Sat May 15 14:57:49 2021]
rule apply_chromatic_shift_corrections:
    input: results/C27/2020_09_17_Fbn2_C27_488nm_0p5_561nm_0p05_SC8_2X_30z_250nm_780V_365T_20s_movie5-01_processed_low.czi.chromatic_shift.npz, results/C27/2020_09_17_Fbn2_C27_488nm_0p5_561nm_0p05_SC8_2X_30z_250nm_780V_365T_20s_movie5-01_processed_low.czi.tracks.csv, ml_models/Replication_model_2021_04_14_hugo_classifications.h5, ml_models/4D_model_2021_04_08_mixedInputClean_v2_doubleClassification.h5
    output: results/C27/2020_09_17_Fbn2_C27_488nm_0p5_561nm_0p05_SC8_2X_30z_250nm_780V_365T_20s_movie5-01_processed_low.czi.tracks_corrected.csv
    jobid: 1099
    wildcards: sample_group=C27, sample_name=2020_09_17_Fbn2_C27_488nm_0p5_561nm_0p05_SC8_2X_30z_250nm_780V_365T_20s_movie5-01_processed_low.czi


[Sat May 15 14:57:49 2021]
rule apply_chromatic_shift_corrections:
    input: results/C27/2020_09_17_Fbn2_C27_488nm_0p5_561nm_0p05_SC8_2X_30z_250nm_780V_365T_20s_movie4-01_processed_low.czi.chromatic_shift.npz, results/C27/2020_09_17_Fbn2_C27_488nm_0p5_561nm_0p05_SC8_2X_30z_250nm_780V_365T_20s_movie4-01_processed_low.czi.tracks.csv, ml_models/Replication_model_2021_04_14_hugo_classifications.h5, ml_models/4D_model_2021_04_08_mixedInputClean_v2_doubleClassification.h5
    output: results/C27/2020_09_17_Fbn2_C27_488nm_0p5_561nm_0p05_SC8_2X_30z_250nm_780V_365T_20s_movie4-01_processed_low.czi.tracks_corrected.csv
    jobid: 1085
    wildcards: sample_group=C27, sample_name=2020_09_17_Fbn2_C27_488nm_0p5_561nm_0p05_SC8_2X_30z_250nm_780V_365T_20s_movie4-01_processed_low.czi


[Sat May 15 14:57:49 2021]
rule apply_chromatic_shift_corrections:
    input: results/Rad21/2020_10_22_Fbn2_F1Rad21M_488nm_0p5_561nm_0p05_SC8_2X_30z_250nm_780V_365T_20s_movie1-01_processed_low.czi.chromatic_shift.npz, results/Rad21/2020_10_22_Fbn2_F1Rad21M_488nm_0p5_561nm_0p05_SC8_2X_30z_250nm_780V_365T_20s_movie1-01_processed_low.czi.tracks.csv, ml_models/Replication_model_2021_04_14_hugo_classifications.h5, ml_models/4D_model_2021_04_08_mixedInputClean_v2_doubleClassification.h5
    output: results/Rad21/2020_10_22_Fbn2_F1Rad21M_488nm_0p5_561nm_0p05_SC8_2X_30z_250nm_780V_365T_20s_movie1-01_processed_low.czi.tracks_corrected.csv
    jobid: 1309
    wildcards: sample_group=Rad21, sample_name=2020_10_22_Fbn2_F1Rad21M_488nm_0p5_561nm_0p05_SC8_2X_30z_250nm_780V_365T_20s_movie1-01_processed_low.czi


[Sat May 15 14:57:49 2021]
rule apply_chromatic_shift_corrections:
    input: results/Rad21/2021_05_09_Fbn2_RAD21_twohoursIAA_488nm_0p5_561nm_0p05_SC8_2X_30z_250nm_780V_365T_20s_movie4-01.czi.chromatic_shift.npz, results/Rad21/2021_05_09_Fbn2_RAD21_twohoursIAA_488nm_0p5_561nm_0p05_SC8_2X_30z_250nm_780V_365T_20s_movie4-01.czi.tracks.csv, ml_models/Replication_model_2021_04_14_hugo_classifications.h5, ml_models/4D_model_2021_04_08_mixedInputClean_v2_doubleClassification.h5
    output: results/Rad21/2021_05_09_Fbn2_RAD21_twohoursIAA_488nm_0p5_561nm_0p05_SC8_2X_30z_250nm_780V_365T_20s_movie4-01.czi.tracks_corrected.csv
    jobid: 1156
    wildcards: sample_group=Rad21, sample_name=2021_05_09_Fbn2_RAD21_twohoursIAA_488nm_0p5_561nm_0p05_SC8_2X_30z_250nm_780V_365T_20s_movie4-01.czi


[Sat May 15 14:57:49 2021]
rule apply_chromatic_shift_corrections:
    input: results/Rad21/2020_10_22_Fbn2_F1Rad21M_noIAA_488nm_0p5_561nm_0p05_SC8_2X_30z_250nm_780V_365T_20s_movie1-01_processed_low.czi.chromatic_shift.npz, results/Rad21/2020_10_22_Fbn2_F1Rad21M_noIAA_488nm_0p5_561nm_0p05_SC8_2X_30z_250nm_780V_365T_20s_movie1-01_processed_low.czi.tracks.csv, ml_models/Replication_model_2021_04_14_hugo_classifications.h5, ml_models/4D_model_2021_04_08_mixedInputClean_v2_doubleClassification.h5
    output: results/Rad21/2020_10_22_Fbn2_F1Rad21M_noIAA_488nm_0p5_561nm_0p05_SC8_2X_30z_250nm_780V_365T_20s_movie1-01_processed_low.czi.tracks_corrected.csv
    jobid: 1324
    wildcards: sample_group=Rad21, sample_name=2020_10_22_Fbn2_F1Rad21M_noIAA_488nm_0p5_561nm_0p05_SC8_2X_30z_250nm_780V_365T_20s_movie1-01_processed_low.czi


[Sat May 15 14:57:49 2021]
rule apply_chromatic_shift_corrections:
    input: results/C27/2020_09_17_Fbn2_C27_488nm_0p5_561nm_0p05_SC8_2X_30z_250nm_780V_365T_20s_movie6-01_processed_low.czi.chromatic_shift.npz, results/C27/2020_09_17_Fbn2_C27_488nm_0p5_561nm_0p05_SC8_2X_30z_250nm_780V_365T_20s_movie6-01_processed_low.czi.tracks.csv, ml_models/Replication_model_2021_04_14_hugo_classifications.h5, ml_models/4D_model_2021_04_08_mixedInputClean_v2_doubleClassification.h5
    output: results/C27/2020_09_17_Fbn2_C27_488nm_0p5_561nm_0p05_SC8_2X_30z_250nm_780V_365T_20s_movie6-01_processed_low.czi.tracks_corrected.csv
    jobid: 1100
    wildcards: sample_group=C27, sample_name=2020_09_17_Fbn2_C27_488nm_0p5_561nm_0p05_SC8_2X_30z_250nm_780V_365T_20s_movie6-01_processed_low.czi


[Sat May 15 14:57:49 2021]
rule apply_chromatic_shift_corrections:
    input: results/Rad21/2021_05_06_Fbn2_RAD21_twohoursIAA_488nm_0p5_561nm_0p05_SC8_2X_30z_250nm_780V_365T_20s_movie3-01.czi.chromatic_shift.npz, results/Rad21/2021_05_06_Fbn2_RAD21_twohoursIAA_488nm_0p5_561nm_0p05_SC8_2X_30z_250nm_780V_365T_20s_movie3-01.czi.tracks.csv, ml_models/Replication_model_2021_04_14_hugo_classifications.h5, ml_models/4D_model_2021_04_08_mixedInputClean_v2_doubleClassification.h5
    output: results/Rad21/2021_05_06_Fbn2_RAD21_twohoursIAA_488nm_0p5_561nm_0p05_SC8_2X_30z_250nm_780V_365T_20s_movie3-01.czi.tracks_corrected.csv
    jobid: 1311
    wildcards: sample_group=Rad21, sample_name=2021_05_06_Fbn2_RAD21_twohoursIAA_488nm_0p5_561nm_0p05_SC8_2X_30z_250nm_780V_365T_20s_movie3-01.czi

[Sat May 15 14:57:50 2021]
Finished job 1169.
1 of 827 steps (0.12%) done

[Sat May 15 14:57:50 2021]
rule classify_replicated_trajectories:
    input: results/Rad21/2021_05_06_Fbn2_RAD21_twohoursIAA_488nm_0p5_561nm_0p05_SC8_2X_30z_250nm_780V_365T_20s_movie5-01.czi.tracks_corrected.csv, results/Rad21/2021_05_06_Fbn2_RAD21_twohoursIAA_488nm_0p5_561nm_0p05_SC8_2X_30z_250nm_780V_365T_20s_movie5-01.czi.dot_volumes.pkl
    output: results/Rad21/2021_05_06_Fbn2_RAD21_twohoursIAA_488nm_0p5_561nm_0p05_SC8_2X_30z_250nm_780V_365T_20s_movie5-01.czi.tracks_ML.csv
    jobid: 1582
    wildcards: sample_group=Rad21, sample_name=2021_05_06_Fbn2_RAD21_twohoursIAA_488nm_0p5_561nm_0p05_SC8_2X_30z_250nm_780V_365T_20s_movie5-01.czi

[Sat May 15 14:57:50 2021]
Finished job 1238.
2 of 827 steps (0.24%) done

[Sat May 15 14:57:50 2021]
rule classify_replicated_trajectories:
    input: results/Rad21/2021_05_05_Fbn2_RAD21_twohoursIAA_488nm_0p5_561nm_0p05_SC8_2X_30z_250nm_780V_365T_20s_movie1-01.czi.tracks_corrected.csv, results/Rad21/2021_05_05_Fbn2_RAD21_twohoursIAA_488nm_0p5_561nm_0p05_SC8_2X_30z_250nm_780V_365T_20s_movie1-01.czi.dot_volumes.pkl
    output: results/Rad21/2021_05_05_Fbn2_RAD21_twohoursIAA_488nm_0p5_561nm_0p05_SC8_2X_30z_250nm_780V_365T_20s_movie1-01.czi.tracks_ML.csv
    jobid: 1651
    wildcards: sample_group=Rad21, sample_name=2021_05_05_Fbn2_RAD21_twohoursIAA_488nm_0p5_561nm_0p05_SC8_2X_30z_250nm_780V_365T_20s_movie1-01.czi

[Sat May 15 14:57:50 2021]
Finished job 1156.
3 of 827 steps (0.36%) done
[Sat May 15 14:57:50 2021]
Finished job 1258.
4 of 827 steps (0.48%) done
[Sat May 15 14:57:50 2021]
Finished job 1189.
5 of 827 steps (0.60%) done
[Sat May 15 14:57:50 2021]
Finished job 983.
6 of 827 steps (0.73%) done
[Sat May 15 14:57:50 2021]
Finished job 1248.
7 of 827 steps (0.85%) done

[Sat May 15 14:57:50 2021]
rule apply_chromatic_shift_corrections:
    input: results/Rad21/2021_05_05_Fbn2_RAD21_twohoursIAA_488nm_0p5_561nm_0p05_SC8_2X_30z_250nm_780V_365T_20s_movie2-01.czi.chromatic_shift.npz, results/Rad21/2021_05_05_Fbn2_RAD21_twohoursIAA_488nm_0p5_561nm_0p05_SC8_2X_30z_250nm_780V_365T_20s_movie2-01.czi.tracks.csv, ml_models/Replication_model_2021_04_14_hugo_classifications.h5, ml_models/4D_model_2021_04_08_mixedInputClean_v2_doubleClassification.h5
    output: results/Rad21/2021_05_05_Fbn2_RAD21_twohoursIAA_488nm_0p5_561nm_0p05_SC8_2X_30z_250nm_780V_365T_20s_movie2-01.czi.tracks_corrected.csv
    jobid: 1259
    wildcards: sample_group=Rad21, sample_name=2021_05_05_Fbn2_RAD21_twohoursIAA_488nm_0p5_561nm_0p05_SC8_2X_30z_250nm_780V_365T_20s_movie2-01.czi

[Sat May 15 14:57:50 2021]
rule classify_replicated_trajectories:
    input: results/Rad21/2021_05_09_Fbn2_RAD21_twohoursIAA_488nm_0p5_561nm_0p05_SC8_2X_30z_250nm_780V_365T_20s_movie4-01.czi.tracks_corrected.csv, results/Rad21/2021_05_09_Fbn2_RAD21_twohoursIAA_488nm_0p5_561nm_0p05_SC8_2X_30z_250nm_780V_365T_20s_movie4-01.czi.dot_volumes.pkl
    output: results/Rad21/2021_05_09_Fbn2_RAD21_twohoursIAA_488nm_0p5_561nm_0p05_SC8_2X_30z_250nm_780V_365T_20s_movie4-01.czi.tracks_ML.csv
    jobid: 1569
    wildcards: sample_group=Rad21, sample_name=2021_05_09_Fbn2_RAD21_twohoursIAA_488nm_0p5_561nm_0p05_SC8_2X_30z_250nm_780V_365T_20s_movie4-01.czi


[Sat May 15 14:57:50 2021]
rule classify_replicated_trajectories:
    input: results/Rad21/2021_02_27_Fbn2_F1RAD21M_488nm_0p5_561nm_0p05_SC8_2X_30z_250nm_780V_365T_20s_2hoursIAA_movie2-01.czi.tracks_corrected.csv, results/Rad21/2021_02_27_Fbn2_F1RAD21M_488nm_0p5_561nm_0p05_SC8_2X_30z_250nm_780V_365T_20s_2hoursIAA_movie2-01.czi.dot_volumes.pkl
    output: results/Rad21/2021_02_27_Fbn2_F1RAD21M_488nm_0p5_561nm_0p05_SC8_2X_30z_250nm_780V_365T_20s_2hoursIAA_movie2-01.czi.tracks_ML.csv
    jobid: 1602
    wildcards: sample_group=Rad21, sample_name=2021_02_27_Fbn2_F1RAD21M_488nm_0p5_561nm_0p05_SC8_2X_30z_250nm_780V_365T_20s_2hoursIAA_movie2-01.czi

[Sat May 15 14:57:50 2021]
Finished job 1153.
8 of 827 steps (0.97%) done

[Sat May 15 14:57:50 2021]
rule classify_replicated_trajectories:
    input: results/C36/2020_09_25_Fbn2_C36_488nm_0p5_561nm_0p05_SC8_2X_30z_250nm_780V_365T_20s_movie6-01_processed_low.czi.tracks_corrected.csv, results/C36/2020_09_25_Fbn2_C36_488nm_0p5_561nm_0p05_SC8_2X_30z_250nm_780V_365T_20s_movie6-01_processed_low.czi.dot_volumes.pkl
    output: results/C36/2020_09_25_Fbn2_C36_488nm_0p5_561nm_0p05_SC8_2X_30z_250nm_780V_365T_20s_movie6-01_processed_low.czi.tracks_ML.csv
    jobid: 1396
    wildcards: sample_group=C36, sample_name=2020_09_25_Fbn2_C36_488nm_0p5_561nm_0p05_SC8_2X_30z_250nm_780V_365T_20s_movie6-01_processed_low.czi

[Sat May 15 14:57:50 2021]
rule classify_replicated_trajectories:
    input: results/Rad21/2021_02_20_bn2_F1Rad21M_488nm_0p5_561nm_0p05_SC8_2X_30z_250nm_780V_365T_20s_4hoursIAA_movie1-01.czi.tracks_corrected.csv, results/Rad21/2021_02_20_bn2_F1Rad21M_488nm_0p5_561nm_0p05_SC8_2X_30z_250nm_780V_365T_20s_4hoursIAA_movie1-01.czi.dot_volumes.pkl
    output: results/Rad21/2021_02_20_bn2_F1Rad21M_488nm_0p5_561nm_0p05_SC8_2X_30z_250nm_780V_365T_20s_4hoursIAA_movie1-01.czi.tracks_ML.csv
    jobid: 1671
    wildcards: sample_group=Rad21, sample_name=2021_02_20_bn2_F1Rad21M_488nm_0p5_561nm_0p05_SC8_2X_30z_250nm_780V_365T_20s_4hoursIAA_movie1-01.czi


[Sat May 15 14:57:50 2021]
rule classify_replicated_trajectories:
    input: results/Rad21/2021_05_04_Fbn2_RAD21_twohoursIAA_488nm_0p5_561nm_0p05_SC8_2X_30z_250nm_780V_365T_20s_movie3-01.czi.tracks_corrected.csv, results/Rad21/2021_05_04_Fbn2_RAD21_twohoursIAA_488nm_0p5_561nm_0p05_SC8_2X_30z_250nm_780V_365T_20s_movie3-01.czi.dot_volumes.pkl
    output: results/Rad21/2021_05_04_Fbn2_RAD21_twohoursIAA_488nm_0p5_561nm_0p05_SC8_2X_30z_250nm_780V_365T_20s_movie3-01.czi.tracks_ML.csv
    jobid: 1566
    wildcards: sample_group=Rad21, sample_name=2021_05_04_Fbn2_RAD21_twohoursIAA_488nm_0p5_561nm_0p05_SC8_2X_30z_250nm_780V_365T_20s_movie3-01.czi

[Sat May 15 14:57:50 2021]
Finished job 1309.
9 of 827 steps (1%) done
[Sat May 15 14:57:50 2021]
Finished job 1312.
10 of 827 steps (1%) done
[Sat May 15 14:57:50 2021]
Finished job 1324.
11 of 827 steps (1%) done
[Sat May 15 14:57:50 2021]
Finished job 1080.
12 of 827 steps (1%) done

[Sat May 15 14:57:50 2021]
rule classify_replicated_trajectories:
    input: results/Rad21/2020_10_22_Fbn2_F1Rad21M_488nm_0p5_561nm_0p05_SC8_2X_30z_250nm_780V_365T_20s_movie1-01_processed_low.czi.tracks_corrected.csv, results/Rad21/2020_10_22_Fbn2_F1Rad21M_488nm_0p5_561nm_0p05_SC8_2X_30z_250nm_780V_365T_20s_movie1-01_processed_low.czi.dot_volumes.pkl
    output: results/Rad21/2020_10_22_Fbn2_F1Rad21M_488nm_0p5_561nm_0p05_SC8_2X_30z_250nm_780V_365T_20s_movie1-01_processed_low.czi.tracks_ML.csv
    jobid: 1722
    wildcards: sample_group=Rad21, sample_name=2020_10_22_Fbn2_F1Rad21M_488nm_0p5_561nm_0p05_SC8_2X_30z_250nm_780V_365T_20s_movie1-01_processed_low.czi

[Sat May 15 14:57:50 2021]
rule classify_replicated_trajectories:
    input: results/Rad21/2021_02_21_Fbn2_F1Rad21M_488nm_0p5_561nm_0p05_SC8_2X_30z_250nm_780V_365T_20s_2hoursIAA_movie1-01.czi.tracks_corrected.csv, results/Rad21/2021_02_21_Fbn2_F1Rad21M_488nm_0p5_561nm_0p05_SC8_2X_30z_250nm_780V_365T_20s_2hoursIAA_movie1-01.czi.dot_volumes.pkl
    output: results/Rad21/2021_02_21_Fbn2_F1Rad21M_488nm_0p5_561nm_0p05_SC8_2X_30z_250nm_780V_365T_20s_2hoursIAA_movie1-01.czi.tracks_ML.csv
    jobid: 1661
    wildcards: sample_group=Rad21, sample_name=2021_02_21_Fbn2_F1Rad21M_488nm_0p5_561nm_0p05_SC8_2X_30z_250nm_780V_365T_20s_2hoursIAA_movie1-01.czi


[Sat May 15 14:57:50 2021]
rule classify_replicated_trajectories:
    input: results/Rad21/2020_10_22_Fbn2_F1Rad21M_noIAA_488nm_0p5_561nm_0p05_SC8_2X_30z_250nm_780V_365T_20s_movie1-01_processed_low.czi.tracks_corrected.csv, results/Rad21/2020_10_22_Fbn2_F1Rad21M_noIAA_488nm_0p5_561nm_0p05_SC8_2X_30z_250nm_780V_365T_20s_movie1-01_processed_low.czi.dot_volumes.pkl
    output: results/Rad21/2020_10_22_Fbn2_F1Rad21M_noIAA_488nm_0p5_561nm_0p05_SC8_2X_30z_250nm_780V_365T_20s_movie1-01_processed_low.czi.tracks_ML.csv
    jobid: 1737
    wildcards: sample_group=Rad21, sample_name=2020_10_22_Fbn2_F1Rad21M_noIAA_488nm_0p5_561nm_0p05_SC8_2X_30z_250nm_780V_365T_20s_movie1-01_processed_low.czi

[Sat May 15 14:57:50 2021]
Finished job 979.
13 of 827 steps (2%) done

[Sat May 15 14:57:50 2021]
rule classify_replicated_trajectories:
    input: results/C27/2020_09_11_Fbn2_C27_488nm_0p5_561nm_0p05_SC8_2X_30z_250nm_780V_365T_20s_movie4-01_processed_low.czi.tracks_corrected.csv, results/C27/2020_09_11_Fbn2_C27_488nm_0p5_561nm_0p05_SC8_2X_30z_250nm_780V_365T_20s_movie4-01_processed_low.czi.dot_volumes.pkl
    output: results/C27/2020_09_11_Fbn2_C27_488nm_0p5_561nm_0p05_SC8_2X_30z_250nm_780V_365T_20s_movie4-01_processed_low.czi.tracks_ML.csv
    jobid: 1493
    wildcards: sample_group=C27, sample_name=2020_09_11_Fbn2_C27_488nm_0p5_561nm_0p05_SC8_2X_30z_250nm_780V_365T_20s_movie4-01_processed_low.czi

[Sat May 15 14:57:50 2021]
Finished job 1099.
14 of 827 steps (2%) done
[Sat May 15 14:57:50 2021]
Finished job 1087.
15 of 827 steps (2%) done

[Sat May 15 14:57:50 2021]
rule classify_replicated_trajectories:
    input: results/C36/2020_10_03_Fbn2_C36_488nm_0p5_561nm_0p05_SC8_2X_30z_250nm_780V_365T_20s_movie5-01_processed_low.czi.tracks_corrected.csv, results/C36/2020_10_03_Fbn2_C36_488nm_0p5_561nm_0p05_SC8_2X_30z_250nm_780V_365T_20s_movie5-01_processed_low.czi.dot_volumes.pkl
    output: results/C36/2020_10_03_Fbn2_C36_488nm_0p5_561nm_0p05_SC8_2X_30z_250nm_780V_365T_20s_movie5-01_processed_low.czi.tracks_ML.csv
    jobid: 1392
    wildcards: sample_group=C36, sample_name=2020_10_03_Fbn2_C36_488nm_0p5_561nm_0p05_SC8_2X_30z_250nm_780V_365T_20s_movie5-01_processed_low.czi

[Sat May 15 14:57:50 2021]
rule classify_replicated_trajectories:
    input: results/C27/2020_09_17_Fbn2_C27_488nm_0p5_561nm_0p05_SC8_2X_30z_250nm_780V_365T_20s_movie5-01_processed_low.czi.tracks_corrected.csv, results/C27/2020_09_17_Fbn2_C27_488nm_0p5_561nm_0p05_SC8_2X_30z_250nm_780V_365T_20s_movie5-01_processed_low.czi.dot_volumes.pkl
    output: results/C27/2020_09_17_Fbn2_C27_488nm_0p5_561nm_0p05_SC8_2X_30z_250nm_780V_365T_20s_movie5-01_processed_low.czi.tracks_ML.csv
    jobid: 1512
    wildcards: sample_group=C27, sample_name=2020_09_17_Fbn2_C27_488nm_0p5_561nm_0p05_SC8_2X_30z_250nm_780V_365T_20s_movie5-01_processed_low.czi

[Sat May 15 14:57:50 2021]
Finished job 1018.
16 of 827 steps (2%) done

[Sat May 15 14:57:50 2021]
rule classify_replicated_trajectories:
    input: results/C27/2020_09_15_Fbn2_C27_488nm_0p5_561nm_0p05_SC8_2X_30z_250nm_780V_365T_20s_movie6-01_processed_low.czi.tracks_corrected.csv, results/C27/2020_09_15_Fbn2_C27_488nm_0p5_561nm_0p05_SC8_2X_30z_250nm_780V_365T_20s_movie6-01_processed_low.czi.dot_volumes.pkl
    output: results/C27/2020_09_15_Fbn2_C27_488nm_0p5_561nm_0p05_SC8_2X_30z_250nm_780V_365T_20s_movie6-01_processed_low.czi.tracks_ML.csv
    jobid: 1500
    wildcards: sample_group=C27, sample_name=2020_09_15_Fbn2_C27_488nm_0p5_561nm_0p05_SC8_2X_30z_250nm_780V_365T_20s_movie6-01_processed_low.czi


[Sat May 15 14:57:50 2021]
rule classify_replicated_trajectories:
    input: results/C36/2020_09_28_Fbn2_C36_488nm_0p5_561nm_0p05_SC8_2X_30z_250nm_780V_365T_20s_movie1-01_processed_low.czi.tracks_corrected.csv, results/C36/2020_09_28_Fbn2_C36_488nm_0p5_561nm_0p05_SC8_2X_30z_250nm_780V_365T_20s_movie1-01_processed_low.czi.dot_volumes.pkl
    output: results/C36/2020_09_28_Fbn2_C36_488nm_0p5_561nm_0p05_SC8_2X_30z_250nm_780V_365T_20s_movie1-01_processed_low.czi.tracks_ML.csv
    jobid: 1431
    wildcards: sample_group=C36, sample_name=2020_09_28_Fbn2_C36_488nm_0p5_561nm_0p05_SC8_2X_30z_250nm_780V_365T_20s_movie1-01_processed_low.czi

[Sat May 15 14:57:50 2021]
Finished job 1100.
17 of 827 steps (2%) done

[Sat May 15 14:57:50 2021]
rule classify_replicated_trajectories:
    input: results/C27/2020_09_17_Fbn2_C27_488nm_0p5_561nm_0p05_SC8_2X_30z_250nm_780V_365T_20s_movie6-01_processed_low.czi.tracks_corrected.csv, results/C27/2020_09_17_Fbn2_C27_488nm_0p5_561nm_0p05_SC8_2X_30z_250nm_780V_365T_20s_movie6-01_processed_low.czi.dot_volumes.pkl
    output: results/C27/2020_09_17_Fbn2_C27_488nm_0p5_561nm_0p05_SC8_2X_30z_250nm_780V_365T_20s_movie6-01_processed_low.czi.tracks_ML.csv
    jobid: 1513
    wildcards: sample_group=C27, sample_name=2020_09_17_Fbn2_C27_488nm_0p5_561nm_0p05_SC8_2X_30z_250nm_780V_365T_20s_movie6-01_processed_low.czi

[Sat May 15 14:57:50 2021]
Finished job 1085.
18 of 827 steps (2%) done
[Sat May 15 14:57:50 2021]
Finished job 1311.
19 of 827 steps (2%) done
[Sat May 15 14:57:50 2021]
Finished job 1102.
20 of 827 steps (2%) done

[Sat May 15 14:57:50 2021]
rule classify_replicated_trajectories:
    input: results/C27/2020_09_17_Fbn2_C27_488nm_0p5_561nm_0p05_SC8_2X_30z_250nm_780V_365T_20s_movie4-01_processed_low.czi.tracks_corrected.csv, results/C27/2020_09_17_Fbn2_C27_488nm_0p5_561nm_0p05_SC8_2X_30z_250nm_780V_365T_20s_movie4-01_processed_low.czi.dot_volumes.pkl
    output: results/C27/2020_09_17_Fbn2_C27_488nm_0p5_561nm_0p05_SC8_2X_30z_250nm_780V_365T_20s_movie4-01_processed_low.czi.tracks_ML.csv
    jobid: 1498
    wildcards: sample_group=C27, sample_name=2020_09_17_Fbn2_C27_488nm_0p5_561nm_0p05_SC8_2X_30z_250nm_780V_365T_20s_movie4-01_processed_low.czi

[Sat May 15 14:57:50 2021]
rule classify_replicated_trajectories:
    input: results/Rad21/2021_05_06_Fbn2_RAD21_twohoursIAA_488nm_0p5_561nm_0p05_SC8_2X_30z_250nm_780V_365T_20s_movie3-01.czi.tracks_corrected.csv, results/Rad21/2021_05_06_Fbn2_RAD21_twohoursIAA_488nm_0p5_561nm_0p05_SC8_2X_30z_250nm_780V_365T_20s_movie3-01.czi.dot_volumes.pkl
    output: results/Rad21/2021_05_06_Fbn2_RAD21_twohoursIAA_488nm_0p5_561nm_0p05_SC8_2X_30z_250nm_780V_365T_20s_movie3-01.czi.tracks_ML.csv
    jobid: 1724
    wildcards: sample_group=Rad21, sample_name=2021_05_06_Fbn2_RAD21_twohoursIAA_488nm_0p5_561nm_0p05_SC8_2X_30z_250nm_780V_365T_20s_movie3-01.czi


[Sat May 15 14:57:50 2021]
rule classify_replicated_trajectories:
    input: results/Rad21/2020_10_25_Fbn2_F1Rad21M_noIAA_488nm_0p5_561nm_0p05_SC8_2X_30z_250nm_780V_360T_20s_movie1-01_processed_low.czi.tracks_corrected.csv, results/Rad21/2020_10_25_Fbn2_F1Rad21M_noIAA_488nm_0p5_561nm_0p05_SC8_2X_30z_250nm_780V_360T_20s_movie1-01_processed_low.czi.dot_volumes.pkl
    output: results/Rad21/2020_10_25_Fbn2_F1Rad21M_noIAA_488nm_0p5_561nm_0p05_SC8_2X_30z_250nm_780V_360T_20s_movie1-01_processed_low.czi.tracks_ML.csv
    jobid: 1725
    wildcards: sample_group=Rad21, sample_name=2020_10_25_Fbn2_F1Rad21M_noIAA_488nm_0p5_561nm_0p05_SC8_2X_30z_250nm_780V_360T_20s_movie1-01_processed_low.czi

[Sat May 15 14:57:51 2021]
Finished job 1259.
21 of 827 steps (3%) done

[Sat May 15 14:57:51 2021]
rule classify_replicated_trajectories:
    input: results/C27/2020_09_21_Fbn2_C27_488nm_0p5_561nm_0p05_SC8_2X_30z_250nm_780V_365T_20s_movie5-01_processed_low.czi.tracks_corrected.csv, results/C27/2020_09_21_Fbn2_C27_488nm_0p5_561nm_0p05_SC8_2X_30z_250nm_780V_365T_20s_movie5-01_processed_low.czi.dot_volumes.pkl
    output: results/C27/2020_09_21_Fbn2_C27_488nm_0p5_561nm_0p05_SC8_2X_30z_250nm_780V_365T_20s_movie5-01_processed_low.czi.tracks_ML.csv
    jobid: 1515
    wildcards: sample_group=C27, sample_name=2020_09_21_Fbn2_C27_488nm_0p5_561nm_0p05_SC8_2X_30z_250nm_780V_365T_20s_movie5-01_processed_low.czi

[Sat May 15 14:57:52 2021]
Error in rule classify_replicated_trajectories:
    jobid: 1582
    output: results/Rad21/2021_05_06_Fbn2_RAD21_twohoursIAA_488nm_0p5_561nm_0p05_SC8_2X_30z_250nm_780V_365T_20s_movie5-01.czi.tracks_ML.csv

RuleException:
CalledProcessError in line 159 of /home/hbrandao/libs/data_analysis_Fbn2/snakemake/workflow/snakefile_beads:
Command 'set -euo pipefail;  /home/hbrandao/anaconda3/bin/python /home/hbrandao/libs/data_analysis_Fbn2/snakemake/workflow/.snakemake/scripts/tmppiq1joiu.classify_dots_by_CNN.py' returned non-zero exit status 1.
  File "/home/hbrandao/anaconda3/lib/python3.7/site-packages/snakemake/executors/__init__.py", line 2347, in run_wrapper
  File "/home/hbrandao/libs/data_analysis_Fbn2/snakemake/workflow/snakefile_beads", line 159, in __rule_classify_replicated_trajectories
  File "/home/hbrandao/anaconda3/lib/python3.7/site-packages/snakemake/executors/__init__.py", line 568, in _callback
  File "/home/hbrandao/anaconda3/lib/python3.7/concurrent/futures/thread.py", line 57, in run
  File "/home/hbrandao/anaconda3/lib/python3.7/site-packages/snakemake/executors/__init__.py", line 554, in cached_or_run
  File "/home/hbrandao/anaconda3/lib/python3.7/site-packages/snakemake/executors/__init__.py", line 2359, in run_wrapper
[Sat May 15 14:57:52 2021]
Error in rule classify_replicated_trajectories:
    jobid: 1569
    output: results/Rad21/2021_05_09_Fbn2_RAD21_twohoursIAA_488nm_0p5_561nm_0p05_SC8_2X_30z_250nm_780V_365T_20s_movie4-01.czi.tracks_ML.csv

RuleException:
CalledProcessError in line 159 of /home/hbrandao/libs/data_analysis_Fbn2/snakemake/workflow/snakefile_beads:
Command 'set -euo pipefail;  /home/hbrandao/anaconda3/bin/python /home/hbrandao/libs/data_analysis_Fbn2/snakemake/workflow/.snakemake/scripts/tmppnz9m2oq.classify_dots_by_CNN.py' returned non-zero exit status 1.
  File "/home/hbrandao/anaconda3/lib/python3.7/site-packages/snakemake/executors/__init__.py", line 2347, in run_wrapper
  File "/home/hbrandao/libs/data_analysis_Fbn2/snakemake/workflow/snakefile_beads", line 159, in __rule_classify_replicated_trajectories
  File "/home/hbrandao/anaconda3/lib/python3.7/site-packages/snakemake/executors/__init__.py", line 568, in _callback
  File "/home/hbrandao/anaconda3/lib/python3.7/concurrent/futures/thread.py", line 57, in run
  File "/home/hbrandao/anaconda3/lib/python3.7/site-packages/snakemake/executors/__init__.py", line 554, in cached_or_run
  File "/home/hbrandao/anaconda3/lib/python3.7/site-packages/snakemake/executors/__init__.py", line 2359, in run_wrapper
[Sat May 15 14:57:52 2021]
[Sat May 15 14:57:52 2021]
Error in rule classify_replicated_trajectories:
Error in rule classify_replicated_trajectories:
    jobid: 1602
    jobid: 1651
    output: results/Rad21/2021_02_27_Fbn2_F1RAD21M_488nm_0p5_561nm_0p05_SC8_2X_30z_250nm_780V_365T_20s_2hoursIAA_movie2-01.czi.tracks_ML.csv
    output: results/Rad21/2021_05_05_Fbn2_RAD21_twohoursIAA_488nm_0p5_561nm_0p05_SC8_2X_30z_250nm_780V_365T_20s_movie1-01.czi.tracks_ML.csv


RuleException:
CalledProcessError in line 159 of /home/hbrandao/libs/data_analysis_Fbn2/snakemake/workflow/snakefile_beads:
Command 'set -euo pipefail;  /home/hbrandao/anaconda3/bin/python /home/hbrandao/libs/data_analysis_Fbn2/snakemake/workflow/.snakemake/scripts/tmp5_djn7p5.classify_dots_by_CNN.py' returned non-zero exit status 1.
  File "/home/hbrandao/anaconda3/lib/python3.7/site-packages/snakemake/executors/__init__.py", line 2347, in run_wrapper
  File "/home/hbrandao/libs/data_analysis_Fbn2/snakemake/workflow/snakefile_beads", line 159, in __rule_classify_replicated_trajectories
  File "/home/hbrandao/anaconda3/lib/python3.7/site-packages/snakemake/executors/__init__.py", line 568, in _callback
  File "/home/hbrandao/anaconda3/lib/python3.7/concurrent/futures/thread.py", line 57, in run
  File "/home/hbrandao/anaconda3/lib/python3.7/site-packages/snakemake/executors/__init__.py", line 554, in cached_or_run
  File "/home/hbrandao/anaconda3/lib/python3.7/site-packages/snakemake/executors/__init__.py", line 2359, in run_wrapper
RuleException:
CalledProcessError in line 159 of /home/hbrandao/libs/data_analysis_Fbn2/snakemake/workflow/snakefile_beads:
Command 'set -euo pipefail;  /home/hbrandao/anaconda3/bin/python /home/hbrandao/libs/data_analysis_Fbn2/snakemake/workflow/.snakemake/scripts/tmpey_80gaz.classify_dots_by_CNN.py' returned non-zero exit status 1.
  File "/home/hbrandao/anaconda3/lib/python3.7/site-packages/snakemake/executors/__init__.py", line 2347, in run_wrapper
  File "/home/hbrandao/libs/data_analysis_Fbn2/snakemake/workflow/snakefile_beads", line 159, in __rule_classify_replicated_trajectories
  File "/home/hbrandao/anaconda3/lib/python3.7/site-packages/snakemake/executors/__init__.py", line 568, in _callback
  File "/home/hbrandao/anaconda3/lib/python3.7/concurrent/futures/thread.py", line 57, in run
  File "/home/hbrandao/anaconda3/lib/python3.7/site-packages/snakemake/executors/__init__.py", line 554, in cached_or_run
  File "/home/hbrandao/anaconda3/lib/python3.7/site-packages/snakemake/executors/__init__.py", line 2359, in run_wrapper
[Sat May 15 14:57:52 2021]
Error in rule classify_replicated_trajectories:
    jobid: 1396
    output: results/C36/2020_09_25_Fbn2_C36_488nm_0p5_561nm_0p05_SC8_2X_30z_250nm_780V_365T_20s_movie6-01_processed_low.czi.tracks_ML.csv

RuleException:
CalledProcessError in line 159 of /home/hbrandao/libs/data_analysis_Fbn2/snakemake/workflow/snakefile_beads:
Command 'set -euo pipefail;  /home/hbrandao/anaconda3/bin/python /home/hbrandao/libs/data_analysis_Fbn2/snakemake/workflow/.snakemake/scripts/tmpjn5fyqvi.classify_dots_by_CNN.py' returned non-zero exit status 1.
  File "/home/hbrandao/anaconda3/lib/python3.7/site-packages/snakemake/executors/__init__.py", line 2347, in run_wrapper
  File "/home/hbrandao/libs/data_analysis_Fbn2/snakemake/workflow/snakefile_beads", line 159, in __rule_classify_replicated_trajectories
  File "/home/hbrandao/anaconda3/lib/python3.7/site-packages/snakemake/executors/__init__.py", line 568, in _callback
  File "/home/hbrandao/anaconda3/lib/python3.7/concurrent/futures/thread.py", line 57, in run
  File "/home/hbrandao/anaconda3/lib/python3.7/site-packages/snakemake/executors/__init__.py", line 554, in cached_or_run
  File "/home/hbrandao/anaconda3/lib/python3.7/site-packages/snakemake/executors/__init__.py", line 2359, in run_wrapper
[Sat May 15 14:57:52 2021]
Error in rule classify_replicated_trajectories:
    jobid: 1671
    output: results/Rad21/2021_02_20_bn2_F1Rad21M_488nm_0p5_561nm_0p05_SC8_2X_30z_250nm_780V_365T_20s_4hoursIAA_movie1-01.czi.tracks_ML.csv

RuleException:
CalledProcessError in line 159 of /home/hbrandao/libs/data_analysis_Fbn2/snakemake/workflow/snakefile_beads:
Command 'set -euo pipefail;  /home/hbrandao/anaconda3/bin/python /home/hbrandao/libs/data_analysis_Fbn2/snakemake/workflow/.snakemake/scripts/tmpfo6pgjq2.classify_dots_by_CNN.py' returned non-zero exit status 1.
  File "/home/hbrandao/anaconda3/lib/python3.7/site-packages/snakemake/executors/__init__.py", line 2347, in run_wrapper
  File "/home/hbrandao/libs/data_analysis_Fbn2/snakemake/workflow/snakefile_beads", line 159, in __rule_classify_replicated_trajectories
  File "/home/hbrandao/anaconda3/lib/python3.7/site-packages/snakemake/executors/__init__.py", line 568, in _callback
  File "/home/hbrandao/anaconda3/lib/python3.7/concurrent/futures/thread.py", line 57, in run
  File "/home/hbrandao/anaconda3/lib/python3.7/site-packages/snakemake/executors/__init__.py", line 554, in cached_or_run
  File "/home/hbrandao/anaconda3/lib/python3.7/site-packages/snakemake/executors/__init__.py", line 2359, in run_wrapper
[Sat May 15 14:57:52 2021]
Error in rule classify_replicated_trajectories:
    jobid: 1566
    output: results/Rad21/2021_05_04_Fbn2_RAD21_twohoursIAA_488nm_0p5_561nm_0p05_SC8_2X_30z_250nm_780V_365T_20s_movie3-01.czi.tracks_ML.csv

RuleException:
CalledProcessError in line 159 of /home/hbrandao/libs/data_analysis_Fbn2/snakemake/workflow/snakefile_beads:
Command 'set -euo pipefail;  /home/hbrandao/anaconda3/bin/python /home/hbrandao/libs/data_analysis_Fbn2/snakemake/workflow/.snakemake/scripts/tmpfbqavrf9.classify_dots_by_CNN.py' returned non-zero exit status 1.
  File "/home/hbrandao/anaconda3/lib/python3.7/site-packages/snakemake/executors/__init__.py", line 2347, in run_wrapper
  File "/home/hbrandao/libs/data_analysis_Fbn2/snakemake/workflow/snakefile_beads", line 159, in __rule_classify_replicated_trajectories
  File "/home/hbrandao/anaconda3/lib/python3.7/site-packages/snakemake/executors/__init__.py", line 568, in _callback
  File "/home/hbrandao/anaconda3/lib/python3.7/concurrent/futures/thread.py", line 57, in run
  File "/home/hbrandao/anaconda3/lib/python3.7/site-packages/snakemake/executors/__init__.py", line 554, in cached_or_run
  File "/home/hbrandao/anaconda3/lib/python3.7/site-packages/snakemake/executors/__init__.py", line 2359, in run_wrapper
[Sat May 15 14:57:52 2021]
Error in rule classify_replicated_trajectories:
    jobid: 1661
    output: results/Rad21/2021_02_21_Fbn2_F1Rad21M_488nm_0p5_561nm_0p05_SC8_2X_30z_250nm_780V_365T_20s_2hoursIAA_movie1-01.czi.tracks_ML.csv

RuleException:
CalledProcessError in line 159 of /home/hbrandao/libs/data_analysis_Fbn2/snakemake/workflow/snakefile_beads:
Command 'set -euo pipefail;  /home/hbrandao/anaconda3/bin/python /home/hbrandao/libs/data_analysis_Fbn2/snakemake/workflow/.snakemake/scripts/tmp3quac24q.classify_dots_by_CNN.py' returned non-zero exit status 1.
  File "/home/hbrandao/anaconda3/lib/python3.7/site-packages/snakemake/executors/__init__.py", line 2347, in run_wrapper
  File "/home/hbrandao/libs/data_analysis_Fbn2/snakemake/workflow/snakefile_beads", line 159, in __rule_classify_replicated_trajectories
  File "/home/hbrandao/anaconda3/lib/python3.7/site-packages/snakemake/executors/__init__.py", line 568, in _callback
  File "/home/hbrandao/anaconda3/lib/python3.7/concurrent/futures/thread.py", line 57, in run
  File "/home/hbrandao/anaconda3/lib/python3.7/site-packages/snakemake/executors/__init__.py", line 554, in cached_or_run
  File "/home/hbrandao/anaconda3/lib/python3.7/site-packages/snakemake/executors/__init__.py", line 2359, in run_wrapper
[Sat May 15 14:57:52 2021]
Error in rule classify_replicated_trajectories:
    jobid: 1737
    output: results/Rad21/2020_10_22_Fbn2_F1Rad21M_noIAA_488nm_0p5_561nm_0p05_SC8_2X_30z_250nm_780V_365T_20s_movie1-01_processed_low.czi.tracks_ML.csv

RuleException:
CalledProcessError in line 159 of /home/hbrandao/libs/data_analysis_Fbn2/snakemake/workflow/snakefile_beads:
Command 'set -euo pipefail;  /home/hbrandao/anaconda3/bin/python /home/hbrandao/libs/data_analysis_Fbn2/snakemake/workflow/.snakemake/scripts/tmpgtq5ubj9.classify_dots_by_CNN.py' returned non-zero exit status 1.
  File "/home/hbrandao/anaconda3/lib/python3.7/site-packages/snakemake/executors/__init__.py", line 2347, in run_wrapper
  File "/home/hbrandao/libs/data_analysis_Fbn2/snakemake/workflow/snakefile_beads", line 159, in __rule_classify_replicated_trajectories
  File "/home/hbrandao/anaconda3/lib/python3.7/site-packages/snakemake/executors/__init__.py", line 568, in _callback
  File "/home/hbrandao/anaconda3/lib/python3.7/concurrent/futures/thread.py", line 57, in run
  File "/home/hbrandao/anaconda3/lib/python3.7/site-packages/snakemake/executors/__init__.py", line 554, in cached_or_run
  File "/home/hbrandao/anaconda3/lib/python3.7/site-packages/snakemake/executors/__init__.py", line 2359, in run_wrapper
[Sat May 15 14:57:52 2021]
Error in rule classify_replicated_trajectories:
    jobid: 1493
    output: results/C27/2020_09_11_Fbn2_C27_488nm_0p5_561nm_0p05_SC8_2X_30z_250nm_780V_365T_20s_movie4-01_processed_low.czi.tracks_ML.csv

RuleException:
CalledProcessError in line 159 of /home/hbrandao/libs/data_analysis_Fbn2/snakemake/workflow/snakefile_beads:
Command 'set -euo pipefail;  /home/hbrandao/anaconda3/bin/python /home/hbrandao/libs/data_analysis_Fbn2/snakemake/workflow/.snakemake/scripts/tmprmh4xxrh.classify_dots_by_CNN.py' returned non-zero exit status 1.
  File "/home/hbrandao/anaconda3/lib/python3.7/site-packages/snakemake/executors/__init__.py", line 2347, in run_wrapper
  File "/home/hbrandao/libs/data_analysis_Fbn2/snakemake/workflow/snakefile_beads", line 159, in __rule_classify_replicated_trajectories
  File "/home/hbrandao/anaconda3/lib/python3.7/site-packages/snakemake/executors/__init__.py", line 568, in _callback
  File "/home/hbrandao/anaconda3/lib/python3.7/concurrent/futures/thread.py", line 57, in run
  File "/home/hbrandao/anaconda3/lib/python3.7/site-packages/snakemake/executors/__init__.py", line 554, in cached_or_run
  File "/home/hbrandao/anaconda3/lib/python3.7/site-packages/snakemake/executors/__init__.py", line 2359, in run_wrapper
[Sat May 15 14:57:52 2021]
Error in rule classify_replicated_trajectories:
    jobid: 1500
    output: results/C27/2020_09_15_Fbn2_C27_488nm_0p5_561nm_0p05_SC8_2X_30z_250nm_780V_365T_20s_movie6-01_processed_low.czi.tracks_ML.csv

RuleException:
CalledProcessError in line 159 of /home/hbrandao/libs/data_analysis_Fbn2/snakemake/workflow/snakefile_beads:
Command 'set -euo pipefail;  /home/hbrandao/anaconda3/bin/python /home/hbrandao/libs/data_analysis_Fbn2/snakemake/workflow/.snakemake/scripts/tmpwo4uot_s.classify_dots_by_CNN.py' returned non-zero exit status 1.
  File "/home/hbrandao/anaconda3/lib/python3.7/site-packages/snakemake/executors/__init__.py", line 2347, in run_wrapper
  File "/home/hbrandao/libs/data_analysis_Fbn2/snakemake/workflow/snakefile_beads", line 159, in __rule_classify_replicated_trajectories
  File "/home/hbrandao/anaconda3/lib/python3.7/site-packages/snakemake/executors/__init__.py", line 568, in _callback
  File "/home/hbrandao/anaconda3/lib/python3.7/concurrent/futures/thread.py", line 57, in run
  File "/home/hbrandao/anaconda3/lib/python3.7/site-packages/snakemake/executors/__init__.py", line 554, in cached_or_run
  File "/home/hbrandao/anaconda3/lib/python3.7/site-packages/snakemake/executors/__init__.py", line 2359, in run_wrapper
[Sat May 15 14:57:52 2021]
Error in rule classify_replicated_trajectories:
    jobid: 1722
    output: results/Rad21/2020_10_22_Fbn2_F1Rad21M_488nm_0p5_561nm_0p05_SC8_2X_30z_250nm_780V_365T_20s_movie1-01_processed_low.czi.tracks_ML.csv

RuleException:
CalledProcessError in line 159 of /home/hbrandao/libs/data_analysis_Fbn2/snakemake/workflow/snakefile_beads:
Command 'set -euo pipefail;  /home/hbrandao/anaconda3/bin/python /home/hbrandao/libs/data_analysis_Fbn2/snakemake/workflow/.snakemake/scripts/tmpqwz6rb3w.classify_dots_by_CNN.py' returned non-zero exit status 1.
  File "/home/hbrandao/anaconda3/lib/python3.7/site-packages/snakemake/executors/__init__.py", line 2347, in run_wrapper
  File "/home/hbrandao/libs/data_analysis_Fbn2/snakemake/workflow/snakefile_beads", line 159, in __rule_classify_replicated_trajectories
  File "/home/hbrandao/anaconda3/lib/python3.7/site-packages/snakemake/executors/__init__.py", line 568, in _callback
  File "/home/hbrandao/anaconda3/lib/python3.7/concurrent/futures/thread.py", line 57, in run
  File "/home/hbrandao/anaconda3/lib/python3.7/site-packages/snakemake/executors/__init__.py", line 554, in cached_or_run
  File "/home/hbrandao/anaconda3/lib/python3.7/site-packages/snakemake/executors/__init__.py", line 2359, in run_wrapper
[Sat May 15 14:57:52 2021]
Error in rule classify_replicated_trajectories:
    jobid: 1392
    output: results/C36/2020_10_03_Fbn2_C36_488nm_0p5_561nm_0p05_SC8_2X_30z_250nm_780V_365T_20s_movie5-01_processed_low.czi.tracks_ML.csv

RuleException:
CalledProcessError in line 159 of /home/hbrandao/libs/data_analysis_Fbn2/snakemake/workflow/snakefile_beads:
Command 'set -euo pipefail;  /home/hbrandao/anaconda3/bin/python /home/hbrandao/libs/data_analysis_Fbn2/snakemake/workflow/.snakemake/scripts/tmp5uxvx63b.classify_dots_by_CNN.py' returned non-zero exit status 1.
  File "/home/hbrandao/anaconda3/lib/python3.7/site-packages/snakemake/executors/__init__.py", line 2347, in run_wrapper
  File "/home/hbrandao/libs/data_analysis_Fbn2/snakemake/workflow/snakefile_beads", line 159, in __rule_classify_replicated_trajectories
  File "/home/hbrandao/anaconda3/lib/python3.7/site-packages/snakemake/executors/__init__.py", line 568, in _callback
  File "/home/hbrandao/anaconda3/lib/python3.7/concurrent/futures/thread.py", line 57, in run
  File "/home/hbrandao/anaconda3/lib/python3.7/site-packages/snakemake/executors/__init__.py", line 554, in cached_or_run
  File "/home/hbrandao/anaconda3/lib/python3.7/site-packages/snakemake/executors/__init__.py", line 2359, in run_wrapper
[Sat May 15 14:57:52 2021]
Error in rule classify_replicated_trajectories:
    jobid: 1512
    output: results/C27/2020_09_17_Fbn2_C27_488nm_0p5_561nm_0p05_SC8_2X_30z_250nm_780V_365T_20s_movie5-01_processed_low.czi.tracks_ML.csv

RuleException:
CalledProcessError in line 159 of /home/hbrandao/libs/data_analysis_Fbn2/snakemake/workflow/snakefile_beads:
Command 'set -euo pipefail;  /home/hbrandao/anaconda3/bin/python /home/hbrandao/libs/data_analysis_Fbn2/snakemake/workflow/.snakemake/scripts/tmp97ntkmxc.classify_dots_by_CNN.py' returned non-zero exit status 1.
  File "/home/hbrandao/anaconda3/lib/python3.7/site-packages/snakemake/executors/__init__.py", line 2347, in run_wrapper
  File "/home/hbrandao/libs/data_analysis_Fbn2/snakemake/workflow/snakefile_beads", line 159, in __rule_classify_replicated_trajectories
  File "/home/hbrandao/anaconda3/lib/python3.7/site-packages/snakemake/executors/__init__.py", line 568, in _callback
  File "/home/hbrandao/anaconda3/lib/python3.7/concurrent/futures/thread.py", line 57, in run
  File "/home/hbrandao/anaconda3/lib/python3.7/site-packages/snakemake/executors/__init__.py", line 554, in cached_or_run
  File "/home/hbrandao/anaconda3/lib/python3.7/site-packages/snakemake/executors/__init__.py", line 2359, in run_wrapper
[Sat May 15 14:57:52 2021]
Error in rule classify_replicated_trajectories:
    jobid: 1513
    output: results/C27/2020_09_17_Fbn2_C27_488nm_0p5_561nm_0p05_SC8_2X_30z_250nm_780V_365T_20s_movie6-01_processed_low.czi.tracks_ML.csv

RuleException:
CalledProcessError in line 159 of /home/hbrandao/libs/data_analysis_Fbn2/snakemake/workflow/snakefile_beads:
Command 'set -euo pipefail;  /home/hbrandao/anaconda3/bin/python /home/hbrandao/libs/data_analysis_Fbn2/snakemake/workflow/.snakemake/scripts/tmpu509bjrv.classify_dots_by_CNN.py' returned non-zero exit status 1.
  File "/home/hbrandao/anaconda3/lib/python3.7/site-packages/snakemake/executors/__init__.py", line 2347, in run_wrapper
  File "/home/hbrandao/libs/data_analysis_Fbn2/snakemake/workflow/snakefile_beads", line 159, in __rule_classify_replicated_trajectories
  File "/home/hbrandao/anaconda3/lib/python3.7/site-packages/snakemake/executors/__init__.py", line 568, in _callback
  File "/home/hbrandao/anaconda3/lib/python3.7/concurrent/futures/thread.py", line 57, in run
  File "/home/hbrandao/anaconda3/lib/python3.7/site-packages/snakemake/executors/__init__.py", line 554, in cached_or_run
  File "/home/hbrandao/anaconda3/lib/python3.7/site-packages/snakemake/executors/__init__.py", line 2359, in run_wrapper
[Sat May 15 14:57:52 2021]
Error in rule classify_replicated_trajectories:
    jobid: 1431
    output: results/C36/2020_09_28_Fbn2_C36_488nm_0p5_561nm_0p05_SC8_2X_30z_250nm_780V_365T_20s_movie1-01_processed_low.czi.tracks_ML.csv

RuleException:
CalledProcessError in line 159 of /home/hbrandao/libs/data_analysis_Fbn2/snakemake/workflow/snakefile_beads:
Command 'set -euo pipefail;  /home/hbrandao/anaconda3/bin/python /home/hbrandao/libs/data_analysis_Fbn2/snakemake/workflow/.snakemake/scripts/tmpmbuev65l.classify_dots_by_CNN.py' returned non-zero exit status 1.
  File "/home/hbrandao/anaconda3/lib/python3.7/site-packages/snakemake/executors/__init__.py", line 2347, in run_wrapper
  File "/home/hbrandao/libs/data_analysis_Fbn2/snakemake/workflow/snakefile_beads", line 159, in __rule_classify_replicated_trajectories
  File "/home/hbrandao/anaconda3/lib/python3.7/site-packages/snakemake/executors/__init__.py", line 568, in _callback
  File "/home/hbrandao/anaconda3/lib/python3.7/concurrent/futures/thread.py", line 57, in run
  File "/home/hbrandao/anaconda3/lib/python3.7/site-packages/snakemake/executors/__init__.py", line 554, in cached_or_run
  File "/home/hbrandao/anaconda3/lib/python3.7/site-packages/snakemake/executors/__init__.py", line 2359, in run_wrapper
[Sat May 15 14:57:52 2021]
Error in rule classify_replicated_trajectories:
    jobid: 1724
    output: results/Rad21/2021_05_06_Fbn2_RAD21_twohoursIAA_488nm_0p5_561nm_0p05_SC8_2X_30z_250nm_780V_365T_20s_movie3-01.czi.tracks_ML.csv

RuleException:
CalledProcessError in line 159 of /home/hbrandao/libs/data_analysis_Fbn2/snakemake/workflow/snakefile_beads:
Command 'set -euo pipefail;  /home/hbrandao/anaconda3/bin/python /home/hbrandao/libs/data_analysis_Fbn2/snakemake/workflow/.snakemake/scripts/tmpt156tsjr.classify_dots_by_CNN.py' returned non-zero exit status 1.
  File "/home/hbrandao/anaconda3/lib/python3.7/site-packages/snakemake/executors/__init__.py", line 2347, in run_wrapper
  File "/home/hbrandao/libs/data_analysis_Fbn2/snakemake/workflow/snakefile_beads", line 159, in __rule_classify_replicated_trajectories
  File "/home/hbrandao/anaconda3/lib/python3.7/site-packages/snakemake/executors/__init__.py", line 568, in _callback
  File "/home/hbrandao/anaconda3/lib/python3.7/concurrent/futures/thread.py", line 57, in run
  File "/home/hbrandao/anaconda3/lib/python3.7/site-packages/snakemake/executors/__init__.py", line 554, in cached_or_run
  File "/home/hbrandao/anaconda3/lib/python3.7/site-packages/snakemake/executors/__init__.py", line 2359, in run_wrapper
[Sat May 15 14:57:52 2021]
Error in rule classify_replicated_trajectories:
    jobid: 1498
    output: results/C27/2020_09_17_Fbn2_C27_488nm_0p5_561nm_0p05_SC8_2X_30z_250nm_780V_365T_20s_movie4-01_processed_low.czi.tracks_ML.csv

RuleException:
CalledProcessError in line 159 of /home/hbrandao/libs/data_analysis_Fbn2/snakemake/workflow/snakefile_beads:
Command 'set -euo pipefail;  /home/hbrandao/anaconda3/bin/python /home/hbrandao/libs/data_analysis_Fbn2/snakemake/workflow/.snakemake/scripts/tmppldk1kxo.classify_dots_by_CNN.py' returned non-zero exit status 1.
  File "/home/hbrandao/anaconda3/lib/python3.7/site-packages/snakemake/executors/__init__.py", line 2347, in run_wrapper
  File "/home/hbrandao/libs/data_analysis_Fbn2/snakemake/workflow/snakefile_beads", line 159, in __rule_classify_replicated_trajectories
  File "/home/hbrandao/anaconda3/lib/python3.7/site-packages/snakemake/executors/__init__.py", line 568, in _callback
  File "/home/hbrandao/anaconda3/lib/python3.7/concurrent/futures/thread.py", line 57, in run
  File "/home/hbrandao/anaconda3/lib/python3.7/site-packages/snakemake/executors/__init__.py", line 554, in cached_or_run
  File "/home/hbrandao/anaconda3/lib/python3.7/site-packages/snakemake/executors/__init__.py", line 2359, in run_wrapper
[Sat May 15 14:57:53 2021]
Error in rule classify_replicated_trajectories:
    jobid: 1725
    output: results/Rad21/2020_10_25_Fbn2_F1Rad21M_noIAA_488nm_0p5_561nm_0p05_SC8_2X_30z_250nm_780V_360T_20s_movie1-01_processed_low.czi.tracks_ML.csv

RuleException:
CalledProcessError in line 159 of /home/hbrandao/libs/data_analysis_Fbn2/snakemake/workflow/snakefile_beads:
Command 'set -euo pipefail;  /home/hbrandao/anaconda3/bin/python /home/hbrandao/libs/data_analysis_Fbn2/snakemake/workflow/.snakemake/scripts/tmpbhjpf91p.classify_dots_by_CNN.py' returned non-zero exit status 1.
  File "/home/hbrandao/anaconda3/lib/python3.7/site-packages/snakemake/executors/__init__.py", line 2347, in run_wrapper
  File "/home/hbrandao/libs/data_analysis_Fbn2/snakemake/workflow/snakefile_beads", line 159, in __rule_classify_replicated_trajectories
  File "/home/hbrandao/anaconda3/lib/python3.7/site-packages/snakemake/executors/__init__.py", line 568, in _callback
  File "/home/hbrandao/anaconda3/lib/python3.7/concurrent/futures/thread.py", line 57, in run
  File "/home/hbrandao/anaconda3/lib/python3.7/site-packages/snakemake/executors/__init__.py", line 554, in cached_or_run
  File "/home/hbrandao/anaconda3/lib/python3.7/site-packages/snakemake/executors/__init__.py", line 2359, in run_wrapper
[Sat May 15 14:57:53 2021]
Error in rule classify_replicated_trajectories:
    jobid: 1515
    output: results/C27/2020_09_21_Fbn2_C27_488nm_0p5_561nm_0p05_SC8_2X_30z_250nm_780V_365T_20s_movie5-01_processed_low.czi.tracks_ML.csv

RuleException:
CalledProcessError in line 159 of /home/hbrandao/libs/data_analysis_Fbn2/snakemake/workflow/snakefile_beads:
Command 'set -euo pipefail;  /home/hbrandao/anaconda3/bin/python /home/hbrandao/libs/data_analysis_Fbn2/snakemake/workflow/.snakemake/scripts/tmpza0gzmrc.classify_dots_by_CNN.py' returned non-zero exit status 1.
  File "/home/hbrandao/anaconda3/lib/python3.7/site-packages/snakemake/executors/__init__.py", line 2347, in run_wrapper
  File "/home/hbrandao/libs/data_analysis_Fbn2/snakemake/workflow/snakefile_beads", line 159, in __rule_classify_replicated_trajectories
  File "/home/hbrandao/anaconda3/lib/python3.7/site-packages/snakemake/executors/__init__.py", line 568, in _callback
  File "/home/hbrandao/anaconda3/lib/python3.7/concurrent/futures/thread.py", line 57, in run
  File "/home/hbrandao/anaconda3/lib/python3.7/site-packages/snakemake/executors/__init__.py", line 554, in cached_or_run
  File "/home/hbrandao/anaconda3/lib/python3.7/site-packages/snakemake/executors/__init__.py", line 2359, in run_wrapper
Shutting down, this might take some time.
Exiting because a job execution failed. Look above for error message
Complete log: /home/hbrandao/libs/data_analysis_Fbn2/snakemake/workflow/.snakemake/log/2021-05-15T145734.921595.snakemake.log
