Building DAG of jobs...
Using shell: /bin/bash
Provided cores: 10
Rules claiming more threads will be scaled down.
Job counts:
	count	jobs
	1	all
	2	filter_4D
	2	load_and_filter
	5

[Sat Feb 27 14:07:20 2021]
rule load_and_filter:
    input: /mnt/md0/Hansen Lab Dropbox/DataStorage/Imaging/Fbn2/processed/2020_12_A/2020_12_08_BEADS_488nm_1p5_561nm_1p5_SC8_2X_20z_160nm_780V_20T_0s_movie2-01_processed_low.czi, /mnt/md0/Hansen Lab Dropbox/DataStorage/Imaging/Fbn2/processed/2020_12_A/2020_12_07_BEADS_488nm_1p5_561nm_1p5_SC8_2X_20z_160nm_780V_20T_0s_movie3-01_processed_low.czi
    output: results/2020_12_08_BEADS_488nm_1p5_561nm_1p5_SC8_2X_20z_160nm_780V_20T_0s_movie2-01_processed_low.czi.ch0.npy, results/2020_12_08_BEADS_488nm_1p5_561nm_1p5_SC8_2X_20z_160nm_780V_20T_0s_movie2-01_processed_low.czi.ch1.npy
    jobid: 2
    wildcards: sample=2020_12_08_BEADS_488nm_1p5_561nm_1p5_SC8_2X_20z_160nm_780V_20T_0s_movie2-01_processed_low.czi

[Sat Feb 27 14:07:20 2021]
rule load_and_filter:
    input: /mnt/md0/Hansen Lab Dropbox/DataStorage/Imaging/Fbn2/processed/2020_12_A/2020_12_08_BEADS_488nm_1p5_561nm_1p5_SC8_2X_20z_160nm_780V_20T_0s_movie2-01_processed_low.czi, /mnt/md0/Hansen Lab Dropbox/DataStorage/Imaging/Fbn2/processed/2020_12_A/2020_12_07_BEADS_488nm_1p5_561nm_1p5_SC8_2X_20z_160nm_780V_20T_0s_movie3-01_processed_low.czi
    output: results/2020_12_07_BEADS_488nm_1p5_561nm_1p5_SC8_2X_20z_160nm_780V_20T_0s_movie3-01_processed_low.czi.ch0.npy, results/2020_12_07_BEADS_488nm_1p5_561nm_1p5_SC8_2X_20z_160nm_780V_20T_0s_movie3-01_processed_low.czi.ch1.npy
    jobid: 4
    wildcards: sample=2020_12_07_BEADS_488nm_1p5_561nm_1p5_SC8_2X_20z_160nm_780V_20T_0s_movie3-01_processed_low.czi

[Sat Feb 27 14:07:29 2021]
Finished job 4.
1 of 5 steps (20%) done

[Sat Feb 27 14:07:29 2021]
rule filter_4D:
    input: results/2020_12_07_BEADS_488nm_1p5_561nm_1p5_SC8_2X_20z_160nm_780V_20T_0s_movie3-01_processed_low.czi.ch0.npy, results/2020_12_07_BEADS_488nm_1p5_561nm_1p5_SC8_2X_20z_160nm_780V_20T_0s_movie3-01_processed_low.czi.ch1.npy
    output: results/2020_12_07_BEADS_488nm_1p5_561nm_1p5_SC8_2X_20z_160nm_780V_20T_0s_movie3-01_processed_low.czi.ch0.filt.npy, results/2020_12_07_BEADS_488nm_1p5_561nm_1p5_SC8_2X_20z_160nm_780V_20T_0s_movie3-01_processed_low.czi.ch1.filt.npy
    jobid: 3
    wildcards: sample=2020_12_07_BEADS_488nm_1p5_561nm_1p5_SC8_2X_20z_160nm_780V_20T_0s_movie3-01_processed_low.czi

[Sat Feb 27 14:07:30 2021]
Finished job 2.
2 of 5 steps (40%) done

[Sat Feb 27 14:07:30 2021]
rule filter_4D:
    input: results/2020_12_08_BEADS_488nm_1p5_561nm_1p5_SC8_2X_20z_160nm_780V_20T_0s_movie2-01_processed_low.czi.ch0.npy, results/2020_12_08_BEADS_488nm_1p5_561nm_1p5_SC8_2X_20z_160nm_780V_20T_0s_movie2-01_processed_low.czi.ch1.npy
    output: results/2020_12_08_BEADS_488nm_1p5_561nm_1p5_SC8_2X_20z_160nm_780V_20T_0s_movie2-01_processed_low.czi.ch0.filt.npy, results/2020_12_08_BEADS_488nm_1p5_561nm_1p5_SC8_2X_20z_160nm_780V_20T_0s_movie2-01_processed_low.czi.ch1.filt.npy
    jobid: 1
    wildcards: sample=2020_12_08_BEADS_488nm_1p5_561nm_1p5_SC8_2X_20z_160nm_780V_20T_0s_movie2-01_processed_low.czi

[Sat Feb 27 14:07:43 2021]
Finished job 3.
3 of 5 steps (60%) done
[Sat Feb 27 14:07:43 2021]
Finished job 1.
4 of 5 steps (80%) done

[Sat Feb 27 14:07:43 2021]
localrule all:
    input: results/2020_12_08_BEADS_488nm_1p5_561nm_1p5_SC8_2X_20z_160nm_780V_20T_0s_movie2-01_processed_low.czi.ch0.filt.npy, results/2020_12_08_BEADS_488nm_1p5_561nm_1p5_SC8_2X_20z_160nm_780V_20T_0s_movie2-01_processed_low.czi.ch1.filt.npy, results/2020_12_07_BEADS_488nm_1p5_561nm_1p5_SC8_2X_20z_160nm_780V_20T_0s_movie3-01_processed_low.czi.ch0.filt.npy, results/2020_12_07_BEADS_488nm_1p5_561nm_1p5_SC8_2X_20z_160nm_780V_20T_0s_movie3-01_processed_low.czi.ch1.filt.npy
    jobid: 0

[Sat Feb 27 14:07:43 2021]
Finished job 0.
5 of 5 steps (100%) done
Complete log: /home/hbrandao/libs/data_analysis_Fbn2/snakemake/workflow/.snakemake/log/2021-02-27T140720.281529.snakemake.log
