Building DAG of jobs...
Using shell: /bin/bash
Provided cores: 1 (use --cores to define parallelism)
Rules claiming more threads will be scaled down.
Provided resources: mem_mb=240
Job counts:
	count	jobs
	1	all
	2	get_trajectories_from_timeseries
	72	make_MIP_movies_from_trajectories
	75

[Wed May 12 10:14:51 2021]
rule make_MIP_movies_from_trajectories:
    input: /mnt/md0/Hansen Lab Dropbox/DataStorage/Imaging/Fbn2/processed/2021_02_C/2021_02_20_bn2_F1Rad21M_488nm_0p5_561nm_0p05_SC8_2X_30z_250nm_780V_365T_20s_4hoursIAA_movie1-01.czi, results/Rad21/2021_02_20_bn2_F1Rad21M_488nm_0p5_561nm_0p05_SC8_2X_30z_250nm_780V_365T_20s_4hoursIAA_movie1-01.czi.tracks.csv
    output: results/Rad21/2021_02_20_bn2_F1Rad21M_488nm_0p5_561nm_0p05_SC8_2X_30z_250nm_780V_365T_20s_4hoursIAA_movie1-01.czi.movie.mp4
    jobid: 274
    wildcards: group=Rad21, sample=2021_02_20_bn2_F1Rad21M_488nm_0p5_561nm_0p05_SC8_2X_30z_250nm_780V_365T_20s_4hoursIAA_movie1-01.czi

Job failed, going on with independent jobs.

[Wed May 12 10:17:13 2021]
rule make_MIP_movies_from_trajectories:
    input: /mnt/md0/Hansen Lab Dropbox/DataStorage/Imaging/Fbn2/processed/2021_02_C/2021_02_27_Fbn2_F1RAD21M_488nm_0p5_561nm_0p05_SC8_2X_30z_250nm_780V_365T_20s_2hoursIAA_movie1-01.czi, results/Rad21/2021_02_27_Fbn2_F1RAD21M_488nm_0p5_561nm_0p05_SC8_2X_30z_250nm_780V_365T_20s_2hoursIAA_movie1-01.czi.tracks.csv
    output: results/Rad21/2021_02_27_Fbn2_F1RAD21M_488nm_0p5_561nm_0p05_SC8_2X_30z_250nm_780V_365T_20s_2hoursIAA_movie1-01.czi.movie.mp4
    jobid: 258
    wildcards: group=Rad21, sample=2021_02_27_Fbn2_F1RAD21M_488nm_0p5_561nm_0p05_SC8_2X_30z_250nm_780V_365T_20s_2hoursIAA_movie1-01.czi

Terminating processes on user request, this might take some time.
Cancelling snakemake on user request.
