Building DAG of jobs...
Using shell: /bin/bash
Provided cores: 1 (use --cores to define parallelism)
Rules claiming more threads will be scaled down.
Provided resources: mem_mb=240
Job counts:
	count	jobs
	1	all
	22	get_trajectories_from_timeseries
	23

[Mon May 17 23:05:09 2021]
rule get_trajectories_from_timeseries:
    input: /mnt/md0/Hansen Lab Dropbox/DataStorage/Imaging/Fbn2/processed/2021_05_reprocessed/2020_12_09_Rad21F1M_fourhoursIAA_488nm_0p5_561nm_0p05_SC8_2X_30z_250nm_SC8_780V_365T_20s_movie3-01.czi
    output: results/Rad21_4_hr/2020_12_09_Rad21F1M_fourhoursIAA_488nm_0p5_561nm_0p05_SC8_2X_30z_250nm_SC8_780V_365T_20s_movie3-01.czi.tracks.csv, results/Rad21_4_hr/2020_12_09_Rad21F1M_fourhoursIAA_488nm_0p5_561nm_0p05_SC8_2X_30z_250nm_SC8_780V_365T_20s_movie3-01.czi.dot_volumes.pkl
    jobid: 158
    wildcards: group=Rad21_4_hr, sample=2020_12_09_Rad21F1M_fourhoursIAA_488nm_0p5_561nm_0p05_SC8_2X_30z_250nm_SC8_780V_365T_20s_movie3-01.czi
    resources: mem_gb=200

[Mon May 17 23:26:06 2021]
Finished job 158.
1 of 23 steps (4%) done

[Mon May 17 23:26:06 2021]
rule get_trajectories_from_timeseries:
    input: /mnt/md0/Hansen Lab Dropbox/DataStorage/Imaging/Fbn2/processed/2021_05_D/2021_05_14_Fbn2_CTCF_noIAA_488nm_0p5_561nm_0p05_SC8_2X_30z_250nm_780V_365T_20s_movie1-01.czi
    output: results/CTCF_0_hr/2021_05_14_Fbn2_CTCF_noIAA_488nm_0p5_561nm_0p05_SC8_2X_30z_250nm_780V_365T_20s_movie1-01.czi.tracks.csv, results/CTCF_0_hr/2021_05_14_Fbn2_CTCF_noIAA_488nm_0p5_561nm_0p05_SC8_2X_30z_250nm_780V_365T_20s_movie1-01.czi.dot_volumes.pkl
    jobid: 214
    wildcards: group=CTCF_0_hr, sample=2021_05_14_Fbn2_CTCF_noIAA_488nm_0p5_561nm_0p05_SC8_2X_30z_250nm_780V_365T_20s_movie1-01.czi
    resources: mem_gb=200

[Mon May 17 23:38:26 2021]
Finished job 214.
2 of 23 steps (9%) done

[Mon May 17 23:38:26 2021]
rule get_trajectories_from_timeseries:
    input: /mnt/md0/Hansen Lab Dropbox/DataStorage/Imaging/Fbn2/processed/2021_05_D/2021_05_14_Fbn2_CTCF_fourhoursIAA_488nm_0p5_561nm_0p05_SC8_2X_30z_250nm_780V_365T_20s_movie1-01.czi
    output: results/CTCF_4_hr/2021_05_14_Fbn2_CTCF_fourhoursIAA_488nm_0p5_561nm_0p05_SC8_2X_30z_250nm_780V_365T_20s_movie1-01.czi.tracks.csv, results/CTCF_4_hr/2021_05_14_Fbn2_CTCF_fourhoursIAA_488nm_0p5_561nm_0p05_SC8_2X_30z_250nm_780V_365T_20s_movie1-01.czi.dot_volumes.pkl
    jobid: 257
    wildcards: group=CTCF_4_hr, sample=2021_05_14_Fbn2_CTCF_fourhoursIAA_488nm_0p5_561nm_0p05_SC8_2X_30z_250nm_780V_365T_20s_movie1-01.czi
    resources: mem_gb=200

[Mon May 17 23:52:42 2021]
Finished job 257.
3 of 23 steps (13%) done

[Mon May 17 23:52:42 2021]
rule get_trajectories_from_timeseries:
    input: /mnt/md0/Hansen Lab Dropbox/DataStorage/Imaging/Fbn2/processed/2021_05_D/2021_05_14_Fbn2_CTCF_fourhoursIAA_488nm_0p5_561nm_0p05_SC8_2X_30z_250nm_780V_365T_20s_movie2-02.czi
    output: results/CTCF_4_hr/2021_05_14_Fbn2_CTCF_fourhoursIAA_488nm_0p5_561nm_0p05_SC8_2X_30z_250nm_780V_365T_20s_movie2-02.czi.tracks.csv, results/CTCF_4_hr/2021_05_14_Fbn2_CTCF_fourhoursIAA_488nm_0p5_561nm_0p05_SC8_2X_30z_250nm_780V_365T_20s_movie2-02.czi.dot_volumes.pkl
    jobid: 256
    wildcards: group=CTCF_4_hr, sample=2021_05_14_Fbn2_CTCF_fourhoursIAA_488nm_0p5_561nm_0p05_SC8_2X_30z_250nm_780V_365T_20s_movie2-02.czi
    resources: mem_gb=200

[Tue May 18 00:13:11 2021]
Finished job 256.
4 of 23 steps (17%) done

[Tue May 18 00:13:11 2021]
rule get_trajectories_from_timeseries:
    input: /mnt/md0/Hansen Lab Dropbox/DataStorage/Imaging/Fbn2/processed/2021_05_C/2021_05_16_Fbn2_CTCF_twohoursIAA_488nm_0p5_561nm_0p05_SC8_2X_30z_250nm_780V_365T_20s_movie1-01.czi
    output: results/CTCF_2_hr/2021_05_16_Fbn2_CTCF_twohoursIAA_488nm_0p5_561nm_0p05_SC8_2X_30z_250nm_780V_365T_20s_movie1-01.czi.tracks.csv, results/CTCF_2_hr/2021_05_16_Fbn2_CTCF_twohoursIAA_488nm_0p5_561nm_0p05_SC8_2X_30z_250nm_780V_365T_20s_movie1-01.czi.dot_volumes.pkl
    jobid: 239
    wildcards: group=CTCF_2_hr, sample=2021_05_16_Fbn2_CTCF_twohoursIAA_488nm_0p5_561nm_0p05_SC8_2X_30z_250nm_780V_365T_20s_movie1-01.czi
    resources: mem_gb=200

[Tue May 18 01:06:52 2021]
Finished job 239.
5 of 23 steps (22%) done

[Tue May 18 01:06:52 2021]
rule get_trajectories_from_timeseries:
    input: /mnt/md0/Hansen Lab Dropbox/DataStorage/Imaging/Fbn2/processed/2021_05_D/2021_05_14_Fbn2_CTCF_twohoursIAA_488nm_0p5_561nm_0p05_SC8_2X_30z_250nm_780V_365T_20s_movie1-01.czi
    output: results/CTCF_2_hr/2021_05_14_Fbn2_CTCF_twohoursIAA_488nm_0p5_561nm_0p05_SC8_2X_30z_250nm_780V_365T_20s_movie1-01.czi.tracks.csv, results/CTCF_2_hr/2021_05_14_Fbn2_CTCF_twohoursIAA_488nm_0p5_561nm_0p05_SC8_2X_30z_250nm_780V_365T_20s_movie1-01.czi.dot_volumes.pkl
    jobid: 236
    wildcards: group=CTCF_2_hr, sample=2021_05_14_Fbn2_CTCF_twohoursIAA_488nm_0p5_561nm_0p05_SC8_2X_30z_250nm_780V_365T_20s_movie1-01.czi
    resources: mem_gb=200

[Tue May 18 01:37:32 2021]
Finished job 236.
6 of 23 steps (26%) done

[Tue May 18 01:37:32 2021]
rule get_trajectories_from_timeseries:
    input: /mnt/md0/Hansen Lab Dropbox/DataStorage/Imaging/Fbn2/processed/2021_05_E/2021_05_17_Fbn2_CTCF_fourhoursIAA_488nm_0p5_561nm_0p05_SC8_2X_30z_250nm_780V_365T_20s_movie1-02.czi
    output: results/CTCF_4_hr/2021_05_17_Fbn2_CTCF_fourhoursIAA_488nm_0p5_561nm_0p05_SC8_2X_30z_250nm_780V_365T_20s_movie1-02.czi.tracks.csv, results/CTCF_4_hr/2021_05_17_Fbn2_CTCF_fourhoursIAA_488nm_0p5_561nm_0p05_SC8_2X_30z_250nm_780V_365T_20s_movie1-02.czi.dot_volumes.pkl
    jobid: 252
    wildcards: group=CTCF_4_hr, sample=2021_05_17_Fbn2_CTCF_fourhoursIAA_488nm_0p5_561nm_0p05_SC8_2X_30z_250nm_780V_365T_20s_movie1-02.czi
    resources: mem_gb=200

[Tue May 18 02:12:21 2021]
Finished job 252.
7 of 23 steps (30%) done

[Tue May 18 02:12:21 2021]
rule get_trajectories_from_timeseries:
    input: /mnt/md0/Hansen Lab Dropbox/DataStorage/Imaging/Fbn2/processed/2021_05_C/2021_05_16_Fbn2_CTCF_twohoursIAA_488nm_0p5_561nm_0p05_SC8_2X_30z_250nm_780V_365T_20s_movie1-02.czi
    output: results/CTCF_2_hr/2021_05_16_Fbn2_CTCF_twohoursIAA_488nm_0p5_561nm_0p05_SC8_2X_30z_250nm_780V_365T_20s_movie1-02.czi.tracks.csv, results/CTCF_2_hr/2021_05_16_Fbn2_CTCF_twohoursIAA_488nm_0p5_561nm_0p05_SC8_2X_30z_250nm_780V_365T_20s_movie1-02.czi.dot_volumes.pkl
    jobid: 238
    wildcards: group=CTCF_2_hr, sample=2021_05_16_Fbn2_CTCF_twohoursIAA_488nm_0p5_561nm_0p05_SC8_2X_30z_250nm_780V_365T_20s_movie1-02.czi
    resources: mem_gb=200

[Tue May 18 02:36:51 2021]
Finished job 238.
8 of 23 steps (35%) done

[Tue May 18 02:36:51 2021]
rule get_trajectories_from_timeseries:
    input: /mnt/md0/Hansen Lab Dropbox/DataStorage/Imaging/Fbn2/processed/2021_05_D/2021_05_15_Fbn2_CTCF_noIAA_488nm_0p5_561nm_0p05_SC8_2X_30z_250nm_780V_365T_20s_movie1-01.czi
    output: results/CTCF_0_hr/2021_05_15_Fbn2_CTCF_noIAA_488nm_0p5_561nm_0p05_SC8_2X_30z_250nm_780V_365T_20s_movie1-01.czi.tracks.csv, results/CTCF_0_hr/2021_05_15_Fbn2_CTCF_noIAA_488nm_0p5_561nm_0p05_SC8_2X_30z_250nm_780V_365T_20s_movie1-01.czi.dot_volumes.pkl
    jobid: 215
    wildcards: group=CTCF_0_hr, sample=2021_05_15_Fbn2_CTCF_noIAA_488nm_0p5_561nm_0p05_SC8_2X_30z_250nm_780V_365T_20s_movie1-01.czi
    resources: mem_gb=200

[Tue May 18 03:01:48 2021]
Finished job 215.
9 of 23 steps (39%) done

[Tue May 18 03:01:48 2021]
rule get_trajectories_from_timeseries:
    input: /mnt/md0/Hansen Lab Dropbox/DataStorage/Imaging/Fbn2/processed/2021_05_C/2021_05_16_Fbn2_CTCF_noIAA_488nm_0p5_561nm_0p05_SC8_2X_30z_250nm_780V_365T_20s_movie1-01.czi
    output: results/CTCF_0_hr/2021_05_16_Fbn2_CTCF_noIAA_488nm_0p5_561nm_0p05_SC8_2X_30z_250nm_780V_365T_20s_movie1-01.czi.tracks.csv, results/CTCF_0_hr/2021_05_16_Fbn2_CTCF_noIAA_488nm_0p5_561nm_0p05_SC8_2X_30z_250nm_780V_365T_20s_movie1-01.czi.dot_volumes.pkl
    jobid: 216
    wildcards: group=CTCF_0_hr, sample=2021_05_16_Fbn2_CTCF_noIAA_488nm_0p5_561nm_0p05_SC8_2X_30z_250nm_780V_365T_20s_movie1-01.czi
    resources: mem_gb=200

[Tue May 18 03:35:50 2021]
Finished job 216.
10 of 23 steps (43%) done

[Tue May 18 03:35:50 2021]
rule get_trajectories_from_timeseries:
    input: /mnt/md0/Hansen Lab Dropbox/DataStorage/Imaging/Fbn2/processed/2021_05_D/2021_05_15_Fbn2_CTCF_twohoursIAA_488nm_0p5_561nm_0p05_SC8_2X_30z_250nm_780V_365T_20s_movie2-01.czi
    output: results/CTCF_2_hr/2021_05_15_Fbn2_CTCF_twohoursIAA_488nm_0p5_561nm_0p05_SC8_2X_30z_250nm_780V_365T_20s_movie2-01.czi.tracks.csv, results/CTCF_2_hr/2021_05_15_Fbn2_CTCF_twohoursIAA_488nm_0p5_561nm_0p05_SC8_2X_30z_250nm_780V_365T_20s_movie2-01.czi.dot_volumes.pkl
    jobid: 234
    wildcards: group=CTCF_2_hr, sample=2021_05_15_Fbn2_CTCF_twohoursIAA_488nm_0p5_561nm_0p05_SC8_2X_30z_250nm_780V_365T_20s_movie2-01.czi
    resources: mem_gb=200

[Tue May 18 04:58:53 2021]
Finished job 234.
11 of 23 steps (48%) done

[Tue May 18 04:58:53 2021]
rule get_trajectories_from_timeseries:
    input: /mnt/md0/Hansen Lab Dropbox/DataStorage/Imaging/Fbn2/processed/2021_05_D/2021_05_14_Fbn2_CTCF_twohoursIAA_488nm_0p5_561nm_0p05_SC8_2X_30z_250nm_780V_365T_20s_movie2-01.czi
    output: results/CTCF_2_hr/2021_05_14_Fbn2_CTCF_twohoursIAA_488nm_0p5_561nm_0p05_SC8_2X_30z_250nm_780V_365T_20s_movie2-01.czi.tracks.csv, results/CTCF_2_hr/2021_05_14_Fbn2_CTCF_twohoursIAA_488nm_0p5_561nm_0p05_SC8_2X_30z_250nm_780V_365T_20s_movie2-01.czi.dot_volumes.pkl
    jobid: 235
    wildcards: group=CTCF_2_hr, sample=2021_05_14_Fbn2_CTCF_twohoursIAA_488nm_0p5_561nm_0p05_SC8_2X_30z_250nm_780V_365T_20s_movie2-01.czi
    resources: mem_gb=200

[Tue May 18 05:16:43 2021]
Finished job 235.
12 of 23 steps (52%) done

[Tue May 18 05:16:43 2021]
rule get_trajectories_from_timeseries:
    input: /mnt/md0/Hansen Lab Dropbox/DataStorage/Imaging/Fbn2/processed/2021_05_D/2021_05_15_Fbn2_CTCF_twohoursIAA_488nm_0p5_561nm_0p05_SC8_2X_30z_250nm_780V_365T_20s_movie1-02.czi
    output: results/CTCF_2_hr/2021_05_15_Fbn2_CTCF_twohoursIAA_488nm_0p5_561nm_0p05_SC8_2X_30z_250nm_780V_365T_20s_movie1-02.czi.tracks.csv, results/CTCF_2_hr/2021_05_15_Fbn2_CTCF_twohoursIAA_488nm_0p5_561nm_0p05_SC8_2X_30z_250nm_780V_365T_20s_movie1-02.czi.dot_volumes.pkl
    jobid: 237
    wildcards: group=CTCF_2_hr, sample=2021_05_15_Fbn2_CTCF_twohoursIAA_488nm_0p5_561nm_0p05_SC8_2X_30z_250nm_780V_365T_20s_movie1-02.czi
    resources: mem_gb=200

[Tue May 18 05:29:05 2021]
Finished job 237.
13 of 23 steps (57%) done

[Tue May 18 05:29:05 2021]
rule get_trajectories_from_timeseries:
    input: /mnt/md0/Hansen Lab Dropbox/DataStorage/Imaging/Fbn2/processed/2021_05_E/2021_05_17_Fbn2_CTCF_twohoursIAA_488nm_0p5_561nm_0p05_SC8_2X_30z_250nm_780V_365T_20s_movie1-02.czi
    output: results/CTCF_2_hr/2021_05_17_Fbn2_CTCF_twohoursIAA_488nm_0p5_561nm_0p05_SC8_2X_30z_250nm_780V_365T_20s_movie1-02.czi.tracks.csv, results/CTCF_2_hr/2021_05_17_Fbn2_CTCF_twohoursIAA_488nm_0p5_561nm_0p05_SC8_2X_30z_250nm_780V_365T_20s_movie1-02.czi.dot_volumes.pkl
    jobid: 233
    wildcards: group=CTCF_2_hr, sample=2021_05_17_Fbn2_CTCF_twohoursIAA_488nm_0p5_561nm_0p05_SC8_2X_30z_250nm_780V_365T_20s_movie1-02.czi
    resources: mem_gb=200

[Tue May 18 05:43:38 2021]
Finished job 233.
14 of 23 steps (61%) done

[Tue May 18 05:43:38 2021]
rule get_trajectories_from_timeseries:
    input: /mnt/md0/Hansen Lab Dropbox/DataStorage/Imaging/Fbn2/processed/2021_05_D/2021_05_15_Fbn2_CTCF_fourhoursIAA_488nm_0p5_561nm_0p05_SC8_2X_30z_250nm_780V_365T_20s_movie1-01.czi
    output: results/CTCF_4_hr/2021_05_15_Fbn2_CTCF_fourhoursIAA_488nm_0p5_561nm_0p05_SC8_2X_30z_250nm_780V_365T_20s_movie1-01.czi.tracks.csv, results/CTCF_4_hr/2021_05_15_Fbn2_CTCF_fourhoursIAA_488nm_0p5_561nm_0p05_SC8_2X_30z_250nm_780V_365T_20s_movie1-01.czi.dot_volumes.pkl
    jobid: 255
    wildcards: group=CTCF_4_hr, sample=2021_05_15_Fbn2_CTCF_fourhoursIAA_488nm_0p5_561nm_0p05_SC8_2X_30z_250nm_780V_365T_20s_movie1-01.czi
    resources: mem_gb=200

[Tue May 18 05:59:02 2021]
Finished job 255.
15 of 23 steps (65%) done

[Tue May 18 05:59:02 2021]
rule get_trajectories_from_timeseries:
    input: /mnt/md0/Hansen Lab Dropbox/DataStorage/Imaging/Fbn2/processed/2021_05_E/2021_05_17_Fbn2_CTCF_fourhoursIAA_488nm_0p5_561nm_0p05_SC8_2X_30z_250nm_780V_365T_20s_movie1-01.czi
    output: results/CTCF_4_hr/2021_05_17_Fbn2_CTCF_fourhoursIAA_488nm_0p5_561nm_0p05_SC8_2X_30z_250nm_780V_365T_20s_movie1-01.czi.tracks.csv, results/CTCF_4_hr/2021_05_17_Fbn2_CTCF_fourhoursIAA_488nm_0p5_561nm_0p05_SC8_2X_30z_250nm_780V_365T_20s_movie1-01.czi.dot_volumes.pkl
    jobid: 253
    wildcards: group=CTCF_4_hr, sample=2021_05_17_Fbn2_CTCF_fourhoursIAA_488nm_0p5_561nm_0p05_SC8_2X_30z_250nm_780V_365T_20s_movie1-01.czi
    resources: mem_gb=200

[Tue May 18 06:23:59 2021]
Finished job 253.
16 of 23 steps (70%) done

[Tue May 18 06:23:59 2021]
rule get_trajectories_from_timeseries:
    input: /mnt/md0/Hansen Lab Dropbox/DataStorage/Imaging/Fbn2/processed/2021_05_D/2021_05_15_Fbn2_CTCF_fourhoursIAA_488nm_0p5_561nm_0p05_SC8_2X_30z_250nm_780V_365T_20s_movie2-01.czi
    output: results/CTCF_4_hr/2021_05_15_Fbn2_CTCF_fourhoursIAA_488nm_0p5_561nm_0p05_SC8_2X_30z_250nm_780V_365T_20s_movie2-01.czi.tracks.csv, results/CTCF_4_hr/2021_05_15_Fbn2_CTCF_fourhoursIAA_488nm_0p5_561nm_0p05_SC8_2X_30z_250nm_780V_365T_20s_movie2-01.czi.dot_volumes.pkl
    jobid: 254
    wildcards: group=CTCF_4_hr, sample=2021_05_15_Fbn2_CTCF_fourhoursIAA_488nm_0p5_561nm_0p05_SC8_2X_30z_250nm_780V_365T_20s_movie2-01.czi
    resources: mem_gb=200

[Tue May 18 06:47:47 2021]
Finished job 254.
17 of 23 steps (74%) done

[Tue May 18 06:47:47 2021]
rule get_trajectories_from_timeseries:
    input: /mnt/md0/Hansen Lab Dropbox/DataStorage/Imaging/Fbn2/processed/2021_05_E/2021_05_17_Fbn2_CTCF_noIAA_488nm_0p5_561nm_0p05_SC8_2X_30z_250nm_780V_365T_20s_movie1-01.czi
    output: results/CTCF_0_hr/2021_05_17_Fbn2_CTCF_noIAA_488nm_0p5_561nm_0p05_SC8_2X_30z_250nm_780V_365T_20s_movie1-01.czi.tracks.csv, results/CTCF_0_hr/2021_05_17_Fbn2_CTCF_noIAA_488nm_0p5_561nm_0p05_SC8_2X_30z_250nm_780V_365T_20s_movie1-01.czi.dot_volumes.pkl
    jobid: 213
    wildcards: group=CTCF_0_hr, sample=2021_05_17_Fbn2_CTCF_noIAA_488nm_0p5_561nm_0p05_SC8_2X_30z_250nm_780V_365T_20s_movie1-01.czi
    resources: mem_gb=200

[Tue May 18 07:00:38 2021]
Finished job 213.
18 of 23 steps (78%) done

[Tue May 18 07:00:38 2021]
rule get_trajectories_from_timeseries:
    input: /mnt/md0/Hansen Lab Dropbox/DataStorage/Imaging/Fbn2/processed/2021_05_E/2021_05_17_Fbn2_CTCF_twohoursIAA_488nm_0p5_561nm_0p05_SC8_2X_30z_250nm_780V_365T_20s_movie1-01.czi
    output: results/CTCF_2_hr/2021_05_17_Fbn2_CTCF_twohoursIAA_488nm_0p5_561nm_0p05_SC8_2X_30z_250nm_780V_365T_20s_movie1-01.czi.tracks.csv, results/CTCF_2_hr/2021_05_17_Fbn2_CTCF_twohoursIAA_488nm_0p5_561nm_0p05_SC8_2X_30z_250nm_780V_365T_20s_movie1-01.czi.dot_volumes.pkl
    jobid: 232
    wildcards: group=CTCF_2_hr, sample=2021_05_17_Fbn2_CTCF_twohoursIAA_488nm_0p5_561nm_0p05_SC8_2X_30z_250nm_780V_365T_20s_movie1-01.czi
    resources: mem_gb=200

[Tue May 18 07:20:21 2021]
Finished job 232.
19 of 23 steps (83%) done

[Tue May 18 07:20:21 2021]
rule get_trajectories_from_timeseries:
    input: /mnt/md0/Hansen Lab Dropbox/DataStorage/Imaging/Fbn2/processed/2021_05_C/2021_05_16_Fbn2_CTCF_fourhoursIAA_488nm_0p5_561nm_0p05_SC8_2X_30z_250nm_780V_365T_20s_movie2-01.czi
    output: results/CTCF_4_hr/2021_05_16_Fbn2_CTCF_fourhoursIAA_488nm_0p5_561nm_0p05_SC8_2X_30z_250nm_780V_365T_20s_movie2-01.czi.tracks.csv, results/CTCF_4_hr/2021_05_16_Fbn2_CTCF_fourhoursIAA_488nm_0p5_561nm_0p05_SC8_2X_30z_250nm_780V_365T_20s_movie2-01.czi.dot_volumes.pkl
    jobid: 260
    wildcards: group=CTCF_4_hr, sample=2021_05_16_Fbn2_CTCF_fourhoursIAA_488nm_0p5_561nm_0p05_SC8_2X_30z_250nm_780V_365T_20s_movie2-01.czi
    resources: mem_gb=200

[Tue May 18 07:35:21 2021]
Finished job 260.
20 of 23 steps (87%) done

[Tue May 18 07:35:21 2021]
rule get_trajectories_from_timeseries:
    input: /mnt/md0/Hansen Lab Dropbox/DataStorage/Imaging/Fbn2/processed/2021_05_C/2021_05_16_Fbn2_CTCF_fourhoursIAA_488nm_0p5_561nm_0p05_SC8_2X_30z_250nm_780V_365T_20s_movie2-02.czi
    output: results/CTCF_4_hr/2021_05_16_Fbn2_CTCF_fourhoursIAA_488nm_0p5_561nm_0p05_SC8_2X_30z_250nm_780V_365T_20s_movie2-02.czi.tracks.csv, results/CTCF_4_hr/2021_05_16_Fbn2_CTCF_fourhoursIAA_488nm_0p5_561nm_0p05_SC8_2X_30z_250nm_780V_365T_20s_movie2-02.czi.dot_volumes.pkl
    jobid: 259
    wildcards: group=CTCF_4_hr, sample=2021_05_16_Fbn2_CTCF_fourhoursIAA_488nm_0p5_561nm_0p05_SC8_2X_30z_250nm_780V_365T_20s_movie2-02.czi
    resources: mem_gb=200

[Tue May 18 07:48:03 2021]
Finished job 259.
21 of 23 steps (91%) done

[Tue May 18 07:48:03 2021]
rule get_trajectories_from_timeseries:
    input: /mnt/md0/Hansen Lab Dropbox/DataStorage/Imaging/Fbn2/processed/2021_05_D/2021_05_14_Fbn2_CTCF_fourhoursIAA_488nm_0p5_561nm_0p05_SC8_2X_30z_250nm_780V_365T_20s_movie2-01.czi
    output: results/CTCF_4_hr/2021_05_14_Fbn2_CTCF_fourhoursIAA_488nm_0p5_561nm_0p05_SC8_2X_30z_250nm_780V_365T_20s_movie2-01.czi.tracks.csv, results/CTCF_4_hr/2021_05_14_Fbn2_CTCF_fourhoursIAA_488nm_0p5_561nm_0p05_SC8_2X_30z_250nm_780V_365T_20s_movie2-01.czi.dot_volumes.pkl
    jobid: 258
    wildcards: group=CTCF_4_hr, sample=2021_05_14_Fbn2_CTCF_fourhoursIAA_488nm_0p5_561nm_0p05_SC8_2X_30z_250nm_780V_365T_20s_movie2-01.czi
    resources: mem_gb=200

Job failed, going on with independent jobs.
Exiting because a job execution failed. Look above for error message
Complete log: /home/hbrandao/libs/data_analysis_Fbn2/snakemake/workflow/.snakemake/log/2021-05-17T230509.144846.snakemake.log
