Building DAG of jobs...
Using shell: /bin/bash
Provided cores: 5
Rules claiming more threads will be scaled down.
Job counts:
	count	jobs
	1	all
	1	wavelet_decomposition_in_4D
	2

[Sat Feb 27 23:21:47 2021]
rule wavelet_decomposition_in_4D:
    input: results/data/2020_09_23_Fbn2_C36_488nm_0p5_561nm_0p05_SC8_2X_30z_250nm_780V_365T_20s_movie3-01_processed_low.czi.ch0_raw.npy, results/data/2020_09_23_Fbn2_C36_488nm_0p5_561nm_0p05_SC8_2X_30z_250nm_780V_365T_20s_movie3-01_processed_low.czi.ch1_raw.npy
    output: results/data/2020_09_23_Fbn2_C36_488nm_0p5_561nm_0p05_SC8_2X_30z_250nm_780V_365T_20s_movie3-01_processed_low.czi.ch0_filt.npy, results/data/2020_09_23_Fbn2_C36_488nm_0p5_561nm_0p05_SC8_2X_30z_250nm_780V_365T_20s_movie3-01_processed_low.czi.ch1_filt.npy
    jobid: 5
    wildcards: sample=2020_09_23_Fbn2_C36_488nm_0p5_561nm_0p05_SC8_2X_30z_250nm_780V_365T_20s_movie3-01_processed_low.czi

[Sat Feb 27 23:34:26 2021]
Finished job 5.
1 of 2 steps (50%) done

[Sat Feb 27 23:34:26 2021]
localrule all:
    input: results/data/2020_08_31_Fbn2_C36_DISH1_488nm_0p5_561nm_0p05_SC8_2X_30z_250nm_780V_365T_20s_movie1-03_processed_low.czi.ch0_filt.npy, results/data/2020_08_31_Fbn2_C36_DISH1_488nm_0p5_561nm_0p05_SC8_2X_30z_250nm_780V_365T_20s_movie1-03_processed_low.czi.ch1_filt.npy, results/data/2020_09_23_Fbn2_C36_488nm_0p5_561nm_0p05_SC8_2X_30z_250nm_780V_365T_20s_movie2-01_processed_low.czi.ch0_filt.npy, results/data/2020_09_23_Fbn2_C36_488nm_0p5_561nm_0p05_SC8_2X_30z_250nm_780V_365T_20s_movie2-01_processed_low.czi.ch1_filt.npy, results/data/2020_09_23_Fbn2_C36_488nm_0p5_561nm_0p05_SC8_2X_30z_250nm_780V_365T_20s_movie3-01_processed_low.czi.ch0_filt.npy, results/data/2020_09_23_Fbn2_C36_488nm_0p5_561nm_0p05_SC8_2X_30z_250nm_780V_365T_20s_movie3-01_processed_low.czi.ch1_filt.npy, results/data/2020_09_04_Fbn2_C36_488nm_0p5_561nm_0p05_SC8_2X_30z_250nm_780V_365T_20s_movie1-01_processed_low.czi.ch0_filt.npy, results/data/2020_09_04_Fbn2_C36_488nm_0p5_561nm_0p05_SC8_2X_30z_250nm_780V_365T_20s_movie1-01_processed_low.czi.ch1_filt.npy
    jobid: 0

[Sat Feb 27 23:34:26 2021]
Finished job 0.
2 of 2 steps (100%) done
Complete log: /home/hbrandao/libs/data_analysis_Fbn2/snakemake/workflow/.snakemake/log/2021-02-27T232146.889800.snakemake.log
