Building DAG of jobs...
Using shell: /bin/bash
Provided cores: 1 (use --cores to define parallelism)
Rules claiming more threads will be scaled down.
Job counts:
	count	jobs
	1	all
	22	get_trajectories_from_timeseries
	23

[Wed Mar  3 10:26:04 2021]
rule get_trajectories_from_timeseries:
    input: /mnt/md0/Hansen Lab Dropbox/DataStorage/Imaging/Fbn2/processed/2020_08_A/2020_09_03_Fbn2_C65_488nm_0p5_561nm_0p05_SC8_2X_30z_250nm_780V_365T_20s_movie4-02_processed_low.czi
    output: results/tracks4/2020_09_03_Fbn2_C65_488nm_0p5_561nm_0p05_SC8_2X_30z_250nm_780V_365T_20s_movie4-02_processed_low.czi.tracks.csv, results/tracks4/2020_09_03_Fbn2_C65_488nm_0p5_561nm_0p05_SC8_2X_30z_250nm_780V_365T_20s_movie4-02_processed_low.czi.dot_volumes.pkl, results/tracks4/2020_09_03_Fbn2_C65_488nm_0p5_561nm_0p05_SC8_2X_30z_250nm_780V_365T_20s_movie4-02_processed_low.czi.movie.mp4, results/tracks4/2020_09_03_Fbn2_C65_488nm_0p5_561nm_0p05_SC8_2X_30z_250nm_780V_365T_20s_movie4-02_processed_low.czi.movie_filt.mp4
    jobid: 1
    wildcards: sample=2020_09_03_Fbn2_C65_488nm_0p5_561nm_0p05_SC8_2X_30z_250nm_780V_365T_20s_movie4-02_processed_low.czi
    resources: mem_gb=200

[Wed Mar  3 11:24:04 2021]
Finished job 1.
1 of 23 steps (4%) done

[Wed Mar  3 11:24:04 2021]
rule get_trajectories_from_timeseries:
    input: /mnt/md0/Hansen Lab Dropbox/DataStorage/Imaging/Fbn2/processed/2020_08_A/2020_09_22_Fbn2_C65_488nm_0p5_561nm_0p05_SC8_2X_30z_250nm_780V_365T_20s_movie1-01_processed_low.czi
    output: results/tracks4/2020_09_22_Fbn2_C65_488nm_0p5_561nm_0p05_SC8_2X_30z_250nm_780V_365T_20s_movie1-01_processed_low.czi.tracks.csv, results/tracks4/2020_09_22_Fbn2_C65_488nm_0p5_561nm_0p05_SC8_2X_30z_250nm_780V_365T_20s_movie1-01_processed_low.czi.dot_volumes.pkl, results/tracks4/2020_09_22_Fbn2_C65_488nm_0p5_561nm_0p05_SC8_2X_30z_250nm_780V_365T_20s_movie1-01_processed_low.czi.movie.mp4, results/tracks4/2020_09_22_Fbn2_C65_488nm_0p5_561nm_0p05_SC8_2X_30z_250nm_780V_365T_20s_movie1-01_processed_low.czi.movie_filt.mp4
    jobid: 7
    wildcards: sample=2020_09_22_Fbn2_C65_488nm_0p5_561nm_0p05_SC8_2X_30z_250nm_780V_365T_20s_movie1-01_processed_low.czi
    resources: mem_gb=200

[Wed Mar  3 11:42:12 2021]
Finished job 7.
2 of 23 steps (9%) done

[Wed Mar  3 11:42:12 2021]
rule get_trajectories_from_timeseries:
    input: /mnt/md0/Hansen Lab Dropbox/DataStorage/Imaging/Fbn2/processed/2020_08_A/2020_09_07_Fbn2_C65_488nm_0p5_561nm_0p05_SC8_2X_30z_250nm_780V_365T_20s_movie1-03_processed_low.czi
    output: results/tracks4/2020_09_07_Fbn2_C65_488nm_0p5_561nm_0p05_SC8_2X_30z_250nm_780V_365T_20s_movie1-03_processed_low.czi.tracks.csv, results/tracks4/2020_09_07_Fbn2_C65_488nm_0p5_561nm_0p05_SC8_2X_30z_250nm_780V_365T_20s_movie1-03_processed_low.czi.dot_volumes.pkl, results/tracks4/2020_09_07_Fbn2_C65_488nm_0p5_561nm_0p05_SC8_2X_30z_250nm_780V_365T_20s_movie1-03_processed_low.czi.movie.mp4, results/tracks4/2020_09_07_Fbn2_C65_488nm_0p5_561nm_0p05_SC8_2X_30z_250nm_780V_365T_20s_movie1-03_processed_low.czi.movie_filt.mp4
    jobid: 10
    wildcards: sample=2020_09_07_Fbn2_C65_488nm_0p5_561nm_0p05_SC8_2X_30z_250nm_780V_365T_20s_movie1-03_processed_low.czi
    resources: mem_gb=200

[Wed Mar  3 11:58:17 2021]
Finished job 10.
3 of 23 steps (13%) done

[Wed Mar  3 11:58:17 2021]
rule get_trajectories_from_timeseries:
    input: /mnt/md0/Hansen Lab Dropbox/DataStorage/Imaging/Fbn2/processed/2020_08_A/2020_09_14_Fbn2_C65_488nm_0p5_561nm_0p05_SC8_2X_30z_250nm_780V_365T_20s_movie1-01_processed_low.czi
    output: results/tracks4/2020_09_14_Fbn2_C65_488nm_0p5_561nm_0p05_SC8_2X_30z_250nm_780V_365T_20s_movie1-01_processed_low.czi.tracks.csv, results/tracks4/2020_09_14_Fbn2_C65_488nm_0p5_561nm_0p05_SC8_2X_30z_250nm_780V_365T_20s_movie1-01_processed_low.czi.dot_volumes.pkl, results/tracks4/2020_09_14_Fbn2_C65_488nm_0p5_561nm_0p05_SC8_2X_30z_250nm_780V_365T_20s_movie1-01_processed_low.czi.movie.mp4, results/tracks4/2020_09_14_Fbn2_C65_488nm_0p5_561nm_0p05_SC8_2X_30z_250nm_780V_365T_20s_movie1-01_processed_low.czi.movie_filt.mp4
    jobid: 15
    wildcards: sample=2020_09_14_Fbn2_C65_488nm_0p5_561nm_0p05_SC8_2X_30z_250nm_780V_365T_20s_movie1-01_processed_low.czi
    resources: mem_gb=200

[Wed Mar  3 12:14:41 2021]
Finished job 15.
4 of 23 steps (17%) done

[Wed Mar  3 12:14:41 2021]
rule get_trajectories_from_timeseries:
    input: /mnt/md0/Hansen Lab Dropbox/DataStorage/Imaging/Fbn2/processed/2020_08_A/2020_09_14_Fbn2_C65_488nm_0p5_561nm_0p05_SC8_2X_30z_250nm_780V_365T_20s_movie6-01_processed_low.czi
    output: results/tracks4/2020_09_14_Fbn2_C65_488nm_0p5_561nm_0p05_SC8_2X_30z_250nm_780V_365T_20s_movie6-01_processed_low.czi.tracks.csv, results/tracks4/2020_09_14_Fbn2_C65_488nm_0p5_561nm_0p05_SC8_2X_30z_250nm_780V_365T_20s_movie6-01_processed_low.czi.dot_volumes.pkl, results/tracks4/2020_09_14_Fbn2_C65_488nm_0p5_561nm_0p05_SC8_2X_30z_250nm_780V_365T_20s_movie6-01_processed_low.czi.movie.mp4, results/tracks4/2020_09_14_Fbn2_C65_488nm_0p5_561nm_0p05_SC8_2X_30z_250nm_780V_365T_20s_movie6-01_processed_low.czi.movie_filt.mp4
    jobid: 22
    wildcards: sample=2020_09_14_Fbn2_C65_488nm_0p5_561nm_0p05_SC8_2X_30z_250nm_780V_365T_20s_movie6-01_processed_low.czi
    resources: mem_gb=200

[Wed Mar  3 12:37:57 2021]
Finished job 22.
5 of 23 steps (22%) done

[Wed Mar  3 12:37:57 2021]
rule get_trajectories_from_timeseries:
    input: /mnt/md0/Hansen Lab Dropbox/DataStorage/Imaging/Fbn2/processed/2020_08_A/2020_09_07Fbn2_C65_488nm_0p5_561nm_0p05_SC8_2X_30z_250nm_780V_365T_20s_movie2-01_processed_low.czi
    output: results/tracks4/2020_09_07Fbn2_C65_488nm_0p5_561nm_0p05_SC8_2X_30z_250nm_780V_365T_20s_movie2-01_processed_low.czi.tracks.csv, results/tracks4/2020_09_07Fbn2_C65_488nm_0p5_561nm_0p05_SC8_2X_30z_250nm_780V_365T_20s_movie2-01_processed_low.czi.dot_volumes.pkl, results/tracks4/2020_09_07Fbn2_C65_488nm_0p5_561nm_0p05_SC8_2X_30z_250nm_780V_365T_20s_movie2-01_processed_low.czi.movie.mp4, results/tracks4/2020_09_07Fbn2_C65_488nm_0p5_561nm_0p05_SC8_2X_30z_250nm_780V_365T_20s_movie2-01_processed_low.czi.movie_filt.mp4
    jobid: 21
    wildcards: sample=2020_09_07Fbn2_C65_488nm_0p5_561nm_0p05_SC8_2X_30z_250nm_780V_365T_20s_movie2-01_processed_low.czi
    resources: mem_gb=200

[Wed Mar  3 12:57:20 2021]
Finished job 21.
6 of 23 steps (26%) done

[Wed Mar  3 12:57:20 2021]
rule get_trajectories_from_timeseries:
    input: /mnt/md0/Hansen Lab Dropbox/DataStorage/Imaging/Fbn2/processed/2020_08_A/2020_09_03_Fbn2_C65_488nm_0p5_561nm_0p05_SC8_2X_30z_250nm_780V_365T_20s_movie1-03_processed_low.czi
    output: results/tracks4/2020_09_03_Fbn2_C65_488nm_0p5_561nm_0p05_SC8_2X_30z_250nm_780V_365T_20s_movie1-03_processed_low.czi.tracks.csv, results/tracks4/2020_09_03_Fbn2_C65_488nm_0p5_561nm_0p05_SC8_2X_30z_250nm_780V_365T_20s_movie1-03_processed_low.czi.dot_volumes.pkl, results/tracks4/2020_09_03_Fbn2_C65_488nm_0p5_561nm_0p05_SC8_2X_30z_250nm_780V_365T_20s_movie1-03_processed_low.czi.movie.mp4, results/tracks4/2020_09_03_Fbn2_C65_488nm_0p5_561nm_0p05_SC8_2X_30z_250nm_780V_365T_20s_movie1-03_processed_low.czi.movie_filt.mp4
    jobid: 13
    wildcards: sample=2020_09_03_Fbn2_C65_488nm_0p5_561nm_0p05_SC8_2X_30z_250nm_780V_365T_20s_movie1-03_processed_low.czi
    resources: mem_gb=200

[Wed Mar  3 13:32:53 2021]
Finished job 13.
7 of 23 steps (30%) done

[Wed Mar  3 13:32:53 2021]
rule get_trajectories_from_timeseries:
    input: /mnt/md0/Hansen Lab Dropbox/DataStorage/Imaging/Fbn2/processed/2020_08_A/2020_09_22_Fbn2_C65_488nm_0p5_561nm_0p05_SC8_2X_30z_250nm_780V_365T_20s_movie3-01_processed_low.czi
    output: results/tracks4/2020_09_22_Fbn2_C65_488nm_0p5_561nm_0p05_SC8_2X_30z_250nm_780V_365T_20s_movie3-01_processed_low.czi.tracks.csv, results/tracks4/2020_09_22_Fbn2_C65_488nm_0p5_561nm_0p05_SC8_2X_30z_250nm_780V_365T_20s_movie3-01_processed_low.czi.dot_volumes.pkl, results/tracks4/2020_09_22_Fbn2_C65_488nm_0p5_561nm_0p05_SC8_2X_30z_250nm_780V_365T_20s_movie3-01_processed_low.czi.movie.mp4, results/tracks4/2020_09_22_Fbn2_C65_488nm_0p5_561nm_0p05_SC8_2X_30z_250nm_780V_365T_20s_movie3-01_processed_low.czi.movie_filt.mp4
    jobid: 8
    wildcards: sample=2020_09_22_Fbn2_C65_488nm_0p5_561nm_0p05_SC8_2X_30z_250nm_780V_365T_20s_movie3-01_processed_low.czi
    resources: mem_gb=200

[Wed Mar  3 13:49:10 2021]
Finished job 8.
8 of 23 steps (35%) done

[Wed Mar  3 13:49:10 2021]
rule get_trajectories_from_timeseries:
    input: /mnt/md0/Hansen Lab Dropbox/DataStorage/Imaging/Fbn2/processed/2020_08_A/2020_09_22_Fbn2_C65_488nm_0p5_561nm_0p05_SC8_2X_30z_250nm_780V_365T_20s_movie4-04_processed_low.czi
    output: results/tracks4/2020_09_22_Fbn2_C65_488nm_0p5_561nm_0p05_SC8_2X_30z_250nm_780V_365T_20s_movie4-04_processed_low.czi.tracks.csv, results/tracks4/2020_09_22_Fbn2_C65_488nm_0p5_561nm_0p05_SC8_2X_30z_250nm_780V_365T_20s_movie4-04_processed_low.czi.dot_volumes.pkl, results/tracks4/2020_09_22_Fbn2_C65_488nm_0p5_561nm_0p05_SC8_2X_30z_250nm_780V_365T_20s_movie4-04_processed_low.czi.movie.mp4, results/tracks4/2020_09_22_Fbn2_C65_488nm_0p5_561nm_0p05_SC8_2X_30z_250nm_780V_365T_20s_movie4-04_processed_low.czi.movie_filt.mp4
    jobid: 20
    wildcards: sample=2020_09_22_Fbn2_C65_488nm_0p5_561nm_0p05_SC8_2X_30z_250nm_780V_365T_20s_movie4-04_processed_low.czi
    resources: mem_gb=200

[Wed Mar  3 14:19:27 2021]
Finished job 20.
9 of 23 steps (39%) done

[Wed Mar  3 14:19:27 2021]
rule get_trajectories_from_timeseries:
    input: /mnt/md0/Hansen Lab Dropbox/DataStorage/Imaging/Fbn2/processed/2020_08_A/2020_09_09_Fbn2_C65_488nm_0p5_561nm_0p05_SC8_2X_30z_250nm_780V_365T_20s_movie2-01_processed_low.czi
    output: results/tracks4/2020_09_09_Fbn2_C65_488nm_0p5_561nm_0p05_SC8_2X_30z_250nm_780V_365T_20s_movie2-01_processed_low.czi.tracks.csv, results/tracks4/2020_09_09_Fbn2_C65_488nm_0p5_561nm_0p05_SC8_2X_30z_250nm_780V_365T_20s_movie2-01_processed_low.czi.dot_volumes.pkl, results/tracks4/2020_09_09_Fbn2_C65_488nm_0p5_561nm_0p05_SC8_2X_30z_250nm_780V_365T_20s_movie2-01_processed_low.czi.movie.mp4, results/tracks4/2020_09_09_Fbn2_C65_488nm_0p5_561nm_0p05_SC8_2X_30z_250nm_780V_365T_20s_movie2-01_processed_low.czi.movie_filt.mp4
    jobid: 3
    wildcards: sample=2020_09_09_Fbn2_C65_488nm_0p5_561nm_0p05_SC8_2X_30z_250nm_780V_365T_20s_movie2-01_processed_low.czi
    resources: mem_gb=200

[Wed Mar  3 14:40:58 2021]
Finished job 3.
10 of 23 steps (43%) done

[Wed Mar  3 14:40:58 2021]
rule get_trajectories_from_timeseries:
    input: /mnt/md0/Hansen Lab Dropbox/DataStorage/Imaging/Fbn2/processed/2020_08_A/2020_09_03_Fbn2_C65_488nm_0p5_561nm_0p05_SC8_2X_30z_250nm_780V_365T_20s_movie2-01_processed_low.czi
    output: results/tracks4/2020_09_03_Fbn2_C65_488nm_0p5_561nm_0p05_SC8_2X_30z_250nm_780V_365T_20s_movie2-01_processed_low.czi.tracks.csv, results/tracks4/2020_09_03_Fbn2_C65_488nm_0p5_561nm_0p05_SC8_2X_30z_250nm_780V_365T_20s_movie2-01_processed_low.czi.dot_volumes.pkl, results/tracks4/2020_09_03_Fbn2_C65_488nm_0p5_561nm_0p05_SC8_2X_30z_250nm_780V_365T_20s_movie2-01_processed_low.czi.movie.mp4, results/tracks4/2020_09_03_Fbn2_C65_488nm_0p5_561nm_0p05_SC8_2X_30z_250nm_780V_365T_20s_movie2-01_processed_low.czi.movie_filt.mp4
    jobid: 12
    wildcards: sample=2020_09_03_Fbn2_C65_488nm_0p5_561nm_0p05_SC8_2X_30z_250nm_780V_365T_20s_movie2-01_processed_low.czi
    resources: mem_gb=200

[Wed Mar  3 15:06:07 2021]
Finished job 12.
11 of 23 steps (48%) done

[Wed Mar  3 15:06:07 2021]
rule get_trajectories_from_timeseries:
    input: /mnt/md0/Hansen Lab Dropbox/DataStorage/Imaging/Fbn2/processed/2020_08_A/2020_09_07_Fbn2_C65_488nm_0p5_561nm_0p05_SC8_2X_30z_250nm_780V_365T_20s_movie3-01_processed_low.czi
    output: results/tracks4/2020_09_07_Fbn2_C65_488nm_0p5_561nm_0p05_SC8_2X_30z_250nm_780V_365T_20s_movie3-01_processed_low.czi.tracks.csv, results/tracks4/2020_09_07_Fbn2_C65_488nm_0p5_561nm_0p05_SC8_2X_30z_250nm_780V_365T_20s_movie3-01_processed_low.czi.dot_volumes.pkl, results/tracks4/2020_09_07_Fbn2_C65_488nm_0p5_561nm_0p05_SC8_2X_30z_250nm_780V_365T_20s_movie3-01_processed_low.czi.movie.mp4, results/tracks4/2020_09_07_Fbn2_C65_488nm_0p5_561nm_0p05_SC8_2X_30z_250nm_780V_365T_20s_movie3-01_processed_low.czi.movie_filt.mp4
    jobid: 16
    wildcards: sample=2020_09_07_Fbn2_C65_488nm_0p5_561nm_0p05_SC8_2X_30z_250nm_780V_365T_20s_movie3-01_processed_low.czi
    resources: mem_gb=200

[Wed Mar  3 15:21:58 2021]
Finished job 16.
12 of 23 steps (52%) done

[Wed Mar  3 15:21:58 2021]
rule get_trajectories_from_timeseries:
    input: /mnt/md0/Hansen Lab Dropbox/DataStorage/Imaging/Fbn2/processed/2020_08_A/2020_09_03_Fbn2_C65_488nm_0p5_561nm_0p05_SC8_2X_30z_250nm_780V_365T_20s_movie3-01_processed_low.czi
    output: results/tracks4/2020_09_03_Fbn2_C65_488nm_0p5_561nm_0p05_SC8_2X_30z_250nm_780V_365T_20s_movie3-01_processed_low.czi.tracks.csv, results/tracks4/2020_09_03_Fbn2_C65_488nm_0p5_561nm_0p05_SC8_2X_30z_250nm_780V_365T_20s_movie3-01_processed_low.czi.dot_volumes.pkl, results/tracks4/2020_09_03_Fbn2_C65_488nm_0p5_561nm_0p05_SC8_2X_30z_250nm_780V_365T_20s_movie3-01_processed_low.czi.movie.mp4, results/tracks4/2020_09_03_Fbn2_C65_488nm_0p5_561nm_0p05_SC8_2X_30z_250nm_780V_365T_20s_movie3-01_processed_low.czi.movie_filt.mp4
    jobid: 6
    wildcards: sample=2020_09_03_Fbn2_C65_488nm_0p5_561nm_0p05_SC8_2X_30z_250nm_780V_365T_20s_movie3-01_processed_low.czi
    resources: mem_gb=200

[Wed Mar  3 15:49:52 2021]
Finished job 6.
13 of 23 steps (57%) done

[Wed Mar  3 15:49:52 2021]
rule get_trajectories_from_timeseries:
    input: /mnt/md0/Hansen Lab Dropbox/DataStorage/Imaging/Fbn2/processed/2020_08_A/2020_09_22_Fbn2_C65_488nm_0p5_561nm_0p05_SC8_2X_30z_250nm_780V_365T_20s_movie2-01_processed_low.czi
    output: results/tracks4/2020_09_22_Fbn2_C65_488nm_0p5_561nm_0p05_SC8_2X_30z_250nm_780V_365T_20s_movie2-01_processed_low.czi.tracks.csv, results/tracks4/2020_09_22_Fbn2_C65_488nm_0p5_561nm_0p05_SC8_2X_30z_250nm_780V_365T_20s_movie2-01_processed_low.czi.dot_volumes.pkl, results/tracks4/2020_09_22_Fbn2_C65_488nm_0p5_561nm_0p05_SC8_2X_30z_250nm_780V_365T_20s_movie2-01_processed_low.czi.movie.mp4, results/tracks4/2020_09_22_Fbn2_C65_488nm_0p5_561nm_0p05_SC8_2X_30z_250nm_780V_365T_20s_movie2-01_processed_low.czi.movie_filt.mp4
    jobid: 2
    wildcards: sample=2020_09_22_Fbn2_C65_488nm_0p5_561nm_0p05_SC8_2X_30z_250nm_780V_365T_20s_movie2-01_processed_low.czi
    resources: mem_gb=200

[Wed Mar  3 16:08:06 2021]
Finished job 2.
14 of 23 steps (61%) done

[Wed Mar  3 16:08:06 2021]
rule get_trajectories_from_timeseries:
    input: /mnt/md0/Hansen Lab Dropbox/DataStorage/Imaging/Fbn2/processed/2020_08_A/2020_09_14_Fbn2_C65_488nm_0p5_561nm_0p05_SC8_2X_30z_250nm_780V_365T_20s_movie2-01_processed_low.czi
    output: results/tracks4/2020_09_14_Fbn2_C65_488nm_0p5_561nm_0p05_SC8_2X_30z_250nm_780V_365T_20s_movie2-01_processed_low.czi.tracks.csv, results/tracks4/2020_09_14_Fbn2_C65_488nm_0p5_561nm_0p05_SC8_2X_30z_250nm_780V_365T_20s_movie2-01_processed_low.czi.dot_volumes.pkl, results/tracks4/2020_09_14_Fbn2_C65_488nm_0p5_561nm_0p05_SC8_2X_30z_250nm_780V_365T_20s_movie2-01_processed_low.czi.movie.mp4, results/tracks4/2020_09_14_Fbn2_C65_488nm_0p5_561nm_0p05_SC8_2X_30z_250nm_780V_365T_20s_movie2-01_processed_low.czi.movie_filt.mp4
    jobid: 18
    wildcards: sample=2020_09_14_Fbn2_C65_488nm_0p5_561nm_0p05_SC8_2X_30z_250nm_780V_365T_20s_movie2-01_processed_low.czi
    resources: mem_gb=200

[Wed Mar  3 16:25:05 2021]
Finished job 18.
15 of 23 steps (65%) done

[Wed Mar  3 16:25:05 2021]
rule get_trajectories_from_timeseries:
    input: /mnt/md0/Hansen Lab Dropbox/DataStorage/Imaging/Fbn2/processed/2020_08_A/2020_09_14_Fbn2_C65_488nm_0p5_561nm_0p05_SC8_2X_30z_250nm_780V_365T_20s_movie5-01_processed_low.czi
    output: results/tracks4/2020_09_14_Fbn2_C65_488nm_0p5_561nm_0p05_SC8_2X_30z_250nm_780V_365T_20s_movie5-01_processed_low.czi.tracks.csv, results/tracks4/2020_09_14_Fbn2_C65_488nm_0p5_561nm_0p05_SC8_2X_30z_250nm_780V_365T_20s_movie5-01_processed_low.czi.dot_volumes.pkl, results/tracks4/2020_09_14_Fbn2_C65_488nm_0p5_561nm_0p05_SC8_2X_30z_250nm_780V_365T_20s_movie5-01_processed_low.czi.movie.mp4, results/tracks4/2020_09_14_Fbn2_C65_488nm_0p5_561nm_0p05_SC8_2X_30z_250nm_780V_365T_20s_movie5-01_processed_low.czi.movie_filt.mp4
    jobid: 17
    wildcards: sample=2020_09_14_Fbn2_C65_488nm_0p5_561nm_0p05_SC8_2X_30z_250nm_780V_365T_20s_movie5-01_processed_low.czi
    resources: mem_gb=200

[Wed Mar  3 16:39:52 2021]
Finished job 17.
16 of 23 steps (70%) done

[Wed Mar  3 16:39:52 2021]
rule get_trajectories_from_timeseries:
    input: /mnt/md0/Hansen Lab Dropbox/DataStorage/Imaging/Fbn2/processed/2020_08_A/2020_09_09_Fbn2_C65_488nm_0p5_561nm_0p05_SC8_2X_30z_250nm_780V_365T_20s_movie3-01_processed_low.czi
    output: results/tracks4/2020_09_09_Fbn2_C65_488nm_0p5_561nm_0p05_SC8_2X_30z_250nm_780V_365T_20s_movie3-01_processed_low.czi.tracks.csv, results/tracks4/2020_09_09_Fbn2_C65_488nm_0p5_561nm_0p05_SC8_2X_30z_250nm_780V_365T_20s_movie3-01_processed_low.czi.dot_volumes.pkl, results/tracks4/2020_09_09_Fbn2_C65_488nm_0p5_561nm_0p05_SC8_2X_30z_250nm_780V_365T_20s_movie3-01_processed_low.czi.movie.mp4, results/tracks4/2020_09_09_Fbn2_C65_488nm_0p5_561nm_0p05_SC8_2X_30z_250nm_780V_365T_20s_movie3-01_processed_low.czi.movie_filt.mp4
    jobid: 5
    wildcards: sample=2020_09_09_Fbn2_C65_488nm_0p5_561nm_0p05_SC8_2X_30z_250nm_780V_365T_20s_movie3-01_processed_low.czi
    resources: mem_gb=200

[Wed Mar  3 16:55:28 2021]
Finished job 5.
17 of 23 steps (74%) done

[Wed Mar  3 16:55:28 2021]
rule get_trajectories_from_timeseries:
    input: /mnt/md0/Hansen Lab Dropbox/DataStorage/Imaging/Fbn2/processed/2020_08_A/2020_09_09_Fbn2_C65_488nm_0p5_561nm_0p05_SC8_2X_30z_250nm_780V_365T_20s_movie1-02_processed_low.czi
    output: results/tracks4/2020_09_09_Fbn2_C65_488nm_0p5_561nm_0p05_SC8_2X_30z_250nm_780V_365T_20s_movie1-02_processed_low.czi.tracks.csv, results/tracks4/2020_09_09_Fbn2_C65_488nm_0p5_561nm_0p05_SC8_2X_30z_250nm_780V_365T_20s_movie1-02_processed_low.czi.dot_volumes.pkl, results/tracks4/2020_09_09_Fbn2_C65_488nm_0p5_561nm_0p05_SC8_2X_30z_250nm_780V_365T_20s_movie1-02_processed_low.czi.movie.mp4, results/tracks4/2020_09_09_Fbn2_C65_488nm_0p5_561nm_0p05_SC8_2X_30z_250nm_780V_365T_20s_movie1-02_processed_low.czi.movie_filt.mp4
    jobid: 9
    wildcards: sample=2020_09_09_Fbn2_C65_488nm_0p5_561nm_0p05_SC8_2X_30z_250nm_780V_365T_20s_movie1-02_processed_low.czi
    resources: mem_gb=200

[Wed Mar  3 17:10:31 2021]
Finished job 9.
18 of 23 steps (78%) done

[Wed Mar  3 17:10:31 2021]
rule get_trajectories_from_timeseries:
    input: /mnt/md0/Hansen Lab Dropbox/DataStorage/Imaging/Fbn2/processed/2020_08_A/2020_09_14_Fbn2_C65_488nm_0p5_561nm_0p05_SC8_2X_30z_250nm_780V_365T_20s_movie3-01_processed_low.czi
    output: results/tracks4/2020_09_14_Fbn2_C65_488nm_0p5_561nm_0p05_SC8_2X_30z_250nm_780V_365T_20s_movie3-01_processed_low.czi.tracks.csv, results/tracks4/2020_09_14_Fbn2_C65_488nm_0p5_561nm_0p05_SC8_2X_30z_250nm_780V_365T_20s_movie3-01_processed_low.czi.dot_volumes.pkl, results/tracks4/2020_09_14_Fbn2_C65_488nm_0p5_561nm_0p05_SC8_2X_30z_250nm_780V_365T_20s_movie3-01_processed_low.czi.movie.mp4, results/tracks4/2020_09_14_Fbn2_C65_488nm_0p5_561nm_0p05_SC8_2X_30z_250nm_780V_365T_20s_movie3-01_processed_low.czi.movie_filt.mp4
    jobid: 4
    wildcards: sample=2020_09_14_Fbn2_C65_488nm_0p5_561nm_0p05_SC8_2X_30z_250nm_780V_365T_20s_movie3-01_processed_low.czi
    resources: mem_gb=200

[Wed Mar  3 17:27:40 2021]
Finished job 4.
19 of 23 steps (83%) done

[Wed Mar  3 17:27:40 2021]
rule get_trajectories_from_timeseries:
    input: /mnt/md0/Hansen Lab Dropbox/DataStorage/Imaging/Fbn2/processed/2020_08_A/2020_09_09_Fbn2_C65_488nm_0p5_561nm_0p05_SC8_2X_30z_250nm_780V_365T_20s_movie4-02_processed_low.czi
    output: results/tracks4/2020_09_09_Fbn2_C65_488nm_0p5_561nm_0p05_SC8_2X_30z_250nm_780V_365T_20s_movie4-02_processed_low.czi.tracks.csv, results/tracks4/2020_09_09_Fbn2_C65_488nm_0p5_561nm_0p05_SC8_2X_30z_250nm_780V_365T_20s_movie4-02_processed_low.czi.dot_volumes.pkl, results/tracks4/2020_09_09_Fbn2_C65_488nm_0p5_561nm_0p05_SC8_2X_30z_250nm_780V_365T_20s_movie4-02_processed_low.czi.movie.mp4, results/tracks4/2020_09_09_Fbn2_C65_488nm_0p5_561nm_0p05_SC8_2X_30z_250nm_780V_365T_20s_movie4-02_processed_low.czi.movie_filt.mp4
    jobid: 14
    wildcards: sample=2020_09_09_Fbn2_C65_488nm_0p5_561nm_0p05_SC8_2X_30z_250nm_780V_365T_20s_movie4-02_processed_low.czi
    resources: mem_gb=200

[Wed Mar  3 17:42:56 2021]
Finished job 14.
20 of 23 steps (87%) done

[Wed Mar  3 17:42:56 2021]
rule get_trajectories_from_timeseries:
    input: /mnt/md0/Hansen Lab Dropbox/DataStorage/Imaging/Fbn2/processed/2020_08_A/2020_09_03_Fbn2_C65_488nm_0p5_561nm_0p05_SC8_2X_30z_250nm_780V_365T_20s_movie5-01_processed_low.czi
    output: results/tracks4/2020_09_03_Fbn2_C65_488nm_0p5_561nm_0p05_SC8_2X_30z_250nm_780V_365T_20s_movie5-01_processed_low.czi.tracks.csv, results/tracks4/2020_09_03_Fbn2_C65_488nm_0p5_561nm_0p05_SC8_2X_30z_250nm_780V_365T_20s_movie5-01_processed_low.czi.dot_volumes.pkl, results/tracks4/2020_09_03_Fbn2_C65_488nm_0p5_561nm_0p05_SC8_2X_30z_250nm_780V_365T_20s_movie5-01_processed_low.czi.movie.mp4, results/tracks4/2020_09_03_Fbn2_C65_488nm_0p5_561nm_0p05_SC8_2X_30z_250nm_780V_365T_20s_movie5-01_processed_low.czi.movie_filt.mp4
    jobid: 11
    wildcards: sample=2020_09_03_Fbn2_C65_488nm_0p5_561nm_0p05_SC8_2X_30z_250nm_780V_365T_20s_movie5-01_processed_low.czi
    resources: mem_gb=200

[Wed Mar  3 17:58:37 2021]
Finished job 11.
21 of 23 steps (91%) done

[Wed Mar  3 17:58:37 2021]
rule get_trajectories_from_timeseries:
    input: /mnt/md0/Hansen Lab Dropbox/DataStorage/Imaging/Fbn2/processed/2020_08_A/2020_09_07_Fbn2_C65_488nm_0p5_561nm_0p05_SC8_2X_30z_250nm_780V_365T_20s_movie4-01_processed_low.czi
    output: results/tracks4/2020_09_07_Fbn2_C65_488nm_0p5_561nm_0p05_SC8_2X_30z_250nm_780V_365T_20s_movie4-01_processed_low.czi.tracks.csv, results/tracks4/2020_09_07_Fbn2_C65_488nm_0p5_561nm_0p05_SC8_2X_30z_250nm_780V_365T_20s_movie4-01_processed_low.czi.dot_volumes.pkl, results/tracks4/2020_09_07_Fbn2_C65_488nm_0p5_561nm_0p05_SC8_2X_30z_250nm_780V_365T_20s_movie4-01_processed_low.czi.movie.mp4, results/tracks4/2020_09_07_Fbn2_C65_488nm_0p5_561nm_0p05_SC8_2X_30z_250nm_780V_365T_20s_movie4-01_processed_low.czi.movie_filt.mp4
    jobid: 19
    wildcards: sample=2020_09_07_Fbn2_C65_488nm_0p5_561nm_0p05_SC8_2X_30z_250nm_780V_365T_20s_movie4-01_processed_low.czi
    resources: mem_gb=200

[Wed Mar  3 18:16:12 2021]
Finished job 19.
22 of 23 steps (96%) done

[Wed Mar  3 18:16:12 2021]
localrule all:
    input: results/tracks4/2020_09_03_Fbn2_C65_488nm_0p5_561nm_0p05_SC8_2X_30z_250nm_780V_365T_20s_movie4-02_processed_low.czi.tracks.csv, results/tracks4/2020_09_22_Fbn2_C65_488nm_0p5_561nm_0p05_SC8_2X_30z_250nm_780V_365T_20s_movie2-01_processed_low.czi.tracks.csv, results/tracks4/2020_09_09_Fbn2_C65_488nm_0p5_561nm_0p05_SC8_2X_30z_250nm_780V_365T_20s_movie2-01_processed_low.czi.tracks.csv, results/tracks4/2020_09_14_Fbn2_C65_488nm_0p5_561nm_0p05_SC8_2X_30z_250nm_780V_365T_20s_movie3-01_processed_low.czi.tracks.csv, results/tracks4/2020_09_09_Fbn2_C65_488nm_0p5_561nm_0p05_SC8_2X_30z_250nm_780V_365T_20s_movie3-01_processed_low.czi.tracks.csv, results/tracks4/2020_09_03_Fbn2_C65_488nm_0p5_561nm_0p05_SC8_2X_30z_250nm_780V_365T_20s_movie3-01_processed_low.czi.tracks.csv, results/tracks4/2020_09_22_Fbn2_C65_488nm_0p5_561nm_0p05_SC8_2X_30z_250nm_780V_365T_20s_movie1-01_processed_low.czi.tracks.csv, results/tracks4/2020_09_22_Fbn2_C65_488nm_0p5_561nm_0p05_SC8_2X_30z_250nm_780V_365T_20s_movie3-01_processed_low.czi.tracks.csv, results/tracks4/2020_09_09_Fbn2_C65_488nm_0p5_561nm_0p05_SC8_2X_30z_250nm_780V_365T_20s_movie1-02_processed_low.czi.tracks.csv, results/tracks4/2020_09_07_Fbn2_C65_488nm_0p5_561nm_0p05_SC8_2X_30z_250nm_780V_365T_20s_movie1-03_processed_low.czi.tracks.csv, results/tracks4/2020_09_03_Fbn2_C65_488nm_0p5_561nm_0p05_SC8_2X_30z_250nm_780V_365T_20s_movie5-01_processed_low.czi.tracks.csv, results/tracks4/2020_09_03_Fbn2_C65_488nm_0p5_561nm_0p05_SC8_2X_30z_250nm_780V_365T_20s_movie2-01_processed_low.czi.tracks.csv, results/tracks4/2020_09_03_Fbn2_C65_488nm_0p5_561nm_0p05_SC8_2X_30z_250nm_780V_365T_20s_movie1-03_processed_low.czi.tracks.csv, results/tracks4/2020_09_09_Fbn2_C65_488nm_0p5_561nm_0p05_SC8_2X_30z_250nm_780V_365T_20s_movie4-02_processed_low.czi.tracks.csv, results/tracks4/2020_09_14_Fbn2_C65_488nm_0p5_561nm_0p05_SC8_2X_30z_250nm_780V_365T_20s_movie1-01_processed_low.czi.tracks.csv, results/tracks4/2020_09_07_Fbn2_C65_488nm_0p5_561nm_0p05_SC8_2X_30z_250nm_780V_365T_20s_movie3-01_processed_low.czi.tracks.csv, results/tracks4/2020_09_14_Fbn2_C65_488nm_0p5_561nm_0p05_SC8_2X_30z_250nm_780V_365T_20s_movie5-01_processed_low.czi.tracks.csv, results/tracks4/2020_09_14_Fbn2_C65_488nm_0p5_561nm_0p05_SC8_2X_30z_250nm_780V_365T_20s_movie2-01_processed_low.czi.tracks.csv, results/tracks4/2020_09_07_Fbn2_C65_488nm_0p5_561nm_0p05_SC8_2X_30z_250nm_780V_365T_20s_movie4-01_processed_low.czi.tracks.csv, results/tracks4/2020_09_22_Fbn2_C65_488nm_0p5_561nm_0p05_SC8_2X_30z_250nm_780V_365T_20s_movie4-04_processed_low.czi.tracks.csv, results/tracks4/2020_09_07Fbn2_C65_488nm_0p5_561nm_0p05_SC8_2X_30z_250nm_780V_365T_20s_movie2-01_processed_low.czi.tracks.csv, results/tracks4/2020_09_14_Fbn2_C65_488nm_0p5_561nm_0p05_SC8_2X_30z_250nm_780V_365T_20s_movie6-01_processed_low.czi.tracks.csv, results/tracks4/2020_09_03_Fbn2_C65_488nm_0p5_561nm_0p05_SC8_2X_30z_250nm_780V_365T_20s_movie4-02_processed_low.czi.dot_volumes.pkl, results/tracks4/2020_09_22_Fbn2_C65_488nm_0p5_561nm_0p05_SC8_2X_30z_250nm_780V_365T_20s_movie2-01_processed_low.czi.dot_volumes.pkl, results/tracks4/2020_09_09_Fbn2_C65_488nm_0p5_561nm_0p05_SC8_2X_30z_250nm_780V_365T_20s_movie2-01_processed_low.czi.dot_volumes.pkl, results/tracks4/2020_09_14_Fbn2_C65_488nm_0p5_561nm_0p05_SC8_2X_30z_250nm_780V_365T_20s_movie3-01_processed_low.czi.dot_volumes.pkl, results/tracks4/2020_09_09_Fbn2_C65_488nm_0p5_561nm_0p05_SC8_2X_30z_250nm_780V_365T_20s_movie3-01_processed_low.czi.dot_volumes.pkl, results/tracks4/2020_09_03_Fbn2_C65_488nm_0p5_561nm_0p05_SC8_2X_30z_250nm_780V_365T_20s_movie3-01_processed_low.czi.dot_volumes.pkl, results/tracks4/2020_09_22_Fbn2_C65_488nm_0p5_561nm_0p05_SC8_2X_30z_250nm_780V_365T_20s_movie1-01_processed_low.czi.dot_volumes.pkl, results/tracks4/2020_09_22_Fbn2_C65_488nm_0p5_561nm_0p05_SC8_2X_30z_250nm_780V_365T_20s_movie3-01_processed_low.czi.dot_volumes.pkl, results/tracks4/2020_09_09_Fbn2_C65_488nm_0p5_561nm_0p05_SC8_2X_30z_250nm_780V_365T_20s_movie1-02_processed_low.czi.dot_volumes.pkl, results/tracks4/2020_09_07_Fbn2_C65_488nm_0p5_561nm_0p05_SC8_2X_30z_250nm_780V_365T_20s_movie1-03_processed_low.czi.dot_volumes.pkl, results/tracks4/2020_09_03_Fbn2_C65_488nm_0p5_561nm_0p05_SC8_2X_30z_250nm_780V_365T_20s_movie5-01_processed_low.czi.dot_volumes.pkl, results/tracks4/2020_09_03_Fbn2_C65_488nm_0p5_561nm_0p05_SC8_2X_30z_250nm_780V_365T_20s_movie2-01_processed_low.czi.dot_volumes.pkl, results/tracks4/2020_09_03_Fbn2_C65_488nm_0p5_561nm_0p05_SC8_2X_30z_250nm_780V_365T_20s_movie1-03_processed_low.czi.dot_volumes.pkl, results/tracks4/2020_09_09_Fbn2_C65_488nm_0p5_561nm_0p05_SC8_2X_30z_250nm_780V_365T_20s_movie4-02_processed_low.czi.dot_volumes.pkl, results/tracks4/2020_09_14_Fbn2_C65_488nm_0p5_561nm_0p05_SC8_2X_30z_250nm_780V_365T_20s_movie1-01_processed_low.czi.dot_volumes.pkl, results/tracks4/2020_09_07_Fbn2_C65_488nm_0p5_561nm_0p05_SC8_2X_30z_250nm_780V_365T_20s_movie3-01_processed_low.czi.dot_volumes.pkl, results/tracks4/2020_09_14_Fbn2_C65_488nm_0p5_561nm_0p05_SC8_2X_30z_250nm_780V_365T_20s_movie5-01_processed_low.czi.dot_volumes.pkl, results/tracks4/2020_09_14_Fbn2_C65_488nm_0p5_561nm_0p05_SC8_2X_30z_250nm_780V_365T_20s_movie2-01_processed_low.czi.dot_volumes.pkl, results/tracks4/2020_09_07_Fbn2_C65_488nm_0p5_561nm_0p05_SC8_2X_30z_250nm_780V_365T_20s_movie4-01_processed_low.czi.dot_volumes.pkl, results/tracks4/2020_09_22_Fbn2_C65_488nm_0p5_561nm_0p05_SC8_2X_30z_250nm_780V_365T_20s_movie4-04_processed_low.czi.dot_volumes.pkl, results/tracks4/2020_09_07Fbn2_C65_488nm_0p5_561nm_0p05_SC8_2X_30z_250nm_780V_365T_20s_movie2-01_processed_low.czi.dot_volumes.pkl, results/tracks4/2020_09_14_Fbn2_C65_488nm_0p5_561nm_0p05_SC8_2X_30z_250nm_780V_365T_20s_movie6-01_processed_low.czi.dot_volumes.pkl, results/tracks4/2020_09_03_Fbn2_C65_488nm_0p5_561nm_0p05_SC8_2X_30z_250nm_780V_365T_20s_movie4-02_processed_low.czi.movie.mp4, results/tracks4/2020_09_22_Fbn2_C65_488nm_0p5_561nm_0p05_SC8_2X_30z_250nm_780V_365T_20s_movie2-01_processed_low.czi.movie.mp4, results/tracks4/2020_09_09_Fbn2_C65_488nm_0p5_561nm_0p05_SC8_2X_30z_250nm_780V_365T_20s_movie2-01_processed_low.czi.movie.mp4, results/tracks4/2020_09_14_Fbn2_C65_488nm_0p5_561nm_0p05_SC8_2X_30z_250nm_780V_365T_20s_movie3-01_processed_low.czi.movie.mp4, results/tracks4/2020_09_09_Fbn2_C65_488nm_0p5_561nm_0p05_SC8_2X_30z_250nm_780V_365T_20s_movie3-01_processed_low.czi.movie.mp4, results/tracks4/2020_09_03_Fbn2_C65_488nm_0p5_561nm_0p05_SC8_2X_30z_250nm_780V_365T_20s_movie3-01_processed_low.czi.movie.mp4, results/tracks4/2020_09_22_Fbn2_C65_488nm_0p5_561nm_0p05_SC8_2X_30z_250nm_780V_365T_20s_movie1-01_processed_low.czi.movie.mp4, results/tracks4/2020_09_22_Fbn2_C65_488nm_0p5_561nm_0p05_SC8_2X_30z_250nm_780V_365T_20s_movie3-01_processed_low.czi.movie.mp4, results/tracks4/2020_09_09_Fbn2_C65_488nm_0p5_561nm_0p05_SC8_2X_30z_250nm_780V_365T_20s_movie1-02_processed_low.czi.movie.mp4, results/tracks4/2020_09_07_Fbn2_C65_488nm_0p5_561nm_0p05_SC8_2X_30z_250nm_780V_365T_20s_movie1-03_processed_low.czi.movie.mp4, results/tracks4/2020_09_03_Fbn2_C65_488nm_0p5_561nm_0p05_SC8_2X_30z_250nm_780V_365T_20s_movie5-01_processed_low.czi.movie.mp4, results/tracks4/2020_09_03_Fbn2_C65_488nm_0p5_561nm_0p05_SC8_2X_30z_250nm_780V_365T_20s_movie2-01_processed_low.czi.movie.mp4, results/tracks4/2020_09_03_Fbn2_C65_488nm_0p5_561nm_0p05_SC8_2X_30z_250nm_780V_365T_20s_movie1-03_processed_low.czi.movie.mp4, results/tracks4/2020_09_09_Fbn2_C65_488nm_0p5_561nm_0p05_SC8_2X_30z_250nm_780V_365T_20s_movie4-02_processed_low.czi.movie.mp4, results/tracks4/2020_09_14_Fbn2_C65_488nm_0p5_561nm_0p05_SC8_2X_30z_250nm_780V_365T_20s_movie1-01_processed_low.czi.movie.mp4, results/tracks4/2020_09_07_Fbn2_C65_488nm_0p5_561nm_0p05_SC8_2X_30z_250nm_780V_365T_20s_movie3-01_processed_low.czi.movie.mp4, results/tracks4/2020_09_14_Fbn2_C65_488nm_0p5_561nm_0p05_SC8_2X_30z_250nm_780V_365T_20s_movie5-01_processed_low.czi.movie.mp4, results/tracks4/2020_09_14_Fbn2_C65_488nm_0p5_561nm_0p05_SC8_2X_30z_250nm_780V_365T_20s_movie2-01_processed_low.czi.movie.mp4, results/tracks4/2020_09_07_Fbn2_C65_488nm_0p5_561nm_0p05_SC8_2X_30z_250nm_780V_365T_20s_movie4-01_processed_low.czi.movie.mp4, results/tracks4/2020_09_22_Fbn2_C65_488nm_0p5_561nm_0p05_SC8_2X_30z_250nm_780V_365T_20s_movie4-04_processed_low.czi.movie.mp4, results/tracks4/2020_09_07Fbn2_C65_488nm_0p5_561nm_0p05_SC8_2X_30z_250nm_780V_365T_20s_movie2-01_processed_low.czi.movie.mp4, results/tracks4/2020_09_14_Fbn2_C65_488nm_0p5_561nm_0p05_SC8_2X_30z_250nm_780V_365T_20s_movie6-01_processed_low.czi.movie.mp4, results/tracks4/2020_09_03_Fbn2_C65_488nm_0p5_561nm_0p05_SC8_2X_30z_250nm_780V_365T_20s_movie4-02_processed_low.czi.movie_filt.mp4, results/tracks4/2020_09_22_Fbn2_C65_488nm_0p5_561nm_0p05_SC8_2X_30z_250nm_780V_365T_20s_movie2-01_processed_low.czi.movie_filt.mp4, results/tracks4/2020_09_09_Fbn2_C65_488nm_0p5_561nm_0p05_SC8_2X_30z_250nm_780V_365T_20s_movie2-01_processed_low.czi.movie_filt.mp4, results/tracks4/2020_09_14_Fbn2_C65_488nm_0p5_561nm_0p05_SC8_2X_30z_250nm_780V_365T_20s_movie3-01_processed_low.czi.movie_filt.mp4, results/tracks4/2020_09_09_Fbn2_C65_488nm_0p5_561nm_0p05_SC8_2X_30z_250nm_780V_365T_20s_movie3-01_processed_low.czi.movie_filt.mp4, results/tracks4/2020_09_03_Fbn2_C65_488nm_0p5_561nm_0p05_SC8_2X_30z_250nm_780V_365T_20s_movie3-01_processed_low.czi.movie_filt.mp4, results/tracks4/2020_09_22_Fbn2_C65_488nm_0p5_561nm_0p05_SC8_2X_30z_250nm_780V_365T_20s_movie1-01_processed_low.czi.movie_filt.mp4, results/tracks4/2020_09_22_Fbn2_C65_488nm_0p5_561nm_0p05_SC8_2X_30z_250nm_780V_365T_20s_movie3-01_processed_low.czi.movie_filt.mp4, results/tracks4/2020_09_09_Fbn2_C65_488nm_0p5_561nm_0p05_SC8_2X_30z_250nm_780V_365T_20s_movie1-02_processed_low.czi.movie_filt.mp4, results/tracks4/2020_09_07_Fbn2_C65_488nm_0p5_561nm_0p05_SC8_2X_30z_250nm_780V_365T_20s_movie1-03_processed_low.czi.movie_filt.mp4, results/tracks4/2020_09_03_Fbn2_C65_488nm_0p5_561nm_0p05_SC8_2X_30z_250nm_780V_365T_20s_movie5-01_processed_low.czi.movie_filt.mp4, results/tracks4/2020_09_03_Fbn2_C65_488nm_0p5_561nm_0p05_SC8_2X_30z_250nm_780V_365T_20s_movie2-01_processed_low.czi.movie_filt.mp4, results/tracks4/2020_09_03_Fbn2_C65_488nm_0p5_561nm_0p05_SC8_2X_30z_250nm_780V_365T_20s_movie1-03_processed_low.czi.movie_filt.mp4, results/tracks4/2020_09_09_Fbn2_C65_488nm_0p5_561nm_0p05_SC8_2X_30z_250nm_780V_365T_20s_movie4-02_processed_low.czi.movie_filt.mp4, results/tracks4/2020_09_14_Fbn2_C65_488nm_0p5_561nm_0p05_SC8_2X_30z_250nm_780V_365T_20s_movie1-01_processed_low.czi.movie_filt.mp4, results/tracks4/2020_09_07_Fbn2_C65_488nm_0p5_561nm_0p05_SC8_2X_30z_250nm_780V_365T_20s_movie3-01_processed_low.czi.movie_filt.mp4, results/tracks4/2020_09_14_Fbn2_C65_488nm_0p5_561nm_0p05_SC8_2X_30z_250nm_780V_365T_20s_movie5-01_processed_low.czi.movie_filt.mp4, results/tracks4/2020_09_14_Fbn2_C65_488nm_0p5_561nm_0p05_SC8_2X_30z_250nm_780V_365T_20s_movie2-01_processed_low.czi.movie_filt.mp4, results/tracks4/2020_09_07_Fbn2_C65_488nm_0p5_561nm_0p05_SC8_2X_30z_250nm_780V_365T_20s_movie4-01_processed_low.czi.movie_filt.mp4, results/tracks4/2020_09_22_Fbn2_C65_488nm_0p5_561nm_0p05_SC8_2X_30z_250nm_780V_365T_20s_movie4-04_processed_low.czi.movie_filt.mp4, results/tracks4/2020_09_07Fbn2_C65_488nm_0p5_561nm_0p05_SC8_2X_30z_250nm_780V_365T_20s_movie2-01_processed_low.czi.movie_filt.mp4, results/tracks4/2020_09_14_Fbn2_C65_488nm_0p5_561nm_0p05_SC8_2X_30z_250nm_780V_365T_20s_movie6-01_processed_low.czi.movie_filt.mp4
    jobid: 0

[Wed Mar  3 18:16:12 2021]
Finished job 0.
23 of 23 steps (100%) done
Complete log: /home/hbrandao/libs/data_analysis_Fbn2/snakemake/workflow/.snakemake/log/2021-03-03T102603.726472.snakemake.log
